[2024-01-21T11:56:13.389-0800] {taskinstance.py:1090} INFO - Dependencies all met for dep_context=non-requeueable deps ti=<TaskInstance: cron_catchup_backfill.taskA scheduled__2024-01-19T00:00:00+00:00 [queued]>
[2024-01-21T11:56:13.402-0800] {taskinstance.py:1090} INFO - Dependencies all met for dep_context=requeueable deps ti=<TaskInstance: cron_catchup_backfill.taskA scheduled__2024-01-19T00:00:00+00:00 [queued]>
[2024-01-21T11:56:13.403-0800] {taskinstance.py:1288} INFO - 
--------------------------------------------------------------------------------
[2024-01-21T11:56:13.403-0800] {taskinstance.py:1289} INFO - Starting attempt 1 of 1
[2024-01-21T11:56:13.403-0800] {taskinstance.py:1290} INFO - 
--------------------------------------------------------------------------------
[2024-01-21T11:56:13.430-0800] {taskinstance.py:1309} INFO - Executing <Task(BashOperator): taskA> on 2024-01-19 00:00:00+00:00
[2024-01-21T11:56:13.438-0800] {standard_task_runner.py:55} INFO - Started process 503 to run task
[2024-01-21T11:56:13.450-0800] {standard_task_runner.py:82} INFO - Running: ['airflow', 'tasks', 'run', 'cron_catchup_backfill', 'taskA', 'scheduled__2024-01-19T00:00:00+00:00', '--job-id', '104', '--raw', '--subdir', 'DAGS_FOLDER/executing_cron_catchup_backfill.py', '--cfg-path', '/tmp/tmp0wyxjufy']
[2024-01-21T11:56:13.454-0800] {standard_task_runner.py:83} INFO - Job 104: Subtask taskA
[2024-01-21T11:56:13.534-0800] {task_command.py:389} INFO - Running <TaskInstance: cron_catchup_backfill.taskA scheduled__2024-01-19T00:00:00+00:00 [running]> on host Mittu.
[2024-01-21T11:56:13.654-0800] {taskinstance.py:1516} INFO - Exporting the following env vars:
AIRFLOW_CTX_DAG_OWNER=madhu
AIRFLOW_CTX_DAG_ID=cron_catchup_backfill
AIRFLOW_CTX_TASK_ID=taskA
AIRFLOW_CTX_EXECUTION_DATE=2024-01-19T00:00:00+00:00
AIRFLOW_CTX_TRY_NUMBER=1
AIRFLOW_CTX_DAG_RUN_ID=scheduled__2024-01-19T00:00:00+00:00
[2024-01-21T11:56:13.655-0800] {subprocess.py:63} INFO - Tmp dir root location: 
 /tmp
[2024-01-21T11:56:13.656-0800] {subprocess.py:75} INFO - Running command: ['/usr/bin/bash', '-c', 'echo TASK A has executed!']
[2024-01-21T11:56:13.661-0800] {subprocess.py:86} INFO - Output:
[2024-01-21T11:56:13.662-0800] {subprocess.py:93} INFO - TASK A has executed!
[2024-01-21T11:56:13.662-0800] {subprocess.py:97} INFO - Command exited with return code 0
[2024-01-21T11:56:13.690-0800] {taskinstance.py:1327} INFO - Marking task as SUCCESS. dag_id=cron_catchup_backfill, task_id=taskA, execution_date=20240119T000000, start_date=20240121T195613, end_date=20240121T195613
[2024-01-21T11:56:13.745-0800] {local_task_job.py:212} INFO - Task exited with return code 0
[2024-01-21T11:56:13.770-0800] {taskinstance.py:2596} INFO - 1 downstream tasks scheduled from follow-on schedule check
