[2024-01-20T11:16:52.761-0800] {taskinstance.py:1090} INFO - Dependencies all met for dep_context=non-requeueable deps ti=<TaskInstance: execute_python_operators.taskC manual__2024-01-20T19:16:41.738829+00:00 [queued]>
[2024-01-20T11:16:52.771-0800] {taskinstance.py:1090} INFO - Dependencies all met for dep_context=requeueable deps ti=<TaskInstance: execute_python_operators.taskC manual__2024-01-20T19:16:41.738829+00:00 [queued]>
[2024-01-20T11:16:52.771-0800] {taskinstance.py:1288} INFO - 
--------------------------------------------------------------------------------
[2024-01-20T11:16:52.771-0800] {taskinstance.py:1289} INFO - Starting attempt 1 of 1
[2024-01-20T11:16:52.771-0800] {taskinstance.py:1290} INFO - 
--------------------------------------------------------------------------------
[2024-01-20T11:16:52.791-0800] {taskinstance.py:1309} INFO - Executing <Task(PythonOperator): taskC> on 2024-01-20 19:16:41.738829+00:00
[2024-01-20T11:16:52.793-0800] {standard_task_runner.py:55} INFO - Started process 2376 to run task
[2024-01-20T11:16:52.796-0800] {standard_task_runner.py:82} INFO - Running: ['airflow', 'tasks', 'run', 'execute_python_operators', 'taskC', 'manual__2024-01-20T19:16:41.738829+00:00', '--job-id', '25', '--raw', '--subdir', 'DAGS_FOLDER/execute_python_operators.py', '--cfg-path', '/tmp/tmp2kix8die']
[2024-01-20T11:16:52.797-0800] {standard_task_runner.py:83} INFO - Job 25: Subtask taskC
[2024-01-20T11:16:52.841-0800] {task_command.py:389} INFO - Running <TaskInstance: execute_python_operators.taskC manual__2024-01-20T19:16:41.738829+00:00 [running]> on host Mittu.
[2024-01-20T11:16:52.911-0800] {taskinstance.py:1516} INFO - Exporting the following env vars:
AIRFLOW_CTX_DAG_OWNER=loonycorn
AIRFLOW_CTX_DAG_ID=execute_python_operators
AIRFLOW_CTX_TASK_ID=taskC
AIRFLOW_CTX_EXECUTION_DATE=2024-01-20T19:16:41.738829+00:00
AIRFLOW_CTX_TRY_NUMBER=1
AIRFLOW_CTX_DAG_RUN_ID=manual__2024-01-20T19:16:41.738829+00:00
[2024-01-20T11:16:52.913-0800] {logging_mixin.py:137} INFO - TASK C executed!
[2024-01-20T11:16:52.913-0800] {python.py:177} INFO - Done. Returned value was: None
[2024-01-20T11:16:52.918-0800] {taskinstance.py:1327} INFO - Marking task as SUCCESS. dag_id=execute_python_operators, task_id=taskC, execution_date=20240120T191641, start_date=20240120T191652, end_date=20240120T191652
[2024-01-20T11:16:52.968-0800] {local_task_job.py:212} INFO - Task exited with return code 0
[2024-01-20T11:16:52.983-0800] {taskinstance.py:2596} INFO - 1 downstream tasks scheduled from follow-on schedule check
