[2024-01-19T19:45:37.140-0800] {taskinstance.py:1090} INFO - Dependencies all met for dep_context=non-requeueable deps ti=<TaskInstance: example_branch_operator.branching manual__2024-01-20T03:45:26.102762+00:00 [queued]>
[2024-01-19T19:45:37.168-0800] {taskinstance.py:1090} INFO - Dependencies all met for dep_context=requeueable deps ti=<TaskInstance: example_branch_operator.branching manual__2024-01-20T03:45:26.102762+00:00 [queued]>
[2024-01-19T19:45:37.169-0800] {taskinstance.py:1288} INFO - 
--------------------------------------------------------------------------------
[2024-01-19T19:45:37.169-0800] {taskinstance.py:1289} INFO - Starting attempt 1 of 1
[2024-01-19T19:45:37.169-0800] {taskinstance.py:1290} INFO - 
--------------------------------------------------------------------------------
[2024-01-19T19:45:37.221-0800] {taskinstance.py:1309} INFO - Executing <Task(BranchPythonOperator): branching> on 2024-01-20 03:45:26.102762+00:00
[2024-01-19T19:45:37.227-0800] {standard_task_runner.py:55} INFO - Started process 11101 to run task
[2024-01-19T19:45:37.240-0800] {standard_task_runner.py:82} INFO - Running: ['airflow', 'tasks', 'run', 'example_branch_operator', 'branching', 'manual__2024-01-20T03:45:26.102762+00:00', '--job-id', '3', '--raw', '--subdir', '/home/mirukulla/.local/lib/python3.10/site-packages/airflow/example_dags/example_branch_operator.py', '--cfg-path', '/tmp/tmp8yw5kwin']
[2024-01-19T19:45:37.292-0800] {standard_task_runner.py:83} INFO - Job 3: Subtask branching
[2024-01-19T19:45:37.874-0800] {task_command.py:389} INFO - Running <TaskInstance: example_branch_operator.branching manual__2024-01-20T03:45:26.102762+00:00 [running]> on host Mittu.
[2024-01-19T19:45:38.190-0800] {taskinstance.py:1516} INFO - Exporting the following env vars:
AIRFLOW_CTX_DAG_OWNER=airflow
AIRFLOW_CTX_DAG_ID=example_branch_operator
AIRFLOW_CTX_TASK_ID=branching
AIRFLOW_CTX_EXECUTION_DATE=2024-01-20T03:45:26.102762+00:00
AIRFLOW_CTX_TRY_NUMBER=1
AIRFLOW_CTX_DAG_RUN_ID=manual__2024-01-20T03:45:26.102762+00:00
[2024-01-19T19:45:38.210-0800] {python.py:177} INFO - Done. Returned value was: branch_b
[2024-01-19T19:45:38.211-0800] {python.py:211} INFO - Branch callable return branch_b
[2024-01-19T19:45:38.211-0800] {skipmixin.py:155} INFO - Following branch branch_b
[2024-01-19T19:45:38.214-0800] {skipmixin.py:211} INFO - Skipping tasks ['branch_d', 'branch_c', 'branch_a']
[2024-01-19T19:45:38.364-0800] {taskinstance.py:1327} INFO - Marking task as SUCCESS. dag_id=example_branch_operator, task_id=branching, execution_date=20240120T034526, start_date=20240120T034537, end_date=20240120T034538
[2024-01-19T19:45:38.424-0800] {local_task_job.py:212} INFO - Task exited with return code 0
[2024-01-19T19:45:38.511-0800] {taskinstance.py:2596} INFO - 0 downstream tasks scheduled from follow-on schedule check
