[2024-01-19T19:38:00.854-0800] {processor.py:153} INFO - Started process (PID=10653) to work on /home/mirukulla/.local/lib/python3.10/site-packages/airflow/example_dags/example_python_operator.py
[2024-01-19T19:38:00.855-0800] {processor.py:743} INFO - Processing file /home/mirukulla/.local/lib/python3.10/site-packages/airflow/example_dags/example_python_operator.py for tasks to queue
[2024-01-19T19:38:00.856-0800] {logging_mixin.py:137} INFO - [2024-01-19T19:38:00.856-0800] {dagbag.py:532} INFO - Filling up the DagBag from /home/mirukulla/.local/lib/python3.10/site-packages/airflow/example_dags/example_python_operator.py
[2024-01-19T19:38:00.874-0800] {logging_mixin.py:137} INFO - [2024-01-19T19:38:00.874-0800] {taskmixin.py:211} WARNING - Dependency <Task(_PythonDecoratedOperator): print_the_context>, log_sql_query already registered for DAG: example_python_operator
[2024-01-19T19:38:00.875-0800] {logging_mixin.py:137} INFO - [2024-01-19T19:38:00.875-0800] {taskmixin.py:211} WARNING - Dependency <Task(_PythonDecoratedOperator): log_sql_query>, print_the_context already registered for DAG: example_python_operator
[2024-01-19T19:38:00.875-0800] {logging_mixin.py:137} INFO - [2024-01-19T19:38:00.875-0800] {taskmixin.py:211} WARNING - Dependency <Task(_PythonDecoratedOperator): print_the_context>, log_sql_query already registered for DAG: example_python_operator
[2024-01-19T19:38:00.875-0800] {logging_mixin.py:137} INFO - [2024-01-19T19:38:00.875-0800] {taskmixin.py:211} WARNING - Dependency <Task(_PythonDecoratedOperator): log_sql_query>, print_the_context already registered for DAG: example_python_operator
[2024-01-19T19:38:00.876-0800] {logging_mixin.py:137} INFO - [2024-01-19T19:38:00.876-0800] {taskmixin.py:211} WARNING - Dependency <Task(_PythonDecoratedOperator): print_the_context>, log_sql_query already registered for DAG: example_python_operator
[2024-01-19T19:38:00.876-0800] {logging_mixin.py:137} INFO - [2024-01-19T19:38:00.876-0800] {taskmixin.py:211} WARNING - Dependency <Task(_PythonDecoratedOperator): log_sql_query>, print_the_context already registered for DAG: example_python_operator
[2024-01-19T19:38:00.876-0800] {logging_mixin.py:137} INFO - [2024-01-19T19:38:00.876-0800] {taskmixin.py:211} WARNING - Dependency <Task(_PythonDecoratedOperator): print_the_context>, log_sql_query already registered for DAG: example_python_operator
[2024-01-19T19:38:00.876-0800] {logging_mixin.py:137} INFO - [2024-01-19T19:38:00.876-0800] {taskmixin.py:211} WARNING - Dependency <Task(_PythonDecoratedOperator): log_sql_query>, print_the_context already registered for DAG: example_python_operator
[2024-01-19T19:38:00.877-0800] {logging_mixin.py:137} INFO - [2024-01-19T19:38:00.877-0800] {example_python_operator.py:90} WARNING - The virtalenv_python example task requires virtualenv, please install it.
[2024-01-19T19:38:00.880-0800] {processor.py:753} INFO - DAG(s) dict_keys(['example_python_operator']) retrieved from /home/mirukulla/.local/lib/python3.10/site-packages/airflow/example_dags/example_python_operator.py
[2024-01-19T19:38:00.983-0800] {logging_mixin.py:137} INFO - [2024-01-19T19:38:00.983-0800] {manager.py:504} INFO - Created Permission View: can delete on DAG:example_python_operator
[2024-01-19T19:38:01.001-0800] {logging_mixin.py:137} INFO - [2024-01-19T19:38:01.001-0800] {manager.py:504} INFO - Created Permission View: can edit on DAG:example_python_operator
[2024-01-19T19:38:01.018-0800] {logging_mixin.py:137} INFO - [2024-01-19T19:38:01.018-0800] {manager.py:504} INFO - Created Permission View: can read on DAG:example_python_operator
[2024-01-19T19:38:01.018-0800] {logging_mixin.py:137} INFO - [2024-01-19T19:38:01.018-0800] {dag.py:2705} INFO - Sync 1 DAGs
[2024-01-19T19:38:01.027-0800] {logging_mixin.py:137} INFO - [2024-01-19T19:38:01.027-0800] {dag.py:2726} INFO - Creating ORM DAG for example_python_operator
[2024-01-19T19:38:01.035-0800] {logging_mixin.py:137} INFO - [2024-01-19T19:38:01.035-0800] {dag.py:3452} INFO - Setting next_dagrun for example_python_operator to None, run_after=None
[2024-01-19T19:38:01.074-0800] {processor.py:175} INFO - Processing /home/mirukulla/.local/lib/python3.10/site-packages/airflow/example_dags/example_python_operator.py took 0.223 seconds
[2024-01-19T19:38:46.742-0800] {processor.py:153} INFO - Started process (PID=10720) to work on /home/mirukulla/.local/lib/python3.10/site-packages/airflow/example_dags/example_python_operator.py
[2024-01-19T19:38:46.744-0800] {processor.py:743} INFO - Processing file /home/mirukulla/.local/lib/python3.10/site-packages/airflow/example_dags/example_python_operator.py for tasks to queue
[2024-01-19T19:38:46.745-0800] {logging_mixin.py:137} INFO - [2024-01-19T19:38:46.745-0800] {dagbag.py:532} INFO - Filling up the DagBag from /home/mirukulla/.local/lib/python3.10/site-packages/airflow/example_dags/example_python_operator.py
[2024-01-19T19:38:46.769-0800] {logging_mixin.py:137} INFO - [2024-01-19T19:38:46.769-0800] {taskmixin.py:211} WARNING - Dependency <Task(_PythonDecoratedOperator): print_the_context>, log_sql_query already registered for DAG: example_python_operator
[2024-01-19T19:38:46.769-0800] {logging_mixin.py:137} INFO - [2024-01-19T19:38:46.769-0800] {taskmixin.py:211} WARNING - Dependency <Task(_PythonDecoratedOperator): log_sql_query>, print_the_context already registered for DAG: example_python_operator
[2024-01-19T19:38:46.770-0800] {logging_mixin.py:137} INFO - [2024-01-19T19:38:46.769-0800] {taskmixin.py:211} WARNING - Dependency <Task(_PythonDecoratedOperator): print_the_context>, log_sql_query already registered for DAG: example_python_operator
[2024-01-19T19:38:46.770-0800] {logging_mixin.py:137} INFO - [2024-01-19T19:38:46.770-0800] {taskmixin.py:211} WARNING - Dependency <Task(_PythonDecoratedOperator): log_sql_query>, print_the_context already registered for DAG: example_python_operator
[2024-01-19T19:38:46.770-0800] {logging_mixin.py:137} INFO - [2024-01-19T19:38:46.770-0800] {taskmixin.py:211} WARNING - Dependency <Task(_PythonDecoratedOperator): print_the_context>, log_sql_query already registered for DAG: example_python_operator
[2024-01-19T19:38:46.770-0800] {logging_mixin.py:137} INFO - [2024-01-19T19:38:46.770-0800] {taskmixin.py:211} WARNING - Dependency <Task(_PythonDecoratedOperator): log_sql_query>, print_the_context already registered for DAG: example_python_operator
[2024-01-19T19:38:46.771-0800] {logging_mixin.py:137} INFO - [2024-01-19T19:38:46.771-0800] {taskmixin.py:211} WARNING - Dependency <Task(_PythonDecoratedOperator): print_the_context>, log_sql_query already registered for DAG: example_python_operator
[2024-01-19T19:38:46.771-0800] {logging_mixin.py:137} INFO - [2024-01-19T19:38:46.771-0800] {taskmixin.py:211} WARNING - Dependency <Task(_PythonDecoratedOperator): log_sql_query>, print_the_context already registered for DAG: example_python_operator
[2024-01-19T19:38:46.771-0800] {logging_mixin.py:137} INFO - [2024-01-19T19:38:46.771-0800] {example_python_operator.py:90} WARNING - The virtalenv_python example task requires virtualenv, please install it.
[2024-01-19T19:38:46.775-0800] {processor.py:753} INFO - DAG(s) dict_keys(['example_python_operator']) retrieved from /home/mirukulla/.local/lib/python3.10/site-packages/airflow/example_dags/example_python_operator.py
[2024-01-19T19:38:46.793-0800] {logging_mixin.py:137} INFO - [2024-01-19T19:38:46.793-0800] {dag.py:2705} INFO - Sync 1 DAGs
[2024-01-19T19:38:46.809-0800] {logging_mixin.py:137} INFO - [2024-01-19T19:38:46.809-0800] {dag.py:3452} INFO - Setting next_dagrun for example_python_operator to None, run_after=None
[2024-01-19T19:38:46.837-0800] {processor.py:175} INFO - Processing /home/mirukulla/.local/lib/python3.10/site-packages/airflow/example_dags/example_python_operator.py took 0.100 seconds
[2024-01-19T19:39:31.310-0800] {processor.py:153} INFO - Started process (PID=10771) to work on /home/mirukulla/.local/lib/python3.10/site-packages/airflow/example_dags/example_python_operator.py
[2024-01-19T19:39:31.313-0800] {processor.py:743} INFO - Processing file /home/mirukulla/.local/lib/python3.10/site-packages/airflow/example_dags/example_python_operator.py for tasks to queue
[2024-01-19T19:39:31.314-0800] {logging_mixin.py:137} INFO - [2024-01-19T19:39:31.313-0800] {dagbag.py:532} INFO - Filling up the DagBag from /home/mirukulla/.local/lib/python3.10/site-packages/airflow/example_dags/example_python_operator.py
[2024-01-19T19:39:31.333-0800] {logging_mixin.py:137} INFO - [2024-01-19T19:39:31.333-0800] {taskmixin.py:211} WARNING - Dependency <Task(_PythonDecoratedOperator): print_the_context>, log_sql_query already registered for DAG: example_python_operator
[2024-01-19T19:39:31.333-0800] {logging_mixin.py:137} INFO - [2024-01-19T19:39:31.333-0800] {taskmixin.py:211} WARNING - Dependency <Task(_PythonDecoratedOperator): log_sql_query>, print_the_context already registered for DAG: example_python_operator
[2024-01-19T19:39:31.334-0800] {logging_mixin.py:137} INFO - [2024-01-19T19:39:31.334-0800] {taskmixin.py:211} WARNING - Dependency <Task(_PythonDecoratedOperator): print_the_context>, log_sql_query already registered for DAG: example_python_operator
[2024-01-19T19:39:31.334-0800] {logging_mixin.py:137} INFO - [2024-01-19T19:39:31.334-0800] {taskmixin.py:211} WARNING - Dependency <Task(_PythonDecoratedOperator): log_sql_query>, print_the_context already registered for DAG: example_python_operator
[2024-01-19T19:39:31.334-0800] {logging_mixin.py:137} INFO - [2024-01-19T19:39:31.334-0800] {taskmixin.py:211} WARNING - Dependency <Task(_PythonDecoratedOperator): print_the_context>, log_sql_query already registered for DAG: example_python_operator
[2024-01-19T19:39:31.335-0800] {logging_mixin.py:137} INFO - [2024-01-19T19:39:31.335-0800] {taskmixin.py:211} WARNING - Dependency <Task(_PythonDecoratedOperator): log_sql_query>, print_the_context already registered for DAG: example_python_operator
[2024-01-19T19:39:31.335-0800] {logging_mixin.py:137} INFO - [2024-01-19T19:39:31.335-0800] {taskmixin.py:211} WARNING - Dependency <Task(_PythonDecoratedOperator): print_the_context>, log_sql_query already registered for DAG: example_python_operator
[2024-01-19T19:39:31.335-0800] {logging_mixin.py:137} INFO - [2024-01-19T19:39:31.335-0800] {taskmixin.py:211} WARNING - Dependency <Task(_PythonDecoratedOperator): log_sql_query>, print_the_context already registered for DAG: example_python_operator
[2024-01-19T19:39:31.336-0800] {logging_mixin.py:137} INFO - [2024-01-19T19:39:31.336-0800] {example_python_operator.py:90} WARNING - The virtalenv_python example task requires virtualenv, please install it.
[2024-01-19T19:39:31.341-0800] {processor.py:753} INFO - DAG(s) dict_keys(['example_python_operator']) retrieved from /home/mirukulla/.local/lib/python3.10/site-packages/airflow/example_dags/example_python_operator.py
[2024-01-19T19:39:31.359-0800] {logging_mixin.py:137} INFO - [2024-01-19T19:39:31.358-0800] {dag.py:2705} INFO - Sync 1 DAGs
[2024-01-19T19:39:31.374-0800] {logging_mixin.py:137} INFO - [2024-01-19T19:39:31.373-0800] {dag.py:3452} INFO - Setting next_dagrun for example_python_operator to None, run_after=None
[2024-01-19T19:39:31.398-0800] {processor.py:175} INFO - Processing /home/mirukulla/.local/lib/python3.10/site-packages/airflow/example_dags/example_python_operator.py took 0.093 seconds
[2024-01-19T19:40:18.800-0800] {processor.py:153} INFO - Started process (PID=10828) to work on /home/mirukulla/.local/lib/python3.10/site-packages/airflow/example_dags/example_python_operator.py
[2024-01-19T19:40:18.802-0800] {processor.py:743} INFO - Processing file /home/mirukulla/.local/lib/python3.10/site-packages/airflow/example_dags/example_python_operator.py for tasks to queue
[2024-01-19T19:40:18.803-0800] {logging_mixin.py:137} INFO - [2024-01-19T19:40:18.803-0800] {dagbag.py:532} INFO - Filling up the DagBag from /home/mirukulla/.local/lib/python3.10/site-packages/airflow/example_dags/example_python_operator.py
[2024-01-19T19:40:18.832-0800] {logging_mixin.py:137} INFO - [2024-01-19T19:40:18.832-0800] {taskmixin.py:211} WARNING - Dependency <Task(_PythonDecoratedOperator): print_the_context>, log_sql_query already registered for DAG: example_python_operator
[2024-01-19T19:40:18.832-0800] {logging_mixin.py:137} INFO - [2024-01-19T19:40:18.832-0800] {taskmixin.py:211} WARNING - Dependency <Task(_PythonDecoratedOperator): log_sql_query>, print_the_context already registered for DAG: example_python_operator
[2024-01-19T19:40:18.833-0800] {logging_mixin.py:137} INFO - [2024-01-19T19:40:18.833-0800] {taskmixin.py:211} WARNING - Dependency <Task(_PythonDecoratedOperator): print_the_context>, log_sql_query already registered for DAG: example_python_operator
[2024-01-19T19:40:18.833-0800] {logging_mixin.py:137} INFO - [2024-01-19T19:40:18.833-0800] {taskmixin.py:211} WARNING - Dependency <Task(_PythonDecoratedOperator): log_sql_query>, print_the_context already registered for DAG: example_python_operator
[2024-01-19T19:40:18.833-0800] {logging_mixin.py:137} INFO - [2024-01-19T19:40:18.833-0800] {taskmixin.py:211} WARNING - Dependency <Task(_PythonDecoratedOperator): print_the_context>, log_sql_query already registered for DAG: example_python_operator
[2024-01-19T19:40:18.834-0800] {logging_mixin.py:137} INFO - [2024-01-19T19:40:18.834-0800] {taskmixin.py:211} WARNING - Dependency <Task(_PythonDecoratedOperator): log_sql_query>, print_the_context already registered for DAG: example_python_operator
[2024-01-19T19:40:18.834-0800] {logging_mixin.py:137} INFO - [2024-01-19T19:40:18.834-0800] {taskmixin.py:211} WARNING - Dependency <Task(_PythonDecoratedOperator): print_the_context>, log_sql_query already registered for DAG: example_python_operator
[2024-01-19T19:40:18.834-0800] {logging_mixin.py:137} INFO - [2024-01-19T19:40:18.834-0800] {taskmixin.py:211} WARNING - Dependency <Task(_PythonDecoratedOperator): log_sql_query>, print_the_context already registered for DAG: example_python_operator
[2024-01-19T19:40:18.835-0800] {logging_mixin.py:137} INFO - [2024-01-19T19:40:18.835-0800] {example_python_operator.py:90} WARNING - The virtalenv_python example task requires virtualenv, please install it.
[2024-01-19T19:40:18.839-0800] {processor.py:753} INFO - DAG(s) dict_keys(['example_python_operator']) retrieved from /home/mirukulla/.local/lib/python3.10/site-packages/airflow/example_dags/example_python_operator.py
[2024-01-19T19:40:18.881-0800] {logging_mixin.py:137} INFO - [2024-01-19T19:40:18.880-0800] {dag.py:2705} INFO - Sync 1 DAGs
[2024-01-19T19:40:18.923-0800] {logging_mixin.py:137} INFO - [2024-01-19T19:40:18.923-0800] {dag.py:3452} INFO - Setting next_dagrun for example_python_operator to None, run_after=None
[2024-01-19T19:40:18.976-0800] {processor.py:175} INFO - Processing /home/mirukulla/.local/lib/python3.10/site-packages/airflow/example_dags/example_python_operator.py took 0.179 seconds
[2024-01-19T19:41:07.562-0800] {processor.py:153} INFO - Started process (PID=10872) to work on /home/mirukulla/.local/lib/python3.10/site-packages/airflow/example_dags/example_python_operator.py
[2024-01-19T19:41:07.564-0800] {processor.py:743} INFO - Processing file /home/mirukulla/.local/lib/python3.10/site-packages/airflow/example_dags/example_python_operator.py for tasks to queue
[2024-01-19T19:41:07.569-0800] {logging_mixin.py:137} INFO - [2024-01-19T19:41:07.569-0800] {dagbag.py:532} INFO - Filling up the DagBag from /home/mirukulla/.local/lib/python3.10/site-packages/airflow/example_dags/example_python_operator.py
[2024-01-19T19:41:07.597-0800] {logging_mixin.py:137} INFO - [2024-01-19T19:41:07.596-0800] {taskmixin.py:211} WARNING - Dependency <Task(_PythonDecoratedOperator): print_the_context>, log_sql_query already registered for DAG: example_python_operator
[2024-01-19T19:41:07.597-0800] {logging_mixin.py:137} INFO - [2024-01-19T19:41:07.597-0800] {taskmixin.py:211} WARNING - Dependency <Task(_PythonDecoratedOperator): log_sql_query>, print_the_context already registered for DAG: example_python_operator
[2024-01-19T19:41:07.597-0800] {logging_mixin.py:137} INFO - [2024-01-19T19:41:07.597-0800] {taskmixin.py:211} WARNING - Dependency <Task(_PythonDecoratedOperator): print_the_context>, log_sql_query already registered for DAG: example_python_operator
[2024-01-19T19:41:07.598-0800] {logging_mixin.py:137} INFO - [2024-01-19T19:41:07.597-0800] {taskmixin.py:211} WARNING - Dependency <Task(_PythonDecoratedOperator): log_sql_query>, print_the_context already registered for DAG: example_python_operator
[2024-01-19T19:41:07.598-0800] {logging_mixin.py:137} INFO - [2024-01-19T19:41:07.598-0800] {taskmixin.py:211} WARNING - Dependency <Task(_PythonDecoratedOperator): print_the_context>, log_sql_query already registered for DAG: example_python_operator
[2024-01-19T19:41:07.598-0800] {logging_mixin.py:137} INFO - [2024-01-19T19:41:07.598-0800] {taskmixin.py:211} WARNING - Dependency <Task(_PythonDecoratedOperator): log_sql_query>, print_the_context already registered for DAG: example_python_operator
[2024-01-19T19:41:07.599-0800] {logging_mixin.py:137} INFO - [2024-01-19T19:41:07.599-0800] {taskmixin.py:211} WARNING - Dependency <Task(_PythonDecoratedOperator): print_the_context>, log_sql_query already registered for DAG: example_python_operator
[2024-01-19T19:41:07.599-0800] {logging_mixin.py:137} INFO - [2024-01-19T19:41:07.599-0800] {taskmixin.py:211} WARNING - Dependency <Task(_PythonDecoratedOperator): log_sql_query>, print_the_context already registered for DAG: example_python_operator
[2024-01-19T19:41:07.599-0800] {logging_mixin.py:137} INFO - [2024-01-19T19:41:07.599-0800] {example_python_operator.py:90} WARNING - The virtalenv_python example task requires virtualenv, please install it.
[2024-01-19T19:41:07.603-0800] {processor.py:753} INFO - DAG(s) dict_keys(['example_python_operator']) retrieved from /home/mirukulla/.local/lib/python3.10/site-packages/airflow/example_dags/example_python_operator.py
[2024-01-19T19:41:07.644-0800] {logging_mixin.py:137} INFO - [2024-01-19T19:41:07.643-0800] {dag.py:2705} INFO - Sync 1 DAGs
[2024-01-19T19:41:07.676-0800] {logging_mixin.py:137} INFO - [2024-01-19T19:41:07.676-0800] {dag.py:3452} INFO - Setting next_dagrun for example_python_operator to None, run_after=None
[2024-01-19T19:41:07.715-0800] {processor.py:175} INFO - Processing /home/mirukulla/.local/lib/python3.10/site-packages/airflow/example_dags/example_python_operator.py took 0.162 seconds
[2024-01-19T19:42:04.656-0800] {processor.py:153} INFO - Started process (PID=10921) to work on /home/mirukulla/.local/lib/python3.10/site-packages/airflow/example_dags/example_python_operator.py
[2024-01-19T19:42:04.660-0800] {processor.py:743} INFO - Processing file /home/mirukulla/.local/lib/python3.10/site-packages/airflow/example_dags/example_python_operator.py for tasks to queue
[2024-01-19T19:42:04.662-0800] {logging_mixin.py:137} INFO - [2024-01-19T19:42:04.662-0800] {dagbag.py:532} INFO - Filling up the DagBag from /home/mirukulla/.local/lib/python3.10/site-packages/airflow/example_dags/example_python_operator.py
[2024-01-19T19:42:04.706-0800] {logging_mixin.py:137} INFO - [2024-01-19T19:42:04.706-0800] {taskmixin.py:211} WARNING - Dependency <Task(_PythonDecoratedOperator): print_the_context>, log_sql_query already registered for DAG: example_python_operator
[2024-01-19T19:42:04.707-0800] {logging_mixin.py:137} INFO - [2024-01-19T19:42:04.707-0800] {taskmixin.py:211} WARNING - Dependency <Task(_PythonDecoratedOperator): log_sql_query>, print_the_context already registered for DAG: example_python_operator
[2024-01-19T19:42:04.708-0800] {logging_mixin.py:137} INFO - [2024-01-19T19:42:04.708-0800] {taskmixin.py:211} WARNING - Dependency <Task(_PythonDecoratedOperator): print_the_context>, log_sql_query already registered for DAG: example_python_operator
[2024-01-19T19:42:04.709-0800] {logging_mixin.py:137} INFO - [2024-01-19T19:42:04.708-0800] {taskmixin.py:211} WARNING - Dependency <Task(_PythonDecoratedOperator): log_sql_query>, print_the_context already registered for DAG: example_python_operator
[2024-01-19T19:42:04.710-0800] {logging_mixin.py:137} INFO - [2024-01-19T19:42:04.710-0800] {taskmixin.py:211} WARNING - Dependency <Task(_PythonDecoratedOperator): print_the_context>, log_sql_query already registered for DAG: example_python_operator
[2024-01-19T19:42:04.710-0800] {logging_mixin.py:137} INFO - [2024-01-19T19:42:04.710-0800] {taskmixin.py:211} WARNING - Dependency <Task(_PythonDecoratedOperator): log_sql_query>, print_the_context already registered for DAG: example_python_operator
[2024-01-19T19:42:04.711-0800] {logging_mixin.py:137} INFO - [2024-01-19T19:42:04.711-0800] {taskmixin.py:211} WARNING - Dependency <Task(_PythonDecoratedOperator): print_the_context>, log_sql_query already registered for DAG: example_python_operator
[2024-01-19T19:42:04.712-0800] {logging_mixin.py:137} INFO - [2024-01-19T19:42:04.711-0800] {taskmixin.py:211} WARNING - Dependency <Task(_PythonDecoratedOperator): log_sql_query>, print_the_context already registered for DAG: example_python_operator
[2024-01-19T19:42:04.712-0800] {logging_mixin.py:137} INFO - [2024-01-19T19:42:04.712-0800] {example_python_operator.py:90} WARNING - The virtalenv_python example task requires virtualenv, please install it.
[2024-01-19T19:42:04.722-0800] {processor.py:753} INFO - DAG(s) dict_keys(['example_python_operator']) retrieved from /home/mirukulla/.local/lib/python3.10/site-packages/airflow/example_dags/example_python_operator.py
[2024-01-19T19:42:04.760-0800] {logging_mixin.py:137} INFO - [2024-01-19T19:42:04.760-0800] {dag.py:2705} INFO - Sync 1 DAGs
[2024-01-19T19:42:04.798-0800] {logging_mixin.py:137} INFO - [2024-01-19T19:42:04.798-0800] {dag.py:3452} INFO - Setting next_dagrun for example_python_operator to None, run_after=None
[2024-01-19T19:42:04.854-0800] {processor.py:175} INFO - Processing /home/mirukulla/.local/lib/python3.10/site-packages/airflow/example_dags/example_python_operator.py took 0.206 seconds
[2024-01-19T19:43:04.982-0800] {processor.py:153} INFO - Started process (PID=10971) to work on /home/mirukulla/.local/lib/python3.10/site-packages/airflow/example_dags/example_python_operator.py
[2024-01-19T19:43:05.010-0800] {processor.py:743} INFO - Processing file /home/mirukulla/.local/lib/python3.10/site-packages/airflow/example_dags/example_python_operator.py for tasks to queue
[2024-01-19T19:43:05.012-0800] {logging_mixin.py:137} INFO - [2024-01-19T19:43:05.011-0800] {dagbag.py:532} INFO - Filling up the DagBag from /home/mirukulla/.local/lib/python3.10/site-packages/airflow/example_dags/example_python_operator.py
[2024-01-19T19:43:05.050-0800] {logging_mixin.py:137} INFO - [2024-01-19T19:43:05.050-0800] {taskmixin.py:211} WARNING - Dependency <Task(_PythonDecoratedOperator): print_the_context>, log_sql_query already registered for DAG: example_python_operator
[2024-01-19T19:43:05.050-0800] {logging_mixin.py:137} INFO - [2024-01-19T19:43:05.050-0800] {taskmixin.py:211} WARNING - Dependency <Task(_PythonDecoratedOperator): log_sql_query>, print_the_context already registered for DAG: example_python_operator
[2024-01-19T19:43:05.052-0800] {logging_mixin.py:137} INFO - [2024-01-19T19:43:05.051-0800] {taskmixin.py:211} WARNING - Dependency <Task(_PythonDecoratedOperator): print_the_context>, log_sql_query already registered for DAG: example_python_operator
[2024-01-19T19:43:05.052-0800] {logging_mixin.py:137} INFO - [2024-01-19T19:43:05.052-0800] {taskmixin.py:211} WARNING - Dependency <Task(_PythonDecoratedOperator): log_sql_query>, print_the_context already registered for DAG: example_python_operator
[2024-01-19T19:43:05.053-0800] {logging_mixin.py:137} INFO - [2024-01-19T19:43:05.053-0800] {taskmixin.py:211} WARNING - Dependency <Task(_PythonDecoratedOperator): print_the_context>, log_sql_query already registered for DAG: example_python_operator
[2024-01-19T19:43:05.053-0800] {logging_mixin.py:137} INFO - [2024-01-19T19:43:05.053-0800] {taskmixin.py:211} WARNING - Dependency <Task(_PythonDecoratedOperator): log_sql_query>, print_the_context already registered for DAG: example_python_operator
[2024-01-19T19:43:05.055-0800] {logging_mixin.py:137} INFO - [2024-01-19T19:43:05.054-0800] {taskmixin.py:211} WARNING - Dependency <Task(_PythonDecoratedOperator): print_the_context>, log_sql_query already registered for DAG: example_python_operator
[2024-01-19T19:43:05.055-0800] {logging_mixin.py:137} INFO - [2024-01-19T19:43:05.055-0800] {taskmixin.py:211} WARNING - Dependency <Task(_PythonDecoratedOperator): log_sql_query>, print_the_context already registered for DAG: example_python_operator
[2024-01-19T19:43:05.055-0800] {logging_mixin.py:137} INFO - [2024-01-19T19:43:05.055-0800] {example_python_operator.py:90} WARNING - The virtalenv_python example task requires virtualenv, please install it.
[2024-01-19T19:43:05.064-0800] {processor.py:753} INFO - DAG(s) dict_keys(['example_python_operator']) retrieved from /home/mirukulla/.local/lib/python3.10/site-packages/airflow/example_dags/example_python_operator.py
[2024-01-19T19:43:05.101-0800] {logging_mixin.py:137} INFO - [2024-01-19T19:43:05.100-0800] {dag.py:2705} INFO - Sync 1 DAGs
[2024-01-19T19:43:05.133-0800] {logging_mixin.py:137} INFO - [2024-01-19T19:43:05.133-0800] {dag.py:3452} INFO - Setting next_dagrun for example_python_operator to None, run_after=None
[2024-01-19T19:43:05.173-0800] {processor.py:175} INFO - Processing /home/mirukulla/.local/lib/python3.10/site-packages/airflow/example_dags/example_python_operator.py took 0.197 seconds
[2024-01-19T19:44:08.310-0800] {processor.py:153} INFO - Started process (PID=11024) to work on /home/mirukulla/.local/lib/python3.10/site-packages/airflow/example_dags/example_python_operator.py
[2024-01-19T19:44:08.313-0800] {processor.py:743} INFO - Processing file /home/mirukulla/.local/lib/python3.10/site-packages/airflow/example_dags/example_python_operator.py for tasks to queue
[2024-01-19T19:44:08.316-0800] {logging_mixin.py:137} INFO - [2024-01-19T19:44:08.316-0800] {dagbag.py:532} INFO - Filling up the DagBag from /home/mirukulla/.local/lib/python3.10/site-packages/airflow/example_dags/example_python_operator.py
[2024-01-19T19:44:08.348-0800] {logging_mixin.py:137} INFO - [2024-01-19T19:44:08.348-0800] {taskmixin.py:211} WARNING - Dependency <Task(_PythonDecoratedOperator): print_the_context>, log_sql_query already registered for DAG: example_python_operator
[2024-01-19T19:44:08.349-0800] {logging_mixin.py:137} INFO - [2024-01-19T19:44:08.349-0800] {taskmixin.py:211} WARNING - Dependency <Task(_PythonDecoratedOperator): log_sql_query>, print_the_context already registered for DAG: example_python_operator
[2024-01-19T19:44:08.350-0800] {logging_mixin.py:137} INFO - [2024-01-19T19:44:08.350-0800] {taskmixin.py:211} WARNING - Dependency <Task(_PythonDecoratedOperator): print_the_context>, log_sql_query already registered for DAG: example_python_operator
[2024-01-19T19:44:08.350-0800] {logging_mixin.py:137} INFO - [2024-01-19T19:44:08.350-0800] {taskmixin.py:211} WARNING - Dependency <Task(_PythonDecoratedOperator): log_sql_query>, print_the_context already registered for DAG: example_python_operator
[2024-01-19T19:44:08.352-0800] {logging_mixin.py:137} INFO - [2024-01-19T19:44:08.352-0800] {taskmixin.py:211} WARNING - Dependency <Task(_PythonDecoratedOperator): print_the_context>, log_sql_query already registered for DAG: example_python_operator
[2024-01-19T19:44:08.353-0800] {logging_mixin.py:137} INFO - [2024-01-19T19:44:08.353-0800] {taskmixin.py:211} WARNING - Dependency <Task(_PythonDecoratedOperator): log_sql_query>, print_the_context already registered for DAG: example_python_operator
[2024-01-19T19:44:08.354-0800] {logging_mixin.py:137} INFO - [2024-01-19T19:44:08.354-0800] {taskmixin.py:211} WARNING - Dependency <Task(_PythonDecoratedOperator): print_the_context>, log_sql_query already registered for DAG: example_python_operator
[2024-01-19T19:44:08.354-0800] {logging_mixin.py:137} INFO - [2024-01-19T19:44:08.354-0800] {taskmixin.py:211} WARNING - Dependency <Task(_PythonDecoratedOperator): log_sql_query>, print_the_context already registered for DAG: example_python_operator
[2024-01-19T19:44:08.354-0800] {logging_mixin.py:137} INFO - [2024-01-19T19:44:08.354-0800] {example_python_operator.py:90} WARNING - The virtalenv_python example task requires virtualenv, please install it.
[2024-01-19T19:44:08.363-0800] {processor.py:753} INFO - DAG(s) dict_keys(['example_python_operator']) retrieved from /home/mirukulla/.local/lib/python3.10/site-packages/airflow/example_dags/example_python_operator.py
[2024-01-19T19:44:08.393-0800] {logging_mixin.py:137} INFO - [2024-01-19T19:44:08.392-0800] {dag.py:2705} INFO - Sync 1 DAGs
[2024-01-19T19:44:08.420-0800] {logging_mixin.py:137} INFO - [2024-01-19T19:44:08.420-0800] {dag.py:3452} INFO - Setting next_dagrun for example_python_operator to None, run_after=None
[2024-01-19T19:44:08.470-0800] {processor.py:175} INFO - Processing /home/mirukulla/.local/lib/python3.10/site-packages/airflow/example_dags/example_python_operator.py took 0.164 seconds
[2024-01-19T19:44:57.012-0800] {processor.py:153} INFO - Started process (PID=11070) to work on /home/mirukulla/.local/lib/python3.10/site-packages/airflow/example_dags/example_python_operator.py
[2024-01-19T19:44:57.037-0800] {processor.py:743} INFO - Processing file /home/mirukulla/.local/lib/python3.10/site-packages/airflow/example_dags/example_python_operator.py for tasks to queue
[2024-01-19T19:44:57.038-0800] {logging_mixin.py:137} INFO - [2024-01-19T19:44:57.037-0800] {dagbag.py:532} INFO - Filling up the DagBag from /home/mirukulla/.local/lib/python3.10/site-packages/airflow/example_dags/example_python_operator.py
[2024-01-19T19:44:57.060-0800] {logging_mixin.py:137} INFO - [2024-01-19T19:44:57.060-0800] {taskmixin.py:211} WARNING - Dependency <Task(_PythonDecoratedOperator): print_the_context>, log_sql_query already registered for DAG: example_python_operator
[2024-01-19T19:44:57.060-0800] {logging_mixin.py:137} INFO - [2024-01-19T19:44:57.060-0800] {taskmixin.py:211} WARNING - Dependency <Task(_PythonDecoratedOperator): log_sql_query>, print_the_context already registered for DAG: example_python_operator
[2024-01-19T19:44:57.061-0800] {logging_mixin.py:137} INFO - [2024-01-19T19:44:57.061-0800] {taskmixin.py:211} WARNING - Dependency <Task(_PythonDecoratedOperator): print_the_context>, log_sql_query already registered for DAG: example_python_operator
[2024-01-19T19:44:57.061-0800] {logging_mixin.py:137} INFO - [2024-01-19T19:44:57.061-0800] {taskmixin.py:211} WARNING - Dependency <Task(_PythonDecoratedOperator): log_sql_query>, print_the_context already registered for DAG: example_python_operator
[2024-01-19T19:44:57.062-0800] {logging_mixin.py:137} INFO - [2024-01-19T19:44:57.062-0800] {taskmixin.py:211} WARNING - Dependency <Task(_PythonDecoratedOperator): print_the_context>, log_sql_query already registered for DAG: example_python_operator
[2024-01-19T19:44:57.062-0800] {logging_mixin.py:137} INFO - [2024-01-19T19:44:57.062-0800] {taskmixin.py:211} WARNING - Dependency <Task(_PythonDecoratedOperator): log_sql_query>, print_the_context already registered for DAG: example_python_operator
[2024-01-19T19:44:57.063-0800] {logging_mixin.py:137} INFO - [2024-01-19T19:44:57.062-0800] {taskmixin.py:211} WARNING - Dependency <Task(_PythonDecoratedOperator): print_the_context>, log_sql_query already registered for DAG: example_python_operator
[2024-01-19T19:44:57.063-0800] {logging_mixin.py:137} INFO - [2024-01-19T19:44:57.063-0800] {taskmixin.py:211} WARNING - Dependency <Task(_PythonDecoratedOperator): log_sql_query>, print_the_context already registered for DAG: example_python_operator
[2024-01-19T19:44:57.063-0800] {logging_mixin.py:137} INFO - [2024-01-19T19:44:57.063-0800] {example_python_operator.py:90} WARNING - The virtalenv_python example task requires virtualenv, please install it.
[2024-01-19T19:44:57.068-0800] {processor.py:753} INFO - DAG(s) dict_keys(['example_python_operator']) retrieved from /home/mirukulla/.local/lib/python3.10/site-packages/airflow/example_dags/example_python_operator.py
[2024-01-19T19:44:57.090-0800] {logging_mixin.py:137} INFO - [2024-01-19T19:44:57.090-0800] {dag.py:2705} INFO - Sync 1 DAGs
[2024-01-19T19:44:57.108-0800] {logging_mixin.py:137} INFO - [2024-01-19T19:44:57.108-0800] {dag.py:3452} INFO - Setting next_dagrun for example_python_operator to None, run_after=None
[2024-01-19T19:44:57.139-0800] {processor.py:175} INFO - Processing /home/mirukulla/.local/lib/python3.10/site-packages/airflow/example_dags/example_python_operator.py took 0.133 seconds
[2024-01-19T19:46:05.921-0800] {processor.py:153} INFO - Started process (PID=11123) to work on /home/mirukulla/.local/lib/python3.10/site-packages/airflow/example_dags/example_python_operator.py
[2024-01-19T19:46:05.924-0800] {processor.py:743} INFO - Processing file /home/mirukulla/.local/lib/python3.10/site-packages/airflow/example_dags/example_python_operator.py for tasks to queue
[2024-01-19T19:46:05.925-0800] {logging_mixin.py:137} INFO - [2024-01-19T19:46:05.925-0800] {dagbag.py:532} INFO - Filling up the DagBag from /home/mirukulla/.local/lib/python3.10/site-packages/airflow/example_dags/example_python_operator.py
[2024-01-19T19:46:05.982-0800] {logging_mixin.py:137} INFO - [2024-01-19T19:46:05.981-0800] {taskmixin.py:211} WARNING - Dependency <Task(_PythonDecoratedOperator): print_the_context>, log_sql_query already registered for DAG: example_python_operator
[2024-01-19T19:46:05.982-0800] {logging_mixin.py:137} INFO - [2024-01-19T19:46:05.982-0800] {taskmixin.py:211} WARNING - Dependency <Task(_PythonDecoratedOperator): log_sql_query>, print_the_context already registered for DAG: example_python_operator
[2024-01-19T19:46:05.985-0800] {logging_mixin.py:137} INFO - [2024-01-19T19:46:05.985-0800] {taskmixin.py:211} WARNING - Dependency <Task(_PythonDecoratedOperator): print_the_context>, log_sql_query already registered for DAG: example_python_operator
[2024-01-19T19:46:05.986-0800] {logging_mixin.py:137} INFO - [2024-01-19T19:46:05.985-0800] {taskmixin.py:211} WARNING - Dependency <Task(_PythonDecoratedOperator): log_sql_query>, print_the_context already registered for DAG: example_python_operator
[2024-01-19T19:46:05.988-0800] {logging_mixin.py:137} INFO - [2024-01-19T19:46:05.987-0800] {taskmixin.py:211} WARNING - Dependency <Task(_PythonDecoratedOperator): print_the_context>, log_sql_query already registered for DAG: example_python_operator
[2024-01-19T19:46:05.988-0800] {logging_mixin.py:137} INFO - [2024-01-19T19:46:05.988-0800] {taskmixin.py:211} WARNING - Dependency <Task(_PythonDecoratedOperator): log_sql_query>, print_the_context already registered for DAG: example_python_operator
[2024-01-19T19:46:05.989-0800] {logging_mixin.py:137} INFO - [2024-01-19T19:46:05.989-0800] {taskmixin.py:211} WARNING - Dependency <Task(_PythonDecoratedOperator): print_the_context>, log_sql_query already registered for DAG: example_python_operator
[2024-01-19T19:46:05.990-0800] {logging_mixin.py:137} INFO - [2024-01-19T19:46:05.990-0800] {taskmixin.py:211} WARNING - Dependency <Task(_PythonDecoratedOperator): log_sql_query>, print_the_context already registered for DAG: example_python_operator
[2024-01-19T19:46:05.991-0800] {logging_mixin.py:137} INFO - [2024-01-19T19:46:05.991-0800] {example_python_operator.py:90} WARNING - The virtalenv_python example task requires virtualenv, please install it.
[2024-01-19T19:46:06.004-0800] {processor.py:753} INFO - DAG(s) dict_keys(['example_python_operator']) retrieved from /home/mirukulla/.local/lib/python3.10/site-packages/airflow/example_dags/example_python_operator.py
[2024-01-19T19:46:06.051-0800] {logging_mixin.py:137} INFO - [2024-01-19T19:46:06.050-0800] {dag.py:2705} INFO - Sync 1 DAGs
[2024-01-19T19:46:06.093-0800] {logging_mixin.py:137} INFO - [2024-01-19T19:46:06.093-0800] {dag.py:3452} INFO - Setting next_dagrun for example_python_operator to None, run_after=None
[2024-01-19T19:46:06.157-0800] {processor.py:175} INFO - Processing /home/mirukulla/.local/lib/python3.10/site-packages/airflow/example_dags/example_python_operator.py took 0.245 seconds
[2024-01-19T19:46:55.668-0800] {processor.py:153} INFO - Started process (PID=11169) to work on /home/mirukulla/.local/lib/python3.10/site-packages/airflow/example_dags/example_python_operator.py
[2024-01-19T19:46:55.691-0800] {processor.py:743} INFO - Processing file /home/mirukulla/.local/lib/python3.10/site-packages/airflow/example_dags/example_python_operator.py for tasks to queue
[2024-01-19T19:46:55.692-0800] {logging_mixin.py:137} INFO - [2024-01-19T19:46:55.692-0800] {dagbag.py:532} INFO - Filling up the DagBag from /home/mirukulla/.local/lib/python3.10/site-packages/airflow/example_dags/example_python_operator.py
[2024-01-19T19:46:55.713-0800] {logging_mixin.py:137} INFO - [2024-01-19T19:46:55.713-0800] {taskmixin.py:211} WARNING - Dependency <Task(_PythonDecoratedOperator): print_the_context>, log_sql_query already registered for DAG: example_python_operator
[2024-01-19T19:46:55.713-0800] {logging_mixin.py:137} INFO - [2024-01-19T19:46:55.713-0800] {taskmixin.py:211} WARNING - Dependency <Task(_PythonDecoratedOperator): log_sql_query>, print_the_context already registered for DAG: example_python_operator
[2024-01-19T19:46:55.714-0800] {logging_mixin.py:137} INFO - [2024-01-19T19:46:55.714-0800] {taskmixin.py:211} WARNING - Dependency <Task(_PythonDecoratedOperator): print_the_context>, log_sql_query already registered for DAG: example_python_operator
[2024-01-19T19:46:55.714-0800] {logging_mixin.py:137} INFO - [2024-01-19T19:46:55.714-0800] {taskmixin.py:211} WARNING - Dependency <Task(_PythonDecoratedOperator): log_sql_query>, print_the_context already registered for DAG: example_python_operator
[2024-01-19T19:46:55.715-0800] {logging_mixin.py:137} INFO - [2024-01-19T19:46:55.715-0800] {taskmixin.py:211} WARNING - Dependency <Task(_PythonDecoratedOperator): print_the_context>, log_sql_query already registered for DAG: example_python_operator
[2024-01-19T19:46:55.715-0800] {logging_mixin.py:137} INFO - [2024-01-19T19:46:55.715-0800] {taskmixin.py:211} WARNING - Dependency <Task(_PythonDecoratedOperator): log_sql_query>, print_the_context already registered for DAG: example_python_operator
[2024-01-19T19:46:55.716-0800] {logging_mixin.py:137} INFO - [2024-01-19T19:46:55.715-0800] {taskmixin.py:211} WARNING - Dependency <Task(_PythonDecoratedOperator): print_the_context>, log_sql_query already registered for DAG: example_python_operator
[2024-01-19T19:46:55.716-0800] {logging_mixin.py:137} INFO - [2024-01-19T19:46:55.716-0800] {taskmixin.py:211} WARNING - Dependency <Task(_PythonDecoratedOperator): log_sql_query>, print_the_context already registered for DAG: example_python_operator
[2024-01-19T19:46:55.717-0800] {logging_mixin.py:137} INFO - [2024-01-19T19:46:55.717-0800] {example_python_operator.py:90} WARNING - The virtalenv_python example task requires virtualenv, please install it.
[2024-01-19T19:46:55.724-0800] {processor.py:753} INFO - DAG(s) dict_keys(['example_python_operator']) retrieved from /home/mirukulla/.local/lib/python3.10/site-packages/airflow/example_dags/example_python_operator.py
[2024-01-19T19:46:55.747-0800] {logging_mixin.py:137} INFO - [2024-01-19T19:46:55.747-0800] {dag.py:2705} INFO - Sync 1 DAGs
[2024-01-19T19:46:55.773-0800] {logging_mixin.py:137} INFO - [2024-01-19T19:46:55.772-0800] {dag.py:3452} INFO - Setting next_dagrun for example_python_operator to None, run_after=None
[2024-01-19T19:46:55.807-0800] {processor.py:175} INFO - Processing /home/mirukulla/.local/lib/python3.10/site-packages/airflow/example_dags/example_python_operator.py took 0.143 seconds
[2024-01-19T19:47:42.128-0800] {processor.py:153} INFO - Started process (PID=11213) to work on /home/mirukulla/.local/lib/python3.10/site-packages/airflow/example_dags/example_python_operator.py
[2024-01-19T19:47:42.160-0800] {processor.py:743} INFO - Processing file /home/mirukulla/.local/lib/python3.10/site-packages/airflow/example_dags/example_python_operator.py for tasks to queue
[2024-01-19T19:47:42.161-0800] {logging_mixin.py:137} INFO - [2024-01-19T19:47:42.161-0800] {dagbag.py:532} INFO - Filling up the DagBag from /home/mirukulla/.local/lib/python3.10/site-packages/airflow/example_dags/example_python_operator.py
[2024-01-19T19:47:42.188-0800] {logging_mixin.py:137} INFO - [2024-01-19T19:47:42.188-0800] {taskmixin.py:211} WARNING - Dependency <Task(_PythonDecoratedOperator): print_the_context>, log_sql_query already registered for DAG: example_python_operator
[2024-01-19T19:47:42.189-0800] {logging_mixin.py:137} INFO - [2024-01-19T19:47:42.189-0800] {taskmixin.py:211} WARNING - Dependency <Task(_PythonDecoratedOperator): log_sql_query>, print_the_context already registered for DAG: example_python_operator
[2024-01-19T19:47:42.189-0800] {logging_mixin.py:137} INFO - [2024-01-19T19:47:42.189-0800] {taskmixin.py:211} WARNING - Dependency <Task(_PythonDecoratedOperator): print_the_context>, log_sql_query already registered for DAG: example_python_operator
[2024-01-19T19:47:42.190-0800] {logging_mixin.py:137} INFO - [2024-01-19T19:47:42.189-0800] {taskmixin.py:211} WARNING - Dependency <Task(_PythonDecoratedOperator): log_sql_query>, print_the_context already registered for DAG: example_python_operator
[2024-01-19T19:47:42.190-0800] {logging_mixin.py:137} INFO - [2024-01-19T19:47:42.190-0800] {taskmixin.py:211} WARNING - Dependency <Task(_PythonDecoratedOperator): print_the_context>, log_sql_query already registered for DAG: example_python_operator
[2024-01-19T19:47:42.190-0800] {logging_mixin.py:137} INFO - [2024-01-19T19:47:42.190-0800] {taskmixin.py:211} WARNING - Dependency <Task(_PythonDecoratedOperator): log_sql_query>, print_the_context already registered for DAG: example_python_operator
[2024-01-19T19:47:42.191-0800] {logging_mixin.py:137} INFO - [2024-01-19T19:47:42.191-0800] {taskmixin.py:211} WARNING - Dependency <Task(_PythonDecoratedOperator): print_the_context>, log_sql_query already registered for DAG: example_python_operator
[2024-01-19T19:47:42.191-0800] {logging_mixin.py:137} INFO - [2024-01-19T19:47:42.191-0800] {taskmixin.py:211} WARNING - Dependency <Task(_PythonDecoratedOperator): log_sql_query>, print_the_context already registered for DAG: example_python_operator
[2024-01-19T19:47:42.192-0800] {logging_mixin.py:137} INFO - [2024-01-19T19:47:42.191-0800] {example_python_operator.py:90} WARNING - The virtalenv_python example task requires virtualenv, please install it.
[2024-01-19T19:47:42.196-0800] {processor.py:753} INFO - DAG(s) dict_keys(['example_python_operator']) retrieved from /home/mirukulla/.local/lib/python3.10/site-packages/airflow/example_dags/example_python_operator.py
[2024-01-19T19:47:42.217-0800] {logging_mixin.py:137} INFO - [2024-01-19T19:47:42.217-0800] {dag.py:2705} INFO - Sync 1 DAGs
[2024-01-19T19:47:42.233-0800] {logging_mixin.py:137} INFO - [2024-01-19T19:47:42.233-0800] {dag.py:3452} INFO - Setting next_dagrun for example_python_operator to None, run_after=None
[2024-01-19T19:47:42.263-0800] {processor.py:175} INFO - Processing /home/mirukulla/.local/lib/python3.10/site-packages/airflow/example_dags/example_python_operator.py took 0.138 seconds
