[2024-01-19T19:37:44.247-0800] {processor.py:153} INFO - Started process (PID=10638) to work on /home/mirukulla/.local/lib/python3.10/site-packages/airflow/example_dags/example_sla_dag.py
[2024-01-19T19:37:44.248-0800] {processor.py:743} INFO - Processing file /home/mirukulla/.local/lib/python3.10/site-packages/airflow/example_dags/example_sla_dag.py for tasks to queue
[2024-01-19T19:37:44.249-0800] {logging_mixin.py:137} INFO - [2024-01-19T19:37:44.249-0800] {dagbag.py:532} INFO - Filling up the DagBag from /home/mirukulla/.local/lib/python3.10/site-packages/airflow/example_dags/example_sla_dag.py
[2024-01-19T19:37:44.271-0800] {processor.py:753} INFO - DAG(s) dict_keys(['example_sla_dag']) retrieved from /home/mirukulla/.local/lib/python3.10/site-packages/airflow/example_dags/example_sla_dag.py
[2024-01-19T19:37:44.446-0800] {logging_mixin.py:137} INFO - [2024-01-19T19:37:44.446-0800] {manager.py:504} INFO - Created Permission View: can delete on DAG:example_sla_dag
[2024-01-19T19:37:44.466-0800] {logging_mixin.py:137} INFO - [2024-01-19T19:37:44.466-0800] {manager.py:504} INFO - Created Permission View: can edit on DAG:example_sla_dag
[2024-01-19T19:37:44.484-0800] {logging_mixin.py:137} INFO - [2024-01-19T19:37:44.483-0800] {manager.py:504} INFO - Created Permission View: can read on DAG:example_sla_dag
[2024-01-19T19:37:44.484-0800] {logging_mixin.py:137} INFO - [2024-01-19T19:37:44.484-0800] {dag.py:2705} INFO - Sync 1 DAGs
[2024-01-19T19:37:44.495-0800] {logging_mixin.py:137} INFO - [2024-01-19T19:37:44.495-0800] {dag.py:2726} INFO - Creating ORM DAG for example_sla_dag
[2024-01-19T19:37:44.504-0800] {logging_mixin.py:137} INFO - [2024-01-19T19:37:44.504-0800] {dag.py:3452} INFO - Setting next_dagrun for example_sla_dag to 2024-01-20T03:34:00+00:00, run_after=2024-01-20T03:36:00+00:00
[2024-01-19T19:37:44.531-0800] {processor.py:175} INFO - Processing /home/mirukulla/.local/lib/python3.10/site-packages/airflow/example_dags/example_sla_dag.py took 0.286 seconds
[2024-01-19T19:38:29.355-0800] {processor.py:153} INFO - Started process (PID=10704) to work on /home/mirukulla/.local/lib/python3.10/site-packages/airflow/example_dags/example_sla_dag.py
[2024-01-19T19:38:29.357-0800] {processor.py:743} INFO - Processing file /home/mirukulla/.local/lib/python3.10/site-packages/airflow/example_dags/example_sla_dag.py for tasks to queue
[2024-01-19T19:38:29.359-0800] {logging_mixin.py:137} INFO - [2024-01-19T19:38:29.358-0800] {dagbag.py:532} INFO - Filling up the DagBag from /home/mirukulla/.local/lib/python3.10/site-packages/airflow/example_dags/example_sla_dag.py
[2024-01-19T19:38:29.407-0800] {processor.py:753} INFO - DAG(s) dict_keys(['example_sla_dag']) retrieved from /home/mirukulla/.local/lib/python3.10/site-packages/airflow/example_dags/example_sla_dag.py
[2024-01-19T19:38:29.436-0800] {logging_mixin.py:137} INFO - [2024-01-19T19:38:29.436-0800] {dag.py:2705} INFO - Sync 1 DAGs
[2024-01-19T19:38:29.462-0800] {logging_mixin.py:137} INFO - [2024-01-19T19:38:29.462-0800] {dag.py:3452} INFO - Setting next_dagrun for example_sla_dag to 2024-01-20T03:36:00+00:00, run_after=2024-01-20T03:38:00+00:00
[2024-01-19T19:38:29.488-0800] {processor.py:175} INFO - Processing /home/mirukulla/.local/lib/python3.10/site-packages/airflow/example_dags/example_sla_dag.py took 0.137 seconds
[2024-01-19T19:39:14.666-0800] {processor.py:153} INFO - Started process (PID=10755) to work on /home/mirukulla/.local/lib/python3.10/site-packages/airflow/example_dags/example_sla_dag.py
[2024-01-19T19:39:14.690-0800] {processor.py:743} INFO - Processing file /home/mirukulla/.local/lib/python3.10/site-packages/airflow/example_dags/example_sla_dag.py for tasks to queue
[2024-01-19T19:39:14.692-0800] {logging_mixin.py:137} INFO - [2024-01-19T19:39:14.692-0800] {dagbag.py:532} INFO - Filling up the DagBag from /home/mirukulla/.local/lib/python3.10/site-packages/airflow/example_dags/example_sla_dag.py
[2024-01-19T19:39:14.749-0800] {processor.py:753} INFO - DAG(s) dict_keys(['example_sla_dag']) retrieved from /home/mirukulla/.local/lib/python3.10/site-packages/airflow/example_dags/example_sla_dag.py
[2024-01-19T19:39:14.778-0800] {logging_mixin.py:137} INFO - [2024-01-19T19:39:14.778-0800] {dag.py:2705} INFO - Sync 1 DAGs
[2024-01-19T19:39:14.803-0800] {logging_mixin.py:137} INFO - [2024-01-19T19:39:14.802-0800] {dag.py:3452} INFO - Setting next_dagrun for example_sla_dag to 2024-01-20T03:36:00+00:00, run_after=2024-01-20T03:38:00+00:00
[2024-01-19T19:39:14.839-0800] {processor.py:175} INFO - Processing /home/mirukulla/.local/lib/python3.10/site-packages/airflow/example_dags/example_sla_dag.py took 0.181 seconds
[2024-01-19T19:40:00.912-0800] {processor.py:153} INFO - Started process (PID=10812) to work on /home/mirukulla/.local/lib/python3.10/site-packages/airflow/example_dags/example_sla_dag.py
[2024-01-19T19:40:00.915-0800] {processor.py:743} INFO - Processing file /home/mirukulla/.local/lib/python3.10/site-packages/airflow/example_dags/example_sla_dag.py for tasks to queue
[2024-01-19T19:40:00.916-0800] {logging_mixin.py:137} INFO - [2024-01-19T19:40:00.916-0800] {dagbag.py:532} INFO - Filling up the DagBag from /home/mirukulla/.local/lib/python3.10/site-packages/airflow/example_dags/example_sla_dag.py
[2024-01-19T19:40:00.946-0800] {processor.py:753} INFO - DAG(s) dict_keys(['example_sla_dag']) retrieved from /home/mirukulla/.local/lib/python3.10/site-packages/airflow/example_dags/example_sla_dag.py
[2024-01-19T19:40:00.963-0800] {logging_mixin.py:137} INFO - [2024-01-19T19:40:00.962-0800] {dag.py:2705} INFO - Sync 1 DAGs
[2024-01-19T19:40:01.002-0800] {logging_mixin.py:137} INFO - [2024-01-19T19:40:01.002-0800] {dag.py:3452} INFO - Setting next_dagrun for example_sla_dag to 2024-01-20T03:38:00+00:00, run_after=2024-01-20T03:40:00+00:00
[2024-01-19T19:40:01.102-0800] {processor.py:175} INFO - Processing /home/mirukulla/.local/lib/python3.10/site-packages/airflow/example_dags/example_sla_dag.py took 0.194 seconds
[2024-01-19T19:40:47.672-0800] {processor.py:153} INFO - Started process (PID=10855) to work on /home/mirukulla/.local/lib/python3.10/site-packages/airflow/example_dags/example_sla_dag.py
[2024-01-19T19:40:47.697-0800] {processor.py:743} INFO - Processing file /home/mirukulla/.local/lib/python3.10/site-packages/airflow/example_dags/example_sla_dag.py for tasks to queue
[2024-01-19T19:40:47.698-0800] {logging_mixin.py:137} INFO - [2024-01-19T19:40:47.698-0800] {dagbag.py:532} INFO - Filling up the DagBag from /home/mirukulla/.local/lib/python3.10/site-packages/airflow/example_dags/example_sla_dag.py
[2024-01-19T19:40:47.721-0800] {processor.py:753} INFO - DAG(s) dict_keys(['example_sla_dag']) retrieved from /home/mirukulla/.local/lib/python3.10/site-packages/airflow/example_dags/example_sla_dag.py
[2024-01-19T19:40:47.737-0800] {logging_mixin.py:137} INFO - [2024-01-19T19:40:47.737-0800] {dag.py:2705} INFO - Sync 1 DAGs
[2024-01-19T19:40:47.755-0800] {logging_mixin.py:137} INFO - [2024-01-19T19:40:47.755-0800] {dag.py:3452} INFO - Setting next_dagrun for example_sla_dag to 2024-01-20T03:38:00+00:00, run_after=2024-01-20T03:40:00+00:00
[2024-01-19T19:40:47.796-0800] {processor.py:175} INFO - Processing /home/mirukulla/.local/lib/python3.10/site-packages/airflow/example_dags/example_sla_dag.py took 0.128 seconds
[2024-01-19T19:41:38.431-0800] {processor.py:153} INFO - Started process (PID=10899) to work on /home/mirukulla/.local/lib/python3.10/site-packages/airflow/example_dags/example_sla_dag.py
[2024-01-19T19:41:38.449-0800] {processor.py:743} INFO - Processing file /home/mirukulla/.local/lib/python3.10/site-packages/airflow/example_dags/example_sla_dag.py for tasks to queue
[2024-01-19T19:41:38.453-0800] {logging_mixin.py:137} INFO - [2024-01-19T19:41:38.452-0800] {dagbag.py:532} INFO - Filling up the DagBag from /home/mirukulla/.local/lib/python3.10/site-packages/airflow/example_dags/example_sla_dag.py
[2024-01-19T19:41:38.538-0800] {processor.py:753} INFO - DAG(s) dict_keys(['example_sla_dag']) retrieved from /home/mirukulla/.local/lib/python3.10/site-packages/airflow/example_dags/example_sla_dag.py
[2024-01-19T19:41:38.659-0800] {logging_mixin.py:137} INFO - [2024-01-19T19:41:38.659-0800] {dag.py:2705} INFO - Sync 1 DAGs
[2024-01-19T19:41:38.811-0800] {logging_mixin.py:137} INFO - [2024-01-19T19:41:38.810-0800] {dag.py:3452} INFO - Setting next_dagrun for example_sla_dag to 2024-01-20T03:38:00+00:00, run_after=2024-01-20T03:40:00+00:00
[2024-01-19T19:41:39.088-0800] {processor.py:175} INFO - Processing /home/mirukulla/.local/lib/python3.10/site-packages/airflow/example_dags/example_sla_dag.py took 0.669 seconds
[2024-01-19T19:42:37.404-0800] {processor.py:153} INFO - Started process (PID=10948) to work on /home/mirukulla/.local/lib/python3.10/site-packages/airflow/example_dags/example_sla_dag.py
[2024-01-19T19:42:37.407-0800] {processor.py:743} INFO - Processing file /home/mirukulla/.local/lib/python3.10/site-packages/airflow/example_dags/example_sla_dag.py for tasks to queue
[2024-01-19T19:42:37.409-0800] {logging_mixin.py:137} INFO - [2024-01-19T19:42:37.408-0800] {dagbag.py:532} INFO - Filling up the DagBag from /home/mirukulla/.local/lib/python3.10/site-packages/airflow/example_dags/example_sla_dag.py
[2024-01-19T19:42:37.501-0800] {processor.py:753} INFO - DAG(s) dict_keys(['example_sla_dag']) retrieved from /home/mirukulla/.local/lib/python3.10/site-packages/airflow/example_dags/example_sla_dag.py
[2024-01-19T19:42:37.567-0800] {logging_mixin.py:137} INFO - [2024-01-19T19:42:37.567-0800] {dag.py:2705} INFO - Sync 1 DAGs
[2024-01-19T19:42:37.658-0800] {logging_mixin.py:137} INFO - [2024-01-19T19:42:37.658-0800] {dag.py:3452} INFO - Setting next_dagrun for example_sla_dag to 2024-01-20T03:40:00+00:00, run_after=2024-01-20T03:42:00+00:00
[2024-01-19T19:42:37.783-0800] {processor.py:175} INFO - Processing /home/mirukulla/.local/lib/python3.10/site-packages/airflow/example_dags/example_sla_dag.py took 0.389 seconds
[2024-01-19T19:43:18.682-0800] {processor.py:153} INFO - Started process (PID=10983) to work on /home/mirukulla/.local/lib/python3.10/site-packages/airflow/example_dags/example_sla_dag.py
[2024-01-19T19:43:18.687-0800] {processor.py:743} INFO - Processing file /home/mirukulla/.local/lib/python3.10/site-packages/airflow/example_dags/example_sla_dag.py for tasks to queue
[2024-01-19T19:43:18.689-0800] {logging_mixin.py:137} INFO - [2024-01-19T19:43:18.689-0800] {dagbag.py:532} INFO - Filling up the DagBag from /home/mirukulla/.local/lib/python3.10/site-packages/airflow/example_dags/example_sla_dag.py
[2024-01-19T19:43:18.742-0800] {processor.py:753} INFO - DAG(s) dict_keys(['example_sla_dag']) retrieved from /home/mirukulla/.local/lib/python3.10/site-packages/airflow/example_dags/example_sla_dag.py
[2024-01-19T19:43:18.779-0800] {logging_mixin.py:137} INFO - [2024-01-19T19:43:18.779-0800] {dag.py:2705} INFO - Sync 1 DAGs
[2024-01-19T19:43:18.813-0800] {logging_mixin.py:137} INFO - [2024-01-19T19:43:18.813-0800] {dag.py:3452} INFO - Setting next_dagrun for example_sla_dag to 2024-01-20T03:40:00+00:00, run_after=2024-01-20T03:42:00+00:00
[2024-01-19T19:43:18.850-0800] {processor.py:175} INFO - Processing /home/mirukulla/.local/lib/python3.10/site-packages/airflow/example_dags/example_sla_dag.py took 0.174 seconds
[2024-01-19T19:44:00.639-0800] {processor.py:153} INFO - Started process (PID=11017) to work on /home/mirukulla/.local/lib/python3.10/site-packages/airflow/example_dags/example_sla_dag.py
[2024-01-19T19:44:00.663-0800] {processor.py:743} INFO - Processing file /home/mirukulla/.local/lib/python3.10/site-packages/airflow/example_dags/example_sla_dag.py for tasks to queue
[2024-01-19T19:44:00.664-0800] {logging_mixin.py:137} INFO - [2024-01-19T19:44:00.664-0800] {dagbag.py:532} INFO - Filling up the DagBag from /home/mirukulla/.local/lib/python3.10/site-packages/airflow/example_dags/example_sla_dag.py
[2024-01-19T19:44:00.704-0800] {processor.py:753} INFO - DAG(s) dict_keys(['example_sla_dag']) retrieved from /home/mirukulla/.local/lib/python3.10/site-packages/airflow/example_dags/example_sla_dag.py
[2024-01-19T19:44:00.736-0800] {logging_mixin.py:137} INFO - [2024-01-19T19:44:00.735-0800] {dag.py:2705} INFO - Sync 1 DAGs
[2024-01-19T19:44:00.776-0800] {logging_mixin.py:137} INFO - [2024-01-19T19:44:00.776-0800] {dag.py:3452} INFO - Setting next_dagrun for example_sla_dag to 2024-01-20T03:42:00+00:00, run_after=2024-01-20T03:44:00+00:00
[2024-01-19T19:44:00.826-0800] {processor.py:175} INFO - Processing /home/mirukulla/.local/lib/python3.10/site-packages/airflow/example_dags/example_sla_dag.py took 0.196 seconds
[2024-01-19T19:44:41.573-0800] {processor.py:153} INFO - Started process (PID=11056) to work on /home/mirukulla/.local/lib/python3.10/site-packages/airflow/example_dags/example_sla_dag.py
[2024-01-19T19:44:41.605-0800] {processor.py:743} INFO - Processing file /home/mirukulla/.local/lib/python3.10/site-packages/airflow/example_dags/example_sla_dag.py for tasks to queue
[2024-01-19T19:44:41.606-0800] {logging_mixin.py:137} INFO - [2024-01-19T19:44:41.606-0800] {dagbag.py:532} INFO - Filling up the DagBag from /home/mirukulla/.local/lib/python3.10/site-packages/airflow/example_dags/example_sla_dag.py
[2024-01-19T19:44:41.639-0800] {processor.py:753} INFO - DAG(s) dict_keys(['example_sla_dag']) retrieved from /home/mirukulla/.local/lib/python3.10/site-packages/airflow/example_dags/example_sla_dag.py
[2024-01-19T19:44:41.661-0800] {logging_mixin.py:137} INFO - [2024-01-19T19:44:41.661-0800] {dag.py:2705} INFO - Sync 1 DAGs
[2024-01-19T19:44:41.694-0800] {logging_mixin.py:137} INFO - [2024-01-19T19:44:41.694-0800] {dag.py:3452} INFO - Setting next_dagrun for example_sla_dag to 2024-01-20T03:42:00+00:00, run_after=2024-01-20T03:44:00+00:00
[2024-01-19T19:44:41.740-0800] {processor.py:175} INFO - Processing /home/mirukulla/.local/lib/python3.10/site-packages/airflow/example_dags/example_sla_dag.py took 0.172 seconds
[2024-01-19T19:45:25.650-0800] {processor.py:153} INFO - Started process (PID=11097) to work on /home/mirukulla/.local/lib/python3.10/site-packages/airflow/example_dags/example_sla_dag.py
[2024-01-19T19:45:25.653-0800] {processor.py:743} INFO - Processing file /home/mirukulla/.local/lib/python3.10/site-packages/airflow/example_dags/example_sla_dag.py for tasks to queue
[2024-01-19T19:45:25.654-0800] {logging_mixin.py:137} INFO - [2024-01-19T19:45:25.654-0800] {dagbag.py:532} INFO - Filling up the DagBag from /home/mirukulla/.local/lib/python3.10/site-packages/airflow/example_dags/example_sla_dag.py
[2024-01-19T19:45:25.701-0800] {processor.py:753} INFO - DAG(s) dict_keys(['example_sla_dag']) retrieved from /home/mirukulla/.local/lib/python3.10/site-packages/airflow/example_dags/example_sla_dag.py
[2024-01-19T19:45:25.741-0800] {logging_mixin.py:137} INFO - [2024-01-19T19:45:25.740-0800] {dag.py:2705} INFO - Sync 1 DAGs
[2024-01-19T19:45:25.792-0800] {logging_mixin.py:137} INFO - [2024-01-19T19:45:25.792-0800] {dag.py:3452} INFO - Setting next_dagrun for example_sla_dag to 2024-01-20T03:42:00+00:00, run_after=2024-01-20T03:44:00+00:00
[2024-01-19T19:45:25.848-0800] {processor.py:175} INFO - Processing /home/mirukulla/.local/lib/python3.10/site-packages/airflow/example_dags/example_sla_dag.py took 0.204 seconds
[2024-01-19T19:46:24.393-0800] {processor.py:153} INFO - Started process (PID=11140) to work on /home/mirukulla/.local/lib/python3.10/site-packages/airflow/example_dags/example_sla_dag.py
[2024-01-19T19:46:24.427-0800] {processor.py:743} INFO - Processing file /home/mirukulla/.local/lib/python3.10/site-packages/airflow/example_dags/example_sla_dag.py for tasks to queue
[2024-01-19T19:46:24.428-0800] {logging_mixin.py:137} INFO - [2024-01-19T19:46:24.428-0800] {dagbag.py:532} INFO - Filling up the DagBag from /home/mirukulla/.local/lib/python3.10/site-packages/airflow/example_dags/example_sla_dag.py
[2024-01-19T19:46:24.455-0800] {processor.py:753} INFO - DAG(s) dict_keys(['example_sla_dag']) retrieved from /home/mirukulla/.local/lib/python3.10/site-packages/airflow/example_dags/example_sla_dag.py
[2024-01-19T19:46:24.473-0800] {logging_mixin.py:137} INFO - [2024-01-19T19:46:24.473-0800] {dag.py:2705} INFO - Sync 1 DAGs
[2024-01-19T19:46:24.495-0800] {logging_mixin.py:137} INFO - [2024-01-19T19:46:24.495-0800] {dag.py:3452} INFO - Setting next_dagrun for example_sla_dag to 2024-01-20T03:44:00+00:00, run_after=2024-01-20T03:46:00+00:00
[2024-01-19T19:46:24.528-0800] {processor.py:175} INFO - Processing /home/mirukulla/.local/lib/python3.10/site-packages/airflow/example_dags/example_sla_dag.py took 0.139 seconds
[2024-01-19T19:47:12.708-0800] {processor.py:153} INFO - Started process (PID=11185) to work on /home/mirukulla/.local/lib/python3.10/site-packages/airflow/example_dags/example_sla_dag.py
[2024-01-19T19:47:12.710-0800] {processor.py:743} INFO - Processing file /home/mirukulla/.local/lib/python3.10/site-packages/airflow/example_dags/example_sla_dag.py for tasks to queue
[2024-01-19T19:47:12.711-0800] {logging_mixin.py:137} INFO - [2024-01-19T19:47:12.710-0800] {dagbag.py:532} INFO - Filling up the DagBag from /home/mirukulla/.local/lib/python3.10/site-packages/airflow/example_dags/example_sla_dag.py
[2024-01-19T19:47:12.738-0800] {processor.py:753} INFO - DAG(s) dict_keys(['example_sla_dag']) retrieved from /home/mirukulla/.local/lib/python3.10/site-packages/airflow/example_dags/example_sla_dag.py
[2024-01-19T19:47:12.756-0800] {logging_mixin.py:137} INFO - [2024-01-19T19:47:12.756-0800] {dag.py:2705} INFO - Sync 1 DAGs
[2024-01-19T19:47:12.783-0800] {logging_mixin.py:137} INFO - [2024-01-19T19:47:12.783-0800] {dag.py:3452} INFO - Setting next_dagrun for example_sla_dag to 2024-01-20T03:44:00+00:00, run_after=2024-01-20T03:46:00+00:00
[2024-01-19T19:47:12.813-0800] {processor.py:175} INFO - Processing /home/mirukulla/.local/lib/python3.10/site-packages/airflow/example_dags/example_sla_dag.py took 0.109 seconds
[2024-01-19T19:47:58.068-0800] {processor.py:153} INFO - Started process (PID=11227) to work on /home/mirukulla/.local/lib/python3.10/site-packages/airflow/example_dags/example_sla_dag.py
[2024-01-19T19:47:58.071-0800] {processor.py:743} INFO - Processing file /home/mirukulla/.local/lib/python3.10/site-packages/airflow/example_dags/example_sla_dag.py for tasks to queue
[2024-01-19T19:47:58.072-0800] {logging_mixin.py:137} INFO - [2024-01-19T19:47:58.072-0800] {dagbag.py:532} INFO - Filling up the DagBag from /home/mirukulla/.local/lib/python3.10/site-packages/airflow/example_dags/example_sla_dag.py
[2024-01-19T19:47:58.108-0800] {processor.py:753} INFO - DAG(s) dict_keys(['example_sla_dag']) retrieved from /home/mirukulla/.local/lib/python3.10/site-packages/airflow/example_dags/example_sla_dag.py
[2024-01-19T19:47:58.139-0800] {logging_mixin.py:137} INFO - [2024-01-19T19:47:58.138-0800] {dag.py:2705} INFO - Sync 1 DAGs
[2024-01-19T19:47:58.173-0800] {logging_mixin.py:137} INFO - [2024-01-19T19:47:58.173-0800] {dag.py:3452} INFO - Setting next_dagrun for example_sla_dag to 2024-01-20T03:44:00+00:00, run_after=2024-01-20T03:46:00+00:00
[2024-01-19T19:47:58.213-0800] {processor.py:175} INFO - Processing /home/mirukulla/.local/lib/python3.10/site-packages/airflow/example_dags/example_sla_dag.py took 0.149 seconds
[2024-01-19T19:48:36.181-0800] {processor.py:153} INFO - Started process (PID=11258) to work on /home/mirukulla/.local/lib/python3.10/site-packages/airflow/example_dags/example_sla_dag.py
[2024-01-19T19:48:36.184-0800] {processor.py:743} INFO - Processing file /home/mirukulla/.local/lib/python3.10/site-packages/airflow/example_dags/example_sla_dag.py for tasks to queue
[2024-01-19T19:48:36.186-0800] {logging_mixin.py:137} INFO - [2024-01-19T19:48:36.186-0800] {dagbag.py:532} INFO - Filling up the DagBag from /home/mirukulla/.local/lib/python3.10/site-packages/airflow/example_dags/example_sla_dag.py
[2024-01-19T19:48:36.276-0800] {processor.py:753} INFO - DAG(s) dict_keys(['example_sla_dag']) retrieved from /home/mirukulla/.local/lib/python3.10/site-packages/airflow/example_dags/example_sla_dag.py
[2024-01-19T19:48:36.335-0800] {logging_mixin.py:137} INFO - [2024-01-19T19:48:36.335-0800] {dag.py:2705} INFO - Sync 1 DAGs
[2024-01-19T19:48:36.391-0800] {logging_mixin.py:137} INFO - [2024-01-19T19:48:36.390-0800] {dag.py:3452} INFO - Setting next_dagrun for example_sla_dag to 2024-01-20T03:46:00+00:00, run_after=2024-01-20T03:48:00+00:00
[2024-01-19T19:48:36.447-0800] {processor.py:175} INFO - Processing /home/mirukulla/.local/lib/python3.10/site-packages/airflow/example_dags/example_sla_dag.py took 0.349 seconds
