[2024-01-19T19:37:55.591-0800] {processor.py:153} INFO - Started process (PID=10649) to work on /home/mirukulla/.local/lib/python3.10/site-packages/airflow/example_dags/example_branch_python_dop_operator_3.py
[2024-01-19T19:37:55.593-0800] {processor.py:743} INFO - Processing file /home/mirukulla/.local/lib/python3.10/site-packages/airflow/example_dags/example_branch_python_dop_operator_3.py for tasks to queue
[2024-01-19T19:37:55.594-0800] {logging_mixin.py:137} INFO - [2024-01-19T19:37:55.593-0800] {dagbag.py:532} INFO - Filling up the DagBag from /home/mirukulla/.local/lib/python3.10/site-packages/airflow/example_dags/example_branch_python_dop_operator_3.py
[2024-01-19T19:37:55.623-0800] {processor.py:753} INFO - DAG(s) dict_keys(['example_branch_dop_operator_v3']) retrieved from /home/mirukulla/.local/lib/python3.10/site-packages/airflow/example_dags/example_branch_python_dop_operator_3.py
[2024-01-19T19:37:55.746-0800] {logging_mixin.py:137} INFO - [2024-01-19T19:37:55.745-0800] {manager.py:504} INFO - Created Permission View: can delete on DAG:example_branch_dop_operator_v3
[2024-01-19T19:37:55.764-0800] {logging_mixin.py:137} INFO - [2024-01-19T19:37:55.764-0800] {manager.py:504} INFO - Created Permission View: can edit on DAG:example_branch_dop_operator_v3
[2024-01-19T19:37:55.782-0800] {logging_mixin.py:137} INFO - [2024-01-19T19:37:55.782-0800] {manager.py:504} INFO - Created Permission View: can read on DAG:example_branch_dop_operator_v3
[2024-01-19T19:37:55.782-0800] {logging_mixin.py:137} INFO - [2024-01-19T19:37:55.782-0800] {dag.py:2705} INFO - Sync 1 DAGs
[2024-01-19T19:37:55.793-0800] {logging_mixin.py:137} INFO - [2024-01-19T19:37:55.792-0800] {dag.py:2726} INFO - Creating ORM DAG for example_branch_dop_operator_v3
[2024-01-19T19:37:55.803-0800] {logging_mixin.py:137} INFO - [2024-01-19T19:37:55.803-0800] {dag.py:3452} INFO - Setting next_dagrun for example_branch_dop_operator_v3 to 2024-01-20T03:36:00+00:00, run_after=2024-01-20T03:37:00+00:00
[2024-01-19T19:37:55.835-0800] {processor.py:175} INFO - Processing /home/mirukulla/.local/lib/python3.10/site-packages/airflow/example_dags/example_branch_python_dop_operator_3.py took 0.249 seconds
[2024-01-19T19:38:40.948-0800] {processor.py:153} INFO - Started process (PID=10715) to work on /home/mirukulla/.local/lib/python3.10/site-packages/airflow/example_dags/example_branch_python_dop_operator_3.py
[2024-01-19T19:38:40.951-0800] {processor.py:743} INFO - Processing file /home/mirukulla/.local/lib/python3.10/site-packages/airflow/example_dags/example_branch_python_dop_operator_3.py for tasks to queue
[2024-01-19T19:38:40.952-0800] {logging_mixin.py:137} INFO - [2024-01-19T19:38:40.952-0800] {dagbag.py:532} INFO - Filling up the DagBag from /home/mirukulla/.local/lib/python3.10/site-packages/airflow/example_dags/example_branch_python_dop_operator_3.py
[2024-01-19T19:38:40.998-0800] {processor.py:753} INFO - DAG(s) dict_keys(['example_branch_dop_operator_v3']) retrieved from /home/mirukulla/.local/lib/python3.10/site-packages/airflow/example_dags/example_branch_python_dop_operator_3.py
[2024-01-19T19:38:41.029-0800] {logging_mixin.py:137} INFO - [2024-01-19T19:38:41.029-0800] {dag.py:2705} INFO - Sync 1 DAGs
[2024-01-19T19:38:41.061-0800] {logging_mixin.py:137} INFO - [2024-01-19T19:38:41.061-0800] {dag.py:3452} INFO - Setting next_dagrun for example_branch_dop_operator_v3 to 2024-01-20T03:37:00+00:00, run_after=2024-01-20T03:38:00+00:00
[2024-01-19T19:38:41.108-0800] {processor.py:175} INFO - Processing /home/mirukulla/.local/lib/python3.10/site-packages/airflow/example_dags/example_branch_python_dop_operator_3.py took 0.168 seconds
[2024-01-19T19:39:26.226-0800] {processor.py:153} INFO - Started process (PID=10766) to work on /home/mirukulla/.local/lib/python3.10/site-packages/airflow/example_dags/example_branch_python_dop_operator_3.py
[2024-01-19T19:39:26.229-0800] {processor.py:743} INFO - Processing file /home/mirukulla/.local/lib/python3.10/site-packages/airflow/example_dags/example_branch_python_dop_operator_3.py for tasks to queue
[2024-01-19T19:39:26.230-0800] {logging_mixin.py:137} INFO - [2024-01-19T19:39:26.230-0800] {dagbag.py:532} INFO - Filling up the DagBag from /home/mirukulla/.local/lib/python3.10/site-packages/airflow/example_dags/example_branch_python_dop_operator_3.py
[2024-01-19T19:39:26.269-0800] {processor.py:753} INFO - DAG(s) dict_keys(['example_branch_dop_operator_v3']) retrieved from /home/mirukulla/.local/lib/python3.10/site-packages/airflow/example_dags/example_branch_python_dop_operator_3.py
[2024-01-19T19:39:26.290-0800] {logging_mixin.py:137} INFO - [2024-01-19T19:39:26.290-0800] {dag.py:2705} INFO - Sync 1 DAGs
[2024-01-19T19:39:26.321-0800] {logging_mixin.py:137} INFO - [2024-01-19T19:39:26.321-0800] {dag.py:3452} INFO - Setting next_dagrun for example_branch_dop_operator_v3 to 2024-01-20T03:38:00+00:00, run_after=2024-01-20T03:39:00+00:00
[2024-01-19T19:39:26.353-0800] {processor.py:175} INFO - Processing /home/mirukulla/.local/lib/python3.10/site-packages/airflow/example_dags/example_branch_python_dop_operator_3.py took 0.131 seconds
[2024-01-19T19:40:13.949-0800] {processor.py:153} INFO - Started process (PID=10824) to work on /home/mirukulla/.local/lib/python3.10/site-packages/airflow/example_dags/example_branch_python_dop_operator_3.py
[2024-01-19T19:40:13.951-0800] {processor.py:743} INFO - Processing file /home/mirukulla/.local/lib/python3.10/site-packages/airflow/example_dags/example_branch_python_dop_operator_3.py for tasks to queue
[2024-01-19T19:40:13.952-0800] {logging_mixin.py:137} INFO - [2024-01-19T19:40:13.952-0800] {dagbag.py:532} INFO - Filling up the DagBag from /home/mirukulla/.local/lib/python3.10/site-packages/airflow/example_dags/example_branch_python_dop_operator_3.py
[2024-01-19T19:40:13.975-0800] {processor.py:753} INFO - DAG(s) dict_keys(['example_branch_dop_operator_v3']) retrieved from /home/mirukulla/.local/lib/python3.10/site-packages/airflow/example_dags/example_branch_python_dop_operator_3.py
[2024-01-19T19:40:13.998-0800] {logging_mixin.py:137} INFO - [2024-01-19T19:40:13.998-0800] {dag.py:2705} INFO - Sync 1 DAGs
[2024-01-19T19:40:14.023-0800] {logging_mixin.py:137} INFO - [2024-01-19T19:40:14.023-0800] {dag.py:3452} INFO - Setting next_dagrun for example_branch_dop_operator_v3 to 2024-01-20T03:39:00+00:00, run_after=2024-01-20T03:40:00+00:00
[2024-01-19T19:40:14.056-0800] {processor.py:175} INFO - Processing /home/mirukulla/.local/lib/python3.10/site-packages/airflow/example_dags/example_branch_python_dop_operator_3.py took 0.111 seconds
[2024-01-19T19:41:02.539-0800] {processor.py:153} INFO - Started process (PID=10868) to work on /home/mirukulla/.local/lib/python3.10/site-packages/airflow/example_dags/example_branch_python_dop_operator_3.py
[2024-01-19T19:41:02.541-0800] {processor.py:743} INFO - Processing file /home/mirukulla/.local/lib/python3.10/site-packages/airflow/example_dags/example_branch_python_dop_operator_3.py for tasks to queue
[2024-01-19T19:41:02.541-0800] {logging_mixin.py:137} INFO - [2024-01-19T19:41:02.541-0800] {dagbag.py:532} INFO - Filling up the DagBag from /home/mirukulla/.local/lib/python3.10/site-packages/airflow/example_dags/example_branch_python_dop_operator_3.py
[2024-01-19T19:41:02.569-0800] {processor.py:753} INFO - DAG(s) dict_keys(['example_branch_dop_operator_v3']) retrieved from /home/mirukulla/.local/lib/python3.10/site-packages/airflow/example_dags/example_branch_python_dop_operator_3.py
[2024-01-19T19:41:02.591-0800] {logging_mixin.py:137} INFO - [2024-01-19T19:41:02.591-0800] {dag.py:2705} INFO - Sync 1 DAGs
[2024-01-19T19:41:02.621-0800] {logging_mixin.py:137} INFO - [2024-01-19T19:41:02.621-0800] {dag.py:3452} INFO - Setting next_dagrun for example_branch_dop_operator_v3 to 2024-01-20T03:40:00+00:00, run_after=2024-01-20T03:41:00+00:00
[2024-01-19T19:41:02.656-0800] {processor.py:175} INFO - Processing /home/mirukulla/.local/lib/python3.10/site-packages/airflow/example_dags/example_branch_python_dop_operator_3.py took 0.120 seconds
[2024-01-19T19:41:59.071-0800] {processor.py:153} INFO - Started process (PID=10917) to work on /home/mirukulla/.local/lib/python3.10/site-packages/airflow/example_dags/example_branch_python_dop_operator_3.py
[2024-01-19T19:41:59.095-0800] {processor.py:743} INFO - Processing file /home/mirukulla/.local/lib/python3.10/site-packages/airflow/example_dags/example_branch_python_dop_operator_3.py for tasks to queue
[2024-01-19T19:41:59.097-0800] {logging_mixin.py:137} INFO - [2024-01-19T19:41:59.097-0800] {dagbag.py:532} INFO - Filling up the DagBag from /home/mirukulla/.local/lib/python3.10/site-packages/airflow/example_dags/example_branch_python_dop_operator_3.py
[2024-01-19T19:41:59.146-0800] {processor.py:753} INFO - DAG(s) dict_keys(['example_branch_dop_operator_v3']) retrieved from /home/mirukulla/.local/lib/python3.10/site-packages/airflow/example_dags/example_branch_python_dop_operator_3.py
[2024-01-19T19:41:59.178-0800] {logging_mixin.py:137} INFO - [2024-01-19T19:41:59.178-0800] {dag.py:2705} INFO - Sync 1 DAGs
[2024-01-19T19:41:59.266-0800] {logging_mixin.py:137} INFO - [2024-01-19T19:41:59.266-0800] {dag.py:3452} INFO - Setting next_dagrun for example_branch_dop_operator_v3 to 2024-01-20T03:40:00+00:00, run_after=2024-01-20T03:41:00+00:00
[2024-01-19T19:41:59.322-0800] {processor.py:175} INFO - Processing /home/mirukulla/.local/lib/python3.10/site-packages/airflow/example_dags/example_branch_python_dop_operator_3.py took 0.256 seconds
[2024-01-19T19:43:00.813-0800] {processor.py:153} INFO - Started process (PID=10967) to work on /home/mirukulla/.local/lib/python3.10/site-packages/airflow/example_dags/example_branch_python_dop_operator_3.py
[2024-01-19T19:43:00.816-0800] {processor.py:743} INFO - Processing file /home/mirukulla/.local/lib/python3.10/site-packages/airflow/example_dags/example_branch_python_dop_operator_3.py for tasks to queue
[2024-01-19T19:43:00.819-0800] {logging_mixin.py:137} INFO - [2024-01-19T19:43:00.818-0800] {dagbag.py:532} INFO - Filling up the DagBag from /home/mirukulla/.local/lib/python3.10/site-packages/airflow/example_dags/example_branch_python_dop_operator_3.py
[2024-01-19T19:43:00.879-0800] {processor.py:753} INFO - DAG(s) dict_keys(['example_branch_dop_operator_v3']) retrieved from /home/mirukulla/.local/lib/python3.10/site-packages/airflow/example_dags/example_branch_python_dop_operator_3.py
[2024-01-19T19:43:00.925-0800] {logging_mixin.py:137} INFO - [2024-01-19T19:43:00.924-0800] {dag.py:2705} INFO - Sync 1 DAGs
[2024-01-19T19:43:00.981-0800] {logging_mixin.py:137} INFO - [2024-01-19T19:43:00.981-0800] {dag.py:3452} INFO - Setting next_dagrun for example_branch_dop_operator_v3 to 2024-01-20T03:42:00+00:00, run_after=2024-01-20T03:43:00+00:00
[2024-01-19T19:43:01.032-0800] {processor.py:175} INFO - Processing /home/mirukulla/.local/lib/python3.10/site-packages/airflow/example_dags/example_branch_python_dop_operator_3.py took 0.226 seconds
[2024-01-19T19:44:03.327-0800] {processor.py:153} INFO - Started process (PID=11020) to work on /home/mirukulla/.local/lib/python3.10/site-packages/airflow/example_dags/example_branch_python_dop_operator_3.py
[2024-01-19T19:44:03.330-0800] {processor.py:743} INFO - Processing file /home/mirukulla/.local/lib/python3.10/site-packages/airflow/example_dags/example_branch_python_dop_operator_3.py for tasks to queue
[2024-01-19T19:44:03.331-0800] {logging_mixin.py:137} INFO - [2024-01-19T19:44:03.331-0800] {dagbag.py:532} INFO - Filling up the DagBag from /home/mirukulla/.local/lib/python3.10/site-packages/airflow/example_dags/example_branch_python_dop_operator_3.py
[2024-01-19T19:44:03.368-0800] {processor.py:753} INFO - DAG(s) dict_keys(['example_branch_dop_operator_v3']) retrieved from /home/mirukulla/.local/lib/python3.10/site-packages/airflow/example_dags/example_branch_python_dop_operator_3.py
[2024-01-19T19:44:03.393-0800] {logging_mixin.py:137} INFO - [2024-01-19T19:44:03.393-0800] {dag.py:2705} INFO - Sync 1 DAGs
[2024-01-19T19:44:03.420-0800] {logging_mixin.py:137} INFO - [2024-01-19T19:44:03.420-0800] {dag.py:3452} INFO - Setting next_dagrun for example_branch_dop_operator_v3 to 2024-01-20T03:43:00+00:00, run_after=2024-01-20T03:44:00+00:00
[2024-01-19T19:44:03.457-0800] {processor.py:175} INFO - Processing /home/mirukulla/.local/lib/python3.10/site-packages/airflow/example_dags/example_branch_python_dop_operator_3.py took 0.136 seconds
[2024-01-19T19:44:47.977-0800] {processor.py:153} INFO - Started process (PID=11062) to work on /home/mirukulla/.local/lib/python3.10/site-packages/airflow/example_dags/example_branch_python_dop_operator_3.py
[2024-01-19T19:44:47.979-0800] {processor.py:743} INFO - Processing file /home/mirukulla/.local/lib/python3.10/site-packages/airflow/example_dags/example_branch_python_dop_operator_3.py for tasks to queue
[2024-01-19T19:44:47.980-0800] {logging_mixin.py:137} INFO - [2024-01-19T19:44:47.980-0800] {dagbag.py:532} INFO - Filling up the DagBag from /home/mirukulla/.local/lib/python3.10/site-packages/airflow/example_dags/example_branch_python_dop_operator_3.py
[2024-01-19T19:44:48.008-0800] {processor.py:753} INFO - DAG(s) dict_keys(['example_branch_dop_operator_v3']) retrieved from /home/mirukulla/.local/lib/python3.10/site-packages/airflow/example_dags/example_branch_python_dop_operator_3.py
[2024-01-19T19:44:48.030-0800] {logging_mixin.py:137} INFO - [2024-01-19T19:44:48.030-0800] {dag.py:2705} INFO - Sync 1 DAGs
[2024-01-19T19:44:48.056-0800] {logging_mixin.py:137} INFO - [2024-01-19T19:44:48.056-0800] {dag.py:3452} INFO - Setting next_dagrun for example_branch_dop_operator_v3 to 2024-01-20T03:43:00+00:00, run_after=2024-01-20T03:44:00+00:00
[2024-01-19T19:44:48.089-0800] {processor.py:175} INFO - Processing /home/mirukulla/.local/lib/python3.10/site-packages/airflow/example_dags/example_branch_python_dop_operator_3.py took 0.116 seconds
[2024-01-19T19:46:00.398-0800] {processor.py:153} INFO - Started process (PID=11119) to work on /home/mirukulla/.local/lib/python3.10/site-packages/airflow/example_dags/example_branch_python_dop_operator_3.py
[2024-01-19T19:46:00.401-0800] {processor.py:743} INFO - Processing file /home/mirukulla/.local/lib/python3.10/site-packages/airflow/example_dags/example_branch_python_dop_operator_3.py for tasks to queue
[2024-01-19T19:46:00.404-0800] {logging_mixin.py:137} INFO - [2024-01-19T19:46:00.403-0800] {dagbag.py:532} INFO - Filling up the DagBag from /home/mirukulla/.local/lib/python3.10/site-packages/airflow/example_dags/example_branch_python_dop_operator_3.py
[2024-01-19T19:46:00.499-0800] {processor.py:753} INFO - DAG(s) dict_keys(['example_branch_dop_operator_v3']) retrieved from /home/mirukulla/.local/lib/python3.10/site-packages/airflow/example_dags/example_branch_python_dop_operator_3.py
[2024-01-19T19:46:00.558-0800] {logging_mixin.py:137} INFO - [2024-01-19T19:46:00.557-0800] {dag.py:2705} INFO - Sync 1 DAGs
[2024-01-19T19:46:00.635-0800] {logging_mixin.py:137} INFO - [2024-01-19T19:46:00.634-0800] {dag.py:3452} INFO - Setting next_dagrun for example_branch_dop_operator_v3 to 2024-01-20T03:45:00+00:00, run_after=2024-01-20T03:46:00+00:00
[2024-01-19T19:46:00.735-0800] {processor.py:175} INFO - Processing /home/mirukulla/.local/lib/python3.10/site-packages/airflow/example_dags/example_branch_python_dop_operator_3.py took 0.349 seconds
[2024-01-19T19:46:47.567-0800] {processor.py:153} INFO - Started process (PID=11161) to work on /home/mirukulla/.local/lib/python3.10/site-packages/airflow/example_dags/example_branch_python_dop_operator_3.py
[2024-01-19T19:46:47.568-0800] {processor.py:743} INFO - Processing file /home/mirukulla/.local/lib/python3.10/site-packages/airflow/example_dags/example_branch_python_dop_operator_3.py for tasks to queue
[2024-01-19T19:46:47.569-0800] {logging_mixin.py:137} INFO - [2024-01-19T19:46:47.569-0800] {dagbag.py:532} INFO - Filling up the DagBag from /home/mirukulla/.local/lib/python3.10/site-packages/airflow/example_dags/example_branch_python_dop_operator_3.py
[2024-01-19T19:46:47.595-0800] {processor.py:753} INFO - DAG(s) dict_keys(['example_branch_dop_operator_v3']) retrieved from /home/mirukulla/.local/lib/python3.10/site-packages/airflow/example_dags/example_branch_python_dop_operator_3.py
[2024-01-19T19:46:47.626-0800] {logging_mixin.py:137} INFO - [2024-01-19T19:46:47.626-0800] {dag.py:2705} INFO - Sync 1 DAGs
[2024-01-19T19:46:47.665-0800] {logging_mixin.py:137} INFO - [2024-01-19T19:46:47.665-0800] {dag.py:3452} INFO - Setting next_dagrun for example_branch_dop_operator_v3 to 2024-01-20T03:45:00+00:00, run_after=2024-01-20T03:46:00+00:00
[2024-01-19T19:46:47.695-0800] {processor.py:175} INFO - Processing /home/mirukulla/.local/lib/python3.10/site-packages/airflow/example_dags/example_branch_python_dop_operator_3.py took 0.134 seconds
[2024-01-19T19:47:36.255-0800] {processor.py:153} INFO - Started process (PID=11207) to work on /home/mirukulla/.local/lib/python3.10/site-packages/airflow/example_dags/example_branch_python_dop_operator_3.py
[2024-01-19T19:47:36.288-0800] {processor.py:743} INFO - Processing file /home/mirukulla/.local/lib/python3.10/site-packages/airflow/example_dags/example_branch_python_dop_operator_3.py for tasks to queue
[2024-01-19T19:47:36.289-0800] {logging_mixin.py:137} INFO - [2024-01-19T19:47:36.289-0800] {dagbag.py:532} INFO - Filling up the DagBag from /home/mirukulla/.local/lib/python3.10/site-packages/airflow/example_dags/example_branch_python_dop_operator_3.py
[2024-01-19T19:47:36.322-0800] {processor.py:753} INFO - DAG(s) dict_keys(['example_branch_dop_operator_v3']) retrieved from /home/mirukulla/.local/lib/python3.10/site-packages/airflow/example_dags/example_branch_python_dop_operator_3.py
[2024-01-19T19:47:36.341-0800] {logging_mixin.py:137} INFO - [2024-01-19T19:47:36.341-0800] {dag.py:2705} INFO - Sync 1 DAGs
[2024-01-19T19:47:36.364-0800] {logging_mixin.py:137} INFO - [2024-01-19T19:47:36.364-0800] {dag.py:3452} INFO - Setting next_dagrun for example_branch_dop_operator_v3 to 2024-01-20T03:46:00+00:00, run_after=2024-01-20T03:47:00+00:00
[2024-01-19T19:47:36.395-0800] {processor.py:175} INFO - Processing /home/mirukulla/.local/lib/python3.10/site-packages/airflow/example_dags/example_branch_python_dop_operator_3.py took 0.145 seconds
[2024-01-19T19:48:27.087-0800] {processor.py:153} INFO - Started process (PID=11250) to work on /home/mirukulla/.local/lib/python3.10/site-packages/airflow/example_dags/example_branch_python_dop_operator_3.py
[2024-01-19T19:48:27.121-0800] {processor.py:743} INFO - Processing file /home/mirukulla/.local/lib/python3.10/site-packages/airflow/example_dags/example_branch_python_dop_operator_3.py for tasks to queue
[2024-01-19T19:48:27.122-0800] {logging_mixin.py:137} INFO - [2024-01-19T19:48:27.122-0800] {dagbag.py:532} INFO - Filling up the DagBag from /home/mirukulla/.local/lib/python3.10/site-packages/airflow/example_dags/example_branch_python_dop_operator_3.py
[2024-01-19T19:48:27.179-0800] {processor.py:753} INFO - DAG(s) dict_keys(['example_branch_dop_operator_v3']) retrieved from /home/mirukulla/.local/lib/python3.10/site-packages/airflow/example_dags/example_branch_python_dop_operator_3.py
[2024-01-19T19:48:27.220-0800] {logging_mixin.py:137} INFO - [2024-01-19T19:48:27.220-0800] {dag.py:2705} INFO - Sync 1 DAGs
[2024-01-19T19:48:27.268-0800] {logging_mixin.py:137} INFO - [2024-01-19T19:48:27.268-0800] {dag.py:3452} INFO - Setting next_dagrun for example_branch_dop_operator_v3 to 2024-01-20T03:47:00+00:00, run_after=2024-01-20T03:48:00+00:00
[2024-01-19T19:48:27.313-0800] {processor.py:175} INFO - Processing /home/mirukulla/.local/lib/python3.10/site-packages/airflow/example_dags/example_branch_python_dop_operator_3.py took 0.233 seconds
