[2024-01-19T19:37:26.644-0800] {processor.py:153} INFO - Started process (PID=10624) to work on /home/mirukulla/.local/lib/python3.10/site-packages/airflow/example_dags/example_skip_dag.py
[2024-01-19T19:37:26.646-0800] {processor.py:743} INFO - Processing file /home/mirukulla/.local/lib/python3.10/site-packages/airflow/example_dags/example_skip_dag.py for tasks to queue
[2024-01-19T19:37:26.647-0800] {logging_mixin.py:137} INFO - [2024-01-19T19:37:26.647-0800] {dagbag.py:532} INFO - Filling up the DagBag from /home/mirukulla/.local/lib/python3.10/site-packages/airflow/example_dags/example_skip_dag.py
[2024-01-19T19:37:26.769-0800] {processor.py:753} INFO - DAG(s) dict_keys(['example_skip_dag']) retrieved from /home/mirukulla/.local/lib/python3.10/site-packages/airflow/example_dags/example_skip_dag.py
[2024-01-19T19:37:26.969-0800] {logging_mixin.py:137} INFO - [2024-01-19T19:37:26.969-0800] {manager.py:504} INFO - Created Permission View: can delete on DAG:example_skip_dag
[2024-01-19T19:37:26.988-0800] {logging_mixin.py:137} INFO - [2024-01-19T19:37:26.988-0800] {manager.py:504} INFO - Created Permission View: can edit on DAG:example_skip_dag
[2024-01-19T19:37:27.010-0800] {logging_mixin.py:137} INFO - [2024-01-19T19:37:27.010-0800] {manager.py:504} INFO - Created Permission View: can read on DAG:example_skip_dag
[2024-01-19T19:37:27.011-0800] {logging_mixin.py:137} INFO - [2024-01-19T19:37:27.011-0800] {dag.py:2705} INFO - Sync 1 DAGs
[2024-01-19T19:37:27.025-0800] {logging_mixin.py:137} INFO - [2024-01-19T19:37:27.025-0800] {dag.py:2726} INFO - Creating ORM DAG for example_skip_dag
[2024-01-19T19:37:27.046-0800] {logging_mixin.py:137} INFO - [2024-01-19T19:37:27.046-0800] {dag.py:3452} INFO - Setting next_dagrun for example_skip_dag to 2024-01-19T03:37:27.043362+00:00, run_after=2024-01-20T03:37:27.043362+00:00
[2024-01-19T19:37:27.085-0800] {processor.py:175} INFO - Processing /home/mirukulla/.local/lib/python3.10/site-packages/airflow/example_dags/example_skip_dag.py took 0.492 seconds
[2024-01-19T19:38:16.301-0800] {processor.py:153} INFO - Started process (PID=10690) to work on /home/mirukulla/.local/lib/python3.10/site-packages/airflow/example_dags/example_skip_dag.py
[2024-01-19T19:38:16.302-0800] {processor.py:743} INFO - Processing file /home/mirukulla/.local/lib/python3.10/site-packages/airflow/example_dags/example_skip_dag.py for tasks to queue
[2024-01-19T19:38:16.303-0800] {logging_mixin.py:137} INFO - [2024-01-19T19:38:16.303-0800] {dagbag.py:532} INFO - Filling up the DagBag from /home/mirukulla/.local/lib/python3.10/site-packages/airflow/example_dags/example_skip_dag.py
[2024-01-19T19:38:16.318-0800] {processor.py:753} INFO - DAG(s) dict_keys(['example_skip_dag']) retrieved from /home/mirukulla/.local/lib/python3.10/site-packages/airflow/example_dags/example_skip_dag.py
[2024-01-19T19:38:16.333-0800] {logging_mixin.py:137} INFO - [2024-01-19T19:38:16.333-0800] {dag.py:2705} INFO - Sync 1 DAGs
[2024-01-19T19:38:16.349-0800] {logging_mixin.py:137} INFO - [2024-01-19T19:38:16.349-0800] {dag.py:3452} INFO - Setting next_dagrun for example_skip_dag to 2024-01-19T03:38:16.349097+00:00, run_after=2024-01-20T03:38:16.349097+00:00
[2024-01-19T19:38:16.374-0800] {processor.py:175} INFO - Processing /home/mirukulla/.local/lib/python3.10/site-packages/airflow/example_dags/example_skip_dag.py took 0.077 seconds
[2024-01-19T19:38:59.173-0800] {processor.py:153} INFO - Started process (PID=10741) to work on /home/mirukulla/.local/lib/python3.10/site-packages/airflow/example_dags/example_skip_dag.py
[2024-01-19T19:38:59.174-0800] {processor.py:743} INFO - Processing file /home/mirukulla/.local/lib/python3.10/site-packages/airflow/example_dags/example_skip_dag.py for tasks to queue
[2024-01-19T19:38:59.174-0800] {logging_mixin.py:137} INFO - [2024-01-19T19:38:59.174-0800] {dagbag.py:532} INFO - Filling up the DagBag from /home/mirukulla/.local/lib/python3.10/site-packages/airflow/example_dags/example_skip_dag.py
[2024-01-19T19:38:59.191-0800] {processor.py:753} INFO - DAG(s) dict_keys(['example_skip_dag']) retrieved from /home/mirukulla/.local/lib/python3.10/site-packages/airflow/example_dags/example_skip_dag.py
[2024-01-19T19:38:59.213-0800] {logging_mixin.py:137} INFO - [2024-01-19T19:38:59.213-0800] {dag.py:2705} INFO - Sync 1 DAGs
[2024-01-19T19:38:59.234-0800] {logging_mixin.py:137} INFO - [2024-01-19T19:38:59.234-0800] {dag.py:3452} INFO - Setting next_dagrun for example_skip_dag to 2024-01-19T03:38:59.234037+00:00, run_after=2024-01-20T03:38:59.234037+00:00
[2024-01-19T19:38:59.262-0800] {processor.py:175} INFO - Processing /home/mirukulla/.local/lib/python3.10/site-packages/airflow/example_dags/example_skip_dag.py took 0.092 seconds
[2024-01-19T19:39:46.357-0800] {processor.py:153} INFO - Started process (PID=10798) to work on /home/mirukulla/.local/lib/python3.10/site-packages/airflow/example_dags/example_skip_dag.py
[2024-01-19T19:39:46.359-0800] {processor.py:743} INFO - Processing file /home/mirukulla/.local/lib/python3.10/site-packages/airflow/example_dags/example_skip_dag.py for tasks to queue
[2024-01-19T19:39:46.360-0800] {logging_mixin.py:137} INFO - [2024-01-19T19:39:46.360-0800] {dagbag.py:532} INFO - Filling up the DagBag from /home/mirukulla/.local/lib/python3.10/site-packages/airflow/example_dags/example_skip_dag.py
[2024-01-19T19:39:46.383-0800] {processor.py:753} INFO - DAG(s) dict_keys(['example_skip_dag']) retrieved from /home/mirukulla/.local/lib/python3.10/site-packages/airflow/example_dags/example_skip_dag.py
[2024-01-19T19:39:46.466-0800] {logging_mixin.py:137} INFO - [2024-01-19T19:39:46.466-0800] {dag.py:2705} INFO - Sync 1 DAGs
[2024-01-19T19:39:46.488-0800] {logging_mixin.py:137} INFO - [2024-01-19T19:39:46.488-0800] {dag.py:3452} INFO - Setting next_dagrun for example_skip_dag to 2024-01-19T03:39:46.487835+00:00, run_after=2024-01-20T03:39:46.487835+00:00
[2024-01-19T19:39:46.521-0800] {processor.py:175} INFO - Processing /home/mirukulla/.local/lib/python3.10/site-packages/airflow/example_dags/example_skip_dag.py took 0.168 seconds
[2024-01-19T19:40:21.349-0800] {processor.py:153} INFO - Started process (PID=10830) to work on /home/mirukulla/.local/lib/python3.10/site-packages/airflow/example_dags/example_skip_dag.py
[2024-01-19T19:40:21.352-0800] {processor.py:743} INFO - Processing file /home/mirukulla/.local/lib/python3.10/site-packages/airflow/example_dags/example_skip_dag.py for tasks to queue
[2024-01-19T19:40:21.354-0800] {logging_mixin.py:137} INFO - [2024-01-19T19:40:21.354-0800] {dagbag.py:532} INFO - Filling up the DagBag from /home/mirukulla/.local/lib/python3.10/site-packages/airflow/example_dags/example_skip_dag.py
[2024-01-19T19:40:21.388-0800] {processor.py:753} INFO - DAG(s) dict_keys(['example_skip_dag']) retrieved from /home/mirukulla/.local/lib/python3.10/site-packages/airflow/example_dags/example_skip_dag.py
[2024-01-19T19:40:21.417-0800] {logging_mixin.py:137} INFO - [2024-01-19T19:40:21.417-0800] {dag.py:2705} INFO - Sync 1 DAGs
[2024-01-19T19:40:21.437-0800] {logging_mixin.py:137} INFO - [2024-01-19T19:40:21.437-0800] {dag.py:3452} INFO - Setting next_dagrun for example_skip_dag to 2024-01-19T03:40:21.436779+00:00, run_after=2024-01-20T03:40:21.436779+00:00
[2024-01-19T19:40:21.499-0800] {processor.py:175} INFO - Processing /home/mirukulla/.local/lib/python3.10/site-packages/airflow/example_dags/example_skip_dag.py took 0.154 seconds
[2024-01-19T19:40:53.065-0800] {processor.py:153} INFO - Started process (PID=10860) to work on /home/mirukulla/.local/lib/python3.10/site-packages/airflow/example_dags/example_skip_dag.py
[2024-01-19T19:40:53.092-0800] {processor.py:743} INFO - Processing file /home/mirukulla/.local/lib/python3.10/site-packages/airflow/example_dags/example_skip_dag.py for tasks to queue
[2024-01-19T19:40:53.101-0800] {logging_mixin.py:137} INFO - [2024-01-19T19:40:53.100-0800] {dagbag.py:532} INFO - Filling up the DagBag from /home/mirukulla/.local/lib/python3.10/site-packages/airflow/example_dags/example_skip_dag.py
[2024-01-19T19:40:53.368-0800] {processor.py:753} INFO - DAG(s) dict_keys(['example_skip_dag']) retrieved from /home/mirukulla/.local/lib/python3.10/site-packages/airflow/example_dags/example_skip_dag.py
[2024-01-19T19:40:53.529-0800] {logging_mixin.py:137} INFO - [2024-01-19T19:40:53.529-0800] {dag.py:2705} INFO - Sync 1 DAGs
[2024-01-19T19:40:53.592-0800] {logging_mixin.py:137} INFO - [2024-01-19T19:40:53.591-0800] {dag.py:3452} INFO - Setting next_dagrun for example_skip_dag to 2024-01-19T03:40:53.591095+00:00, run_after=2024-01-20T03:40:53.591095+00:00
[2024-01-19T19:40:53.907-0800] {processor.py:175} INFO - Processing /home/mirukulla/.local/lib/python3.10/site-packages/airflow/example_dags/example_skip_dag.py took 0.864 seconds
[2024-01-19T19:41:28.584-0800] {processor.py:153} INFO - Started process (PID=10891) to work on /home/mirukulla/.local/lib/python3.10/site-packages/airflow/example_dags/example_skip_dag.py
[2024-01-19T19:41:28.586-0800] {processor.py:743} INFO - Processing file /home/mirukulla/.local/lib/python3.10/site-packages/airflow/example_dags/example_skip_dag.py for tasks to queue
[2024-01-19T19:41:28.587-0800] {logging_mixin.py:137} INFO - [2024-01-19T19:41:28.586-0800] {dagbag.py:532} INFO - Filling up the DagBag from /home/mirukulla/.local/lib/python3.10/site-packages/airflow/example_dags/example_skip_dag.py
[2024-01-19T19:41:28.660-0800] {processor.py:753} INFO - DAG(s) dict_keys(['example_skip_dag']) retrieved from /home/mirukulla/.local/lib/python3.10/site-packages/airflow/example_dags/example_skip_dag.py
[2024-01-19T19:41:28.722-0800] {logging_mixin.py:137} INFO - [2024-01-19T19:41:28.722-0800] {dag.py:2705} INFO - Sync 1 DAGs
[2024-01-19T19:41:28.792-0800] {logging_mixin.py:137} INFO - [2024-01-19T19:41:28.792-0800] {dag.py:3452} INFO - Setting next_dagrun for example_skip_dag to 2024-01-19T03:41:28.792409+00:00, run_after=2024-01-20T03:41:28.792409+00:00
[2024-01-19T19:41:28.829-0800] {processor.py:175} INFO - Processing /home/mirukulla/.local/lib/python3.10/site-packages/airflow/example_dags/example_skip_dag.py took 0.263 seconds
[2024-01-19T19:42:08.598-0800] {processor.py:153} INFO - Started process (PID=10924) to work on /home/mirukulla/.local/lib/python3.10/site-packages/airflow/example_dags/example_skip_dag.py
[2024-01-19T19:42:08.600-0800] {processor.py:743} INFO - Processing file /home/mirukulla/.local/lib/python3.10/site-packages/airflow/example_dags/example_skip_dag.py for tasks to queue
[2024-01-19T19:42:08.601-0800] {logging_mixin.py:137} INFO - [2024-01-19T19:42:08.601-0800] {dagbag.py:532} INFO - Filling up the DagBag from /home/mirukulla/.local/lib/python3.10/site-packages/airflow/example_dags/example_skip_dag.py
[2024-01-19T19:42:08.627-0800] {processor.py:753} INFO - DAG(s) dict_keys(['example_skip_dag']) retrieved from /home/mirukulla/.local/lib/python3.10/site-packages/airflow/example_dags/example_skip_dag.py
[2024-01-19T19:42:08.663-0800] {logging_mixin.py:137} INFO - [2024-01-19T19:42:08.663-0800] {dag.py:2705} INFO - Sync 1 DAGs
[2024-01-19T19:42:08.714-0800] {logging_mixin.py:137} INFO - [2024-01-19T19:42:08.714-0800] {dag.py:3452} INFO - Setting next_dagrun for example_skip_dag to 2024-01-19T03:42:08.713706+00:00, run_after=2024-01-20T03:42:08.713706+00:00
[2024-01-19T19:42:08.766-0800] {processor.py:175} INFO - Processing /home/mirukulla/.local/lib/python3.10/site-packages/airflow/example_dags/example_skip_dag.py took 0.173 seconds
[2024-01-19T19:42:49.394-0800] {processor.py:153} INFO - Started process (PID=10958) to work on /home/mirukulla/.local/lib/python3.10/site-packages/airflow/example_dags/example_skip_dag.py
[2024-01-19T19:42:49.397-0800] {processor.py:743} INFO - Processing file /home/mirukulla/.local/lib/python3.10/site-packages/airflow/example_dags/example_skip_dag.py for tasks to queue
[2024-01-19T19:42:49.398-0800] {logging_mixin.py:137} INFO - [2024-01-19T19:42:49.398-0800] {dagbag.py:532} INFO - Filling up the DagBag from /home/mirukulla/.local/lib/python3.10/site-packages/airflow/example_dags/example_skip_dag.py
[2024-01-19T19:42:49.423-0800] {processor.py:753} INFO - DAG(s) dict_keys(['example_skip_dag']) retrieved from /home/mirukulla/.local/lib/python3.10/site-packages/airflow/example_dags/example_skip_dag.py
[2024-01-19T19:42:49.465-0800] {logging_mixin.py:137} INFO - [2024-01-19T19:42:49.465-0800] {dag.py:2705} INFO - Sync 1 DAGs
[2024-01-19T19:42:49.504-0800] {logging_mixin.py:137} INFO - [2024-01-19T19:42:49.504-0800] {dag.py:3452} INFO - Setting next_dagrun for example_skip_dag to 2024-01-19T03:42:49.504166+00:00, run_after=2024-01-20T03:42:49.504166+00:00
[2024-01-19T19:42:49.555-0800] {processor.py:175} INFO - Processing /home/mirukulla/.local/lib/python3.10/site-packages/airflow/example_dags/example_skip_dag.py took 0.172 seconds
[2024-01-19T19:43:29.084-0800] {processor.py:153} INFO - Started process (PID=10992) to work on /home/mirukulla/.local/lib/python3.10/site-packages/airflow/example_dags/example_skip_dag.py
[2024-01-19T19:43:29.136-0800] {processor.py:743} INFO - Processing file /home/mirukulla/.local/lib/python3.10/site-packages/airflow/example_dags/example_skip_dag.py for tasks to queue
[2024-01-19T19:43:29.139-0800] {logging_mixin.py:137} INFO - [2024-01-19T19:43:29.139-0800] {dagbag.py:532} INFO - Filling up the DagBag from /home/mirukulla/.local/lib/python3.10/site-packages/airflow/example_dags/example_skip_dag.py
[2024-01-19T19:43:29.162-0800] {processor.py:753} INFO - DAG(s) dict_keys(['example_skip_dag']) retrieved from /home/mirukulla/.local/lib/python3.10/site-packages/airflow/example_dags/example_skip_dag.py
[2024-01-19T19:43:29.190-0800] {logging_mixin.py:137} INFO - [2024-01-19T19:43:29.190-0800] {dag.py:2705} INFO - Sync 1 DAGs
[2024-01-19T19:43:29.214-0800] {logging_mixin.py:137} INFO - [2024-01-19T19:43:29.214-0800] {dag.py:3452} INFO - Setting next_dagrun for example_skip_dag to 2024-01-19T03:43:29.214256+00:00, run_after=2024-01-20T03:43:29.214256+00:00
[2024-01-19T19:43:29.250-0800] {processor.py:175} INFO - Processing /home/mirukulla/.local/lib/python3.10/site-packages/airflow/example_dags/example_skip_dag.py took 0.150 seconds
[2024-01-19T19:44:15.128-0800] {processor.py:153} INFO - Started process (PID=11030) to work on /home/mirukulla/.local/lib/python3.10/site-packages/airflow/example_dags/example_skip_dag.py
[2024-01-19T19:44:15.130-0800] {processor.py:743} INFO - Processing file /home/mirukulla/.local/lib/python3.10/site-packages/airflow/example_dags/example_skip_dag.py for tasks to queue
[2024-01-19T19:44:15.131-0800] {logging_mixin.py:137} INFO - [2024-01-19T19:44:15.131-0800] {dagbag.py:532} INFO - Filling up the DagBag from /home/mirukulla/.local/lib/python3.10/site-packages/airflow/example_dags/example_skip_dag.py
[2024-01-19T19:44:15.149-0800] {processor.py:753} INFO - DAG(s) dict_keys(['example_skip_dag']) retrieved from /home/mirukulla/.local/lib/python3.10/site-packages/airflow/example_dags/example_skip_dag.py
[2024-01-19T19:44:15.173-0800] {logging_mixin.py:137} INFO - [2024-01-19T19:44:15.173-0800] {dag.py:2705} INFO - Sync 1 DAGs
[2024-01-19T19:44:15.194-0800] {logging_mixin.py:137} INFO - [2024-01-19T19:44:15.194-0800] {dag.py:3452} INFO - Setting next_dagrun for example_skip_dag to 2024-01-19T03:44:15.194172+00:00, run_after=2024-01-20T03:44:15.194172+00:00
[2024-01-19T19:44:15.227-0800] {processor.py:175} INFO - Processing /home/mirukulla/.local/lib/python3.10/site-packages/airflow/example_dags/example_skip_dag.py took 0.102 seconds
[2024-01-19T19:44:48.757-0800] {processor.py:153} INFO - Started process (PID=11063) to work on /home/mirukulla/.local/lib/python3.10/site-packages/airflow/example_dags/example_skip_dag.py
[2024-01-19T19:44:48.792-0800] {processor.py:743} INFO - Processing file /home/mirukulla/.local/lib/python3.10/site-packages/airflow/example_dags/example_skip_dag.py for tasks to queue
[2024-01-19T19:44:48.793-0800] {logging_mixin.py:137} INFO - [2024-01-19T19:44:48.792-0800] {dagbag.py:532} INFO - Filling up the DagBag from /home/mirukulla/.local/lib/python3.10/site-packages/airflow/example_dags/example_skip_dag.py
[2024-01-19T19:44:48.807-0800] {processor.py:753} INFO - DAG(s) dict_keys(['example_skip_dag']) retrieved from /home/mirukulla/.local/lib/python3.10/site-packages/airflow/example_dags/example_skip_dag.py
[2024-01-19T19:44:48.830-0800] {logging_mixin.py:137} INFO - [2024-01-19T19:44:48.829-0800] {dag.py:2705} INFO - Sync 1 DAGs
[2024-01-19T19:44:48.855-0800] {logging_mixin.py:137} INFO - [2024-01-19T19:44:48.854-0800] {dag.py:3452} INFO - Setting next_dagrun for example_skip_dag to 2024-01-19T03:44:48.854735+00:00, run_after=2024-01-20T03:44:48.854735+00:00
[2024-01-19T19:44:48.887-0800] {processor.py:175} INFO - Processing /home/mirukulla/.local/lib/python3.10/site-packages/airflow/example_dags/example_skip_dag.py took 0.133 seconds
[2024-01-19T19:45:45.944-0800] {processor.py:153} INFO - Started process (PID=11106) to work on /home/mirukulla/.local/lib/python3.10/site-packages/airflow/example_dags/example_skip_dag.py
[2024-01-19T19:45:45.948-0800] {processor.py:743} INFO - Processing file /home/mirukulla/.local/lib/python3.10/site-packages/airflow/example_dags/example_skip_dag.py for tasks to queue
[2024-01-19T19:45:45.950-0800] {logging_mixin.py:137} INFO - [2024-01-19T19:45:45.949-0800] {dagbag.py:532} INFO - Filling up the DagBag from /home/mirukulla/.local/lib/python3.10/site-packages/airflow/example_dags/example_skip_dag.py
[2024-01-19T19:45:45.990-0800] {processor.py:753} INFO - DAG(s) dict_keys(['example_skip_dag']) retrieved from /home/mirukulla/.local/lib/python3.10/site-packages/airflow/example_dags/example_skip_dag.py
[2024-01-19T19:45:46.048-0800] {logging_mixin.py:137} INFO - [2024-01-19T19:45:46.047-0800] {dag.py:2705} INFO - Sync 1 DAGs
[2024-01-19T19:45:46.102-0800] {logging_mixin.py:137} INFO - [2024-01-19T19:45:46.101-0800] {dag.py:3452} INFO - Setting next_dagrun for example_skip_dag to 2024-01-19T03:45:46.101240+00:00, run_after=2024-01-20T03:45:46.101240+00:00
[2024-01-19T19:45:46.182-0800] {processor.py:175} INFO - Processing /home/mirukulla/.local/lib/python3.10/site-packages/airflow/example_dags/example_skip_dag.py took 0.246 seconds
[2024-01-19T19:46:16.600-0800] {processor.py:153} INFO - Started process (PID=11133) to work on /home/mirukulla/.local/lib/python3.10/site-packages/airflow/example_dags/example_skip_dag.py
[2024-01-19T19:46:16.601-0800] {processor.py:743} INFO - Processing file /home/mirukulla/.local/lib/python3.10/site-packages/airflow/example_dags/example_skip_dag.py for tasks to queue
[2024-01-19T19:46:16.602-0800] {logging_mixin.py:137} INFO - [2024-01-19T19:46:16.602-0800] {dagbag.py:532} INFO - Filling up the DagBag from /home/mirukulla/.local/lib/python3.10/site-packages/airflow/example_dags/example_skip_dag.py
[2024-01-19T19:46:16.639-0800] {processor.py:753} INFO - DAG(s) dict_keys(['example_skip_dag']) retrieved from /home/mirukulla/.local/lib/python3.10/site-packages/airflow/example_dags/example_skip_dag.py
[2024-01-19T19:46:16.661-0800] {logging_mixin.py:137} INFO - [2024-01-19T19:46:16.661-0800] {dag.py:2705} INFO - Sync 1 DAGs
[2024-01-19T19:46:16.682-0800] {logging_mixin.py:137} INFO - [2024-01-19T19:46:16.682-0800] {dag.py:3452} INFO - Setting next_dagrun for example_skip_dag to 2024-01-19T03:46:16.681782+00:00, run_after=2024-01-20T03:46:16.681782+00:00
[2024-01-19T19:46:16.721-0800] {processor.py:175} INFO - Processing /home/mirukulla/.local/lib/python3.10/site-packages/airflow/example_dags/example_skip_dag.py took 0.124 seconds
[2024-01-19T19:46:50.572-0800] {processor.py:153} INFO - Started process (PID=11164) to work on /home/mirukulla/.local/lib/python3.10/site-packages/airflow/example_dags/example_skip_dag.py
[2024-01-19T19:46:50.577-0800] {processor.py:743} INFO - Processing file /home/mirukulla/.local/lib/python3.10/site-packages/airflow/example_dags/example_skip_dag.py for tasks to queue
[2024-01-19T19:46:50.578-0800] {logging_mixin.py:137} INFO - [2024-01-19T19:46:50.578-0800] {dagbag.py:532} INFO - Filling up the DagBag from /home/mirukulla/.local/lib/python3.10/site-packages/airflow/example_dags/example_skip_dag.py
[2024-01-19T19:46:50.611-0800] {processor.py:753} INFO - DAG(s) dict_keys(['example_skip_dag']) retrieved from /home/mirukulla/.local/lib/python3.10/site-packages/airflow/example_dags/example_skip_dag.py
[2024-01-19T19:46:50.646-0800] {logging_mixin.py:137} INFO - [2024-01-19T19:46:50.646-0800] {dag.py:2705} INFO - Sync 1 DAGs
[2024-01-19T19:46:50.674-0800] {logging_mixin.py:137} INFO - [2024-01-19T19:46:50.674-0800] {dag.py:3452} INFO - Setting next_dagrun for example_skip_dag to 2024-01-19T03:46:50.673957+00:00, run_after=2024-01-20T03:46:50.673957+00:00
[2024-01-19T19:46:50.710-0800] {processor.py:175} INFO - Processing /home/mirukulla/.local/lib/python3.10/site-packages/airflow/example_dags/example_skip_dag.py took 0.145 seconds
[2024-01-19T19:47:24.118-0800] {processor.py:153} INFO - Started process (PID=11195) to work on /home/mirukulla/.local/lib/python3.10/site-packages/airflow/example_dags/example_skip_dag.py
[2024-01-19T19:47:24.121-0800] {processor.py:743} INFO - Processing file /home/mirukulla/.local/lib/python3.10/site-packages/airflow/example_dags/example_skip_dag.py for tasks to queue
[2024-01-19T19:47:24.121-0800] {logging_mixin.py:137} INFO - [2024-01-19T19:47:24.121-0800] {dagbag.py:532} INFO - Filling up the DagBag from /home/mirukulla/.local/lib/python3.10/site-packages/airflow/example_dags/example_skip_dag.py
[2024-01-19T19:47:24.138-0800] {processor.py:753} INFO - DAG(s) dict_keys(['example_skip_dag']) retrieved from /home/mirukulla/.local/lib/python3.10/site-packages/airflow/example_dags/example_skip_dag.py
[2024-01-19T19:47:24.155-0800] {logging_mixin.py:137} INFO - [2024-01-19T19:47:24.155-0800] {dag.py:2705} INFO - Sync 1 DAGs
[2024-01-19T19:47:24.178-0800] {logging_mixin.py:137} INFO - [2024-01-19T19:47:24.178-0800] {dag.py:3452} INFO - Setting next_dagrun for example_skip_dag to 2024-01-19T03:47:24.177866+00:00, run_after=2024-01-20T03:47:24.177866+00:00
[2024-01-19T19:47:24.214-0800] {processor.py:175} INFO - Processing /home/mirukulla/.local/lib/python3.10/site-packages/airflow/example_dags/example_skip_dag.py took 0.100 seconds
[2024-01-19T19:48:10.648-0800] {processor.py:153} INFO - Started process (PID=11237) to work on /home/mirukulla/.local/lib/python3.10/site-packages/airflow/example_dags/example_skip_dag.py
[2024-01-19T19:48:10.651-0800] {processor.py:743} INFO - Processing file /home/mirukulla/.local/lib/python3.10/site-packages/airflow/example_dags/example_skip_dag.py for tasks to queue
[2024-01-19T19:48:10.654-0800] {logging_mixin.py:137} INFO - [2024-01-19T19:48:10.653-0800] {dagbag.py:532} INFO - Filling up the DagBag from /home/mirukulla/.local/lib/python3.10/site-packages/airflow/example_dags/example_skip_dag.py
[2024-01-19T19:48:10.682-0800] {processor.py:753} INFO - DAG(s) dict_keys(['example_skip_dag']) retrieved from /home/mirukulla/.local/lib/python3.10/site-packages/airflow/example_dags/example_skip_dag.py
[2024-01-19T19:48:10.723-0800] {logging_mixin.py:137} INFO - [2024-01-19T19:48:10.723-0800] {dag.py:2705} INFO - Sync 1 DAGs
[2024-01-19T19:48:10.762-0800] {logging_mixin.py:137} INFO - [2024-01-19T19:48:10.761-0800] {dag.py:3452} INFO - Setting next_dagrun for example_skip_dag to 2024-01-19T03:48:10.761309+00:00, run_after=2024-01-20T03:48:10.761309+00:00
[2024-01-19T19:48:10.812-0800] {processor.py:175} INFO - Processing /home/mirukulla/.local/lib/python3.10/site-packages/airflow/example_dags/example_skip_dag.py took 0.170 seconds
