[2024-01-19T19:37:36.242-0800] {processor.py:153} INFO - Started process (PID=10631) to work on /home/mirukulla/.local/lib/python3.10/site-packages/airflow/example_dags/example_sensors.py
[2024-01-19T19:37:36.244-0800] {processor.py:743} INFO - Processing file /home/mirukulla/.local/lib/python3.10/site-packages/airflow/example_dags/example_sensors.py for tasks to queue
[2024-01-19T19:37:36.245-0800] {logging_mixin.py:137} INFO - [2024-01-19T19:37:36.245-0800] {dagbag.py:532} INFO - Filling up the DagBag from /home/mirukulla/.local/lib/python3.10/site-packages/airflow/example_dags/example_sensors.py
[2024-01-19T19:37:36.276-0800] {processor.py:753} INFO - DAG(s) dict_keys(['example_sensors']) retrieved from /home/mirukulla/.local/lib/python3.10/site-packages/airflow/example_dags/example_sensors.py
[2024-01-19T19:37:36.398-0800] {logging_mixin.py:137} INFO - [2024-01-19T19:37:36.398-0800] {manager.py:504} INFO - Created Permission View: can delete on DAG:example_sensors
[2024-01-19T19:37:36.420-0800] {logging_mixin.py:137} INFO - [2024-01-19T19:37:36.420-0800] {manager.py:504} INFO - Created Permission View: can edit on DAG:example_sensors
[2024-01-19T19:37:36.448-0800] {logging_mixin.py:137} INFO - [2024-01-19T19:37:36.448-0800] {manager.py:504} INFO - Created Permission View: can read on DAG:example_sensors
[2024-01-19T19:37:36.448-0800] {logging_mixin.py:137} INFO - [2024-01-19T19:37:36.448-0800] {dag.py:2705} INFO - Sync 1 DAGs
[2024-01-19T19:37:36.461-0800] {logging_mixin.py:137} INFO - [2024-01-19T19:37:36.461-0800] {dag.py:2726} INFO - Creating ORM DAG for example_sensors
[2024-01-19T19:37:36.469-0800] {logging_mixin.py:137} INFO - [2024-01-19T19:37:36.469-0800] {dag.py:3452} INFO - Setting next_dagrun for example_sensors to None, run_after=None
[2024-01-19T19:37:36.503-0800] {processor.py:175} INFO - Processing /home/mirukulla/.local/lib/python3.10/site-packages/airflow/example_dags/example_sensors.py took 0.267 seconds
[2024-01-19T19:38:22.930-0800] {processor.py:153} INFO - Started process (PID=10697) to work on /home/mirukulla/.local/lib/python3.10/site-packages/airflow/example_dags/example_sensors.py
[2024-01-19T19:38:22.953-0800] {processor.py:743} INFO - Processing file /home/mirukulla/.local/lib/python3.10/site-packages/airflow/example_dags/example_sensors.py for tasks to queue
[2024-01-19T19:38:22.954-0800] {logging_mixin.py:137} INFO - [2024-01-19T19:38:22.954-0800] {dagbag.py:532} INFO - Filling up the DagBag from /home/mirukulla/.local/lib/python3.10/site-packages/airflow/example_dags/example_sensors.py
[2024-01-19T19:38:22.979-0800] {processor.py:753} INFO - DAG(s) dict_keys(['example_sensors']) retrieved from /home/mirukulla/.local/lib/python3.10/site-packages/airflow/example_dags/example_sensors.py
[2024-01-19T19:38:22.999-0800] {logging_mixin.py:137} INFO - [2024-01-19T19:38:22.999-0800] {dag.py:2705} INFO - Sync 1 DAGs
[2024-01-19T19:38:23.014-0800] {logging_mixin.py:137} INFO - [2024-01-19T19:38:23.014-0800] {dag.py:3452} INFO - Setting next_dagrun for example_sensors to None, run_after=None
[2024-01-19T19:38:23.038-0800] {processor.py:175} INFO - Processing /home/mirukulla/.local/lib/python3.10/site-packages/airflow/example_dags/example_sensors.py took 0.111 seconds
[2024-01-19T19:39:07.267-0800] {processor.py:153} INFO - Started process (PID=10748) to work on /home/mirukulla/.local/lib/python3.10/site-packages/airflow/example_dags/example_sensors.py
[2024-01-19T19:39:07.291-0800] {processor.py:743} INFO - Processing file /home/mirukulla/.local/lib/python3.10/site-packages/airflow/example_dags/example_sensors.py for tasks to queue
[2024-01-19T19:39:07.292-0800] {logging_mixin.py:137} INFO - [2024-01-19T19:39:07.292-0800] {dagbag.py:532} INFO - Filling up the DagBag from /home/mirukulla/.local/lib/python3.10/site-packages/airflow/example_dags/example_sensors.py
[2024-01-19T19:39:07.316-0800] {processor.py:753} INFO - DAG(s) dict_keys(['example_sensors']) retrieved from /home/mirukulla/.local/lib/python3.10/site-packages/airflow/example_dags/example_sensors.py
[2024-01-19T19:39:07.340-0800] {logging_mixin.py:137} INFO - [2024-01-19T19:39:07.339-0800] {dag.py:2705} INFO - Sync 1 DAGs
[2024-01-19T19:39:07.363-0800] {logging_mixin.py:137} INFO - [2024-01-19T19:39:07.363-0800] {dag.py:3452} INFO - Setting next_dagrun for example_sensors to None, run_after=None
[2024-01-19T19:39:07.396-0800] {processor.py:175} INFO - Processing /home/mirukulla/.local/lib/python3.10/site-packages/airflow/example_dags/example_sensors.py took 0.133 seconds
[2024-01-19T19:39:54.070-0800] {processor.py:153} INFO - Started process (PID=10805) to work on /home/mirukulla/.local/lib/python3.10/site-packages/airflow/example_dags/example_sensors.py
[2024-01-19T19:39:54.092-0800] {processor.py:743} INFO - Processing file /home/mirukulla/.local/lib/python3.10/site-packages/airflow/example_dags/example_sensors.py for tasks to queue
[2024-01-19T19:39:54.093-0800] {logging_mixin.py:137} INFO - [2024-01-19T19:39:54.093-0800] {dagbag.py:532} INFO - Filling up the DagBag from /home/mirukulla/.local/lib/python3.10/site-packages/airflow/example_dags/example_sensors.py
[2024-01-19T19:39:54.121-0800] {processor.py:753} INFO - DAG(s) dict_keys(['example_sensors']) retrieved from /home/mirukulla/.local/lib/python3.10/site-packages/airflow/example_dags/example_sensors.py
[2024-01-19T19:39:54.141-0800] {logging_mixin.py:137} INFO - [2024-01-19T19:39:54.141-0800] {dag.py:2705} INFO - Sync 1 DAGs
[2024-01-19T19:39:54.159-0800] {logging_mixin.py:137} INFO - [2024-01-19T19:39:54.159-0800] {dag.py:3452} INFO - Setting next_dagrun for example_sensors to None, run_after=None
[2024-01-19T19:39:54.188-0800] {processor.py:175} INFO - Processing /home/mirukulla/.local/lib/python3.10/site-packages/airflow/example_dags/example_sensors.py took 0.120 seconds
[2024-01-19T19:40:39.304-0800] {processor.py:153} INFO - Started process (PID=10848) to work on /home/mirukulla/.local/lib/python3.10/site-packages/airflow/example_dags/example_sensors.py
[2024-01-19T19:40:39.306-0800] {processor.py:743} INFO - Processing file /home/mirukulla/.local/lib/python3.10/site-packages/airflow/example_dags/example_sensors.py for tasks to queue
[2024-01-19T19:40:39.307-0800] {logging_mixin.py:137} INFO - [2024-01-19T19:40:39.307-0800] {dagbag.py:532} INFO - Filling up the DagBag from /home/mirukulla/.local/lib/python3.10/site-packages/airflow/example_dags/example_sensors.py
[2024-01-19T19:40:39.331-0800] {processor.py:753} INFO - DAG(s) dict_keys(['example_sensors']) retrieved from /home/mirukulla/.local/lib/python3.10/site-packages/airflow/example_dags/example_sensors.py
[2024-01-19T19:40:39.355-0800] {logging_mixin.py:137} INFO - [2024-01-19T19:40:39.354-0800] {dag.py:2705} INFO - Sync 1 DAGs
[2024-01-19T19:40:39.372-0800] {logging_mixin.py:137} INFO - [2024-01-19T19:40:39.372-0800] {dag.py:3452} INFO - Setting next_dagrun for example_sensors to None, run_after=None
[2024-01-19T19:40:39.404-0800] {processor.py:175} INFO - Processing /home/mirukulla/.local/lib/python3.10/site-packages/airflow/example_dags/example_sensors.py took 0.103 seconds
[2024-01-19T19:41:15.567-0800] {processor.py:153} INFO - Started process (PID=10880) to work on /home/mirukulla/.local/lib/python3.10/site-packages/airflow/example_dags/example_sensors.py
[2024-01-19T19:41:15.592-0800] {processor.py:743} INFO - Processing file /home/mirukulla/.local/lib/python3.10/site-packages/airflow/example_dags/example_sensors.py for tasks to queue
[2024-01-19T19:41:15.593-0800] {logging_mixin.py:137} INFO - [2024-01-19T19:41:15.593-0800] {dagbag.py:532} INFO - Filling up the DagBag from /home/mirukulla/.local/lib/python3.10/site-packages/airflow/example_dags/example_sensors.py
[2024-01-19T19:41:15.624-0800] {processor.py:753} INFO - DAG(s) dict_keys(['example_sensors']) retrieved from /home/mirukulla/.local/lib/python3.10/site-packages/airflow/example_dags/example_sensors.py
[2024-01-19T19:41:15.651-0800] {logging_mixin.py:137} INFO - [2024-01-19T19:41:15.651-0800] {dag.py:2705} INFO - Sync 1 DAGs
[2024-01-19T19:41:15.670-0800] {logging_mixin.py:137} INFO - [2024-01-19T19:41:15.670-0800] {dag.py:3452} INFO - Setting next_dagrun for example_sensors to None, run_after=None
[2024-01-19T19:41:15.701-0800] {processor.py:175} INFO - Processing /home/mirukulla/.local/lib/python3.10/site-packages/airflow/example_dags/example_sensors.py took 0.137 seconds
[2024-01-19T19:41:54.024-0800] {processor.py:153} INFO - Started process (PID=10913) to work on /home/mirukulla/.local/lib/python3.10/site-packages/airflow/example_dags/example_sensors.py
[2024-01-19T19:41:54.027-0800] {processor.py:743} INFO - Processing file /home/mirukulla/.local/lib/python3.10/site-packages/airflow/example_dags/example_sensors.py for tasks to queue
[2024-01-19T19:41:54.029-0800] {logging_mixin.py:137} INFO - [2024-01-19T19:41:54.028-0800] {dagbag.py:532} INFO - Filling up the DagBag from /home/mirukulla/.local/lib/python3.10/site-packages/airflow/example_dags/example_sensors.py
[2024-01-19T19:41:54.068-0800] {processor.py:753} INFO - DAG(s) dict_keys(['example_sensors']) retrieved from /home/mirukulla/.local/lib/python3.10/site-packages/airflow/example_dags/example_sensors.py
[2024-01-19T19:41:54.104-0800] {logging_mixin.py:137} INFO - [2024-01-19T19:41:54.104-0800] {dag.py:2705} INFO - Sync 1 DAGs
[2024-01-19T19:41:54.145-0800] {logging_mixin.py:137} INFO - [2024-01-19T19:41:54.145-0800] {dag.py:3452} INFO - Setting next_dagrun for example_sensors to None, run_after=None
[2024-01-19T19:41:54.203-0800] {processor.py:175} INFO - Processing /home/mirukulla/.local/lib/python3.10/site-packages/airflow/example_dags/example_sensors.py took 0.183 seconds
[2024-01-19T19:42:35.811-0800] {processor.py:153} INFO - Started process (PID=10947) to work on /home/mirukulla/.local/lib/python3.10/site-packages/airflow/example_dags/example_sensors.py
[2024-01-19T19:42:35.814-0800] {processor.py:743} INFO - Processing file /home/mirukulla/.local/lib/python3.10/site-packages/airflow/example_dags/example_sensors.py for tasks to queue
[2024-01-19T19:42:35.817-0800] {logging_mixin.py:137} INFO - [2024-01-19T19:42:35.816-0800] {dagbag.py:532} INFO - Filling up the DagBag from /home/mirukulla/.local/lib/python3.10/site-packages/airflow/example_dags/example_sensors.py
[2024-01-19T19:42:35.876-0800] {processor.py:753} INFO - DAG(s) dict_keys(['example_sensors']) retrieved from /home/mirukulla/.local/lib/python3.10/site-packages/airflow/example_dags/example_sensors.py
[2024-01-19T19:42:35.943-0800] {logging_mixin.py:137} INFO - [2024-01-19T19:42:35.942-0800] {dag.py:2705} INFO - Sync 1 DAGs
[2024-01-19T19:42:36.010-0800] {logging_mixin.py:137} INFO - [2024-01-19T19:42:36.009-0800] {dag.py:3452} INFO - Setting next_dagrun for example_sensors to None, run_after=None
[2024-01-19T19:42:36.109-0800] {processor.py:175} INFO - Processing /home/mirukulla/.local/lib/python3.10/site-packages/airflow/example_dags/example_sensors.py took 0.306 seconds
[2024-01-19T19:43:17.568-0800] {processor.py:153} INFO - Started process (PID=10982) to work on /home/mirukulla/.local/lib/python3.10/site-packages/airflow/example_dags/example_sensors.py
[2024-01-19T19:43:17.612-0800] {processor.py:743} INFO - Processing file /home/mirukulla/.local/lib/python3.10/site-packages/airflow/example_dags/example_sensors.py for tasks to queue
[2024-01-19T19:43:17.614-0800] {logging_mixin.py:137} INFO - [2024-01-19T19:43:17.614-0800] {dagbag.py:532} INFO - Filling up the DagBag from /home/mirukulla/.local/lib/python3.10/site-packages/airflow/example_dags/example_sensors.py
[2024-01-19T19:43:17.641-0800] {processor.py:753} INFO - DAG(s) dict_keys(['example_sensors']) retrieved from /home/mirukulla/.local/lib/python3.10/site-packages/airflow/example_dags/example_sensors.py
[2024-01-19T19:43:17.667-0800] {logging_mixin.py:137} INFO - [2024-01-19T19:43:17.667-0800] {dag.py:2705} INFO - Sync 1 DAGs
[2024-01-19T19:43:17.690-0800] {logging_mixin.py:137} INFO - [2024-01-19T19:43:17.690-0800] {dag.py:3452} INFO - Setting next_dagrun for example_sensors to None, run_after=None
[2024-01-19T19:43:17.729-0800] {processor.py:175} INFO - Processing /home/mirukulla/.local/lib/python3.10/site-packages/airflow/example_dags/example_sensors.py took 0.166 seconds
[2024-01-19T19:43:59.372-0800] {processor.py:153} INFO - Started process (PID=11016) to work on /home/mirukulla/.local/lib/python3.10/site-packages/airflow/example_dags/example_sensors.py
[2024-01-19T19:43:59.374-0800] {processor.py:743} INFO - Processing file /home/mirukulla/.local/lib/python3.10/site-packages/airflow/example_dags/example_sensors.py for tasks to queue
[2024-01-19T19:43:59.374-0800] {logging_mixin.py:137} INFO - [2024-01-19T19:43:59.374-0800] {dagbag.py:532} INFO - Filling up the DagBag from /home/mirukulla/.local/lib/python3.10/site-packages/airflow/example_dags/example_sensors.py
[2024-01-19T19:43:59.406-0800] {processor.py:753} INFO - DAG(s) dict_keys(['example_sensors']) retrieved from /home/mirukulla/.local/lib/python3.10/site-packages/airflow/example_dags/example_sensors.py
[2024-01-19T19:43:59.441-0800] {logging_mixin.py:137} INFO - [2024-01-19T19:43:59.441-0800] {dag.py:2705} INFO - Sync 1 DAGs
[2024-01-19T19:43:59.479-0800] {logging_mixin.py:137} INFO - [2024-01-19T19:43:59.479-0800] {dag.py:3452} INFO - Setting next_dagrun for example_sensors to None, run_after=None
[2024-01-19T19:43:59.543-0800] {processor.py:175} INFO - Processing /home/mirukulla/.local/lib/python3.10/site-packages/airflow/example_dags/example_sensors.py took 0.175 seconds
[2024-01-19T19:44:40.290-0800] {processor.py:153} INFO - Started process (PID=11055) to work on /home/mirukulla/.local/lib/python3.10/site-packages/airflow/example_dags/example_sensors.py
[2024-01-19T19:44:40.292-0800] {processor.py:743} INFO - Processing file /home/mirukulla/.local/lib/python3.10/site-packages/airflow/example_dags/example_sensors.py for tasks to queue
[2024-01-19T19:44:40.293-0800] {logging_mixin.py:137} INFO - [2024-01-19T19:44:40.292-0800] {dagbag.py:532} INFO - Filling up the DagBag from /home/mirukulla/.local/lib/python3.10/site-packages/airflow/example_dags/example_sensors.py
[2024-01-19T19:44:40.312-0800] {processor.py:753} INFO - DAG(s) dict_keys(['example_sensors']) retrieved from /home/mirukulla/.local/lib/python3.10/site-packages/airflow/example_dags/example_sensors.py
[2024-01-19T19:44:40.339-0800] {logging_mixin.py:137} INFO - [2024-01-19T19:44:40.338-0800] {dag.py:2705} INFO - Sync 1 DAGs
[2024-01-19T19:44:40.361-0800] {logging_mixin.py:137} INFO - [2024-01-19T19:44:40.361-0800] {dag.py:3452} INFO - Setting next_dagrun for example_sensors to None, run_after=None
[2024-01-19T19:44:40.396-0800] {processor.py:175} INFO - Processing /home/mirukulla/.local/lib/python3.10/site-packages/airflow/example_dags/example_sensors.py took 0.111 seconds
[2024-01-19T19:45:24.387-0800] {processor.py:153} INFO - Started process (PID=11096) to work on /home/mirukulla/.local/lib/python3.10/site-packages/airflow/example_dags/example_sensors.py
[2024-01-19T19:45:24.390-0800] {processor.py:743} INFO - Processing file /home/mirukulla/.local/lib/python3.10/site-packages/airflow/example_dags/example_sensors.py for tasks to queue
[2024-01-19T19:45:24.390-0800] {logging_mixin.py:137} INFO - [2024-01-19T19:45:24.390-0800] {dagbag.py:532} INFO - Filling up the DagBag from /home/mirukulla/.local/lib/python3.10/site-packages/airflow/example_dags/example_sensors.py
[2024-01-19T19:45:24.420-0800] {processor.py:753} INFO - DAG(s) dict_keys(['example_sensors']) retrieved from /home/mirukulla/.local/lib/python3.10/site-packages/airflow/example_dags/example_sensors.py
[2024-01-19T19:45:24.453-0800] {logging_mixin.py:137} INFO - [2024-01-19T19:45:24.453-0800] {dag.py:2705} INFO - Sync 1 DAGs
[2024-01-19T19:45:24.485-0800] {logging_mixin.py:137} INFO - [2024-01-19T19:45:24.484-0800] {dag.py:3452} INFO - Setting next_dagrun for example_sensors to None, run_after=None
[2024-01-19T19:45:24.526-0800] {processor.py:175} INFO - Processing /home/mirukulla/.local/lib/python3.10/site-packages/airflow/example_dags/example_sensors.py took 0.143 seconds
[2024-01-19T19:46:23.146-0800] {processor.py:153} INFO - Started process (PID=11139) to work on /home/mirukulla/.local/lib/python3.10/site-packages/airflow/example_dags/example_sensors.py
[2024-01-19T19:46:23.149-0800] {processor.py:743} INFO - Processing file /home/mirukulla/.local/lib/python3.10/site-packages/airflow/example_dags/example_sensors.py for tasks to queue
[2024-01-19T19:46:23.149-0800] {logging_mixin.py:137} INFO - [2024-01-19T19:46:23.149-0800] {dagbag.py:532} INFO - Filling up the DagBag from /home/mirukulla/.local/lib/python3.10/site-packages/airflow/example_dags/example_sensors.py
[2024-01-19T19:46:23.174-0800] {processor.py:753} INFO - DAG(s) dict_keys(['example_sensors']) retrieved from /home/mirukulla/.local/lib/python3.10/site-packages/airflow/example_dags/example_sensors.py
[2024-01-19T19:46:23.201-0800] {logging_mixin.py:137} INFO - [2024-01-19T19:46:23.201-0800] {dag.py:2705} INFO - Sync 1 DAGs
[2024-01-19T19:46:23.220-0800] {logging_mixin.py:137} INFO - [2024-01-19T19:46:23.220-0800] {dag.py:3452} INFO - Setting next_dagrun for example_sensors to None, run_after=None
[2024-01-19T19:46:23.259-0800] {processor.py:175} INFO - Processing /home/mirukulla/.local/lib/python3.10/site-packages/airflow/example_dags/example_sensors.py took 0.116 seconds
[2024-01-19T19:47:10.406-0800] {processor.py:153} INFO - Started process (PID=11182) to work on /home/mirukulla/.local/lib/python3.10/site-packages/airflow/example_dags/example_sensors.py
[2024-01-19T19:47:10.408-0800] {processor.py:743} INFO - Processing file /home/mirukulla/.local/lib/python3.10/site-packages/airflow/example_dags/example_sensors.py for tasks to queue
[2024-01-19T19:47:10.409-0800] {logging_mixin.py:137} INFO - [2024-01-19T19:47:10.409-0800] {dagbag.py:532} INFO - Filling up the DagBag from /home/mirukulla/.local/lib/python3.10/site-packages/airflow/example_dags/example_sensors.py
[2024-01-19T19:47:10.431-0800] {processor.py:753} INFO - DAG(s) dict_keys(['example_sensors']) retrieved from /home/mirukulla/.local/lib/python3.10/site-packages/airflow/example_dags/example_sensors.py
[2024-01-19T19:47:10.456-0800] {logging_mixin.py:137} INFO - [2024-01-19T19:47:10.455-0800] {dag.py:2705} INFO - Sync 1 DAGs
[2024-01-19T19:47:10.478-0800] {logging_mixin.py:137} INFO - [2024-01-19T19:47:10.478-0800] {dag.py:3452} INFO - Setting next_dagrun for example_sensors to None, run_after=None
[2024-01-19T19:47:10.507-0800] {processor.py:175} INFO - Processing /home/mirukulla/.local/lib/python3.10/site-packages/airflow/example_dags/example_sensors.py took 0.105 seconds
[2024-01-19T19:47:54.892-0800] {processor.py:153} INFO - Started process (PID=11224) to work on /home/mirukulla/.local/lib/python3.10/site-packages/airflow/example_dags/example_sensors.py
[2024-01-19T19:47:54.897-0800] {processor.py:743} INFO - Processing file /home/mirukulla/.local/lib/python3.10/site-packages/airflow/example_dags/example_sensors.py for tasks to queue
[2024-01-19T19:47:54.900-0800] {logging_mixin.py:137} INFO - [2024-01-19T19:47:54.899-0800] {dagbag.py:532} INFO - Filling up the DagBag from /home/mirukulla/.local/lib/python3.10/site-packages/airflow/example_dags/example_sensors.py
[2024-01-19T19:47:54.966-0800] {processor.py:753} INFO - DAG(s) dict_keys(['example_sensors']) retrieved from /home/mirukulla/.local/lib/python3.10/site-packages/airflow/example_dags/example_sensors.py
[2024-01-19T19:47:55.011-0800] {logging_mixin.py:137} INFO - [2024-01-19T19:47:55.010-0800] {dag.py:2705} INFO - Sync 1 DAGs
[2024-01-19T19:47:55.048-0800] {logging_mixin.py:137} INFO - [2024-01-19T19:47:55.047-0800] {dag.py:3452} INFO - Setting next_dagrun for example_sensors to None, run_after=None
[2024-01-19T19:47:55.094-0800] {processor.py:175} INFO - Processing /home/mirukulla/.local/lib/python3.10/site-packages/airflow/example_dags/example_sensors.py took 0.215 seconds
[2024-01-19T19:48:32.739-0800] {processor.py:153} INFO - Started process (PID=11255) to work on /home/mirukulla/.local/lib/python3.10/site-packages/airflow/example_dags/example_sensors.py
[2024-01-19T19:48:32.761-0800] {processor.py:743} INFO - Processing file /home/mirukulla/.local/lib/python3.10/site-packages/airflow/example_dags/example_sensors.py for tasks to queue
[2024-01-19T19:48:32.762-0800] {logging_mixin.py:137} INFO - [2024-01-19T19:48:32.762-0800] {dagbag.py:532} INFO - Filling up the DagBag from /home/mirukulla/.local/lib/python3.10/site-packages/airflow/example_dags/example_sensors.py
[2024-01-19T19:48:32.794-0800] {processor.py:753} INFO - DAG(s) dict_keys(['example_sensors']) retrieved from /home/mirukulla/.local/lib/python3.10/site-packages/airflow/example_dags/example_sensors.py
[2024-01-19T19:48:32.828-0800] {logging_mixin.py:137} INFO - [2024-01-19T19:48:32.828-0800] {dag.py:2705} INFO - Sync 1 DAGs
[2024-01-19T19:48:32.861-0800] {logging_mixin.py:137} INFO - [2024-01-19T19:48:32.860-0800] {dag.py:3452} INFO - Setting next_dagrun for example_sensors to None, run_after=None
[2024-01-19T19:48:32.899-0800] {processor.py:175} INFO - Processing /home/mirukulla/.local/lib/python3.10/site-packages/airflow/example_dags/example_sensors.py took 0.165 seconds
