[2024-01-19T19:38:09.771-0800] {processor.py:153} INFO - Started process (PID=10683) to work on /home/mirukulla/.local/lib/python3.10/site-packages/airflow/example_dags/example_latest_only_with_trigger.py
[2024-01-19T19:38:09.772-0800] {processor.py:743} INFO - Processing file /home/mirukulla/.local/lib/python3.10/site-packages/airflow/example_dags/example_latest_only_with_trigger.py for tasks to queue
[2024-01-19T19:38:09.773-0800] {logging_mixin.py:137} INFO - [2024-01-19T19:38:09.772-0800] {dagbag.py:532} INFO - Filling up the DagBag from /home/mirukulla/.local/lib/python3.10/site-packages/airflow/example_dags/example_latest_only_with_trigger.py
[2024-01-19T19:38:09.791-0800] {processor.py:753} INFO - DAG(s) dict_keys(['latest_only_with_trigger']) retrieved from /home/mirukulla/.local/lib/python3.10/site-packages/airflow/example_dags/example_latest_only_with_trigger.py
[2024-01-19T19:38:09.925-0800] {logging_mixin.py:137} INFO - [2024-01-19T19:38:09.925-0800] {manager.py:504} INFO - Created Permission View: can delete on DAG:latest_only_with_trigger
[2024-01-19T19:38:09.946-0800] {logging_mixin.py:137} INFO - [2024-01-19T19:38:09.946-0800] {manager.py:504} INFO - Created Permission View: can edit on DAG:latest_only_with_trigger
[2024-01-19T19:38:09.965-0800] {logging_mixin.py:137} INFO - [2024-01-19T19:38:09.964-0800] {manager.py:504} INFO - Created Permission View: can read on DAG:latest_only_with_trigger
[2024-01-19T19:38:09.965-0800] {logging_mixin.py:137} INFO - [2024-01-19T19:38:09.965-0800] {dag.py:2705} INFO - Sync 1 DAGs
[2024-01-19T19:38:09.977-0800] {logging_mixin.py:137} INFO - [2024-01-19T19:38:09.977-0800] {dag.py:2726} INFO - Creating ORM DAG for latest_only_with_trigger
[2024-01-19T19:38:09.987-0800] {logging_mixin.py:137} INFO - [2024-01-19T19:38:09.987-0800] {dag.py:3452} INFO - Setting next_dagrun for latest_only_with_trigger to 2024-01-19T23:38:09.986848+00:00, run_after=2024-01-20T03:38:09.986848+00:00
[2024-01-19T19:38:10.022-0800] {processor.py:175} INFO - Processing /home/mirukulla/.local/lib/python3.10/site-packages/airflow/example_dags/example_latest_only_with_trigger.py took 0.255 seconds
[2024-01-19T19:38:53.905-0800] {processor.py:153} INFO - Started process (PID=10727) to work on /home/mirukulla/.local/lib/python3.10/site-packages/airflow/example_dags/example_latest_only_with_trigger.py
[2024-01-19T19:38:53.929-0800] {processor.py:743} INFO - Processing file /home/mirukulla/.local/lib/python3.10/site-packages/airflow/example_dags/example_latest_only_with_trigger.py for tasks to queue
[2024-01-19T19:38:53.930-0800] {logging_mixin.py:137} INFO - [2024-01-19T19:38:53.930-0800] {dagbag.py:532} INFO - Filling up the DagBag from /home/mirukulla/.local/lib/python3.10/site-packages/airflow/example_dags/example_latest_only_with_trigger.py
[2024-01-19T19:38:53.947-0800] {processor.py:753} INFO - DAG(s) dict_keys(['latest_only_with_trigger']) retrieved from /home/mirukulla/.local/lib/python3.10/site-packages/airflow/example_dags/example_latest_only_with_trigger.py
[2024-01-19T19:38:53.965-0800] {logging_mixin.py:137} INFO - [2024-01-19T19:38:53.965-0800] {dag.py:2705} INFO - Sync 1 DAGs
[2024-01-19T19:38:53.981-0800] {logging_mixin.py:137} INFO - [2024-01-19T19:38:53.981-0800] {dag.py:3452} INFO - Setting next_dagrun for latest_only_with_trigger to 2024-01-19T23:38:53.980886+00:00, run_after=2024-01-20T03:38:53.980886+00:00
[2024-01-19T19:38:54.009-0800] {processor.py:175} INFO - Processing /home/mirukulla/.local/lib/python3.10/site-packages/airflow/example_dags/example_latest_only_with_trigger.py took 0.110 seconds
[2024-01-19T19:39:39.325-0800] {processor.py:153} INFO - Started process (PID=10788) to work on /home/mirukulla/.local/lib/python3.10/site-packages/airflow/example_dags/example_latest_only_with_trigger.py
[2024-01-19T19:39:39.335-0800] {processor.py:743} INFO - Processing file /home/mirukulla/.local/lib/python3.10/site-packages/airflow/example_dags/example_latest_only_with_trigger.py for tasks to queue
[2024-01-19T19:39:39.338-0800] {logging_mixin.py:137} INFO - [2024-01-19T19:39:39.337-0800] {dagbag.py:532} INFO - Filling up the DagBag from /home/mirukulla/.local/lib/python3.10/site-packages/airflow/example_dags/example_latest_only_with_trigger.py
[2024-01-19T19:39:39.398-0800] {processor.py:753} INFO - DAG(s) dict_keys(['latest_only_with_trigger']) retrieved from /home/mirukulla/.local/lib/python3.10/site-packages/airflow/example_dags/example_latest_only_with_trigger.py
[2024-01-19T19:39:39.477-0800] {logging_mixin.py:137} INFO - [2024-01-19T19:39:39.477-0800] {dag.py:2705} INFO - Sync 1 DAGs
[2024-01-19T19:39:39.556-0800] {logging_mixin.py:137} INFO - [2024-01-19T19:39:39.556-0800] {dag.py:3452} INFO - Setting next_dagrun for latest_only_with_trigger to 2024-01-19T23:39:39.555702+00:00, run_after=2024-01-20T03:39:39.555702+00:00
[2024-01-19T19:39:39.600-0800] {processor.py:175} INFO - Processing /home/mirukulla/.local/lib/python3.10/site-packages/airflow/example_dags/example_latest_only_with_trigger.py took 0.297 seconds
[2024-01-19T19:40:31.554-0800] {processor.py:153} INFO - Started process (PID=10840) to work on /home/mirukulla/.local/lib/python3.10/site-packages/airflow/example_dags/example_latest_only_with_trigger.py
[2024-01-19T19:40:31.556-0800] {processor.py:743} INFO - Processing file /home/mirukulla/.local/lib/python3.10/site-packages/airflow/example_dags/example_latest_only_with_trigger.py for tasks to queue
[2024-01-19T19:40:31.557-0800] {logging_mixin.py:137} INFO - [2024-01-19T19:40:31.557-0800] {dagbag.py:532} INFO - Filling up the DagBag from /home/mirukulla/.local/lib/python3.10/site-packages/airflow/example_dags/example_latest_only_with_trigger.py
[2024-01-19T19:40:31.569-0800] {processor.py:753} INFO - DAG(s) dict_keys(['latest_only_with_trigger']) retrieved from /home/mirukulla/.local/lib/python3.10/site-packages/airflow/example_dags/example_latest_only_with_trigger.py
[2024-01-19T19:40:31.585-0800] {logging_mixin.py:137} INFO - [2024-01-19T19:40:31.584-0800] {dag.py:2705} INFO - Sync 1 DAGs
[2024-01-19T19:40:31.600-0800] {logging_mixin.py:137} INFO - [2024-01-19T19:40:31.600-0800] {dag.py:3452} INFO - Setting next_dagrun for latest_only_with_trigger to 2024-01-19T23:40:31.600488+00:00, run_after=2024-01-20T03:40:31.600488+00:00
[2024-01-19T19:40:31.631-0800] {processor.py:175} INFO - Processing /home/mirukulla/.local/lib/python3.10/site-packages/airflow/example_dags/example_latest_only_with_trigger.py took 0.081 seconds
[2024-01-19T19:41:24.054-0800] {processor.py:153} INFO - Started process (PID=10886) to work on /home/mirukulla/.local/lib/python3.10/site-packages/airflow/example_dags/example_latest_only_with_trigger.py
[2024-01-19T19:41:24.056-0800] {processor.py:743} INFO - Processing file /home/mirukulla/.local/lib/python3.10/site-packages/airflow/example_dags/example_latest_only_with_trigger.py for tasks to queue
[2024-01-19T19:41:24.057-0800] {logging_mixin.py:137} INFO - [2024-01-19T19:41:24.057-0800] {dagbag.py:532} INFO - Filling up the DagBag from /home/mirukulla/.local/lib/python3.10/site-packages/airflow/example_dags/example_latest_only_with_trigger.py
[2024-01-19T19:41:24.076-0800] {processor.py:753} INFO - DAG(s) dict_keys(['latest_only_with_trigger']) retrieved from /home/mirukulla/.local/lib/python3.10/site-packages/airflow/example_dags/example_latest_only_with_trigger.py
[2024-01-19T19:41:24.098-0800] {logging_mixin.py:137} INFO - [2024-01-19T19:41:24.098-0800] {dag.py:2705} INFO - Sync 1 DAGs
[2024-01-19T19:41:24.177-0800] {logging_mixin.py:137} INFO - [2024-01-19T19:41:24.177-0800] {dag.py:3452} INFO - Setting next_dagrun for latest_only_with_trigger to 2024-01-19T23:41:24.176264+00:00, run_after=2024-01-20T03:41:24.176264+00:00
[2024-01-19T19:41:24.240-0800] {processor.py:175} INFO - Processing /home/mirukulla/.local/lib/python3.10/site-packages/airflow/example_dags/example_latest_only_with_trigger.py took 0.190 seconds
[2024-01-19T19:42:21.922-0800] {processor.py:153} INFO - Started process (PID=10936) to work on /home/mirukulla/.local/lib/python3.10/site-packages/airflow/example_dags/example_latest_only_with_trigger.py
[2024-01-19T19:42:21.927-0800] {processor.py:743} INFO - Processing file /home/mirukulla/.local/lib/python3.10/site-packages/airflow/example_dags/example_latest_only_with_trigger.py for tasks to queue
[2024-01-19T19:42:21.928-0800] {logging_mixin.py:137} INFO - [2024-01-19T19:42:21.928-0800] {dagbag.py:532} INFO - Filling up the DagBag from /home/mirukulla/.local/lib/python3.10/site-packages/airflow/example_dags/example_latest_only_with_trigger.py
[2024-01-19T19:42:21.945-0800] {processor.py:753} INFO - DAG(s) dict_keys(['latest_only_with_trigger']) retrieved from /home/mirukulla/.local/lib/python3.10/site-packages/airflow/example_dags/example_latest_only_with_trigger.py
[2024-01-19T19:42:21.968-0800] {logging_mixin.py:137} INFO - [2024-01-19T19:42:21.968-0800] {dag.py:2705} INFO - Sync 1 DAGs
[2024-01-19T19:42:21.996-0800] {logging_mixin.py:137} INFO - [2024-01-19T19:42:21.996-0800] {dag.py:3452} INFO - Setting next_dagrun for latest_only_with_trigger to 2024-01-19T23:42:21.996374+00:00, run_after=2024-01-20T03:42:21.996374+00:00
[2024-01-19T19:42:22.029-0800] {processor.py:175} INFO - Processing /home/mirukulla/.local/lib/python3.10/site-packages/airflow/example_dags/example_latest_only_with_trigger.py took 0.109 seconds
[2024-01-19T19:43:23.774-0800] {processor.py:153} INFO - Started process (PID=10987) to work on /home/mirukulla/.local/lib/python3.10/site-packages/airflow/example_dags/example_latest_only_with_trigger.py
[2024-01-19T19:43:23.777-0800] {processor.py:743} INFO - Processing file /home/mirukulla/.local/lib/python3.10/site-packages/airflow/example_dags/example_latest_only_with_trigger.py for tasks to queue
[2024-01-19T19:43:23.778-0800] {logging_mixin.py:137} INFO - [2024-01-19T19:43:23.778-0800] {dagbag.py:532} INFO - Filling up the DagBag from /home/mirukulla/.local/lib/python3.10/site-packages/airflow/example_dags/example_latest_only_with_trigger.py
[2024-01-19T19:43:23.797-0800] {processor.py:753} INFO - DAG(s) dict_keys(['latest_only_with_trigger']) retrieved from /home/mirukulla/.local/lib/python3.10/site-packages/airflow/example_dags/example_latest_only_with_trigger.py
[2024-01-19T19:43:23.822-0800] {logging_mixin.py:137} INFO - [2024-01-19T19:43:23.822-0800] {dag.py:2705} INFO - Sync 1 DAGs
[2024-01-19T19:43:23.843-0800] {logging_mixin.py:137} INFO - [2024-01-19T19:43:23.843-0800] {dag.py:3452} INFO - Setting next_dagrun for latest_only_with_trigger to 2024-01-19T23:43:23.843444+00:00, run_after=2024-01-20T03:43:23.843444+00:00
[2024-01-19T19:43:23.884-0800] {processor.py:175} INFO - Processing /home/mirukulla/.local/lib/python3.10/site-packages/airflow/example_dags/example_latest_only_with_trigger.py took 0.115 seconds
[2024-01-19T19:44:28.931-0800] {processor.py:153} INFO - Started process (PID=11044) to work on /home/mirukulla/.local/lib/python3.10/site-packages/airflow/example_dags/example_latest_only_with_trigger.py
[2024-01-19T19:44:28.933-0800] {processor.py:743} INFO - Processing file /home/mirukulla/.local/lib/python3.10/site-packages/airflow/example_dags/example_latest_only_with_trigger.py for tasks to queue
[2024-01-19T19:44:28.934-0800] {logging_mixin.py:137} INFO - [2024-01-19T19:44:28.934-0800] {dagbag.py:532} INFO - Filling up the DagBag from /home/mirukulla/.local/lib/python3.10/site-packages/airflow/example_dags/example_latest_only_with_trigger.py
[2024-01-19T19:44:28.955-0800] {processor.py:753} INFO - DAG(s) dict_keys(['latest_only_with_trigger']) retrieved from /home/mirukulla/.local/lib/python3.10/site-packages/airflow/example_dags/example_latest_only_with_trigger.py
[2024-01-19T19:44:28.978-0800] {logging_mixin.py:137} INFO - [2024-01-19T19:44:28.978-0800] {dag.py:2705} INFO - Sync 1 DAGs
[2024-01-19T19:44:29.004-0800] {logging_mixin.py:137} INFO - [2024-01-19T19:44:29.004-0800] {dag.py:3452} INFO - Setting next_dagrun for latest_only_with_trigger to 2024-01-19T23:44:29.003856+00:00, run_after=2024-01-20T03:44:29.003856+00:00
[2024-01-19T19:44:29.033-0800] {processor.py:175} INFO - Processing /home/mirukulla/.local/lib/python3.10/site-packages/airflow/example_dags/example_latest_only_with_trigger.py took 0.108 seconds
[2024-01-19T19:45:13.941-0800] {processor.py:153} INFO - Started process (PID=11086) to work on /home/mirukulla/.local/lib/python3.10/site-packages/airflow/example_dags/example_latest_only_with_trigger.py
[2024-01-19T19:45:13.943-0800] {processor.py:743} INFO - Processing file /home/mirukulla/.local/lib/python3.10/site-packages/airflow/example_dags/example_latest_only_with_trigger.py for tasks to queue
[2024-01-19T19:45:13.944-0800] {logging_mixin.py:137} INFO - [2024-01-19T19:45:13.944-0800] {dagbag.py:532} INFO - Filling up the DagBag from /home/mirukulla/.local/lib/python3.10/site-packages/airflow/example_dags/example_latest_only_with_trigger.py
[2024-01-19T19:45:13.962-0800] {processor.py:753} INFO - DAG(s) dict_keys(['latest_only_with_trigger']) retrieved from /home/mirukulla/.local/lib/python3.10/site-packages/airflow/example_dags/example_latest_only_with_trigger.py
[2024-01-19T19:45:13.984-0800] {logging_mixin.py:137} INFO - [2024-01-19T19:45:13.983-0800] {dag.py:2705} INFO - Sync 1 DAGs
[2024-01-19T19:45:14.004-0800] {logging_mixin.py:137} INFO - [2024-01-19T19:45:14.003-0800] {dag.py:3452} INFO - Setting next_dagrun for latest_only_with_trigger to 2024-01-19T23:45:14.003670+00:00, run_after=2024-01-20T03:45:14.003670+00:00
[2024-01-19T19:45:14.048-0800] {processor.py:175} INFO - Processing /home/mirukulla/.local/lib/python3.10/site-packages/airflow/example_dags/example_latest_only_with_trigger.py took 0.110 seconds
[2024-01-19T19:46:13.890-0800] {processor.py:153} INFO - Started process (PID=11130) to work on /home/mirukulla/.local/lib/python3.10/site-packages/airflow/example_dags/example_latest_only_with_trigger.py
[2024-01-19T19:46:13.892-0800] {processor.py:743} INFO - Processing file /home/mirukulla/.local/lib/python3.10/site-packages/airflow/example_dags/example_latest_only_with_trigger.py for tasks to queue
[2024-01-19T19:46:13.893-0800] {logging_mixin.py:137} INFO - [2024-01-19T19:46:13.892-0800] {dagbag.py:532} INFO - Filling up the DagBag from /home/mirukulla/.local/lib/python3.10/site-packages/airflow/example_dags/example_latest_only_with_trigger.py
[2024-01-19T19:46:13.908-0800] {processor.py:753} INFO - DAG(s) dict_keys(['latest_only_with_trigger']) retrieved from /home/mirukulla/.local/lib/python3.10/site-packages/airflow/example_dags/example_latest_only_with_trigger.py
[2024-01-19T19:46:13.928-0800] {logging_mixin.py:137} INFO - [2024-01-19T19:46:13.928-0800] {dag.py:2705} INFO - Sync 1 DAGs
[2024-01-19T19:46:13.947-0800] {logging_mixin.py:137} INFO - [2024-01-19T19:46:13.947-0800] {dag.py:3452} INFO - Setting next_dagrun for latest_only_with_trigger to 2024-01-19T23:46:13.947107+00:00, run_after=2024-01-20T03:46:13.947107+00:00
[2024-01-19T19:46:13.988-0800] {processor.py:175} INFO - Processing /home/mirukulla/.local/lib/python3.10/site-packages/airflow/example_dags/example_latest_only_with_trigger.py took 0.102 seconds
[2024-01-19T19:47:03.841-0800] {processor.py:153} INFO - Started process (PID=11176) to work on /home/mirukulla/.local/lib/python3.10/site-packages/airflow/example_dags/example_latest_only_with_trigger.py
[2024-01-19T19:47:03.842-0800] {processor.py:743} INFO - Processing file /home/mirukulla/.local/lib/python3.10/site-packages/airflow/example_dags/example_latest_only_with_trigger.py for tasks to queue
[2024-01-19T19:47:03.843-0800] {logging_mixin.py:137} INFO - [2024-01-19T19:47:03.842-0800] {dagbag.py:532} INFO - Filling up the DagBag from /home/mirukulla/.local/lib/python3.10/site-packages/airflow/example_dags/example_latest_only_with_trigger.py
[2024-01-19T19:47:03.861-0800] {processor.py:753} INFO - DAG(s) dict_keys(['latest_only_with_trigger']) retrieved from /home/mirukulla/.local/lib/python3.10/site-packages/airflow/example_dags/example_latest_only_with_trigger.py
[2024-01-19T19:47:03.895-0800] {logging_mixin.py:137} INFO - [2024-01-19T19:47:03.895-0800] {dag.py:2705} INFO - Sync 1 DAGs
[2024-01-19T19:47:03.928-0800] {logging_mixin.py:137} INFO - [2024-01-19T19:47:03.928-0800] {dag.py:3452} INFO - Setting next_dagrun for latest_only_with_trigger to 2024-01-19T23:47:03.927996+00:00, run_after=2024-01-20T03:47:03.927996+00:00
[2024-01-19T19:47:03.969-0800] {processor.py:175} INFO - Processing /home/mirukulla/.local/lib/python3.10/site-packages/airflow/example_dags/example_latest_only_with_trigger.py took 0.131 seconds
[2024-01-19T19:47:50.456-0800] {processor.py:153} INFO - Started process (PID=11220) to work on /home/mirukulla/.local/lib/python3.10/site-packages/airflow/example_dags/example_latest_only_with_trigger.py
[2024-01-19T19:47:50.477-0800] {processor.py:743} INFO - Processing file /home/mirukulla/.local/lib/python3.10/site-packages/airflow/example_dags/example_latest_only_with_trigger.py for tasks to queue
[2024-01-19T19:47:50.478-0800] {logging_mixin.py:137} INFO - [2024-01-19T19:47:50.478-0800] {dagbag.py:532} INFO - Filling up the DagBag from /home/mirukulla/.local/lib/python3.10/site-packages/airflow/example_dags/example_latest_only_with_trigger.py
[2024-01-19T19:47:50.494-0800] {processor.py:753} INFO - DAG(s) dict_keys(['latest_only_with_trigger']) retrieved from /home/mirukulla/.local/lib/python3.10/site-packages/airflow/example_dags/example_latest_only_with_trigger.py
[2024-01-19T19:47:50.518-0800] {logging_mixin.py:137} INFO - [2024-01-19T19:47:50.518-0800] {dag.py:2705} INFO - Sync 1 DAGs
[2024-01-19T19:47:50.543-0800] {logging_mixin.py:137} INFO - [2024-01-19T19:47:50.543-0800] {dag.py:3452} INFO - Setting next_dagrun for latest_only_with_trigger to 2024-01-19T23:47:50.543210+00:00, run_after=2024-01-20T03:47:50.543210+00:00
[2024-01-19T19:47:50.608-0800] {processor.py:175} INFO - Processing /home/mirukulla/.local/lib/python3.10/site-packages/airflow/example_dags/example_latest_only_with_trigger.py took 0.160 seconds
