[2024-01-19T19:37:40.193-0800] {processor.py:153} INFO - Started process (PID=10635) to work on /home/mirukulla/.local/lib/python3.10/site-packages/airflow/example_dags/example_short_circuit_operator.py
[2024-01-19T19:37:40.197-0800] {processor.py:743} INFO - Processing file /home/mirukulla/.local/lib/python3.10/site-packages/airflow/example_dags/example_short_circuit_operator.py for tasks to queue
[2024-01-19T19:37:40.197-0800] {logging_mixin.py:137} INFO - [2024-01-19T19:37:40.197-0800] {dagbag.py:532} INFO - Filling up the DagBag from /home/mirukulla/.local/lib/python3.10/site-packages/airflow/example_dags/example_short_circuit_operator.py
[2024-01-19T19:37:40.217-0800] {processor.py:753} INFO - DAG(s) dict_keys(['example_short_circuit_operator']) retrieved from /home/mirukulla/.local/lib/python3.10/site-packages/airflow/example_dags/example_short_circuit_operator.py
[2024-01-19T19:37:40.339-0800] {logging_mixin.py:137} INFO - [2024-01-19T19:37:40.339-0800] {manager.py:504} INFO - Created Permission View: can delete on DAG:example_short_circuit_operator
[2024-01-19T19:37:40.374-0800] {logging_mixin.py:137} INFO - [2024-01-19T19:37:40.374-0800] {manager.py:504} INFO - Created Permission View: can edit on DAG:example_short_circuit_operator
[2024-01-19T19:37:40.398-0800] {logging_mixin.py:137} INFO - [2024-01-19T19:37:40.398-0800] {manager.py:504} INFO - Created Permission View: can read on DAG:example_short_circuit_operator
[2024-01-19T19:37:40.399-0800] {logging_mixin.py:137} INFO - [2024-01-19T19:37:40.399-0800] {dag.py:2705} INFO - Sync 1 DAGs
[2024-01-19T19:37:40.420-0800] {logging_mixin.py:137} INFO - [2024-01-19T19:37:40.420-0800] {dag.py:2726} INFO - Creating ORM DAG for example_short_circuit_operator
[2024-01-19T19:37:40.432-0800] {logging_mixin.py:137} INFO - [2024-01-19T19:37:40.432-0800] {dag.py:3452} INFO - Setting next_dagrun for example_short_circuit_operator to 2024-01-19T03:37:40.431840+00:00, run_after=2024-01-20T03:37:40.431840+00:00
[2024-01-19T19:37:40.467-0800] {processor.py:175} INFO - Processing /home/mirukulla/.local/lib/python3.10/site-packages/airflow/example_dags/example_short_circuit_operator.py took 0.281 seconds
[2024-01-19T19:38:26.435-0800] {processor.py:153} INFO - Started process (PID=10701) to work on /home/mirukulla/.local/lib/python3.10/site-packages/airflow/example_dags/example_short_circuit_operator.py
[2024-01-19T19:38:26.438-0800] {processor.py:743} INFO - Processing file /home/mirukulla/.local/lib/python3.10/site-packages/airflow/example_dags/example_short_circuit_operator.py for tasks to queue
[2024-01-19T19:38:26.439-0800] {logging_mixin.py:137} INFO - [2024-01-19T19:38:26.439-0800] {dagbag.py:532} INFO - Filling up the DagBag from /home/mirukulla/.local/lib/python3.10/site-packages/airflow/example_dags/example_short_circuit_operator.py
[2024-01-19T19:38:26.457-0800] {processor.py:753} INFO - DAG(s) dict_keys(['example_short_circuit_operator']) retrieved from /home/mirukulla/.local/lib/python3.10/site-packages/airflow/example_dags/example_short_circuit_operator.py
[2024-01-19T19:38:26.476-0800] {logging_mixin.py:137} INFO - [2024-01-19T19:38:26.475-0800] {dag.py:2705} INFO - Sync 1 DAGs
[2024-01-19T19:38:26.494-0800] {logging_mixin.py:137} INFO - [2024-01-19T19:38:26.494-0800] {dag.py:3452} INFO - Setting next_dagrun for example_short_circuit_operator to 2024-01-19T03:38:26.493971+00:00, run_after=2024-01-20T03:38:26.493971+00:00
[2024-01-19T19:38:26.520-0800] {processor.py:175} INFO - Processing /home/mirukulla/.local/lib/python3.10/site-packages/airflow/example_dags/example_short_circuit_operator.py took 0.089 seconds
[2024-01-19T19:39:11.646-0800] {processor.py:153} INFO - Started process (PID=10752) to work on /home/mirukulla/.local/lib/python3.10/site-packages/airflow/example_dags/example_short_circuit_operator.py
[2024-01-19T19:39:11.648-0800] {processor.py:743} INFO - Processing file /home/mirukulla/.local/lib/python3.10/site-packages/airflow/example_dags/example_short_circuit_operator.py for tasks to queue
[2024-01-19T19:39:11.648-0800] {logging_mixin.py:137} INFO - [2024-01-19T19:39:11.648-0800] {dagbag.py:532} INFO - Filling up the DagBag from /home/mirukulla/.local/lib/python3.10/site-packages/airflow/example_dags/example_short_circuit_operator.py
[2024-01-19T19:39:11.665-0800] {processor.py:753} INFO - DAG(s) dict_keys(['example_short_circuit_operator']) retrieved from /home/mirukulla/.local/lib/python3.10/site-packages/airflow/example_dags/example_short_circuit_operator.py
[2024-01-19T19:39:11.684-0800] {logging_mixin.py:137} INFO - [2024-01-19T19:39:11.684-0800] {dag.py:2705} INFO - Sync 1 DAGs
[2024-01-19T19:39:11.704-0800] {logging_mixin.py:137} INFO - [2024-01-19T19:39:11.704-0800] {dag.py:3452} INFO - Setting next_dagrun for example_short_circuit_operator to 2024-01-19T03:39:11.703820+00:00, run_after=2024-01-20T03:39:11.703820+00:00
[2024-01-19T19:39:11.737-0800] {processor.py:175} INFO - Processing /home/mirukulla/.local/lib/python3.10/site-packages/airflow/example_dags/example_short_circuit_operator.py took 0.093 seconds
[2024-01-19T19:39:57.768-0800] {processor.py:153} INFO - Started process (PID=10809) to work on /home/mirukulla/.local/lib/python3.10/site-packages/airflow/example_dags/example_short_circuit_operator.py
[2024-01-19T19:39:57.769-0800] {processor.py:743} INFO - Processing file /home/mirukulla/.local/lib/python3.10/site-packages/airflow/example_dags/example_short_circuit_operator.py for tasks to queue
[2024-01-19T19:39:57.770-0800] {logging_mixin.py:137} INFO - [2024-01-19T19:39:57.770-0800] {dagbag.py:532} INFO - Filling up the DagBag from /home/mirukulla/.local/lib/python3.10/site-packages/airflow/example_dags/example_short_circuit_operator.py
[2024-01-19T19:39:57.785-0800] {processor.py:753} INFO - DAG(s) dict_keys(['example_short_circuit_operator']) retrieved from /home/mirukulla/.local/lib/python3.10/site-packages/airflow/example_dags/example_short_circuit_operator.py
[2024-01-19T19:39:57.805-0800] {logging_mixin.py:137} INFO - [2024-01-19T19:39:57.805-0800] {dag.py:2705} INFO - Sync 1 DAGs
[2024-01-19T19:39:57.831-0800] {logging_mixin.py:137} INFO - [2024-01-19T19:39:57.831-0800] {dag.py:3452} INFO - Setting next_dagrun for example_short_circuit_operator to 2024-01-19T03:39:57.830946+00:00, run_after=2024-01-20T03:39:57.830946+00:00
[2024-01-19T19:39:57.857-0800] {processor.py:175} INFO - Processing /home/mirukulla/.local/lib/python3.10/site-packages/airflow/example_dags/example_short_circuit_operator.py took 0.092 seconds
[2024-01-19T19:40:44.226-0800] {processor.py:153} INFO - Started process (PID=10852) to work on /home/mirukulla/.local/lib/python3.10/site-packages/airflow/example_dags/example_short_circuit_operator.py
[2024-01-19T19:40:44.227-0800] {processor.py:743} INFO - Processing file /home/mirukulla/.local/lib/python3.10/site-packages/airflow/example_dags/example_short_circuit_operator.py for tasks to queue
[2024-01-19T19:40:44.228-0800] {logging_mixin.py:137} INFO - [2024-01-19T19:40:44.228-0800] {dagbag.py:532} INFO - Filling up the DagBag from /home/mirukulla/.local/lib/python3.10/site-packages/airflow/example_dags/example_short_circuit_operator.py
[2024-01-19T19:40:44.246-0800] {processor.py:753} INFO - DAG(s) dict_keys(['example_short_circuit_operator']) retrieved from /home/mirukulla/.local/lib/python3.10/site-packages/airflow/example_dags/example_short_circuit_operator.py
[2024-01-19T19:40:44.262-0800] {logging_mixin.py:137} INFO - [2024-01-19T19:40:44.262-0800] {dag.py:2705} INFO - Sync 1 DAGs
[2024-01-19T19:40:44.277-0800] {logging_mixin.py:137} INFO - [2024-01-19T19:40:44.276-0800] {dag.py:3452} INFO - Setting next_dagrun for example_short_circuit_operator to 2024-01-19T03:40:44.276721+00:00, run_after=2024-01-20T03:40:44.276721+00:00
[2024-01-19T19:40:44.307-0800] {processor.py:175} INFO - Processing /home/mirukulla/.local/lib/python3.10/site-packages/airflow/example_dags/example_short_circuit_operator.py took 0.085 seconds
[2024-01-19T19:41:34.472-0800] {processor.py:153} INFO - Started process (PID=10896) to work on /home/mirukulla/.local/lib/python3.10/site-packages/airflow/example_dags/example_short_circuit_operator.py
[2024-01-19T19:41:34.505-0800] {processor.py:743} INFO - Processing file /home/mirukulla/.local/lib/python3.10/site-packages/airflow/example_dags/example_short_circuit_operator.py for tasks to queue
[2024-01-19T19:41:34.509-0800] {logging_mixin.py:137} INFO - [2024-01-19T19:41:34.508-0800] {dagbag.py:532} INFO - Filling up the DagBag from /home/mirukulla/.local/lib/python3.10/site-packages/airflow/example_dags/example_short_circuit_operator.py
[2024-01-19T19:41:34.579-0800] {processor.py:753} INFO - DAG(s) dict_keys(['example_short_circuit_operator']) retrieved from /home/mirukulla/.local/lib/python3.10/site-packages/airflow/example_dags/example_short_circuit_operator.py
[2024-01-19T19:41:34.615-0800] {logging_mixin.py:137} INFO - [2024-01-19T19:41:34.615-0800] {dag.py:2705} INFO - Sync 1 DAGs
[2024-01-19T19:41:34.647-0800] {logging_mixin.py:137} INFO - [2024-01-19T19:41:34.646-0800] {dag.py:3452} INFO - Setting next_dagrun for example_short_circuit_operator to 2024-01-19T03:41:34.646557+00:00, run_after=2024-01-20T03:41:34.646557+00:00
[2024-01-19T19:41:34.689-0800] {processor.py:175} INFO - Processing /home/mirukulla/.local/lib/python3.10/site-packages/airflow/example_dags/example_short_circuit_operator.py took 0.224 seconds
[2024-01-19T19:42:13.893-0800] {processor.py:153} INFO - Started process (PID=10929) to work on /home/mirukulla/.local/lib/python3.10/site-packages/airflow/example_dags/example_short_circuit_operator.py
[2024-01-19T19:42:13.895-0800] {processor.py:743} INFO - Processing file /home/mirukulla/.local/lib/python3.10/site-packages/airflow/example_dags/example_short_circuit_operator.py for tasks to queue
[2024-01-19T19:42:13.897-0800] {logging_mixin.py:137} INFO - [2024-01-19T19:42:13.896-0800] {dagbag.py:532} INFO - Filling up the DagBag from /home/mirukulla/.local/lib/python3.10/site-packages/airflow/example_dags/example_short_circuit_operator.py
[2024-01-19T19:42:13.926-0800] {processor.py:753} INFO - DAG(s) dict_keys(['example_short_circuit_operator']) retrieved from /home/mirukulla/.local/lib/python3.10/site-packages/airflow/example_dags/example_short_circuit_operator.py
[2024-01-19T19:42:13.974-0800] {logging_mixin.py:137} INFO - [2024-01-19T19:42:13.974-0800] {dag.py:2705} INFO - Sync 1 DAGs
[2024-01-19T19:42:14.021-0800] {logging_mixin.py:137} INFO - [2024-01-19T19:42:14.021-0800] {dag.py:3452} INFO - Setting next_dagrun for example_short_circuit_operator to 2024-01-19T03:42:14.020819+00:00, run_after=2024-01-20T03:42:14.020819+00:00
[2024-01-19T19:42:14.067-0800] {processor.py:175} INFO - Processing /home/mirukulla/.local/lib/python3.10/site-packages/airflow/example_dags/example_short_circuit_operator.py took 0.181 seconds
[2024-01-19T19:42:56.002-0800] {processor.py:153} INFO - Started process (PID=10963) to work on /home/mirukulla/.local/lib/python3.10/site-packages/airflow/example_dags/example_short_circuit_operator.py
[2024-01-19T19:42:56.008-0800] {processor.py:743} INFO - Processing file /home/mirukulla/.local/lib/python3.10/site-packages/airflow/example_dags/example_short_circuit_operator.py for tasks to queue
[2024-01-19T19:42:56.011-0800] {logging_mixin.py:137} INFO - [2024-01-19T19:42:56.010-0800] {dagbag.py:532} INFO - Filling up the DagBag from /home/mirukulla/.local/lib/python3.10/site-packages/airflow/example_dags/example_short_circuit_operator.py
[2024-01-19T19:42:56.161-0800] {processor.py:753} INFO - DAG(s) dict_keys(['example_short_circuit_operator']) retrieved from /home/mirukulla/.local/lib/python3.10/site-packages/airflow/example_dags/example_short_circuit_operator.py
[2024-01-19T19:42:56.238-0800] {logging_mixin.py:137} INFO - [2024-01-19T19:42:56.237-0800] {dag.py:2705} INFO - Sync 1 DAGs
[2024-01-19T19:42:56.366-0800] {logging_mixin.py:137} INFO - [2024-01-19T19:42:56.366-0800] {dag.py:3452} INFO - Setting next_dagrun for example_short_circuit_operator to 2024-01-19T03:42:56.365891+00:00, run_after=2024-01-20T03:42:56.365891+00:00
[2024-01-19T19:42:56.421-0800] {processor.py:175} INFO - Processing /home/mirukulla/.local/lib/python3.10/site-packages/airflow/example_dags/example_short_circuit_operator.py took 0.425 seconds
[2024-01-19T19:43:34.741-0800] {processor.py:153} INFO - Started process (PID=10997) to work on /home/mirukulla/.local/lib/python3.10/site-packages/airflow/example_dags/example_short_circuit_operator.py
[2024-01-19T19:43:34.743-0800] {processor.py:743} INFO - Processing file /home/mirukulla/.local/lib/python3.10/site-packages/airflow/example_dags/example_short_circuit_operator.py for tasks to queue
[2024-01-19T19:43:34.744-0800] {logging_mixin.py:137} INFO - [2024-01-19T19:43:34.744-0800] {dagbag.py:532} INFO - Filling up the DagBag from /home/mirukulla/.local/lib/python3.10/site-packages/airflow/example_dags/example_short_circuit_operator.py
[2024-01-19T19:43:34.765-0800] {processor.py:753} INFO - DAG(s) dict_keys(['example_short_circuit_operator']) retrieved from /home/mirukulla/.local/lib/python3.10/site-packages/airflow/example_dags/example_short_circuit_operator.py
[2024-01-19T19:43:34.792-0800] {logging_mixin.py:137} INFO - [2024-01-19T19:43:34.791-0800] {dag.py:2705} INFO - Sync 1 DAGs
[2024-01-19T19:43:34.817-0800] {logging_mixin.py:137} INFO - [2024-01-19T19:43:34.817-0800] {dag.py:3452} INFO - Setting next_dagrun for example_short_circuit_operator to 2024-01-19T03:43:34.816819+00:00, run_after=2024-01-20T03:43:34.816819+00:00
[2024-01-19T19:43:34.850-0800] {processor.py:175} INFO - Processing /home/mirukulla/.local/lib/python3.10/site-packages/airflow/example_dags/example_short_circuit_operator.py took 0.116 seconds
[2024-01-19T19:44:19.136-0800] {processor.py:153} INFO - Started process (PID=11035) to work on /home/mirukulla/.local/lib/python3.10/site-packages/airflow/example_dags/example_short_circuit_operator.py
[2024-01-19T19:44:19.139-0800] {processor.py:743} INFO - Processing file /home/mirukulla/.local/lib/python3.10/site-packages/airflow/example_dags/example_short_circuit_operator.py for tasks to queue
[2024-01-19T19:44:19.140-0800] {logging_mixin.py:137} INFO - [2024-01-19T19:44:19.140-0800] {dagbag.py:532} INFO - Filling up the DagBag from /home/mirukulla/.local/lib/python3.10/site-packages/airflow/example_dags/example_short_circuit_operator.py
[2024-01-19T19:44:19.171-0800] {processor.py:753} INFO - DAG(s) dict_keys(['example_short_circuit_operator']) retrieved from /home/mirukulla/.local/lib/python3.10/site-packages/airflow/example_dags/example_short_circuit_operator.py
[2024-01-19T19:44:19.211-0800] {logging_mixin.py:137} INFO - [2024-01-19T19:44:19.211-0800] {dag.py:2705} INFO - Sync 1 DAGs
[2024-01-19T19:44:19.246-0800] {logging_mixin.py:137} INFO - [2024-01-19T19:44:19.246-0800] {dag.py:3452} INFO - Setting next_dagrun for example_short_circuit_operator to 2024-01-19T03:44:19.246456+00:00, run_after=2024-01-20T03:44:19.246456+00:00
[2024-01-19T19:44:19.289-0800] {processor.py:175} INFO - Processing /home/mirukulla/.local/lib/python3.10/site-packages/airflow/example_dags/example_short_circuit_operator.py took 0.158 seconds
[2024-01-19T19:45:04.003-0800] {processor.py:153} INFO - Started process (PID=11077) to work on /home/mirukulla/.local/lib/python3.10/site-packages/airflow/example_dags/example_short_circuit_operator.py
[2024-01-19T19:45:04.027-0800] {processor.py:743} INFO - Processing file /home/mirukulla/.local/lib/python3.10/site-packages/airflow/example_dags/example_short_circuit_operator.py for tasks to queue
[2024-01-19T19:45:04.028-0800] {logging_mixin.py:137} INFO - [2024-01-19T19:45:04.028-0800] {dagbag.py:532} INFO - Filling up the DagBag from /home/mirukulla/.local/lib/python3.10/site-packages/airflow/example_dags/example_short_circuit_operator.py
[2024-01-19T19:45:04.045-0800] {processor.py:753} INFO - DAG(s) dict_keys(['example_short_circuit_operator']) retrieved from /home/mirukulla/.local/lib/python3.10/site-packages/airflow/example_dags/example_short_circuit_operator.py
[2024-01-19T19:45:04.067-0800] {logging_mixin.py:137} INFO - [2024-01-19T19:45:04.066-0800] {dag.py:2705} INFO - Sync 1 DAGs
[2024-01-19T19:45:04.086-0800] {logging_mixin.py:137} INFO - [2024-01-19T19:45:04.086-0800] {dag.py:3452} INFO - Setting next_dagrun for example_short_circuit_operator to 2024-01-19T03:45:04.086508+00:00, run_after=2024-01-20T03:45:04.086508+00:00
[2024-01-19T19:45:04.117-0800] {processor.py:175} INFO - Processing /home/mirukulla/.local/lib/python3.10/site-packages/airflow/example_dags/example_short_circuit_operator.py took 0.117 seconds
[2024-01-19T19:45:52.357-0800] {processor.py:153} INFO - Started process (PID=11111) to work on /home/mirukulla/.local/lib/python3.10/site-packages/airflow/example_dags/example_short_circuit_operator.py
[2024-01-19T19:45:52.381-0800] {processor.py:743} INFO - Processing file /home/mirukulla/.local/lib/python3.10/site-packages/airflow/example_dags/example_short_circuit_operator.py for tasks to queue
[2024-01-19T19:45:52.382-0800] {logging_mixin.py:137} INFO - [2024-01-19T19:45:52.382-0800] {dagbag.py:532} INFO - Filling up the DagBag from /home/mirukulla/.local/lib/python3.10/site-packages/airflow/example_dags/example_short_circuit_operator.py
[2024-01-19T19:45:52.420-0800] {processor.py:753} INFO - DAG(s) dict_keys(['example_short_circuit_operator']) retrieved from /home/mirukulla/.local/lib/python3.10/site-packages/airflow/example_dags/example_short_circuit_operator.py
[2024-01-19T19:45:52.471-0800] {logging_mixin.py:137} INFO - [2024-01-19T19:45:52.471-0800] {dag.py:2705} INFO - Sync 1 DAGs
[2024-01-19T19:45:52.526-0800] {logging_mixin.py:137} INFO - [2024-01-19T19:45:52.525-0800] {dag.py:3452} INFO - Setting next_dagrun for example_short_circuit_operator to 2024-01-19T03:45:52.525506+00:00, run_after=2024-01-20T03:45:52.525506+00:00
[2024-01-19T19:45:52.604-0800] {processor.py:175} INFO - Processing /home/mirukulla/.local/lib/python3.10/site-packages/airflow/example_dags/example_short_circuit_operator.py took 0.254 seconds
[2024-01-19T19:46:38.988-0800] {processor.py:153} INFO - Started process (PID=11153) to work on /home/mirukulla/.local/lib/python3.10/site-packages/airflow/example_dags/example_short_circuit_operator.py
[2024-01-19T19:46:38.991-0800] {processor.py:743} INFO - Processing file /home/mirukulla/.local/lib/python3.10/site-packages/airflow/example_dags/example_short_circuit_operator.py for tasks to queue
[2024-01-19T19:46:38.994-0800] {logging_mixin.py:137} INFO - [2024-01-19T19:46:38.994-0800] {dagbag.py:532} INFO - Filling up the DagBag from /home/mirukulla/.local/lib/python3.10/site-packages/airflow/example_dags/example_short_circuit_operator.py
[2024-01-19T19:46:39.046-0800] {processor.py:753} INFO - DAG(s) dict_keys(['example_short_circuit_operator']) retrieved from /home/mirukulla/.local/lib/python3.10/site-packages/airflow/example_dags/example_short_circuit_operator.py
[2024-01-19T19:46:39.095-0800] {logging_mixin.py:137} INFO - [2024-01-19T19:46:39.095-0800] {dag.py:2705} INFO - Sync 1 DAGs
[2024-01-19T19:46:39.139-0800] {logging_mixin.py:137} INFO - [2024-01-19T19:46:39.139-0800] {dag.py:3452} INFO - Setting next_dagrun for example_short_circuit_operator to 2024-01-19T03:46:39.139296+00:00, run_after=2024-01-20T03:46:39.139296+00:00
[2024-01-19T19:46:39.188-0800] {processor.py:175} INFO - Processing /home/mirukulla/.local/lib/python3.10/site-packages/airflow/example_dags/example_short_circuit_operator.py took 0.211 seconds
[2024-01-19T19:47:27.440-0800] {processor.py:153} INFO - Started process (PID=11199) to work on /home/mirukulla/.local/lib/python3.10/site-packages/airflow/example_dags/example_short_circuit_operator.py
[2024-01-19T19:47:27.463-0800] {processor.py:743} INFO - Processing file /home/mirukulla/.local/lib/python3.10/site-packages/airflow/example_dags/example_short_circuit_operator.py for tasks to queue
[2024-01-19T19:47:27.463-0800] {logging_mixin.py:137} INFO - [2024-01-19T19:47:27.463-0800] {dagbag.py:532} INFO - Filling up the DagBag from /home/mirukulla/.local/lib/python3.10/site-packages/airflow/example_dags/example_short_circuit_operator.py
[2024-01-19T19:47:27.484-0800] {processor.py:753} INFO - DAG(s) dict_keys(['example_short_circuit_operator']) retrieved from /home/mirukulla/.local/lib/python3.10/site-packages/airflow/example_dags/example_short_circuit_operator.py
[2024-01-19T19:47:27.505-0800] {logging_mixin.py:137} INFO - [2024-01-19T19:47:27.505-0800] {dag.py:2705} INFO - Sync 1 DAGs
[2024-01-19T19:47:27.527-0800] {logging_mixin.py:137} INFO - [2024-01-19T19:47:27.527-0800] {dag.py:3452} INFO - Setting next_dagrun for example_short_circuit_operator to 2024-01-19T03:47:27.527628+00:00, run_after=2024-01-20T03:47:27.527628+00:00
[2024-01-19T19:47:27.559-0800] {processor.py:175} INFO - Processing /home/mirukulla/.local/lib/python3.10/site-packages/airflow/example_dags/example_short_circuit_operator.py took 0.125 seconds
[2024-01-19T19:48:17.364-0800] {processor.py:153} INFO - Started process (PID=11242) to work on /home/mirukulla/.local/lib/python3.10/site-packages/airflow/example_dags/example_short_circuit_operator.py
[2024-01-19T19:48:17.402-0800] {processor.py:743} INFO - Processing file /home/mirukulla/.local/lib/python3.10/site-packages/airflow/example_dags/example_short_circuit_operator.py for tasks to queue
[2024-01-19T19:48:17.406-0800] {logging_mixin.py:137} INFO - [2024-01-19T19:48:17.405-0800] {dagbag.py:532} INFO - Filling up the DagBag from /home/mirukulla/.local/lib/python3.10/site-packages/airflow/example_dags/example_short_circuit_operator.py
[2024-01-19T19:48:17.501-0800] {processor.py:753} INFO - DAG(s) dict_keys(['example_short_circuit_operator']) retrieved from /home/mirukulla/.local/lib/python3.10/site-packages/airflow/example_dags/example_short_circuit_operator.py
[2024-01-19T19:48:17.577-0800] {logging_mixin.py:137} INFO - [2024-01-19T19:48:17.577-0800] {dag.py:2705} INFO - Sync 1 DAGs
[2024-01-19T19:48:17.654-0800] {logging_mixin.py:137} INFO - [2024-01-19T19:48:17.654-0800] {dag.py:3452} INFO - Setting next_dagrun for example_short_circuit_operator to 2024-01-19T03:48:17.653649+00:00, run_after=2024-01-20T03:48:17.653649+00:00
[2024-01-19T19:48:17.760-0800] {processor.py:175} INFO - Processing /home/mirukulla/.local/lib/python3.10/site-packages/airflow/example_dags/example_short_circuit_operator.py took 0.414 seconds
