[2024-01-19T19:37:34.723-0800] {processor.py:153} INFO - Started process (PID=10630) to work on /home/mirukulla/.local/lib/python3.10/site-packages/airflow/example_dags/example_time_delta_sensor_async.py
[2024-01-19T19:37:34.724-0800] {processor.py:743} INFO - Processing file /home/mirukulla/.local/lib/python3.10/site-packages/airflow/example_dags/example_time_delta_sensor_async.py for tasks to queue
[2024-01-19T19:37:34.726-0800] {logging_mixin.py:137} INFO - [2024-01-19T19:37:34.725-0800] {dagbag.py:532} INFO - Filling up the DagBag from /home/mirukulla/.local/lib/python3.10/site-packages/airflow/example_dags/example_time_delta_sensor_async.py
[2024-01-19T19:37:34.746-0800] {processor.py:753} INFO - DAG(s) dict_keys(['example_time_delta_sensor_async']) retrieved from /home/mirukulla/.local/lib/python3.10/site-packages/airflow/example_dags/example_time_delta_sensor_async.py
[2024-01-19T19:37:34.903-0800] {logging_mixin.py:137} INFO - [2024-01-19T19:37:34.902-0800] {manager.py:504} INFO - Created Permission View: can delete on DAG:example_time_delta_sensor_async
[2024-01-19T19:37:34.929-0800] {logging_mixin.py:137} INFO - [2024-01-19T19:37:34.928-0800] {manager.py:504} INFO - Created Permission View: can edit on DAG:example_time_delta_sensor_async
[2024-01-19T19:37:34.962-0800] {logging_mixin.py:137} INFO - [2024-01-19T19:37:34.962-0800] {manager.py:504} INFO - Created Permission View: can read on DAG:example_time_delta_sensor_async
[2024-01-19T19:37:34.963-0800] {logging_mixin.py:137} INFO - [2024-01-19T19:37:34.963-0800] {dag.py:2705} INFO - Sync 1 DAGs
[2024-01-19T19:37:34.972-0800] {logging_mixin.py:137} INFO - [2024-01-19T19:37:34.971-0800] {dag.py:2726} INFO - Creating ORM DAG for example_time_delta_sensor_async
[2024-01-19T19:37:34.984-0800] {logging_mixin.py:137} INFO - [2024-01-19T19:37:34.984-0800] {dag.py:3452} INFO - Setting next_dagrun for example_time_delta_sensor_async to None, run_after=None
[2024-01-19T19:37:35.022-0800] {processor.py:175} INFO - Processing /home/mirukulla/.local/lib/python3.10/site-packages/airflow/example_dags/example_time_delta_sensor_async.py took 0.305 seconds
[2024-01-19T19:38:22.549-0800] {processor.py:153} INFO - Started process (PID=10696) to work on /home/mirukulla/.local/lib/python3.10/site-packages/airflow/example_dags/example_time_delta_sensor_async.py
[2024-01-19T19:38:22.551-0800] {processor.py:743} INFO - Processing file /home/mirukulla/.local/lib/python3.10/site-packages/airflow/example_dags/example_time_delta_sensor_async.py for tasks to queue
[2024-01-19T19:38:22.551-0800] {logging_mixin.py:137} INFO - [2024-01-19T19:38:22.551-0800] {dagbag.py:532} INFO - Filling up the DagBag from /home/mirukulla/.local/lib/python3.10/site-packages/airflow/example_dags/example_time_delta_sensor_async.py
[2024-01-19T19:38:22.565-0800] {processor.py:753} INFO - DAG(s) dict_keys(['example_time_delta_sensor_async']) retrieved from /home/mirukulla/.local/lib/python3.10/site-packages/airflow/example_dags/example_time_delta_sensor_async.py
[2024-01-19T19:38:22.581-0800] {logging_mixin.py:137} INFO - [2024-01-19T19:38:22.581-0800] {dag.py:2705} INFO - Sync 1 DAGs
[2024-01-19T19:38:22.597-0800] {logging_mixin.py:137} INFO - [2024-01-19T19:38:22.597-0800] {dag.py:3452} INFO - Setting next_dagrun for example_time_delta_sensor_async to None, run_after=None
[2024-01-19T19:38:22.624-0800] {processor.py:175} INFO - Processing /home/mirukulla/.local/lib/python3.10/site-packages/airflow/example_dags/example_time_delta_sensor_async.py took 0.079 seconds
[2024-01-19T19:39:06.549-0800] {processor.py:153} INFO - Started process (PID=10747) to work on /home/mirukulla/.local/lib/python3.10/site-packages/airflow/example_dags/example_time_delta_sensor_async.py
[2024-01-19T19:39:06.571-0800] {processor.py:743} INFO - Processing file /home/mirukulla/.local/lib/python3.10/site-packages/airflow/example_dags/example_time_delta_sensor_async.py for tasks to queue
[2024-01-19T19:39:06.572-0800] {logging_mixin.py:137} INFO - [2024-01-19T19:39:06.572-0800] {dagbag.py:532} INFO - Filling up the DagBag from /home/mirukulla/.local/lib/python3.10/site-packages/airflow/example_dags/example_time_delta_sensor_async.py
[2024-01-19T19:39:06.587-0800] {processor.py:753} INFO - DAG(s) dict_keys(['example_time_delta_sensor_async']) retrieved from /home/mirukulla/.local/lib/python3.10/site-packages/airflow/example_dags/example_time_delta_sensor_async.py
[2024-01-19T19:39:06.611-0800] {logging_mixin.py:137} INFO - [2024-01-19T19:39:06.610-0800] {dag.py:2705} INFO - Sync 1 DAGs
[2024-01-19T19:39:06.633-0800] {logging_mixin.py:137} INFO - [2024-01-19T19:39:06.633-0800] {dag.py:3452} INFO - Setting next_dagrun for example_time_delta_sensor_async to None, run_after=None
[2024-01-19T19:39:06.667-0800] {processor.py:175} INFO - Processing /home/mirukulla/.local/lib/python3.10/site-packages/airflow/example_dags/example_time_delta_sensor_async.py took 0.121 seconds
[2024-01-19T19:39:52.823-0800] {processor.py:153} INFO - Started process (PID=10804) to work on /home/mirukulla/.local/lib/python3.10/site-packages/airflow/example_dags/example_time_delta_sensor_async.py
[2024-01-19T19:39:52.825-0800] {processor.py:743} INFO - Processing file /home/mirukulla/.local/lib/python3.10/site-packages/airflow/example_dags/example_time_delta_sensor_async.py for tasks to queue
[2024-01-19T19:39:52.826-0800] {logging_mixin.py:137} INFO - [2024-01-19T19:39:52.825-0800] {dagbag.py:532} INFO - Filling up the DagBag from /home/mirukulla/.local/lib/python3.10/site-packages/airflow/example_dags/example_time_delta_sensor_async.py
[2024-01-19T19:39:52.840-0800] {processor.py:753} INFO - DAG(s) dict_keys(['example_time_delta_sensor_async']) retrieved from /home/mirukulla/.local/lib/python3.10/site-packages/airflow/example_dags/example_time_delta_sensor_async.py
[2024-01-19T19:39:52.866-0800] {logging_mixin.py:137} INFO - [2024-01-19T19:39:52.865-0800] {dag.py:2705} INFO - Sync 1 DAGs
[2024-01-19T19:39:52.885-0800] {logging_mixin.py:137} INFO - [2024-01-19T19:39:52.885-0800] {dag.py:3452} INFO - Setting next_dagrun for example_time_delta_sensor_async to None, run_after=None
[2024-01-19T19:39:52.919-0800] {processor.py:175} INFO - Processing /home/mirukulla/.local/lib/python3.10/site-packages/airflow/example_dags/example_time_delta_sensor_async.py took 0.098 seconds
[2024-01-19T19:40:38.974-0800] {processor.py:153} INFO - Started process (PID=10847) to work on /home/mirukulla/.local/lib/python3.10/site-packages/airflow/example_dags/example_time_delta_sensor_async.py
[2024-01-19T19:40:39.005-0800] {processor.py:743} INFO - Processing file /home/mirukulla/.local/lib/python3.10/site-packages/airflow/example_dags/example_time_delta_sensor_async.py for tasks to queue
[2024-01-19T19:40:39.006-0800] {logging_mixin.py:137} INFO - [2024-01-19T19:40:39.006-0800] {dagbag.py:532} INFO - Filling up the DagBag from /home/mirukulla/.local/lib/python3.10/site-packages/airflow/example_dags/example_time_delta_sensor_async.py
[2024-01-19T19:40:39.024-0800] {processor.py:753} INFO - DAG(s) dict_keys(['example_time_delta_sensor_async']) retrieved from /home/mirukulla/.local/lib/python3.10/site-packages/airflow/example_dags/example_time_delta_sensor_async.py
[2024-01-19T19:40:39.044-0800] {logging_mixin.py:137} INFO - [2024-01-19T19:40:39.044-0800] {dag.py:2705} INFO - Sync 1 DAGs
[2024-01-19T19:40:39.062-0800] {logging_mixin.py:137} INFO - [2024-01-19T19:40:39.062-0800] {dag.py:3452} INFO - Setting next_dagrun for example_time_delta_sensor_async to None, run_after=None
[2024-01-19T19:40:39.090-0800] {processor.py:175} INFO - Processing /home/mirukulla/.local/lib/python3.10/site-packages/airflow/example_dags/example_time_delta_sensor_async.py took 0.121 seconds
[2024-01-19T19:41:14.572-0800] {processor.py:153} INFO - Started process (PID=10879) to work on /home/mirukulla/.local/lib/python3.10/site-packages/airflow/example_dags/example_time_delta_sensor_async.py
[2024-01-19T19:41:14.603-0800] {processor.py:743} INFO - Processing file /home/mirukulla/.local/lib/python3.10/site-packages/airflow/example_dags/example_time_delta_sensor_async.py for tasks to queue
[2024-01-19T19:41:14.604-0800] {logging_mixin.py:137} INFO - [2024-01-19T19:41:14.604-0800] {dagbag.py:532} INFO - Filling up the DagBag from /home/mirukulla/.local/lib/python3.10/site-packages/airflow/example_dags/example_time_delta_sensor_async.py
[2024-01-19T19:41:14.621-0800] {processor.py:753} INFO - DAG(s) dict_keys(['example_time_delta_sensor_async']) retrieved from /home/mirukulla/.local/lib/python3.10/site-packages/airflow/example_dags/example_time_delta_sensor_async.py
[2024-01-19T19:41:14.648-0800] {logging_mixin.py:137} INFO - [2024-01-19T19:41:14.648-0800] {dag.py:2705} INFO - Sync 1 DAGs
[2024-01-19T19:41:14.685-0800] {logging_mixin.py:137} INFO - [2024-01-19T19:41:14.685-0800] {dag.py:3452} INFO - Setting next_dagrun for example_time_delta_sensor_async to None, run_after=None
[2024-01-19T19:41:14.716-0800] {processor.py:175} INFO - Processing /home/mirukulla/.local/lib/python3.10/site-packages/airflow/example_dags/example_time_delta_sensor_async.py took 0.148 seconds
[2024-01-19T19:41:52.754-0800] {processor.py:153} INFO - Started process (PID=10912) to work on /home/mirukulla/.local/lib/python3.10/site-packages/airflow/example_dags/example_time_delta_sensor_async.py
[2024-01-19T19:41:52.783-0800] {processor.py:743} INFO - Processing file /home/mirukulla/.local/lib/python3.10/site-packages/airflow/example_dags/example_time_delta_sensor_async.py for tasks to queue
[2024-01-19T19:41:52.784-0800] {logging_mixin.py:137} INFO - [2024-01-19T19:41:52.784-0800] {dagbag.py:532} INFO - Filling up the DagBag from /home/mirukulla/.local/lib/python3.10/site-packages/airflow/example_dags/example_time_delta_sensor_async.py
[2024-01-19T19:41:52.803-0800] {processor.py:753} INFO - DAG(s) dict_keys(['example_time_delta_sensor_async']) retrieved from /home/mirukulla/.local/lib/python3.10/site-packages/airflow/example_dags/example_time_delta_sensor_async.py
[2024-01-19T19:41:52.829-0800] {logging_mixin.py:137} INFO - [2024-01-19T19:41:52.829-0800] {dag.py:2705} INFO - Sync 1 DAGs
[2024-01-19T19:41:52.855-0800] {logging_mixin.py:137} INFO - [2024-01-19T19:41:52.855-0800] {dag.py:3452} INFO - Setting next_dagrun for example_time_delta_sensor_async to None, run_after=None
[2024-01-19T19:41:52.892-0800] {processor.py:175} INFO - Processing /home/mirukulla/.local/lib/python3.10/site-packages/airflow/example_dags/example_time_delta_sensor_async.py took 0.141 seconds
[2024-01-19T19:42:34.151-0800] {processor.py:153} INFO - Started process (PID=10946) to work on /home/mirukulla/.local/lib/python3.10/site-packages/airflow/example_dags/example_time_delta_sensor_async.py
[2024-01-19T19:42:34.155-0800] {processor.py:743} INFO - Processing file /home/mirukulla/.local/lib/python3.10/site-packages/airflow/example_dags/example_time_delta_sensor_async.py for tasks to queue
[2024-01-19T19:42:34.157-0800] {logging_mixin.py:137} INFO - [2024-01-19T19:42:34.156-0800] {dagbag.py:532} INFO - Filling up the DagBag from /home/mirukulla/.local/lib/python3.10/site-packages/airflow/example_dags/example_time_delta_sensor_async.py
[2024-01-19T19:42:34.234-0800] {processor.py:753} INFO - DAG(s) dict_keys(['example_time_delta_sensor_async']) retrieved from /home/mirukulla/.local/lib/python3.10/site-packages/airflow/example_dags/example_time_delta_sensor_async.py
[2024-01-19T19:42:34.390-0800] {logging_mixin.py:137} INFO - [2024-01-19T19:42:34.388-0800] {dag.py:2705} INFO - Sync 1 DAGs
[2024-01-19T19:42:34.492-0800] {logging_mixin.py:137} INFO - [2024-01-19T19:42:34.492-0800] {dag.py:3452} INFO - Setting next_dagrun for example_time_delta_sensor_async to None, run_after=None
[2024-01-19T19:42:34.613-0800] {processor.py:175} INFO - Processing /home/mirukulla/.local/lib/python3.10/site-packages/airflow/example_dags/example_time_delta_sensor_async.py took 0.474 seconds
[2024-01-19T19:43:16.184-0800] {processor.py:153} INFO - Started process (PID=10981) to work on /home/mirukulla/.local/lib/python3.10/site-packages/airflow/example_dags/example_time_delta_sensor_async.py
[2024-01-19T19:43:16.223-0800] {processor.py:743} INFO - Processing file /home/mirukulla/.local/lib/python3.10/site-packages/airflow/example_dags/example_time_delta_sensor_async.py for tasks to queue
[2024-01-19T19:43:16.224-0800] {logging_mixin.py:137} INFO - [2024-01-19T19:43:16.224-0800] {dagbag.py:532} INFO - Filling up the DagBag from /home/mirukulla/.local/lib/python3.10/site-packages/airflow/example_dags/example_time_delta_sensor_async.py
[2024-01-19T19:43:16.270-0800] {processor.py:753} INFO - DAG(s) dict_keys(['example_time_delta_sensor_async']) retrieved from /home/mirukulla/.local/lib/python3.10/site-packages/airflow/example_dags/example_time_delta_sensor_async.py
[2024-01-19T19:43:16.333-0800] {logging_mixin.py:137} INFO - [2024-01-19T19:43:16.333-0800] {dag.py:2705} INFO - Sync 1 DAGs
[2024-01-19T19:43:16.361-0800] {logging_mixin.py:137} INFO - [2024-01-19T19:43:16.360-0800] {dag.py:3452} INFO - Setting next_dagrun for example_time_delta_sensor_async to None, run_after=None
[2024-01-19T19:43:16.393-0800] {processor.py:175} INFO - Processing /home/mirukulla/.local/lib/python3.10/site-packages/airflow/example_dags/example_time_delta_sensor_async.py took 0.215 seconds
[2024-01-19T19:43:58.053-0800] {processor.py:153} INFO - Started process (PID=11015) to work on /home/mirukulla/.local/lib/python3.10/site-packages/airflow/example_dags/example_time_delta_sensor_async.py
[2024-01-19T19:43:58.055-0800] {processor.py:743} INFO - Processing file /home/mirukulla/.local/lib/python3.10/site-packages/airflow/example_dags/example_time_delta_sensor_async.py for tasks to queue
[2024-01-19T19:43:58.057-0800] {logging_mixin.py:137} INFO - [2024-01-19T19:43:58.056-0800] {dagbag.py:532} INFO - Filling up the DagBag from /home/mirukulla/.local/lib/python3.10/site-packages/airflow/example_dags/example_time_delta_sensor_async.py
[2024-01-19T19:43:58.080-0800] {processor.py:753} INFO - DAG(s) dict_keys(['example_time_delta_sensor_async']) retrieved from /home/mirukulla/.local/lib/python3.10/site-packages/airflow/example_dags/example_time_delta_sensor_async.py
[2024-01-19T19:43:58.117-0800] {logging_mixin.py:137} INFO - [2024-01-19T19:43:58.117-0800] {dag.py:2705} INFO - Sync 1 DAGs
[2024-01-19T19:43:58.158-0800] {logging_mixin.py:137} INFO - [2024-01-19T19:43:58.157-0800] {dag.py:3452} INFO - Setting next_dagrun for example_time_delta_sensor_async to None, run_after=None
[2024-01-19T19:43:58.211-0800] {processor.py:175} INFO - Processing /home/mirukulla/.local/lib/python3.10/site-packages/airflow/example_dags/example_time_delta_sensor_async.py took 0.162 seconds
[2024-01-19T19:44:39.171-0800] {processor.py:153} INFO - Started process (PID=11054) to work on /home/mirukulla/.local/lib/python3.10/site-packages/airflow/example_dags/example_time_delta_sensor_async.py
[2024-01-19T19:44:39.172-0800] {processor.py:743} INFO - Processing file /home/mirukulla/.local/lib/python3.10/site-packages/airflow/example_dags/example_time_delta_sensor_async.py for tasks to queue
[2024-01-19T19:44:39.173-0800] {logging_mixin.py:137} INFO - [2024-01-19T19:44:39.173-0800] {dagbag.py:532} INFO - Filling up the DagBag from /home/mirukulla/.local/lib/python3.10/site-packages/airflow/example_dags/example_time_delta_sensor_async.py
[2024-01-19T19:44:39.184-0800] {processor.py:753} INFO - DAG(s) dict_keys(['example_time_delta_sensor_async']) retrieved from /home/mirukulla/.local/lib/python3.10/site-packages/airflow/example_dags/example_time_delta_sensor_async.py
[2024-01-19T19:44:39.209-0800] {logging_mixin.py:137} INFO - [2024-01-19T19:44:39.209-0800] {dag.py:2705} INFO - Sync 1 DAGs
[2024-01-19T19:44:39.237-0800] {logging_mixin.py:137} INFO - [2024-01-19T19:44:39.237-0800] {dag.py:3452} INFO - Setting next_dagrun for example_time_delta_sensor_async to None, run_after=None
[2024-01-19T19:44:39.273-0800] {processor.py:175} INFO - Processing /home/mirukulla/.local/lib/python3.10/site-packages/airflow/example_dags/example_time_delta_sensor_async.py took 0.105 seconds
[2024-01-19T19:45:23.142-0800] {processor.py:153} INFO - Started process (PID=11095) to work on /home/mirukulla/.local/lib/python3.10/site-packages/airflow/example_dags/example_time_delta_sensor_async.py
[2024-01-19T19:45:23.145-0800] {processor.py:743} INFO - Processing file /home/mirukulla/.local/lib/python3.10/site-packages/airflow/example_dags/example_time_delta_sensor_async.py for tasks to queue
[2024-01-19T19:45:23.146-0800] {logging_mixin.py:137} INFO - [2024-01-19T19:45:23.146-0800] {dagbag.py:532} INFO - Filling up the DagBag from /home/mirukulla/.local/lib/python3.10/site-packages/airflow/example_dags/example_time_delta_sensor_async.py
[2024-01-19T19:45:23.172-0800] {processor.py:753} INFO - DAG(s) dict_keys(['example_time_delta_sensor_async']) retrieved from /home/mirukulla/.local/lib/python3.10/site-packages/airflow/example_dags/example_time_delta_sensor_async.py
[2024-01-19T19:45:23.199-0800] {logging_mixin.py:137} INFO - [2024-01-19T19:45:23.199-0800] {dag.py:2705} INFO - Sync 1 DAGs
[2024-01-19T19:45:23.227-0800] {logging_mixin.py:137} INFO - [2024-01-19T19:45:23.227-0800] {dag.py:3452} INFO - Setting next_dagrun for example_time_delta_sensor_async to None, run_after=None
[2024-01-19T19:45:23.266-0800] {processor.py:175} INFO - Processing /home/mirukulla/.local/lib/python3.10/site-packages/airflow/example_dags/example_time_delta_sensor_async.py took 0.130 seconds
[2024-01-19T19:46:21.885-0800] {processor.py:153} INFO - Started process (PID=11138) to work on /home/mirukulla/.local/lib/python3.10/site-packages/airflow/example_dags/example_time_delta_sensor_async.py
[2024-01-19T19:46:21.906-0800] {processor.py:743} INFO - Processing file /home/mirukulla/.local/lib/python3.10/site-packages/airflow/example_dags/example_time_delta_sensor_async.py for tasks to queue
[2024-01-19T19:46:21.906-0800] {logging_mixin.py:137} INFO - [2024-01-19T19:46:21.906-0800] {dagbag.py:532} INFO - Filling up the DagBag from /home/mirukulla/.local/lib/python3.10/site-packages/airflow/example_dags/example_time_delta_sensor_async.py
[2024-01-19T19:46:21.920-0800] {processor.py:753} INFO - DAG(s) dict_keys(['example_time_delta_sensor_async']) retrieved from /home/mirukulla/.local/lib/python3.10/site-packages/airflow/example_dags/example_time_delta_sensor_async.py
[2024-01-19T19:46:21.940-0800] {logging_mixin.py:137} INFO - [2024-01-19T19:46:21.940-0800] {dag.py:2705} INFO - Sync 1 DAGs
[2024-01-19T19:46:21.960-0800] {logging_mixin.py:137} INFO - [2024-01-19T19:46:21.960-0800] {dag.py:3452} INFO - Setting next_dagrun for example_time_delta_sensor_async to None, run_after=None
[2024-01-19T19:46:21.993-0800] {processor.py:175} INFO - Processing /home/mirukulla/.local/lib/python3.10/site-packages/airflow/example_dags/example_time_delta_sensor_async.py took 0.113 seconds
[2024-01-19T19:47:09.142-0800] {processor.py:153} INFO - Started process (PID=11181) to work on /home/mirukulla/.local/lib/python3.10/site-packages/airflow/example_dags/example_time_delta_sensor_async.py
[2024-01-19T19:47:09.182-0800] {processor.py:743} INFO - Processing file /home/mirukulla/.local/lib/python3.10/site-packages/airflow/example_dags/example_time_delta_sensor_async.py for tasks to queue
[2024-01-19T19:47:09.183-0800] {logging_mixin.py:137} INFO - [2024-01-19T19:47:09.182-0800] {dagbag.py:532} INFO - Filling up the DagBag from /home/mirukulla/.local/lib/python3.10/site-packages/airflow/example_dags/example_time_delta_sensor_async.py
[2024-01-19T19:47:09.197-0800] {processor.py:753} INFO - DAG(s) dict_keys(['example_time_delta_sensor_async']) retrieved from /home/mirukulla/.local/lib/python3.10/site-packages/airflow/example_dags/example_time_delta_sensor_async.py
[2024-01-19T19:47:09.215-0800] {logging_mixin.py:137} INFO - [2024-01-19T19:47:09.215-0800] {dag.py:2705} INFO - Sync 1 DAGs
[2024-01-19T19:47:09.236-0800] {logging_mixin.py:137} INFO - [2024-01-19T19:47:09.236-0800] {dag.py:3452} INFO - Setting next_dagrun for example_time_delta_sensor_async to None, run_after=None
[2024-01-19T19:47:09.266-0800] {processor.py:175} INFO - Processing /home/mirukulla/.local/lib/python3.10/site-packages/airflow/example_dags/example_time_delta_sensor_async.py took 0.128 seconds
[2024-01-19T19:47:53.578-0800] {processor.py:153} INFO - Started process (PID=11223) to work on /home/mirukulla/.local/lib/python3.10/site-packages/airflow/example_dags/example_time_delta_sensor_async.py
[2024-01-19T19:47:53.580-0800] {processor.py:743} INFO - Processing file /home/mirukulla/.local/lib/python3.10/site-packages/airflow/example_dags/example_time_delta_sensor_async.py for tasks to queue
[2024-01-19T19:47:53.581-0800] {logging_mixin.py:137} INFO - [2024-01-19T19:47:53.581-0800] {dagbag.py:532} INFO - Filling up the DagBag from /home/mirukulla/.local/lib/python3.10/site-packages/airflow/example_dags/example_time_delta_sensor_async.py
[2024-01-19T19:47:53.610-0800] {processor.py:753} INFO - DAG(s) dict_keys(['example_time_delta_sensor_async']) retrieved from /home/mirukulla/.local/lib/python3.10/site-packages/airflow/example_dags/example_time_delta_sensor_async.py
[2024-01-19T19:47:53.646-0800] {logging_mixin.py:137} INFO - [2024-01-19T19:47:53.646-0800] {dag.py:2705} INFO - Sync 1 DAGs
[2024-01-19T19:47:53.682-0800] {logging_mixin.py:137} INFO - [2024-01-19T19:47:53.682-0800] {dag.py:3452} INFO - Setting next_dagrun for example_time_delta_sensor_async to None, run_after=None
[2024-01-19T19:47:53.747-0800] {processor.py:175} INFO - Processing /home/mirukulla/.local/lib/python3.10/site-packages/airflow/example_dags/example_time_delta_sensor_async.py took 0.175 seconds
[2024-01-19T19:48:31.492-0800] {processor.py:153} INFO - Started process (PID=11254) to work on /home/mirukulla/.local/lib/python3.10/site-packages/airflow/example_dags/example_time_delta_sensor_async.py
[2024-01-19T19:48:31.494-0800] {processor.py:743} INFO - Processing file /home/mirukulla/.local/lib/python3.10/site-packages/airflow/example_dags/example_time_delta_sensor_async.py for tasks to queue
[2024-01-19T19:48:31.495-0800] {logging_mixin.py:137} INFO - [2024-01-19T19:48:31.495-0800] {dagbag.py:532} INFO - Filling up the DagBag from /home/mirukulla/.local/lib/python3.10/site-packages/airflow/example_dags/example_time_delta_sensor_async.py
[2024-01-19T19:48:31.516-0800] {processor.py:753} INFO - DAG(s) dict_keys(['example_time_delta_sensor_async']) retrieved from /home/mirukulla/.local/lib/python3.10/site-packages/airflow/example_dags/example_time_delta_sensor_async.py
[2024-01-19T19:48:31.550-0800] {logging_mixin.py:137} INFO - [2024-01-19T19:48:31.550-0800] {dag.py:2705} INFO - Sync 1 DAGs
[2024-01-19T19:48:31.586-0800] {logging_mixin.py:137} INFO - [2024-01-19T19:48:31.586-0800] {dag.py:3452} INFO - Setting next_dagrun for example_time_delta_sensor_async to None, run_after=None
[2024-01-19T19:48:31.631-0800] {processor.py:175} INFO - Processing /home/mirukulla/.local/lib/python3.10/site-packages/airflow/example_dags/example_time_delta_sensor_async.py took 0.145 seconds
