[2024-01-19T19:38:01.662-0800] {processor.py:153} INFO - Started process (PID=10654) to work on /home/mirukulla/.local/lib/python3.10/site-packages/airflow/example_dags/example_branch_day_of_week_operator.py
[2024-01-19T19:38:01.662-0800] {processor.py:743} INFO - Processing file /home/mirukulla/.local/lib/python3.10/site-packages/airflow/example_dags/example_branch_day_of_week_operator.py for tasks to queue
[2024-01-19T19:38:01.663-0800] {logging_mixin.py:137} INFO - [2024-01-19T19:38:01.663-0800] {dagbag.py:532} INFO - Filling up the DagBag from /home/mirukulla/.local/lib/python3.10/site-packages/airflow/example_dags/example_branch_day_of_week_operator.py
[2024-01-19T19:38:01.678-0800] {processor.py:753} INFO - DAG(s) dict_keys(['example_weekday_branch_operator']) retrieved from /home/mirukulla/.local/lib/python3.10/site-packages/airflow/example_dags/example_branch_day_of_week_operator.py
[2024-01-19T19:38:01.804-0800] {logging_mixin.py:137} INFO - [2024-01-19T19:38:01.804-0800] {manager.py:504} INFO - Created Permission View: can delete on DAG:example_weekday_branch_operator
[2024-01-19T19:38:01.822-0800] {logging_mixin.py:137} INFO - [2024-01-19T19:38:01.822-0800] {manager.py:504} INFO - Created Permission View: can edit on DAG:example_weekday_branch_operator
[2024-01-19T19:38:01.838-0800] {logging_mixin.py:137} INFO - [2024-01-19T19:38:01.838-0800] {manager.py:504} INFO - Created Permission View: can read on DAG:example_weekday_branch_operator
[2024-01-19T19:38:01.838-0800] {logging_mixin.py:137} INFO - [2024-01-19T19:38:01.838-0800] {dag.py:2705} INFO - Sync 1 DAGs
[2024-01-19T19:38:01.852-0800] {logging_mixin.py:137} INFO - [2024-01-19T19:38:01.852-0800] {dag.py:2726} INFO - Creating ORM DAG for example_weekday_branch_operator
[2024-01-19T19:38:01.861-0800] {logging_mixin.py:137} INFO - [2024-01-19T19:38:01.861-0800] {dag.py:3452} INFO - Setting next_dagrun for example_weekday_branch_operator to 2024-01-19T00:00:00+00:00, run_after=2024-01-20T00:00:00+00:00
[2024-01-19T19:38:01.895-0800] {processor.py:175} INFO - Processing /home/mirukulla/.local/lib/python3.10/site-packages/airflow/example_dags/example_branch_day_of_week_operator.py took 0.236 seconds
[2024-01-19T19:38:48.004-0800] {processor.py:153} INFO - Started process (PID=10721) to work on /home/mirukulla/.local/lib/python3.10/site-packages/airflow/example_dags/example_branch_day_of_week_operator.py
[2024-01-19T19:38:48.006-0800] {processor.py:743} INFO - Processing file /home/mirukulla/.local/lib/python3.10/site-packages/airflow/example_dags/example_branch_day_of_week_operator.py for tasks to queue
[2024-01-19T19:38:48.007-0800] {logging_mixin.py:137} INFO - [2024-01-19T19:38:48.007-0800] {dagbag.py:532} INFO - Filling up the DagBag from /home/mirukulla/.local/lib/python3.10/site-packages/airflow/example_dags/example_branch_day_of_week_operator.py
[2024-01-19T19:38:48.024-0800] {processor.py:753} INFO - DAG(s) dict_keys(['example_weekday_branch_operator']) retrieved from /home/mirukulla/.local/lib/python3.10/site-packages/airflow/example_dags/example_branch_day_of_week_operator.py
[2024-01-19T19:38:48.042-0800] {logging_mixin.py:137} INFO - [2024-01-19T19:38:48.042-0800] {dag.py:2705} INFO - Sync 1 DAGs
[2024-01-19T19:38:48.058-0800] {logging_mixin.py:137} INFO - [2024-01-19T19:38:48.058-0800] {dag.py:3452} INFO - Setting next_dagrun for example_weekday_branch_operator to 2024-01-19T00:00:00+00:00, run_after=2024-01-20T00:00:00+00:00
[2024-01-19T19:38:48.083-0800] {processor.py:175} INFO - Processing /home/mirukulla/.local/lib/python3.10/site-packages/airflow/example_dags/example_branch_day_of_week_operator.py took 0.083 seconds
[2024-01-19T19:39:32.444-0800] {processor.py:153} INFO - Started process (PID=10781) to work on /home/mirukulla/.local/lib/python3.10/site-packages/airflow/example_dags/example_branch_day_of_week_operator.py
[2024-01-19T19:39:32.445-0800] {processor.py:743} INFO - Processing file /home/mirukulla/.local/lib/python3.10/site-packages/airflow/example_dags/example_branch_day_of_week_operator.py for tasks to queue
[2024-01-19T19:39:32.446-0800] {logging_mixin.py:137} INFO - [2024-01-19T19:39:32.445-0800] {dagbag.py:532} INFO - Filling up the DagBag from /home/mirukulla/.local/lib/python3.10/site-packages/airflow/example_dags/example_branch_day_of_week_operator.py
[2024-01-19T19:39:32.459-0800] {processor.py:753} INFO - DAG(s) dict_keys(['example_weekday_branch_operator']) retrieved from /home/mirukulla/.local/lib/python3.10/site-packages/airflow/example_dags/example_branch_day_of_week_operator.py
[2024-01-19T19:39:32.475-0800] {logging_mixin.py:137} INFO - [2024-01-19T19:39:32.475-0800] {dag.py:2705} INFO - Sync 1 DAGs
[2024-01-19T19:39:32.492-0800] {logging_mixin.py:137} INFO - [2024-01-19T19:39:32.492-0800] {dag.py:3452} INFO - Setting next_dagrun for example_weekday_branch_operator to 2024-01-19T00:00:00+00:00, run_after=2024-01-20T00:00:00+00:00
[2024-01-19T19:39:32.517-0800] {processor.py:175} INFO - Processing /home/mirukulla/.local/lib/python3.10/site-packages/airflow/example_dags/example_branch_day_of_week_operator.py took 0.076 seconds
[2024-01-19T19:40:20.063-0800] {processor.py:153} INFO - Started process (PID=10829) to work on /home/mirukulla/.local/lib/python3.10/site-packages/airflow/example_dags/example_branch_day_of_week_operator.py
[2024-01-19T19:40:20.064-0800] {processor.py:743} INFO - Processing file /home/mirukulla/.local/lib/python3.10/site-packages/airflow/example_dags/example_branch_day_of_week_operator.py for tasks to queue
[2024-01-19T19:40:20.065-0800] {logging_mixin.py:137} INFO - [2024-01-19T19:40:20.065-0800] {dagbag.py:532} INFO - Filling up the DagBag from /home/mirukulla/.local/lib/python3.10/site-packages/airflow/example_dags/example_branch_day_of_week_operator.py
[2024-01-19T19:40:20.096-0800] {processor.py:753} INFO - DAG(s) dict_keys(['example_weekday_branch_operator']) retrieved from /home/mirukulla/.local/lib/python3.10/site-packages/airflow/example_dags/example_branch_day_of_week_operator.py
[2024-01-19T19:40:20.132-0800] {logging_mixin.py:137} INFO - [2024-01-19T19:40:20.130-0800] {dag.py:2705} INFO - Sync 1 DAGs
[2024-01-19T19:40:20.163-0800] {logging_mixin.py:137} INFO - [2024-01-19T19:40:20.163-0800] {dag.py:3452} INFO - Setting next_dagrun for example_weekday_branch_operator to 2024-01-19T00:00:00+00:00, run_after=2024-01-20T00:00:00+00:00
[2024-01-19T19:40:20.230-0800] {processor.py:175} INFO - Processing /home/mirukulla/.local/lib/python3.10/site-packages/airflow/example_dags/example_branch_day_of_week_operator.py took 0.169 seconds
[2024-01-19T19:41:08.803-0800] {processor.py:153} INFO - Started process (PID=10873) to work on /home/mirukulla/.local/lib/python3.10/site-packages/airflow/example_dags/example_branch_day_of_week_operator.py
[2024-01-19T19:41:08.808-0800] {processor.py:743} INFO - Processing file /home/mirukulla/.local/lib/python3.10/site-packages/airflow/example_dags/example_branch_day_of_week_operator.py for tasks to queue
[2024-01-19T19:41:08.809-0800] {logging_mixin.py:137} INFO - [2024-01-19T19:41:08.809-0800] {dagbag.py:532} INFO - Filling up the DagBag from /home/mirukulla/.local/lib/python3.10/site-packages/airflow/example_dags/example_branch_day_of_week_operator.py
[2024-01-19T19:41:08.822-0800] {processor.py:753} INFO - DAG(s) dict_keys(['example_weekday_branch_operator']) retrieved from /home/mirukulla/.local/lib/python3.10/site-packages/airflow/example_dags/example_branch_day_of_week_operator.py
[2024-01-19T19:41:08.840-0800] {logging_mixin.py:137} INFO - [2024-01-19T19:41:08.840-0800] {dag.py:2705} INFO - Sync 1 DAGs
[2024-01-19T19:41:08.861-0800] {logging_mixin.py:137} INFO - [2024-01-19T19:41:08.861-0800] {dag.py:3452} INFO - Setting next_dagrun for example_weekday_branch_operator to 2024-01-19T00:00:00+00:00, run_after=2024-01-20T00:00:00+00:00
[2024-01-19T19:41:08.914-0800] {processor.py:175} INFO - Processing /home/mirukulla/.local/lib/python3.10/site-packages/airflow/example_dags/example_branch_day_of_week_operator.py took 0.114 seconds
[2024-01-19T19:42:05.958-0800] {processor.py:153} INFO - Started process (PID=10922) to work on /home/mirukulla/.local/lib/python3.10/site-packages/airflow/example_dags/example_branch_day_of_week_operator.py
[2024-01-19T19:42:05.978-0800] {processor.py:743} INFO - Processing file /home/mirukulla/.local/lib/python3.10/site-packages/airflow/example_dags/example_branch_day_of_week_operator.py for tasks to queue
[2024-01-19T19:42:05.981-0800] {logging_mixin.py:137} INFO - [2024-01-19T19:42:05.980-0800] {dagbag.py:532} INFO - Filling up the DagBag from /home/mirukulla/.local/lib/python3.10/site-packages/airflow/example_dags/example_branch_day_of_week_operator.py
[2024-01-19T19:42:06.012-0800] {processor.py:753} INFO - DAG(s) dict_keys(['example_weekday_branch_operator']) retrieved from /home/mirukulla/.local/lib/python3.10/site-packages/airflow/example_dags/example_branch_day_of_week_operator.py
[2024-01-19T19:42:06.049-0800] {logging_mixin.py:137} INFO - [2024-01-19T19:42:06.049-0800] {dag.py:2705} INFO - Sync 1 DAGs
[2024-01-19T19:42:06.099-0800] {logging_mixin.py:137} INFO - [2024-01-19T19:42:06.099-0800] {dag.py:3452} INFO - Setting next_dagrun for example_weekday_branch_operator to 2024-01-19T00:00:00+00:00, run_after=2024-01-20T00:00:00+00:00
[2024-01-19T19:42:06.168-0800] {processor.py:175} INFO - Processing /home/mirukulla/.local/lib/python3.10/site-packages/airflow/example_dags/example_branch_day_of_week_operator.py took 0.215 seconds
[2024-01-19T19:43:06.334-0800] {processor.py:153} INFO - Started process (PID=10972) to work on /home/mirukulla/.local/lib/python3.10/site-packages/airflow/example_dags/example_branch_day_of_week_operator.py
[2024-01-19T19:43:06.365-0800] {processor.py:743} INFO - Processing file /home/mirukulla/.local/lib/python3.10/site-packages/airflow/example_dags/example_branch_day_of_week_operator.py for tasks to queue
[2024-01-19T19:43:06.366-0800] {logging_mixin.py:137} INFO - [2024-01-19T19:43:06.366-0800] {dagbag.py:532} INFO - Filling up the DagBag from /home/mirukulla/.local/lib/python3.10/site-packages/airflow/example_dags/example_branch_day_of_week_operator.py
[2024-01-19T19:43:06.393-0800] {processor.py:753} INFO - DAG(s) dict_keys(['example_weekday_branch_operator']) retrieved from /home/mirukulla/.local/lib/python3.10/site-packages/airflow/example_dags/example_branch_day_of_week_operator.py
[2024-01-19T19:43:06.421-0800] {logging_mixin.py:137} INFO - [2024-01-19T19:43:06.421-0800] {dag.py:2705} INFO - Sync 1 DAGs
[2024-01-19T19:43:06.453-0800] {logging_mixin.py:137} INFO - [2024-01-19T19:43:06.453-0800] {dag.py:3452} INFO - Setting next_dagrun for example_weekday_branch_operator to 2024-01-19T00:00:00+00:00, run_after=2024-01-20T00:00:00+00:00
[2024-01-19T19:43:06.493-0800] {processor.py:175} INFO - Processing /home/mirukulla/.local/lib/python3.10/site-packages/airflow/example_dags/example_branch_day_of_week_operator.py took 0.163 seconds
[2024-01-19T19:44:08.631-0800] {processor.py:153} INFO - Started process (PID=11025) to work on /home/mirukulla/.local/lib/python3.10/site-packages/airflow/example_dags/example_branch_day_of_week_operator.py
[2024-01-19T19:44:08.633-0800] {processor.py:743} INFO - Processing file /home/mirukulla/.local/lib/python3.10/site-packages/airflow/example_dags/example_branch_day_of_week_operator.py for tasks to queue
[2024-01-19T19:44:08.635-0800] {logging_mixin.py:137} INFO - [2024-01-19T19:44:08.635-0800] {dagbag.py:532} INFO - Filling up the DagBag from /home/mirukulla/.local/lib/python3.10/site-packages/airflow/example_dags/example_branch_day_of_week_operator.py
[2024-01-19T19:44:08.664-0800] {processor.py:753} INFO - DAG(s) dict_keys(['example_weekday_branch_operator']) retrieved from /home/mirukulla/.local/lib/python3.10/site-packages/airflow/example_dags/example_branch_day_of_week_operator.py
[2024-01-19T19:44:08.717-0800] {logging_mixin.py:137} INFO - [2024-01-19T19:44:08.716-0800] {dag.py:2705} INFO - Sync 1 DAGs
[2024-01-19T19:44:08.757-0800] {logging_mixin.py:137} INFO - [2024-01-19T19:44:08.757-0800] {dag.py:3452} INFO - Setting next_dagrun for example_weekday_branch_operator to 2024-01-19T00:00:00+00:00, run_after=2024-01-20T00:00:00+00:00
[2024-01-19T19:44:08.802-0800] {processor.py:175} INFO - Processing /home/mirukulla/.local/lib/python3.10/site-packages/airflow/example_dags/example_branch_day_of_week_operator.py took 0.175 seconds
[2024-01-19T19:44:58.268-0800] {processor.py:153} INFO - Started process (PID=11071) to work on /home/mirukulla/.local/lib/python3.10/site-packages/airflow/example_dags/example_branch_day_of_week_operator.py
[2024-01-19T19:44:58.294-0800] {processor.py:743} INFO - Processing file /home/mirukulla/.local/lib/python3.10/site-packages/airflow/example_dags/example_branch_day_of_week_operator.py for tasks to queue
[2024-01-19T19:44:58.295-0800] {logging_mixin.py:137} INFO - [2024-01-19T19:44:58.295-0800] {dagbag.py:532} INFO - Filling up the DagBag from /home/mirukulla/.local/lib/python3.10/site-packages/airflow/example_dags/example_branch_day_of_week_operator.py
[2024-01-19T19:44:58.329-0800] {processor.py:753} INFO - DAG(s) dict_keys(['example_weekday_branch_operator']) retrieved from /home/mirukulla/.local/lib/python3.10/site-packages/airflow/example_dags/example_branch_day_of_week_operator.py
[2024-01-19T19:44:58.363-0800] {logging_mixin.py:137} INFO - [2024-01-19T19:44:58.362-0800] {dag.py:2705} INFO - Sync 1 DAGs
[2024-01-19T19:44:58.386-0800] {logging_mixin.py:137} INFO - [2024-01-19T19:44:58.386-0800] {dag.py:3452} INFO - Setting next_dagrun for example_weekday_branch_operator to 2024-01-19T00:00:00+00:00, run_after=2024-01-20T00:00:00+00:00
[2024-01-19T19:44:58.415-0800] {processor.py:175} INFO - Processing /home/mirukulla/.local/lib/python3.10/site-packages/airflow/example_dags/example_branch_day_of_week_operator.py took 0.153 seconds
[2024-01-19T19:46:07.327-0800] {processor.py:153} INFO - Started process (PID=11124) to work on /home/mirukulla/.local/lib/python3.10/site-packages/airflow/example_dags/example_branch_day_of_week_operator.py
[2024-01-19T19:46:07.329-0800] {processor.py:743} INFO - Processing file /home/mirukulla/.local/lib/python3.10/site-packages/airflow/example_dags/example_branch_day_of_week_operator.py for tasks to queue
[2024-01-19T19:46:07.329-0800] {logging_mixin.py:137} INFO - [2024-01-19T19:46:07.329-0800] {dagbag.py:532} INFO - Filling up the DagBag from /home/mirukulla/.local/lib/python3.10/site-packages/airflow/example_dags/example_branch_day_of_week_operator.py
[2024-01-19T19:46:07.353-0800] {processor.py:753} INFO - DAG(s) dict_keys(['example_weekday_branch_operator']) retrieved from /home/mirukulla/.local/lib/python3.10/site-packages/airflow/example_dags/example_branch_day_of_week_operator.py
[2024-01-19T19:46:07.384-0800] {logging_mixin.py:137} INFO - [2024-01-19T19:46:07.383-0800] {dag.py:2705} INFO - Sync 1 DAGs
[2024-01-19T19:46:07.421-0800] {logging_mixin.py:137} INFO - [2024-01-19T19:46:07.421-0800] {dag.py:3452} INFO - Setting next_dagrun for example_weekday_branch_operator to 2024-01-19T00:00:00+00:00, run_after=2024-01-20T00:00:00+00:00
[2024-01-19T19:46:07.473-0800] {processor.py:175} INFO - Processing /home/mirukulla/.local/lib/python3.10/site-packages/airflow/example_dags/example_branch_day_of_week_operator.py took 0.151 seconds
[2024-01-19T19:46:56.934-0800] {processor.py:153} INFO - Started process (PID=11170) to work on /home/mirukulla/.local/lib/python3.10/site-packages/airflow/example_dags/example_branch_day_of_week_operator.py
[2024-01-19T19:46:56.962-0800] {processor.py:743} INFO - Processing file /home/mirukulla/.local/lib/python3.10/site-packages/airflow/example_dags/example_branch_day_of_week_operator.py for tasks to queue
[2024-01-19T19:46:56.962-0800] {logging_mixin.py:137} INFO - [2024-01-19T19:46:56.962-0800] {dagbag.py:532} INFO - Filling up the DagBag from /home/mirukulla/.local/lib/python3.10/site-packages/airflow/example_dags/example_branch_day_of_week_operator.py
[2024-01-19T19:46:56.980-0800] {processor.py:753} INFO - DAG(s) dict_keys(['example_weekday_branch_operator']) retrieved from /home/mirukulla/.local/lib/python3.10/site-packages/airflow/example_dags/example_branch_day_of_week_operator.py
[2024-01-19T19:46:57.007-0800] {logging_mixin.py:137} INFO - [2024-01-19T19:46:57.006-0800] {dag.py:2705} INFO - Sync 1 DAGs
[2024-01-19T19:46:57.030-0800] {logging_mixin.py:137} INFO - [2024-01-19T19:46:57.030-0800] {dag.py:3452} INFO - Setting next_dagrun for example_weekday_branch_operator to 2024-01-19T00:00:00+00:00, run_after=2024-01-20T00:00:00+00:00
[2024-01-19T19:46:57.063-0800] {processor.py:175} INFO - Processing /home/mirukulla/.local/lib/python3.10/site-packages/airflow/example_dags/example_branch_day_of_week_operator.py took 0.133 seconds
[2024-01-19T19:47:43.398-0800] {processor.py:153} INFO - Started process (PID=11214) to work on /home/mirukulla/.local/lib/python3.10/site-packages/airflow/example_dags/example_branch_day_of_week_operator.py
[2024-01-19T19:47:43.436-0800] {processor.py:743} INFO - Processing file /home/mirukulla/.local/lib/python3.10/site-packages/airflow/example_dags/example_branch_day_of_week_operator.py for tasks to queue
[2024-01-19T19:47:43.438-0800] {logging_mixin.py:137} INFO - [2024-01-19T19:47:43.438-0800] {dagbag.py:532} INFO - Filling up the DagBag from /home/mirukulla/.local/lib/python3.10/site-packages/airflow/example_dags/example_branch_day_of_week_operator.py
[2024-01-19T19:47:43.460-0800] {processor.py:753} INFO - DAG(s) dict_keys(['example_weekday_branch_operator']) retrieved from /home/mirukulla/.local/lib/python3.10/site-packages/airflow/example_dags/example_branch_day_of_week_operator.py
[2024-01-19T19:47:43.483-0800] {logging_mixin.py:137} INFO - [2024-01-19T19:47:43.482-0800] {dag.py:2705} INFO - Sync 1 DAGs
[2024-01-19T19:47:43.502-0800] {logging_mixin.py:137} INFO - [2024-01-19T19:47:43.502-0800] {dag.py:3452} INFO - Setting next_dagrun for example_weekday_branch_operator to 2024-01-19T00:00:00+00:00, run_after=2024-01-20T00:00:00+00:00
[2024-01-19T19:47:43.529-0800] {processor.py:175} INFO - Processing /home/mirukulla/.local/lib/python3.10/site-packages/airflow/example_dags/example_branch_day_of_week_operator.py took 0.136 seconds
