[2024-01-19T19:38:12.413-0800] {processor.py:153} INFO - Started process (PID=10686) to work on /home/mirukulla/.local/lib/python3.10/site-packages/airflow/example_dags/example_branch_operator_decorator.py
[2024-01-19T19:38:12.414-0800] {processor.py:743} INFO - Processing file /home/mirukulla/.local/lib/python3.10/site-packages/airflow/example_dags/example_branch_operator_decorator.py for tasks to queue
[2024-01-19T19:38:12.416-0800] {logging_mixin.py:137} INFO - [2024-01-19T19:38:12.415-0800] {dagbag.py:532} INFO - Filling up the DagBag from /home/mirukulla/.local/lib/python3.10/site-packages/airflow/example_dags/example_branch_operator_decorator.py
[2024-01-19T19:38:12.441-0800] {processor.py:753} INFO - DAG(s) dict_keys(['example_branch_python_operator_decorator']) retrieved from /home/mirukulla/.local/lib/python3.10/site-packages/airflow/example_dags/example_branch_operator_decorator.py
[2024-01-19T19:38:12.542-0800] {logging_mixin.py:137} INFO - [2024-01-19T19:38:12.542-0800] {manager.py:504} INFO - Created Permission View: can delete on DAG:example_branch_python_operator_decorator
[2024-01-19T19:38:12.562-0800] {logging_mixin.py:137} INFO - [2024-01-19T19:38:12.561-0800] {manager.py:504} INFO - Created Permission View: can edit on DAG:example_branch_python_operator_decorator
[2024-01-19T19:38:12.579-0800] {logging_mixin.py:137} INFO - [2024-01-19T19:38:12.578-0800] {manager.py:504} INFO - Created Permission View: can read on DAG:example_branch_python_operator_decorator
[2024-01-19T19:38:12.579-0800] {logging_mixin.py:137} INFO - [2024-01-19T19:38:12.579-0800] {dag.py:2705} INFO - Sync 1 DAGs
[2024-01-19T19:38:12.589-0800] {logging_mixin.py:137} INFO - [2024-01-19T19:38:12.589-0800] {dag.py:2726} INFO - Creating ORM DAG for example_branch_python_operator_decorator
[2024-01-19T19:38:12.597-0800] {logging_mixin.py:137} INFO - [2024-01-19T19:38:12.597-0800] {dag.py:3452} INFO - Setting next_dagrun for example_branch_python_operator_decorator to 2024-01-19T00:00:00+00:00, run_after=2024-01-20T00:00:00+00:00
[2024-01-19T19:38:12.633-0800] {processor.py:175} INFO - Processing /home/mirukulla/.local/lib/python3.10/site-packages/airflow/example_dags/example_branch_operator_decorator.py took 0.225 seconds
[2024-01-19T19:38:57.024-0800] {processor.py:153} INFO - Started process (PID=10739) to work on /home/mirukulla/.local/lib/python3.10/site-packages/airflow/example_dags/example_branch_operator_decorator.py
[2024-01-19T19:38:57.026-0800] {processor.py:743} INFO - Processing file /home/mirukulla/.local/lib/python3.10/site-packages/airflow/example_dags/example_branch_operator_decorator.py for tasks to queue
[2024-01-19T19:38:57.027-0800] {logging_mixin.py:137} INFO - [2024-01-19T19:38:57.026-0800] {dagbag.py:532} INFO - Filling up the DagBag from /home/mirukulla/.local/lib/python3.10/site-packages/airflow/example_dags/example_branch_operator_decorator.py
[2024-01-19T19:38:57.054-0800] {processor.py:753} INFO - DAG(s) dict_keys(['example_branch_python_operator_decorator']) retrieved from /home/mirukulla/.local/lib/python3.10/site-packages/airflow/example_dags/example_branch_operator_decorator.py
[2024-01-19T19:38:57.072-0800] {logging_mixin.py:137} INFO - [2024-01-19T19:38:57.072-0800] {dag.py:2705} INFO - Sync 1 DAGs
[2024-01-19T19:38:57.089-0800] {logging_mixin.py:137} INFO - [2024-01-19T19:38:57.089-0800] {dag.py:3452} INFO - Setting next_dagrun for example_branch_python_operator_decorator to 2024-01-19T00:00:00+00:00, run_after=2024-01-20T00:00:00+00:00
[2024-01-19T19:38:57.115-0800] {processor.py:175} INFO - Processing /home/mirukulla/.local/lib/python3.10/site-packages/airflow/example_dags/example_branch_operator_decorator.py took 0.095 seconds
[2024-01-19T19:39:43.772-0800] {processor.py:153} INFO - Started process (PID=10792) to work on /home/mirukulla/.local/lib/python3.10/site-packages/airflow/example_dags/example_branch_operator_decorator.py
[2024-01-19T19:39:43.774-0800] {processor.py:743} INFO - Processing file /home/mirukulla/.local/lib/python3.10/site-packages/airflow/example_dags/example_branch_operator_decorator.py for tasks to queue
[2024-01-19T19:39:43.775-0800] {logging_mixin.py:137} INFO - [2024-01-19T19:39:43.774-0800] {dagbag.py:532} INFO - Filling up the DagBag from /home/mirukulla/.local/lib/python3.10/site-packages/airflow/example_dags/example_branch_operator_decorator.py
[2024-01-19T19:39:43.827-0800] {processor.py:753} INFO - DAG(s) dict_keys(['example_branch_python_operator_decorator']) retrieved from /home/mirukulla/.local/lib/python3.10/site-packages/airflow/example_dags/example_branch_operator_decorator.py
[2024-01-19T19:39:43.979-0800] {logging_mixin.py:137} INFO - [2024-01-19T19:39:43.979-0800] {dag.py:2705} INFO - Sync 1 DAGs
[2024-01-19T19:39:44.051-0800] {logging_mixin.py:137} INFO - [2024-01-19T19:39:44.051-0800] {dag.py:3452} INFO - Setting next_dagrun for example_branch_python_operator_decorator to 2024-01-19T00:00:00+00:00, run_after=2024-01-20T00:00:00+00:00
[2024-01-19T19:39:44.130-0800] {processor.py:175} INFO - Processing /home/mirukulla/.local/lib/python3.10/site-packages/airflow/example_dags/example_branch_operator_decorator.py took 0.360 seconds
[2024-01-19T19:40:34.973-0800] {processor.py:153} INFO - Started process (PID=10843) to work on /home/mirukulla/.local/lib/python3.10/site-packages/airflow/example_dags/example_branch_operator_decorator.py
[2024-01-19T19:40:34.974-0800] {processor.py:743} INFO - Processing file /home/mirukulla/.local/lib/python3.10/site-packages/airflow/example_dags/example_branch_operator_decorator.py for tasks to queue
[2024-01-19T19:40:34.975-0800] {logging_mixin.py:137} INFO - [2024-01-19T19:40:34.975-0800] {dagbag.py:532} INFO - Filling up the DagBag from /home/mirukulla/.local/lib/python3.10/site-packages/airflow/example_dags/example_branch_operator_decorator.py
[2024-01-19T19:40:35.003-0800] {processor.py:753} INFO - DAG(s) dict_keys(['example_branch_python_operator_decorator']) retrieved from /home/mirukulla/.local/lib/python3.10/site-packages/airflow/example_dags/example_branch_operator_decorator.py
[2024-01-19T19:40:35.023-0800] {logging_mixin.py:137} INFO - [2024-01-19T19:40:35.023-0800] {dag.py:2705} INFO - Sync 1 DAGs
[2024-01-19T19:40:35.045-0800] {logging_mixin.py:137} INFO - [2024-01-19T19:40:35.045-0800] {dag.py:3452} INFO - Setting next_dagrun for example_branch_python_operator_decorator to 2024-01-19T00:00:00+00:00, run_after=2024-01-20T00:00:00+00:00
[2024-01-19T19:40:35.080-0800] {processor.py:175} INFO - Processing /home/mirukulla/.local/lib/python3.10/site-packages/airflow/example_dags/example_branch_operator_decorator.py took 0.111 seconds
[2024-01-19T19:41:26.735-0800] {processor.py:153} INFO - Started process (PID=10889) to work on /home/mirukulla/.local/lib/python3.10/site-packages/airflow/example_dags/example_branch_operator_decorator.py
[2024-01-19T19:41:26.737-0800] {processor.py:743} INFO - Processing file /home/mirukulla/.local/lib/python3.10/site-packages/airflow/example_dags/example_branch_operator_decorator.py for tasks to queue
[2024-01-19T19:41:26.738-0800] {logging_mixin.py:137} INFO - [2024-01-19T19:41:26.738-0800] {dagbag.py:532} INFO - Filling up the DagBag from /home/mirukulla/.local/lib/python3.10/site-packages/airflow/example_dags/example_branch_operator_decorator.py
[2024-01-19T19:41:26.771-0800] {processor.py:753} INFO - DAG(s) dict_keys(['example_branch_python_operator_decorator']) retrieved from /home/mirukulla/.local/lib/python3.10/site-packages/airflow/example_dags/example_branch_operator_decorator.py
[2024-01-19T19:41:26.797-0800] {logging_mixin.py:137} INFO - [2024-01-19T19:41:26.796-0800] {dag.py:2705} INFO - Sync 1 DAGs
[2024-01-19T19:41:26.821-0800] {logging_mixin.py:137} INFO - [2024-01-19T19:41:26.821-0800] {dag.py:3452} INFO - Setting next_dagrun for example_branch_python_operator_decorator to 2024-01-19T00:00:00+00:00, run_after=2024-01-20T00:00:00+00:00
[2024-01-19T19:41:26.855-0800] {processor.py:175} INFO - Processing /home/mirukulla/.local/lib/python3.10/site-packages/airflow/example_dags/example_branch_operator_decorator.py took 0.123 seconds
[2024-01-19T19:42:24.739-0800] {processor.py:153} INFO - Started process (PID=10939) to work on /home/mirukulla/.local/lib/python3.10/site-packages/airflow/example_dags/example_branch_operator_decorator.py
[2024-01-19T19:42:24.742-0800] {processor.py:743} INFO - Processing file /home/mirukulla/.local/lib/python3.10/site-packages/airflow/example_dags/example_branch_operator_decorator.py for tasks to queue
[2024-01-19T19:42:24.744-0800] {logging_mixin.py:137} INFO - [2024-01-19T19:42:24.744-0800] {dagbag.py:532} INFO - Filling up the DagBag from /home/mirukulla/.local/lib/python3.10/site-packages/airflow/example_dags/example_branch_operator_decorator.py
[2024-01-19T19:42:24.814-0800] {processor.py:753} INFO - DAG(s) dict_keys(['example_branch_python_operator_decorator']) retrieved from /home/mirukulla/.local/lib/python3.10/site-packages/airflow/example_dags/example_branch_operator_decorator.py
[2024-01-19T19:42:24.872-0800] {logging_mixin.py:137} INFO - [2024-01-19T19:42:24.872-0800] {dag.py:2705} INFO - Sync 1 DAGs
[2024-01-19T19:42:24.931-0800] {logging_mixin.py:137} INFO - [2024-01-19T19:42:24.931-0800] {dag.py:3452} INFO - Setting next_dagrun for example_branch_python_operator_decorator to 2024-01-19T00:00:00+00:00, run_after=2024-01-20T00:00:00+00:00
[2024-01-19T19:42:25.024-0800] {processor.py:175} INFO - Processing /home/mirukulla/.local/lib/python3.10/site-packages/airflow/example_dags/example_branch_operator_decorator.py took 0.292 seconds
[2024-01-19T19:43:26.576-0800] {processor.py:153} INFO - Started process (PID=10990) to work on /home/mirukulla/.local/lib/python3.10/site-packages/airflow/example_dags/example_branch_operator_decorator.py
[2024-01-19T19:43:26.579-0800] {processor.py:743} INFO - Processing file /home/mirukulla/.local/lib/python3.10/site-packages/airflow/example_dags/example_branch_operator_decorator.py for tasks to queue
[2024-01-19T19:43:26.580-0800] {logging_mixin.py:137} INFO - [2024-01-19T19:43:26.580-0800] {dagbag.py:532} INFO - Filling up the DagBag from /home/mirukulla/.local/lib/python3.10/site-packages/airflow/example_dags/example_branch_operator_decorator.py
[2024-01-19T19:43:26.626-0800] {processor.py:753} INFO - DAG(s) dict_keys(['example_branch_python_operator_decorator']) retrieved from /home/mirukulla/.local/lib/python3.10/site-packages/airflow/example_dags/example_branch_operator_decorator.py
[2024-01-19T19:43:26.651-0800] {logging_mixin.py:137} INFO - [2024-01-19T19:43:26.650-0800] {dag.py:2705} INFO - Sync 1 DAGs
[2024-01-19T19:43:26.675-0800] {logging_mixin.py:137} INFO - [2024-01-19T19:43:26.675-0800] {dag.py:3452} INFO - Setting next_dagrun for example_branch_python_operator_decorator to 2024-01-19T00:00:00+00:00, run_after=2024-01-20T00:00:00+00:00
[2024-01-19T19:43:26.718-0800] {processor.py:175} INFO - Processing /home/mirukulla/.local/lib/python3.10/site-packages/airflow/example_dags/example_branch_operator_decorator.py took 0.147 seconds
[2024-01-19T19:44:32.377-0800] {processor.py:153} INFO - Started process (PID=11047) to work on /home/mirukulla/.local/lib/python3.10/site-packages/airflow/example_dags/example_branch_operator_decorator.py
[2024-01-19T19:44:32.381-0800] {processor.py:743} INFO - Processing file /home/mirukulla/.local/lib/python3.10/site-packages/airflow/example_dags/example_branch_operator_decorator.py for tasks to queue
[2024-01-19T19:44:32.385-0800] {logging_mixin.py:137} INFO - [2024-01-19T19:44:32.384-0800] {dagbag.py:532} INFO - Filling up the DagBag from /home/mirukulla/.local/lib/python3.10/site-packages/airflow/example_dags/example_branch_operator_decorator.py
[2024-01-19T19:44:32.442-0800] {processor.py:753} INFO - DAG(s) dict_keys(['example_branch_python_operator_decorator']) retrieved from /home/mirukulla/.local/lib/python3.10/site-packages/airflow/example_dags/example_branch_operator_decorator.py
[2024-01-19T19:44:32.473-0800] {logging_mixin.py:137} INFO - [2024-01-19T19:44:32.472-0800] {dag.py:2705} INFO - Sync 1 DAGs
[2024-01-19T19:44:32.512-0800] {logging_mixin.py:137} INFO - [2024-01-19T19:44:32.512-0800] {dag.py:3452} INFO - Setting next_dagrun for example_branch_python_operator_decorator to 2024-01-19T00:00:00+00:00, run_after=2024-01-20T00:00:00+00:00
[2024-01-19T19:44:32.562-0800] {processor.py:175} INFO - Processing /home/mirukulla/.local/lib/python3.10/site-packages/airflow/example_dags/example_branch_operator_decorator.py took 0.192 seconds
[2024-01-19T19:45:16.689-0800] {processor.py:153} INFO - Started process (PID=11089) to work on /home/mirukulla/.local/lib/python3.10/site-packages/airflow/example_dags/example_branch_operator_decorator.py
[2024-01-19T19:45:16.691-0800] {processor.py:743} INFO - Processing file /home/mirukulla/.local/lib/python3.10/site-packages/airflow/example_dags/example_branch_operator_decorator.py for tasks to queue
[2024-01-19T19:45:16.691-0800] {logging_mixin.py:137} INFO - [2024-01-19T19:45:16.691-0800] {dagbag.py:532} INFO - Filling up the DagBag from /home/mirukulla/.local/lib/python3.10/site-packages/airflow/example_dags/example_branch_operator_decorator.py
[2024-01-19T19:45:16.721-0800] {processor.py:753} INFO - DAG(s) dict_keys(['example_branch_python_operator_decorator']) retrieved from /home/mirukulla/.local/lib/python3.10/site-packages/airflow/example_dags/example_branch_operator_decorator.py
[2024-01-19T19:45:16.741-0800] {logging_mixin.py:137} INFO - [2024-01-19T19:45:16.741-0800] {dag.py:2705} INFO - Sync 1 DAGs
[2024-01-19T19:45:16.764-0800] {logging_mixin.py:137} INFO - [2024-01-19T19:45:16.763-0800] {dag.py:3452} INFO - Setting next_dagrun for example_branch_python_operator_decorator to 2024-01-19T00:00:00+00:00, run_after=2024-01-20T00:00:00+00:00
[2024-01-19T19:45:16.794-0800] {processor.py:175} INFO - Processing /home/mirukulla/.local/lib/python3.10/site-packages/airflow/example_dags/example_branch_operator_decorator.py took 0.108 seconds
[2024-01-19T19:46:31.973-0800] {processor.py:153} INFO - Started process (PID=11147) to work on /home/mirukulla/.local/lib/python3.10/site-packages/airflow/example_dags/example_branch_operator_decorator.py
[2024-01-19T19:46:32.006-0800] {processor.py:743} INFO - Processing file /home/mirukulla/.local/lib/python3.10/site-packages/airflow/example_dags/example_branch_operator_decorator.py for tasks to queue
[2024-01-19T19:46:32.008-0800] {logging_mixin.py:137} INFO - [2024-01-19T19:46:32.007-0800] {dagbag.py:532} INFO - Filling up the DagBag from /home/mirukulla/.local/lib/python3.10/site-packages/airflow/example_dags/example_branch_operator_decorator.py
[2024-01-19T19:46:32.041-0800] {processor.py:753} INFO - DAG(s) dict_keys(['example_branch_python_operator_decorator']) retrieved from /home/mirukulla/.local/lib/python3.10/site-packages/airflow/example_dags/example_branch_operator_decorator.py
[2024-01-19T19:46:32.066-0800] {logging_mixin.py:137} INFO - [2024-01-19T19:46:32.066-0800] {dag.py:2705} INFO - Sync 1 DAGs
[2024-01-19T19:46:32.094-0800] {logging_mixin.py:137} INFO - [2024-01-19T19:46:32.094-0800] {dag.py:3452} INFO - Setting next_dagrun for example_branch_python_operator_decorator to 2024-01-19T00:00:00+00:00, run_after=2024-01-20T00:00:00+00:00
[2024-01-19T19:46:32.129-0800] {processor.py:175} INFO - Processing /home/mirukulla/.local/lib/python3.10/site-packages/airflow/example_dags/example_branch_operator_decorator.py took 0.160 seconds
[2024-01-19T19:47:20.611-0800] {processor.py:153} INFO - Started process (PID=11192) to work on /home/mirukulla/.local/lib/python3.10/site-packages/airflow/example_dags/example_branch_operator_decorator.py
[2024-01-19T19:47:20.647-0800] {processor.py:743} INFO - Processing file /home/mirukulla/.local/lib/python3.10/site-packages/airflow/example_dags/example_branch_operator_decorator.py for tasks to queue
[2024-01-19T19:47:20.648-0800] {logging_mixin.py:137} INFO - [2024-01-19T19:47:20.647-0800] {dagbag.py:532} INFO - Filling up the DagBag from /home/mirukulla/.local/lib/python3.10/site-packages/airflow/example_dags/example_branch_operator_decorator.py
[2024-01-19T19:47:20.698-0800] {processor.py:753} INFO - DAG(s) dict_keys(['example_branch_python_operator_decorator']) retrieved from /home/mirukulla/.local/lib/python3.10/site-packages/airflow/example_dags/example_branch_operator_decorator.py
[2024-01-19T19:47:20.721-0800] {logging_mixin.py:137} INFO - [2024-01-19T19:47:20.721-0800] {dag.py:2705} INFO - Sync 1 DAGs
[2024-01-19T19:47:20.756-0800] {logging_mixin.py:137} INFO - [2024-01-19T19:47:20.756-0800] {dag.py:3452} INFO - Setting next_dagrun for example_branch_python_operator_decorator to 2024-01-19T00:00:00+00:00, run_after=2024-01-20T00:00:00+00:00
[2024-01-19T19:47:20.792-0800] {processor.py:175} INFO - Processing /home/mirukulla/.local/lib/python3.10/site-packages/airflow/example_dags/example_branch_operator_decorator.py took 0.185 seconds
[2024-01-19T19:48:06.738-0800] {processor.py:153} INFO - Started process (PID=11234) to work on /home/mirukulla/.local/lib/python3.10/site-packages/airflow/example_dags/example_branch_operator_decorator.py
[2024-01-19T19:48:06.762-0800] {processor.py:743} INFO - Processing file /home/mirukulla/.local/lib/python3.10/site-packages/airflow/example_dags/example_branch_operator_decorator.py for tasks to queue
[2024-01-19T19:48:06.763-0800] {logging_mixin.py:137} INFO - [2024-01-19T19:48:06.763-0800] {dagbag.py:532} INFO - Filling up the DagBag from /home/mirukulla/.local/lib/python3.10/site-packages/airflow/example_dags/example_branch_operator_decorator.py
[2024-01-19T19:48:06.805-0800] {processor.py:753} INFO - DAG(s) dict_keys(['example_branch_python_operator_decorator']) retrieved from /home/mirukulla/.local/lib/python3.10/site-packages/airflow/example_dags/example_branch_operator_decorator.py
[2024-01-19T19:48:06.838-0800] {logging_mixin.py:137} INFO - [2024-01-19T19:48:06.838-0800] {dag.py:2705} INFO - Sync 1 DAGs
[2024-01-19T19:48:06.871-0800] {logging_mixin.py:137} INFO - [2024-01-19T19:48:06.871-0800] {dag.py:3452} INFO - Setting next_dagrun for example_branch_python_operator_decorator to 2024-01-19T00:00:00+00:00, run_after=2024-01-20T00:00:00+00:00
[2024-01-19T19:48:06.914-0800] {processor.py:175} INFO - Processing /home/mirukulla/.local/lib/python3.10/site-packages/airflow/example_dags/example_branch_operator_decorator.py took 0.181 seconds
