[2024-01-19T19:38:05.706-0800] {processor.py:153} INFO - Started process (PID=10673) to work on /home/mirukulla/.local/lib/python3.10/site-packages/airflow/example_dags/example_branch_datetime_operator.py
[2024-01-19T19:38:05.707-0800] {processor.py:743} INFO - Processing file /home/mirukulla/.local/lib/python3.10/site-packages/airflow/example_dags/example_branch_datetime_operator.py for tasks to queue
[2024-01-19T19:38:05.707-0800] {logging_mixin.py:137} INFO - [2024-01-19T19:38:05.707-0800] {dagbag.py:532} INFO - Filling up the DagBag from /home/mirukulla/.local/lib/python3.10/site-packages/airflow/example_dags/example_branch_datetime_operator.py
[2024-01-19T19:38:05.785-0800] {processor.py:753} INFO - DAG(s) dict_keys(['example_branch_datetime_operator_2', 'example_branch_datetime_operator', 'example_branch_datetime_operator_3']) retrieved from /home/mirukulla/.local/lib/python3.10/site-packages/airflow/example_dags/example_branch_datetime_operator.py
[2024-01-19T19:38:05.978-0800] {logging_mixin.py:137} INFO - [2024-01-19T19:38:05.978-0800] {manager.py:504} INFO - Created Permission View: can delete on DAG:example_branch_datetime_operator_2
[2024-01-19T19:38:05.995-0800] {logging_mixin.py:137} INFO - [2024-01-19T19:38:05.995-0800] {manager.py:504} INFO - Created Permission View: can edit on DAG:example_branch_datetime_operator_2
[2024-01-19T19:38:06.013-0800] {logging_mixin.py:137} INFO - [2024-01-19T19:38:06.013-0800] {manager.py:504} INFO - Created Permission View: can read on DAG:example_branch_datetime_operator_2
[2024-01-19T19:38:06.046-0800] {logging_mixin.py:137} INFO - [2024-01-19T19:38:06.046-0800] {manager.py:504} INFO - Created Permission View: can delete on DAG:example_branch_datetime_operator
[2024-01-19T19:38:06.062-0800] {logging_mixin.py:137} INFO - [2024-01-19T19:38:06.061-0800] {manager.py:504} INFO - Created Permission View: can edit on DAG:example_branch_datetime_operator
[2024-01-19T19:38:06.078-0800] {logging_mixin.py:137} INFO - [2024-01-19T19:38:06.078-0800] {manager.py:504} INFO - Created Permission View: can read on DAG:example_branch_datetime_operator
[2024-01-19T19:38:06.113-0800] {logging_mixin.py:137} INFO - [2024-01-19T19:38:06.112-0800] {manager.py:504} INFO - Created Permission View: can delete on DAG:example_branch_datetime_operator_3
[2024-01-19T19:38:06.129-0800] {logging_mixin.py:137} INFO - [2024-01-19T19:38:06.128-0800] {manager.py:504} INFO - Created Permission View: can edit on DAG:example_branch_datetime_operator_3
[2024-01-19T19:38:06.144-0800] {logging_mixin.py:137} INFO - [2024-01-19T19:38:06.144-0800] {manager.py:504} INFO - Created Permission View: can read on DAG:example_branch_datetime_operator_3
[2024-01-19T19:38:06.145-0800] {logging_mixin.py:137} INFO - [2024-01-19T19:38:06.145-0800] {dag.py:2705} INFO - Sync 3 DAGs
[2024-01-19T19:38:06.153-0800] {logging_mixin.py:137} INFO - [2024-01-19T19:38:06.153-0800] {dag.py:2726} INFO - Creating ORM DAG for example_branch_datetime_operator_3
[2024-01-19T19:38:06.154-0800] {logging_mixin.py:137} INFO - [2024-01-19T19:38:06.154-0800] {dag.py:2726} INFO - Creating ORM DAG for example_branch_datetime_operator
[2024-01-19T19:38:06.155-0800] {logging_mixin.py:137} INFO - [2024-01-19T19:38:06.154-0800] {dag.py:2726} INFO - Creating ORM DAG for example_branch_datetime_operator_2
[2024-01-19T19:38:06.185-0800] {logging_mixin.py:137} INFO - [2024-01-19T19:38:06.184-0800] {dag.py:3452} INFO - Setting next_dagrun for example_branch_datetime_operator to 2024-01-19T00:00:00+00:00, run_after=2024-01-20T00:00:00+00:00
[2024-01-19T19:38:06.187-0800] {logging_mixin.py:137} INFO - [2024-01-19T19:38:06.187-0800] {dag.py:3452} INFO - Setting next_dagrun for example_branch_datetime_operator_2 to 2024-01-19T00:00:00+00:00, run_after=2024-01-20T00:00:00+00:00
[2024-01-19T19:38:06.189-0800] {logging_mixin.py:137} INFO - [2024-01-19T19:38:06.189-0800] {dag.py:3452} INFO - Setting next_dagrun for example_branch_datetime_operator_3 to 2024-01-19T00:00:00+00:00, run_after=2024-01-20T00:00:00+00:00
[2024-01-19T19:38:06.220-0800] {processor.py:175} INFO - Processing /home/mirukulla/.local/lib/python3.10/site-packages/airflow/example_dags/example_branch_datetime_operator.py took 0.520 seconds
[2024-01-19T19:38:51.033-0800] {processor.py:153} INFO - Started process (PID=10724) to work on /home/mirukulla/.local/lib/python3.10/site-packages/airflow/example_dags/example_branch_datetime_operator.py
[2024-01-19T19:38:51.039-0800] {processor.py:743} INFO - Processing file /home/mirukulla/.local/lib/python3.10/site-packages/airflow/example_dags/example_branch_datetime_operator.py for tasks to queue
[2024-01-19T19:38:51.040-0800] {logging_mixin.py:137} INFO - [2024-01-19T19:38:51.040-0800] {dagbag.py:532} INFO - Filling up the DagBag from /home/mirukulla/.local/lib/python3.10/site-packages/airflow/example_dags/example_branch_datetime_operator.py
[2024-01-19T19:38:51.060-0800] {processor.py:753} INFO - DAG(s) dict_keys(['example_branch_datetime_operator_2', 'example_branch_datetime_operator_3', 'example_branch_datetime_operator']) retrieved from /home/mirukulla/.local/lib/python3.10/site-packages/airflow/example_dags/example_branch_datetime_operator.py
[2024-01-19T19:38:51.086-0800] {logging_mixin.py:137} INFO - [2024-01-19T19:38:51.085-0800] {dag.py:2705} INFO - Sync 3 DAGs
[2024-01-19T19:38:51.104-0800] {logging_mixin.py:137} INFO - [2024-01-19T19:38:51.103-0800] {dag.py:3452} INFO - Setting next_dagrun for example_branch_datetime_operator to 2024-01-19T00:00:00+00:00, run_after=2024-01-20T00:00:00+00:00
[2024-01-19T19:38:51.108-0800] {logging_mixin.py:137} INFO - [2024-01-19T19:38:51.107-0800] {dag.py:3452} INFO - Setting next_dagrun for example_branch_datetime_operator_2 to 2024-01-19T00:00:00+00:00, run_after=2024-01-20T00:00:00+00:00
[2024-01-19T19:38:51.109-0800] {logging_mixin.py:137} INFO - [2024-01-19T19:38:51.109-0800] {dag.py:3452} INFO - Setting next_dagrun for example_branch_datetime_operator_3 to 2024-01-19T00:00:00+00:00, run_after=2024-01-20T00:00:00+00:00
[2024-01-19T19:38:51.134-0800] {processor.py:175} INFO - Processing /home/mirukulla/.local/lib/python3.10/site-packages/airflow/example_dags/example_branch_datetime_operator.py took 0.106 seconds
[2024-01-19T19:39:35.313-0800] {processor.py:153} INFO - Started process (PID=10784) to work on /home/mirukulla/.local/lib/python3.10/site-packages/airflow/example_dags/example_branch_datetime_operator.py
[2024-01-19T19:39:35.357-0800] {processor.py:743} INFO - Processing file /home/mirukulla/.local/lib/python3.10/site-packages/airflow/example_dags/example_branch_datetime_operator.py for tasks to queue
[2024-01-19T19:39:35.358-0800] {logging_mixin.py:137} INFO - [2024-01-19T19:39:35.357-0800] {dagbag.py:532} INFO - Filling up the DagBag from /home/mirukulla/.local/lib/python3.10/site-packages/airflow/example_dags/example_branch_datetime_operator.py
[2024-01-19T19:39:35.381-0800] {processor.py:753} INFO - DAG(s) dict_keys(['example_branch_datetime_operator_3', 'example_branch_datetime_operator_2', 'example_branch_datetime_operator']) retrieved from /home/mirukulla/.local/lib/python3.10/site-packages/airflow/example_dags/example_branch_datetime_operator.py
[2024-01-19T19:39:35.404-0800] {logging_mixin.py:137} INFO - [2024-01-19T19:39:35.404-0800] {dag.py:2705} INFO - Sync 3 DAGs
[2024-01-19T19:39:35.419-0800] {logging_mixin.py:137} INFO - [2024-01-19T19:39:35.419-0800] {dag.py:3452} INFO - Setting next_dagrun for example_branch_datetime_operator to 2024-01-19T00:00:00+00:00, run_after=2024-01-20T00:00:00+00:00
[2024-01-19T19:39:35.422-0800] {logging_mixin.py:137} INFO - [2024-01-19T19:39:35.422-0800] {dag.py:3452} INFO - Setting next_dagrun for example_branch_datetime_operator_2 to 2024-01-19T00:00:00+00:00, run_after=2024-01-20T00:00:00+00:00
[2024-01-19T19:39:35.424-0800] {logging_mixin.py:137} INFO - [2024-01-19T19:39:35.424-0800] {dag.py:3452} INFO - Setting next_dagrun for example_branch_datetime_operator_3 to 2024-01-19T00:00:00+00:00, run_after=2024-01-20T00:00:00+00:00
[2024-01-19T19:39:35.446-0800] {processor.py:175} INFO - Processing /home/mirukulla/.local/lib/python3.10/site-packages/airflow/example_dags/example_branch_datetime_operator.py took 0.138 seconds
[2024-01-19T19:40:28.348-0800] {processor.py:153} INFO - Started process (PID=10837) to work on /home/mirukulla/.local/lib/python3.10/site-packages/airflow/example_dags/example_branch_datetime_operator.py
[2024-01-19T19:40:28.349-0800] {processor.py:743} INFO - Processing file /home/mirukulla/.local/lib/python3.10/site-packages/airflow/example_dags/example_branch_datetime_operator.py for tasks to queue
[2024-01-19T19:40:28.350-0800] {logging_mixin.py:137} INFO - [2024-01-19T19:40:28.350-0800] {dagbag.py:532} INFO - Filling up the DagBag from /home/mirukulla/.local/lib/python3.10/site-packages/airflow/example_dags/example_branch_datetime_operator.py
[2024-01-19T19:40:28.366-0800] {processor.py:753} INFO - DAG(s) dict_keys(['example_branch_datetime_operator_2', 'example_branch_datetime_operator_3', 'example_branch_datetime_operator']) retrieved from /home/mirukulla/.local/lib/python3.10/site-packages/airflow/example_dags/example_branch_datetime_operator.py
[2024-01-19T19:40:28.386-0800] {logging_mixin.py:137} INFO - [2024-01-19T19:40:28.386-0800] {dag.py:2705} INFO - Sync 3 DAGs
[2024-01-19T19:40:28.404-0800] {logging_mixin.py:137} INFO - [2024-01-19T19:40:28.404-0800] {dag.py:3452} INFO - Setting next_dagrun for example_branch_datetime_operator to 2024-01-19T00:00:00+00:00, run_after=2024-01-20T00:00:00+00:00
[2024-01-19T19:40:28.408-0800] {logging_mixin.py:137} INFO - [2024-01-19T19:40:28.408-0800] {dag.py:3452} INFO - Setting next_dagrun for example_branch_datetime_operator_2 to 2024-01-19T00:00:00+00:00, run_after=2024-01-20T00:00:00+00:00
[2024-01-19T19:40:28.411-0800] {logging_mixin.py:137} INFO - [2024-01-19T19:40:28.411-0800] {dag.py:3452} INFO - Setting next_dagrun for example_branch_datetime_operator_3 to 2024-01-19T00:00:00+00:00, run_after=2024-01-20T00:00:00+00:00
[2024-01-19T19:40:28.450-0800] {processor.py:175} INFO - Processing /home/mirukulla/.local/lib/python3.10/site-packages/airflow/example_dags/example_branch_datetime_operator.py took 0.107 seconds
[2024-01-19T19:41:20.012-0800] {processor.py:153} INFO - Started process (PID=10883) to work on /home/mirukulla/.local/lib/python3.10/site-packages/airflow/example_dags/example_branch_datetime_operator.py
[2024-01-19T19:41:20.052-0800] {processor.py:743} INFO - Processing file /home/mirukulla/.local/lib/python3.10/site-packages/airflow/example_dags/example_branch_datetime_operator.py for tasks to queue
[2024-01-19T19:41:20.054-0800] {logging_mixin.py:137} INFO - [2024-01-19T19:41:20.054-0800] {dagbag.py:532} INFO - Filling up the DagBag from /home/mirukulla/.local/lib/python3.10/site-packages/airflow/example_dags/example_branch_datetime_operator.py
[2024-01-19T19:41:20.111-0800] {processor.py:753} INFO - DAG(s) dict_keys(['example_branch_datetime_operator_3', 'example_branch_datetime_operator', 'example_branch_datetime_operator_2']) retrieved from /home/mirukulla/.local/lib/python3.10/site-packages/airflow/example_dags/example_branch_datetime_operator.py
[2024-01-19T19:41:20.237-0800] {logging_mixin.py:137} INFO - [2024-01-19T19:41:20.237-0800] {dag.py:2705} INFO - Sync 3 DAGs
[2024-01-19T19:41:20.343-0800] {logging_mixin.py:137} INFO - [2024-01-19T19:41:20.343-0800] {dag.py:3452} INFO - Setting next_dagrun for example_branch_datetime_operator to 2024-01-19T00:00:00+00:00, run_after=2024-01-20T00:00:00+00:00
[2024-01-19T19:41:20.355-0800] {logging_mixin.py:137} INFO - [2024-01-19T19:41:20.354-0800] {dag.py:3452} INFO - Setting next_dagrun for example_branch_datetime_operator_2 to 2024-01-19T00:00:00+00:00, run_after=2024-01-20T00:00:00+00:00
[2024-01-19T19:41:20.358-0800] {logging_mixin.py:137} INFO - [2024-01-19T19:41:20.357-0800] {dag.py:3452} INFO - Setting next_dagrun for example_branch_datetime_operator_3 to 2024-01-19T00:00:00+00:00, run_after=2024-01-20T00:00:00+00:00
[2024-01-19T19:41:20.424-0800] {processor.py:175} INFO - Processing /home/mirukulla/.local/lib/python3.10/site-packages/airflow/example_dags/example_branch_datetime_operator.py took 0.426 seconds
[2024-01-19T19:42:18.517-0800] {processor.py:153} INFO - Started process (PID=10933) to work on /home/mirukulla/.local/lib/python3.10/site-packages/airflow/example_dags/example_branch_datetime_operator.py
[2024-01-19T19:42:18.520-0800] {processor.py:743} INFO - Processing file /home/mirukulla/.local/lib/python3.10/site-packages/airflow/example_dags/example_branch_datetime_operator.py for tasks to queue
[2024-01-19T19:42:18.522-0800] {logging_mixin.py:137} INFO - [2024-01-19T19:42:18.521-0800] {dagbag.py:532} INFO - Filling up the DagBag from /home/mirukulla/.local/lib/python3.10/site-packages/airflow/example_dags/example_branch_datetime_operator.py
[2024-01-19T19:42:18.566-0800] {processor.py:753} INFO - DAG(s) dict_keys(['example_branch_datetime_operator_2', 'example_branch_datetime_operator_3', 'example_branch_datetime_operator']) retrieved from /home/mirukulla/.local/lib/python3.10/site-packages/airflow/example_dags/example_branch_datetime_operator.py
[2024-01-19T19:42:18.624-0800] {logging_mixin.py:137} INFO - [2024-01-19T19:42:18.623-0800] {dag.py:2705} INFO - Sync 3 DAGs
[2024-01-19T19:42:18.688-0800] {logging_mixin.py:137} INFO - [2024-01-19T19:42:18.687-0800] {dag.py:3452} INFO - Setting next_dagrun for example_branch_datetime_operator to 2024-01-19T00:00:00+00:00, run_after=2024-01-20T00:00:00+00:00
[2024-01-19T19:42:18.698-0800] {logging_mixin.py:137} INFO - [2024-01-19T19:42:18.698-0800] {dag.py:3452} INFO - Setting next_dagrun for example_branch_datetime_operator_2 to 2024-01-19T00:00:00+00:00, run_after=2024-01-20T00:00:00+00:00
[2024-01-19T19:42:18.705-0800] {logging_mixin.py:137} INFO - [2024-01-19T19:42:18.705-0800] {dag.py:3452} INFO - Setting next_dagrun for example_branch_datetime_operator_3 to 2024-01-19T00:00:00+00:00, run_after=2024-01-20T00:00:00+00:00
[2024-01-19T19:42:18.760-0800] {processor.py:175} INFO - Processing /home/mirukulla/.local/lib/python3.10/site-packages/airflow/example_dags/example_branch_datetime_operator.py took 0.251 seconds
[2024-01-19T19:43:09.523-0800] {processor.py:153} INFO - Started process (PID=10975) to work on /home/mirukulla/.local/lib/python3.10/site-packages/airflow/example_dags/example_branch_datetime_operator.py
[2024-01-19T19:43:09.526-0800] {processor.py:743} INFO - Processing file /home/mirukulla/.local/lib/python3.10/site-packages/airflow/example_dags/example_branch_datetime_operator.py for tasks to queue
[2024-01-19T19:43:09.528-0800] {logging_mixin.py:137} INFO - [2024-01-19T19:43:09.528-0800] {dagbag.py:532} INFO - Filling up the DagBag from /home/mirukulla/.local/lib/python3.10/site-packages/airflow/example_dags/example_branch_datetime_operator.py
[2024-01-19T19:43:09.573-0800] {processor.py:753} INFO - DAG(s) dict_keys(['example_branch_datetime_operator', 'example_branch_datetime_operator_3', 'example_branch_datetime_operator_2']) retrieved from /home/mirukulla/.local/lib/python3.10/site-packages/airflow/example_dags/example_branch_datetime_operator.py
[2024-01-19T19:43:09.617-0800] {logging_mixin.py:137} INFO - [2024-01-19T19:43:09.616-0800] {dag.py:2705} INFO - Sync 3 DAGs
[2024-01-19T19:43:09.658-0800] {logging_mixin.py:137} INFO - [2024-01-19T19:43:09.658-0800] {dag.py:3452} INFO - Setting next_dagrun for example_branch_datetime_operator to 2024-01-19T00:00:00+00:00, run_after=2024-01-20T00:00:00+00:00
[2024-01-19T19:43:09.668-0800] {logging_mixin.py:137} INFO - [2024-01-19T19:43:09.668-0800] {dag.py:3452} INFO - Setting next_dagrun for example_branch_datetime_operator_2 to 2024-01-19T00:00:00+00:00, run_after=2024-01-20T00:00:00+00:00
[2024-01-19T19:43:09.672-0800] {logging_mixin.py:137} INFO - [2024-01-19T19:43:09.672-0800] {dag.py:3452} INFO - Setting next_dagrun for example_branch_datetime_operator_3 to 2024-01-19T00:00:00+00:00, run_after=2024-01-20T00:00:00+00:00
[2024-01-19T19:43:09.715-0800] {processor.py:175} INFO - Processing /home/mirukulla/.local/lib/python3.10/site-packages/airflow/example_dags/example_branch_datetime_operator.py took 0.199 seconds
[2024-01-19T19:44:12.413-0800] {processor.py:153} INFO - Started process (PID=11028) to work on /home/mirukulla/.local/lib/python3.10/site-packages/airflow/example_dags/example_branch_datetime_operator.py
[2024-01-19T19:44:12.416-0800] {processor.py:743} INFO - Processing file /home/mirukulla/.local/lib/python3.10/site-packages/airflow/example_dags/example_branch_datetime_operator.py for tasks to queue
[2024-01-19T19:44:12.417-0800] {logging_mixin.py:137} INFO - [2024-01-19T19:44:12.417-0800] {dagbag.py:532} INFO - Filling up the DagBag from /home/mirukulla/.local/lib/python3.10/site-packages/airflow/example_dags/example_branch_datetime_operator.py
[2024-01-19T19:44:12.462-0800] {processor.py:753} INFO - DAG(s) dict_keys(['example_branch_datetime_operator_2', 'example_branch_datetime_operator_3', 'example_branch_datetime_operator']) retrieved from /home/mirukulla/.local/lib/python3.10/site-packages/airflow/example_dags/example_branch_datetime_operator.py
[2024-01-19T19:44:12.531-0800] {logging_mixin.py:137} INFO - [2024-01-19T19:44:12.531-0800] {dag.py:2705} INFO - Sync 3 DAGs
[2024-01-19T19:44:12.610-0800] {logging_mixin.py:137} INFO - [2024-01-19T19:44:12.609-0800] {dag.py:3452} INFO - Setting next_dagrun for example_branch_datetime_operator to 2024-01-19T00:00:00+00:00, run_after=2024-01-20T00:00:00+00:00
[2024-01-19T19:44:12.639-0800] {logging_mixin.py:137} INFO - [2024-01-19T19:44:12.639-0800] {dag.py:3452} INFO - Setting next_dagrun for example_branch_datetime_operator_2 to 2024-01-19T00:00:00+00:00, run_after=2024-01-20T00:00:00+00:00
[2024-01-19T19:44:12.655-0800] {logging_mixin.py:137} INFO - [2024-01-19T19:44:12.655-0800] {dag.py:3452} INFO - Setting next_dagrun for example_branch_datetime_operator_3 to 2024-01-19T00:00:00+00:00, run_after=2024-01-20T00:00:00+00:00
[2024-01-19T19:44:12.713-0800] {processor.py:175} INFO - Processing /home/mirukulla/.local/lib/python3.10/site-packages/airflow/example_dags/example_branch_datetime_operator.py took 0.305 seconds
[2024-01-19T19:45:00.991-0800] {processor.py:153} INFO - Started process (PID=11074) to work on /home/mirukulla/.local/lib/python3.10/site-packages/airflow/example_dags/example_branch_datetime_operator.py
[2024-01-19T19:45:00.992-0800] {processor.py:743} INFO - Processing file /home/mirukulla/.local/lib/python3.10/site-packages/airflow/example_dags/example_branch_datetime_operator.py for tasks to queue
[2024-01-19T19:45:00.993-0800] {logging_mixin.py:137} INFO - [2024-01-19T19:45:00.993-0800] {dagbag.py:532} INFO - Filling up the DagBag from /home/mirukulla/.local/lib/python3.10/site-packages/airflow/example_dags/example_branch_datetime_operator.py
[2024-01-19T19:45:01.010-0800] {processor.py:753} INFO - DAG(s) dict_keys(['example_branch_datetime_operator_2', 'example_branch_datetime_operator', 'example_branch_datetime_operator_3']) retrieved from /home/mirukulla/.local/lib/python3.10/site-packages/airflow/example_dags/example_branch_datetime_operator.py
[2024-01-19T19:45:01.037-0800] {logging_mixin.py:137} INFO - [2024-01-19T19:45:01.037-0800] {dag.py:2705} INFO - Sync 3 DAGs
[2024-01-19T19:45:01.059-0800] {logging_mixin.py:137} INFO - [2024-01-19T19:45:01.059-0800] {dag.py:3452} INFO - Setting next_dagrun for example_branch_datetime_operator to 2024-01-19T00:00:00+00:00, run_after=2024-01-20T00:00:00+00:00
[2024-01-19T19:45:01.063-0800] {logging_mixin.py:137} INFO - [2024-01-19T19:45:01.063-0800] {dag.py:3452} INFO - Setting next_dagrun for example_branch_datetime_operator_2 to 2024-01-19T00:00:00+00:00, run_after=2024-01-20T00:00:00+00:00
[2024-01-19T19:45:01.066-0800] {logging_mixin.py:137} INFO - [2024-01-19T19:45:01.066-0800] {dag.py:3452} INFO - Setting next_dagrun for example_branch_datetime_operator_3 to 2024-01-19T00:00:00+00:00, run_after=2024-01-20T00:00:00+00:00
[2024-01-19T19:45:01.095-0800] {processor.py:175} INFO - Processing /home/mirukulla/.local/lib/python3.10/site-packages/airflow/example_dags/example_branch_datetime_operator.py took 0.107 seconds
[2024-01-19T19:46:10.185-0800] {processor.py:153} INFO - Started process (PID=11127) to work on /home/mirukulla/.local/lib/python3.10/site-packages/airflow/example_dags/example_branch_datetime_operator.py
[2024-01-19T19:46:10.187-0800] {processor.py:743} INFO - Processing file /home/mirukulla/.local/lib/python3.10/site-packages/airflow/example_dags/example_branch_datetime_operator.py for tasks to queue
[2024-01-19T19:46:10.188-0800] {logging_mixin.py:137} INFO - [2024-01-19T19:46:10.188-0800] {dagbag.py:532} INFO - Filling up the DagBag from /home/mirukulla/.local/lib/python3.10/site-packages/airflow/example_dags/example_branch_datetime_operator.py
[2024-01-19T19:46:10.210-0800] {processor.py:753} INFO - DAG(s) dict_keys(['example_branch_datetime_operator', 'example_branch_datetime_operator_2', 'example_branch_datetime_operator_3']) retrieved from /home/mirukulla/.local/lib/python3.10/site-packages/airflow/example_dags/example_branch_datetime_operator.py
[2024-01-19T19:46:10.240-0800] {logging_mixin.py:137} INFO - [2024-01-19T19:46:10.240-0800] {dag.py:2705} INFO - Sync 3 DAGs
[2024-01-19T19:46:10.265-0800] {logging_mixin.py:137} INFO - [2024-01-19T19:46:10.265-0800] {dag.py:3452} INFO - Setting next_dagrun for example_branch_datetime_operator to 2024-01-19T00:00:00+00:00, run_after=2024-01-20T00:00:00+00:00
[2024-01-19T19:46:10.271-0800] {logging_mixin.py:137} INFO - [2024-01-19T19:46:10.270-0800] {dag.py:3452} INFO - Setting next_dagrun for example_branch_datetime_operator_2 to 2024-01-19T00:00:00+00:00, run_after=2024-01-20T00:00:00+00:00
[2024-01-19T19:46:10.273-0800] {logging_mixin.py:137} INFO - [2024-01-19T19:46:10.273-0800] {dag.py:3452} INFO - Setting next_dagrun for example_branch_datetime_operator_3 to 2024-01-19T00:00:00+00:00, run_after=2024-01-20T00:00:00+00:00
[2024-01-19T19:46:10.307-0800] {processor.py:175} INFO - Processing /home/mirukulla/.local/lib/python3.10/site-packages/airflow/example_dags/example_branch_datetime_operator.py took 0.128 seconds
[2024-01-19T19:46:59.966-0800] {processor.py:153} INFO - Started process (PID=11173) to work on /home/mirukulla/.local/lib/python3.10/site-packages/airflow/example_dags/example_branch_datetime_operator.py
[2024-01-19T19:46:59.968-0800] {processor.py:743} INFO - Processing file /home/mirukulla/.local/lib/python3.10/site-packages/airflow/example_dags/example_branch_datetime_operator.py for tasks to queue
[2024-01-19T19:46:59.969-0800] {logging_mixin.py:137} INFO - [2024-01-19T19:46:59.969-0800] {dagbag.py:532} INFO - Filling up the DagBag from /home/mirukulla/.local/lib/python3.10/site-packages/airflow/example_dags/example_branch_datetime_operator.py
[2024-01-19T19:46:59.989-0800] {processor.py:753} INFO - DAG(s) dict_keys(['example_branch_datetime_operator', 'example_branch_datetime_operator_3', 'example_branch_datetime_operator_2']) retrieved from /home/mirukulla/.local/lib/python3.10/site-packages/airflow/example_dags/example_branch_datetime_operator.py
[2024-01-19T19:47:00.016-0800] {logging_mixin.py:137} INFO - [2024-01-19T19:47:00.015-0800] {dag.py:2705} INFO - Sync 3 DAGs
[2024-01-19T19:47:00.047-0800] {logging_mixin.py:137} INFO - [2024-01-19T19:47:00.047-0800] {dag.py:3452} INFO - Setting next_dagrun for example_branch_datetime_operator to 2024-01-19T00:00:00+00:00, run_after=2024-01-20T00:00:00+00:00
[2024-01-19T19:47:00.058-0800] {logging_mixin.py:137} INFO - [2024-01-19T19:47:00.058-0800] {dag.py:3452} INFO - Setting next_dagrun for example_branch_datetime_operator_2 to 2024-01-19T00:00:00+00:00, run_after=2024-01-20T00:00:00+00:00
[2024-01-19T19:47:00.061-0800] {logging_mixin.py:137} INFO - [2024-01-19T19:47:00.061-0800] {dag.py:3452} INFO - Setting next_dagrun for example_branch_datetime_operator_3 to 2024-01-19T00:00:00+00:00, run_after=2024-01-20T00:00:00+00:00
[2024-01-19T19:47:00.094-0800] {processor.py:175} INFO - Processing /home/mirukulla/.local/lib/python3.10/site-packages/airflow/example_dags/example_branch_datetime_operator.py took 0.131 seconds
[2024-01-19T19:47:46.656-0800] {processor.py:153} INFO - Started process (PID=11217) to work on /home/mirukulla/.local/lib/python3.10/site-packages/airflow/example_dags/example_branch_datetime_operator.py
[2024-01-19T19:47:46.657-0800] {processor.py:743} INFO - Processing file /home/mirukulla/.local/lib/python3.10/site-packages/airflow/example_dags/example_branch_datetime_operator.py for tasks to queue
[2024-01-19T19:47:46.658-0800] {logging_mixin.py:137} INFO - [2024-01-19T19:47:46.657-0800] {dagbag.py:532} INFO - Filling up the DagBag from /home/mirukulla/.local/lib/python3.10/site-packages/airflow/example_dags/example_branch_datetime_operator.py
[2024-01-19T19:47:46.682-0800] {processor.py:753} INFO - DAG(s) dict_keys(['example_branch_datetime_operator_3', 'example_branch_datetime_operator', 'example_branch_datetime_operator_2']) retrieved from /home/mirukulla/.local/lib/python3.10/site-packages/airflow/example_dags/example_branch_datetime_operator.py
[2024-01-19T19:47:46.713-0800] {logging_mixin.py:137} INFO - [2024-01-19T19:47:46.713-0800] {dag.py:2705} INFO - Sync 3 DAGs
[2024-01-19T19:47:46.733-0800] {logging_mixin.py:137} INFO - [2024-01-19T19:47:46.733-0800] {dag.py:3452} INFO - Setting next_dagrun for example_branch_datetime_operator to 2024-01-19T00:00:00+00:00, run_after=2024-01-20T00:00:00+00:00
[2024-01-19T19:47:46.741-0800] {logging_mixin.py:137} INFO - [2024-01-19T19:47:46.741-0800] {dag.py:3452} INFO - Setting next_dagrun for example_branch_datetime_operator_2 to 2024-01-19T00:00:00+00:00, run_after=2024-01-20T00:00:00+00:00
[2024-01-19T19:47:46.744-0800] {logging_mixin.py:137} INFO - [2024-01-19T19:47:46.744-0800] {dag.py:3452} INFO - Setting next_dagrun for example_branch_datetime_operator_3 to 2024-01-19T00:00:00+00:00, run_after=2024-01-20T00:00:00+00:00
[2024-01-19T19:47:46.776-0800] {processor.py:175} INFO - Processing /home/mirukulla/.local/lib/python3.10/site-packages/airflow/example_dags/example_branch_datetime_operator.py took 0.124 seconds
