[2024-01-19T19:37:32.434-0800] {processor.py:153} INFO - Started process (PID=10628) to work on /home/mirukulla/.local/lib/python3.10/site-packages/airflow/example_dags/example_short_circuit_decorator.py
[2024-01-19T19:37:32.435-0800] {processor.py:743} INFO - Processing file /home/mirukulla/.local/lib/python3.10/site-packages/airflow/example_dags/example_short_circuit_decorator.py for tasks to queue
[2024-01-19T19:37:32.436-0800] {logging_mixin.py:137} INFO - [2024-01-19T19:37:32.436-0800] {dagbag.py:532} INFO - Filling up the DagBag from /home/mirukulla/.local/lib/python3.10/site-packages/airflow/example_dags/example_short_circuit_decorator.py
[2024-01-19T19:37:32.470-0800] {processor.py:753} INFO - DAG(s) dict_keys(['example_short_circuit_decorator']) retrieved from /home/mirukulla/.local/lib/python3.10/site-packages/airflow/example_dags/example_short_circuit_decorator.py
[2024-01-19T19:37:32.635-0800] {logging_mixin.py:137} INFO - [2024-01-19T19:37:32.635-0800] {manager.py:504} INFO - Created Permission View: can delete on DAG:example_short_circuit_decorator
[2024-01-19T19:37:32.653-0800] {logging_mixin.py:137} INFO - [2024-01-19T19:37:32.653-0800] {manager.py:504} INFO - Created Permission View: can edit on DAG:example_short_circuit_decorator
[2024-01-19T19:37:32.672-0800] {logging_mixin.py:137} INFO - [2024-01-19T19:37:32.672-0800] {manager.py:504} INFO - Created Permission View: can read on DAG:example_short_circuit_decorator
[2024-01-19T19:37:32.673-0800] {logging_mixin.py:137} INFO - [2024-01-19T19:37:32.673-0800] {dag.py:2705} INFO - Sync 1 DAGs
[2024-01-19T19:37:32.685-0800] {logging_mixin.py:137} INFO - [2024-01-19T19:37:32.684-0800] {dag.py:2726} INFO - Creating ORM DAG for example_short_circuit_decorator
[2024-01-19T19:37:32.696-0800] {logging_mixin.py:137} INFO - [2024-01-19T19:37:32.696-0800] {dag.py:3452} INFO - Setting next_dagrun for example_short_circuit_decorator to 2024-01-19T03:37:32.696209+00:00, run_after=2024-01-20T03:37:32.696209+00:00
[2024-01-19T19:37:32.735-0800] {processor.py:175} INFO - Processing /home/mirukulla/.local/lib/python3.10/site-packages/airflow/example_dags/example_short_circuit_decorator.py took 0.305 seconds
[2024-01-19T19:38:20.139-0800] {processor.py:153} INFO - Started process (PID=10694) to work on /home/mirukulla/.local/lib/python3.10/site-packages/airflow/example_dags/example_short_circuit_decorator.py
[2024-01-19T19:38:20.142-0800] {processor.py:743} INFO - Processing file /home/mirukulla/.local/lib/python3.10/site-packages/airflow/example_dags/example_short_circuit_decorator.py for tasks to queue
[2024-01-19T19:38:20.143-0800] {logging_mixin.py:137} INFO - [2024-01-19T19:38:20.142-0800] {dagbag.py:532} INFO - Filling up the DagBag from /home/mirukulla/.local/lib/python3.10/site-packages/airflow/example_dags/example_short_circuit_decorator.py
[2024-01-19T19:38:20.170-0800] {processor.py:753} INFO - DAG(s) dict_keys(['example_short_circuit_decorator']) retrieved from /home/mirukulla/.local/lib/python3.10/site-packages/airflow/example_dags/example_short_circuit_decorator.py
[2024-01-19T19:38:20.188-0800] {logging_mixin.py:137} INFO - [2024-01-19T19:38:20.188-0800] {dag.py:2705} INFO - Sync 1 DAGs
[2024-01-19T19:38:20.203-0800] {logging_mixin.py:137} INFO - [2024-01-19T19:38:20.203-0800] {dag.py:3452} INFO - Setting next_dagrun for example_short_circuit_decorator to 2024-01-19T03:38:20.203202+00:00, run_after=2024-01-20T03:38:20.203202+00:00
[2024-01-19T19:38:20.228-0800] {processor.py:175} INFO - Processing /home/mirukulla/.local/lib/python3.10/site-packages/airflow/example_dags/example_short_circuit_decorator.py took 0.095 seconds
[2024-01-19T19:39:04.135-0800] {processor.py:153} INFO - Started process (PID=10745) to work on /home/mirukulla/.local/lib/python3.10/site-packages/airflow/example_dags/example_short_circuit_decorator.py
[2024-01-19T19:39:04.137-0800] {processor.py:743} INFO - Processing file /home/mirukulla/.local/lib/python3.10/site-packages/airflow/example_dags/example_short_circuit_decorator.py for tasks to queue
[2024-01-19T19:39:04.138-0800] {logging_mixin.py:137} INFO - [2024-01-19T19:39:04.138-0800] {dagbag.py:532} INFO - Filling up the DagBag from /home/mirukulla/.local/lib/python3.10/site-packages/airflow/example_dags/example_short_circuit_decorator.py
[2024-01-19T19:39:04.169-0800] {processor.py:753} INFO - DAG(s) dict_keys(['example_short_circuit_decorator']) retrieved from /home/mirukulla/.local/lib/python3.10/site-packages/airflow/example_dags/example_short_circuit_decorator.py
[2024-01-19T19:39:04.191-0800] {logging_mixin.py:137} INFO - [2024-01-19T19:39:04.191-0800] {dag.py:2705} INFO - Sync 1 DAGs
[2024-01-19T19:39:04.210-0800] {logging_mixin.py:137} INFO - [2024-01-19T19:39:04.210-0800] {dag.py:3452} INFO - Setting next_dagrun for example_short_circuit_decorator to 2024-01-19T03:39:04.210344+00:00, run_after=2024-01-20T03:39:04.210344+00:00
[2024-01-19T19:39:04.250-0800] {processor.py:175} INFO - Processing /home/mirukulla/.local/lib/python3.10/site-packages/airflow/example_dags/example_short_circuit_decorator.py took 0.118 seconds
[2024-01-19T19:39:50.773-0800] {processor.py:153} INFO - Started process (PID=10802) to work on /home/mirukulla/.local/lib/python3.10/site-packages/airflow/example_dags/example_short_circuit_decorator.py
[2024-01-19T19:39:50.775-0800] {processor.py:743} INFO - Processing file /home/mirukulla/.local/lib/python3.10/site-packages/airflow/example_dags/example_short_circuit_decorator.py for tasks to queue
[2024-01-19T19:39:50.776-0800] {logging_mixin.py:137} INFO - [2024-01-19T19:39:50.776-0800] {dagbag.py:532} INFO - Filling up the DagBag from /home/mirukulla/.local/lib/python3.10/site-packages/airflow/example_dags/example_short_circuit_decorator.py
[2024-01-19T19:39:50.813-0800] {processor.py:753} INFO - DAG(s) dict_keys(['example_short_circuit_decorator']) retrieved from /home/mirukulla/.local/lib/python3.10/site-packages/airflow/example_dags/example_short_circuit_decorator.py
[2024-01-19T19:39:50.875-0800] {logging_mixin.py:137} INFO - [2024-01-19T19:39:50.875-0800] {dag.py:2705} INFO - Sync 1 DAGs
[2024-01-19T19:39:50.909-0800] {logging_mixin.py:137} INFO - [2024-01-19T19:39:50.909-0800] {dag.py:3452} INFO - Setting next_dagrun for example_short_circuit_decorator to 2024-01-19T03:39:50.908848+00:00, run_after=2024-01-20T03:39:50.908848+00:00
[2024-01-19T19:39:50.947-0800] {processor.py:175} INFO - Processing /home/mirukulla/.local/lib/python3.10/site-packages/airflow/example_dags/example_short_circuit_decorator.py took 0.178 seconds
[2024-01-19T19:40:25.233-0800] {processor.py:153} INFO - Started process (PID=10834) to work on /home/mirukulla/.local/lib/python3.10/site-packages/airflow/example_dags/example_short_circuit_decorator.py
[2024-01-19T19:40:25.239-0800] {processor.py:743} INFO - Processing file /home/mirukulla/.local/lib/python3.10/site-packages/airflow/example_dags/example_short_circuit_decorator.py for tasks to queue
[2024-01-19T19:40:25.240-0800] {logging_mixin.py:137} INFO - [2024-01-19T19:40:25.240-0800] {dagbag.py:532} INFO - Filling up the DagBag from /home/mirukulla/.local/lib/python3.10/site-packages/airflow/example_dags/example_short_circuit_decorator.py
[2024-01-19T19:40:25.363-0800] {processor.py:753} INFO - DAG(s) dict_keys(['example_short_circuit_decorator']) retrieved from /home/mirukulla/.local/lib/python3.10/site-packages/airflow/example_dags/example_short_circuit_decorator.py
[2024-01-19T19:40:25.483-0800] {logging_mixin.py:137} INFO - [2024-01-19T19:40:25.482-0800] {dag.py:2705} INFO - Sync 1 DAGs
[2024-01-19T19:40:25.542-0800] {logging_mixin.py:137} INFO - [2024-01-19T19:40:25.541-0800] {dag.py:3452} INFO - Setting next_dagrun for example_short_circuit_decorator to 2024-01-19T03:40:25.541156+00:00, run_after=2024-01-20T03:40:25.541156+00:00
[2024-01-19T19:40:25.615-0800] {processor.py:175} INFO - Processing /home/mirukulla/.local/lib/python3.10/site-packages/airflow/example_dags/example_short_circuit_decorator.py took 0.391 seconds
[2024-01-19T19:41:12.815-0800] {processor.py:153} INFO - Started process (PID=10877) to work on /home/mirukulla/.local/lib/python3.10/site-packages/airflow/example_dags/example_short_circuit_decorator.py
[2024-01-19T19:41:12.817-0800] {processor.py:743} INFO - Processing file /home/mirukulla/.local/lib/python3.10/site-packages/airflow/example_dags/example_short_circuit_decorator.py for tasks to queue
[2024-01-19T19:41:12.817-0800] {logging_mixin.py:137} INFO - [2024-01-19T19:41:12.817-0800] {dagbag.py:532} INFO - Filling up the DagBag from /home/mirukulla/.local/lib/python3.10/site-packages/airflow/example_dags/example_short_circuit_decorator.py
[2024-01-19T19:41:12.842-0800] {processor.py:753} INFO - DAG(s) dict_keys(['example_short_circuit_decorator']) retrieved from /home/mirukulla/.local/lib/python3.10/site-packages/airflow/example_dags/example_short_circuit_decorator.py
[2024-01-19T19:41:12.863-0800] {logging_mixin.py:137} INFO - [2024-01-19T19:41:12.863-0800] {dag.py:2705} INFO - Sync 1 DAGs
[2024-01-19T19:41:12.883-0800] {logging_mixin.py:137} INFO - [2024-01-19T19:41:12.882-0800] {dag.py:3452} INFO - Setting next_dagrun for example_short_circuit_decorator to 2024-01-19T03:41:12.882747+00:00, run_after=2024-01-20T03:41:12.882747+00:00
[2024-01-19T19:41:12.914-0800] {processor.py:175} INFO - Processing /home/mirukulla/.local/lib/python3.10/site-packages/airflow/example_dags/example_short_circuit_decorator.py took 0.104 seconds
[2024-01-19T19:41:51.231-0800] {processor.py:153} INFO - Started process (PID=10910) to work on /home/mirukulla/.local/lib/python3.10/site-packages/airflow/example_dags/example_short_circuit_decorator.py
[2024-01-19T19:41:51.278-0800] {processor.py:743} INFO - Processing file /home/mirukulla/.local/lib/python3.10/site-packages/airflow/example_dags/example_short_circuit_decorator.py for tasks to queue
[2024-01-19T19:41:51.279-0800] {logging_mixin.py:137} INFO - [2024-01-19T19:41:51.279-0800] {dagbag.py:532} INFO - Filling up the DagBag from /home/mirukulla/.local/lib/python3.10/site-packages/airflow/example_dags/example_short_circuit_decorator.py
[2024-01-19T19:41:51.308-0800] {processor.py:753} INFO - DAG(s) dict_keys(['example_short_circuit_decorator']) retrieved from /home/mirukulla/.local/lib/python3.10/site-packages/airflow/example_dags/example_short_circuit_decorator.py
[2024-01-19T19:41:51.332-0800] {logging_mixin.py:137} INFO - [2024-01-19T19:41:51.332-0800] {dag.py:2705} INFO - Sync 1 DAGs
[2024-01-19T19:41:51.357-0800] {logging_mixin.py:137} INFO - [2024-01-19T19:41:51.356-0800] {dag.py:3452} INFO - Setting next_dagrun for example_short_circuit_decorator to 2024-01-19T03:41:51.356625+00:00, run_after=2024-01-20T03:41:51.356625+00:00
[2024-01-19T19:41:51.420-0800] {processor.py:175} INFO - Processing /home/mirukulla/.local/lib/python3.10/site-packages/airflow/example_dags/example_short_circuit_decorator.py took 0.193 seconds
[2024-01-19T19:42:31.788-0800] {processor.py:153} INFO - Started process (PID=10944) to work on /home/mirukulla/.local/lib/python3.10/site-packages/airflow/example_dags/example_short_circuit_decorator.py
[2024-01-19T19:42:31.807-0800] {processor.py:743} INFO - Processing file /home/mirukulla/.local/lib/python3.10/site-packages/airflow/example_dags/example_short_circuit_decorator.py for tasks to queue
[2024-01-19T19:42:31.810-0800] {logging_mixin.py:137} INFO - [2024-01-19T19:42:31.809-0800] {dagbag.py:532} INFO - Filling up the DagBag from /home/mirukulla/.local/lib/python3.10/site-packages/airflow/example_dags/example_short_circuit_decorator.py
[2024-01-19T19:42:31.937-0800] {processor.py:753} INFO - DAG(s) dict_keys(['example_short_circuit_decorator']) retrieved from /home/mirukulla/.local/lib/python3.10/site-packages/airflow/example_dags/example_short_circuit_decorator.py
[2024-01-19T19:42:32.042-0800] {logging_mixin.py:137} INFO - [2024-01-19T19:42:32.042-0800] {dag.py:2705} INFO - Sync 1 DAGs
[2024-01-19T19:42:32.157-0800] {logging_mixin.py:137} INFO - [2024-01-19T19:42:32.157-0800] {dag.py:3452} INFO - Setting next_dagrun for example_short_circuit_decorator to 2024-01-19T03:42:32.156170+00:00, run_after=2024-01-20T03:42:32.156170+00:00
[2024-01-19T19:42:32.389-0800] {processor.py:175} INFO - Processing /home/mirukulla/.local/lib/python3.10/site-packages/airflow/example_dags/example_short_circuit_decorator.py took 0.617 seconds
[2024-01-19T19:43:13.970-0800] {processor.py:153} INFO - Started process (PID=10979) to work on /home/mirukulla/.local/lib/python3.10/site-packages/airflow/example_dags/example_short_circuit_decorator.py
[2024-01-19T19:43:13.972-0800] {processor.py:743} INFO - Processing file /home/mirukulla/.local/lib/python3.10/site-packages/airflow/example_dags/example_short_circuit_decorator.py for tasks to queue
[2024-01-19T19:43:13.973-0800] {logging_mixin.py:137} INFO - [2024-01-19T19:43:13.973-0800] {dagbag.py:532} INFO - Filling up the DagBag from /home/mirukulla/.local/lib/python3.10/site-packages/airflow/example_dags/example_short_circuit_decorator.py
[2024-01-19T19:43:14.020-0800] {processor.py:753} INFO - DAG(s) dict_keys(['example_short_circuit_decorator']) retrieved from /home/mirukulla/.local/lib/python3.10/site-packages/airflow/example_dags/example_short_circuit_decorator.py
[2024-01-19T19:43:14.092-0800] {logging_mixin.py:137} INFO - [2024-01-19T19:43:14.092-0800] {dag.py:2705} INFO - Sync 1 DAGs
[2024-01-19T19:43:14.152-0800] {logging_mixin.py:137} INFO - [2024-01-19T19:43:14.152-0800] {dag.py:3452} INFO - Setting next_dagrun for example_short_circuit_decorator to 2024-01-19T03:43:14.151921+00:00, run_after=2024-01-20T03:43:14.151921+00:00
[2024-01-19T19:43:14.202-0800] {processor.py:175} INFO - Processing /home/mirukulla/.local/lib/python3.10/site-packages/airflow/example_dags/example_short_circuit_decorator.py took 0.235 seconds
[2024-01-19T19:43:55.636-0800] {processor.py:153} INFO - Started process (PID=11013) to work on /home/mirukulla/.local/lib/python3.10/site-packages/airflow/example_dags/example_short_circuit_decorator.py
[2024-01-19T19:43:55.639-0800] {processor.py:743} INFO - Processing file /home/mirukulla/.local/lib/python3.10/site-packages/airflow/example_dags/example_short_circuit_decorator.py for tasks to queue
[2024-01-19T19:43:55.643-0800] {logging_mixin.py:137} INFO - [2024-01-19T19:43:55.642-0800] {dagbag.py:532} INFO - Filling up the DagBag from /home/mirukulla/.local/lib/python3.10/site-packages/airflow/example_dags/example_short_circuit_decorator.py
[2024-01-19T19:43:55.695-0800] {processor.py:753} INFO - DAG(s) dict_keys(['example_short_circuit_decorator']) retrieved from /home/mirukulla/.local/lib/python3.10/site-packages/airflow/example_dags/example_short_circuit_decorator.py
[2024-01-19T19:43:55.768-0800] {logging_mixin.py:137} INFO - [2024-01-19T19:43:55.768-0800] {dag.py:2705} INFO - Sync 1 DAGs
[2024-01-19T19:43:55.848-0800] {logging_mixin.py:137} INFO - [2024-01-19T19:43:55.848-0800] {dag.py:3452} INFO - Setting next_dagrun for example_short_circuit_decorator to 2024-01-19T03:43:55.847684+00:00, run_after=2024-01-20T03:43:55.847684+00:00
[2024-01-19T19:43:55.927-0800] {processor.py:175} INFO - Processing /home/mirukulla/.local/lib/python3.10/site-packages/airflow/example_dags/example_short_circuit_decorator.py took 0.295 seconds
[2024-01-19T19:44:37.536-0800] {processor.py:153} INFO - Started process (PID=11052) to work on /home/mirukulla/.local/lib/python3.10/site-packages/airflow/example_dags/example_short_circuit_decorator.py
[2024-01-19T19:44:37.538-0800] {processor.py:743} INFO - Processing file /home/mirukulla/.local/lib/python3.10/site-packages/airflow/example_dags/example_short_circuit_decorator.py for tasks to queue
[2024-01-19T19:44:37.539-0800] {logging_mixin.py:137} INFO - [2024-01-19T19:44:37.539-0800] {dagbag.py:532} INFO - Filling up the DagBag from /home/mirukulla/.local/lib/python3.10/site-packages/airflow/example_dags/example_short_circuit_decorator.py
[2024-01-19T19:44:37.590-0800] {processor.py:753} INFO - DAG(s) dict_keys(['example_short_circuit_decorator']) retrieved from /home/mirukulla/.local/lib/python3.10/site-packages/airflow/example_dags/example_short_circuit_decorator.py
[2024-01-19T19:44:37.640-0800] {logging_mixin.py:137} INFO - [2024-01-19T19:44:37.640-0800] {dag.py:2705} INFO - Sync 1 DAGs
[2024-01-19T19:44:37.665-0800] {logging_mixin.py:137} INFO - [2024-01-19T19:44:37.665-0800] {dag.py:3452} INFO - Setting next_dagrun for example_short_circuit_decorator to 2024-01-19T03:44:37.665329+00:00, run_after=2024-01-20T03:44:37.665329+00:00
[2024-01-19T19:44:37.721-0800] {processor.py:175} INFO - Processing /home/mirukulla/.local/lib/python3.10/site-packages/airflow/example_dags/example_short_circuit_decorator.py took 0.188 seconds
[2024-01-19T19:45:21.145-0800] {processor.py:153} INFO - Started process (PID=11093) to work on /home/mirukulla/.local/lib/python3.10/site-packages/airflow/example_dags/example_short_circuit_decorator.py
[2024-01-19T19:45:21.147-0800] {processor.py:743} INFO - Processing file /home/mirukulla/.local/lib/python3.10/site-packages/airflow/example_dags/example_short_circuit_decorator.py for tasks to queue
[2024-01-19T19:45:21.147-0800] {logging_mixin.py:137} INFO - [2024-01-19T19:45:21.147-0800] {dagbag.py:532} INFO - Filling up the DagBag from /home/mirukulla/.local/lib/python3.10/site-packages/airflow/example_dags/example_short_circuit_decorator.py
[2024-01-19T19:45:21.181-0800] {processor.py:753} INFO - DAG(s) dict_keys(['example_short_circuit_decorator']) retrieved from /home/mirukulla/.local/lib/python3.10/site-packages/airflow/example_dags/example_short_circuit_decorator.py
[2024-01-19T19:45:21.206-0800] {logging_mixin.py:137} INFO - [2024-01-19T19:45:21.206-0800] {dag.py:2705} INFO - Sync 1 DAGs
[2024-01-19T19:45:21.230-0800] {logging_mixin.py:137} INFO - [2024-01-19T19:45:21.230-0800] {dag.py:3452} INFO - Setting next_dagrun for example_short_circuit_decorator to 2024-01-19T03:45:21.229841+00:00, run_after=2024-01-20T03:45:21.229841+00:00
[2024-01-19T19:45:21.270-0800] {processor.py:175} INFO - Processing /home/mirukulla/.local/lib/python3.10/site-packages/airflow/example_dags/example_short_circuit_decorator.py took 0.128 seconds
[2024-01-19T19:46:20.379-0800] {processor.py:153} INFO - Started process (PID=11136) to work on /home/mirukulla/.local/lib/python3.10/site-packages/airflow/example_dags/example_short_circuit_decorator.py
[2024-01-19T19:46:20.402-0800] {processor.py:743} INFO - Processing file /home/mirukulla/.local/lib/python3.10/site-packages/airflow/example_dags/example_short_circuit_decorator.py for tasks to queue
[2024-01-19T19:46:20.402-0800] {logging_mixin.py:137} INFO - [2024-01-19T19:46:20.402-0800] {dagbag.py:532} INFO - Filling up the DagBag from /home/mirukulla/.local/lib/python3.10/site-packages/airflow/example_dags/example_short_circuit_decorator.py
[2024-01-19T19:46:20.434-0800] {processor.py:753} INFO - DAG(s) dict_keys(['example_short_circuit_decorator']) retrieved from /home/mirukulla/.local/lib/python3.10/site-packages/airflow/example_dags/example_short_circuit_decorator.py
[2024-01-19T19:46:20.455-0800] {logging_mixin.py:137} INFO - [2024-01-19T19:46:20.455-0800] {dag.py:2705} INFO - Sync 1 DAGs
[2024-01-19T19:46:20.474-0800] {logging_mixin.py:137} INFO - [2024-01-19T19:46:20.474-0800] {dag.py:3452} INFO - Setting next_dagrun for example_short_circuit_decorator to 2024-01-19T03:46:20.474054+00:00, run_after=2024-01-20T03:46:20.474054+00:00
[2024-01-19T19:46:20.501-0800] {processor.py:175} INFO - Processing /home/mirukulla/.local/lib/python3.10/site-packages/airflow/example_dags/example_short_circuit_decorator.py took 0.127 seconds
[2024-01-19T19:47:07.524-0800] {processor.py:153} INFO - Started process (PID=11179) to work on /home/mirukulla/.local/lib/python3.10/site-packages/airflow/example_dags/example_short_circuit_decorator.py
[2024-01-19T19:47:07.526-0800] {processor.py:743} INFO - Processing file /home/mirukulla/.local/lib/python3.10/site-packages/airflow/example_dags/example_short_circuit_decorator.py for tasks to queue
[2024-01-19T19:47:07.526-0800] {logging_mixin.py:137} INFO - [2024-01-19T19:47:07.526-0800] {dagbag.py:532} INFO - Filling up the DagBag from /home/mirukulla/.local/lib/python3.10/site-packages/airflow/example_dags/example_short_circuit_decorator.py
[2024-01-19T19:47:07.548-0800] {processor.py:753} INFO - DAG(s) dict_keys(['example_short_circuit_decorator']) retrieved from /home/mirukulla/.local/lib/python3.10/site-packages/airflow/example_dags/example_short_circuit_decorator.py
[2024-01-19T19:47:07.568-0800] {logging_mixin.py:137} INFO - [2024-01-19T19:47:07.568-0800] {dag.py:2705} INFO - Sync 1 DAGs
[2024-01-19T19:47:07.589-0800] {logging_mixin.py:137} INFO - [2024-01-19T19:47:07.589-0800] {dag.py:3452} INFO - Setting next_dagrun for example_short_circuit_decorator to 2024-01-19T03:47:07.589138+00:00, run_after=2024-01-20T03:47:07.589138+00:00
[2024-01-19T19:47:07.619-0800] {processor.py:175} INFO - Processing /home/mirukulla/.local/lib/python3.10/site-packages/airflow/example_dags/example_short_circuit_decorator.py took 0.098 seconds
[2024-01-19T19:47:39.986-0800] {processor.py:153} INFO - Started process (PID=11210) to work on /home/mirukulla/.local/lib/python3.10/site-packages/airflow/example_dags/example_short_circuit_decorator.py
[2024-01-19T19:47:40.014-0800] {processor.py:743} INFO - Processing file /home/mirukulla/.local/lib/python3.10/site-packages/airflow/example_dags/example_short_circuit_decorator.py for tasks to queue
[2024-01-19T19:47:40.015-0800] {logging_mixin.py:137} INFO - [2024-01-19T19:47:40.015-0800] {dagbag.py:532} INFO - Filling up the DagBag from /home/mirukulla/.local/lib/python3.10/site-packages/airflow/example_dags/example_short_circuit_decorator.py
[2024-01-19T19:47:40.045-0800] {processor.py:753} INFO - DAG(s) dict_keys(['example_short_circuit_decorator']) retrieved from /home/mirukulla/.local/lib/python3.10/site-packages/airflow/example_dags/example_short_circuit_decorator.py
[2024-01-19T19:47:40.063-0800] {logging_mixin.py:137} INFO - [2024-01-19T19:47:40.063-0800] {dag.py:2705} INFO - Sync 1 DAGs
[2024-01-19T19:47:40.084-0800] {logging_mixin.py:137} INFO - [2024-01-19T19:47:40.084-0800] {dag.py:3452} INFO - Setting next_dagrun for example_short_circuit_decorator to 2024-01-19T03:47:40.084133+00:00, run_after=2024-01-20T03:47:40.084133+00:00
[2024-01-19T19:47:40.111-0800] {processor.py:175} INFO - Processing /home/mirukulla/.local/lib/python3.10/site-packages/airflow/example_dags/example_short_circuit_decorator.py took 0.129 seconds
[2024-01-19T19:48:28.820-0800] {processor.py:153} INFO - Started process (PID=11252) to work on /home/mirukulla/.local/lib/python3.10/site-packages/airflow/example_dags/example_short_circuit_decorator.py
[2024-01-19T19:48:28.823-0800] {processor.py:743} INFO - Processing file /home/mirukulla/.local/lib/python3.10/site-packages/airflow/example_dags/example_short_circuit_decorator.py for tasks to queue
[2024-01-19T19:48:28.825-0800] {logging_mixin.py:137} INFO - [2024-01-19T19:48:28.825-0800] {dagbag.py:532} INFO - Filling up the DagBag from /home/mirukulla/.local/lib/python3.10/site-packages/airflow/example_dags/example_short_circuit_decorator.py
[2024-01-19T19:48:28.907-0800] {processor.py:753} INFO - DAG(s) dict_keys(['example_short_circuit_decorator']) retrieved from /home/mirukulla/.local/lib/python3.10/site-packages/airflow/example_dags/example_short_circuit_decorator.py
[2024-01-19T19:48:28.974-0800] {logging_mixin.py:137} INFO - [2024-01-19T19:48:28.974-0800] {dag.py:2705} INFO - Sync 1 DAGs
[2024-01-19T19:48:29.061-0800] {logging_mixin.py:137} INFO - [2024-01-19T19:48:29.061-0800] {dag.py:3452} INFO - Setting next_dagrun for example_short_circuit_decorator to 2024-01-19T03:48:29.060630+00:00, run_after=2024-01-20T03:48:29.060630+00:00
[2024-01-19T19:48:29.164-0800] {processor.py:175} INFO - Processing /home/mirukulla/.local/lib/python3.10/site-packages/airflow/example_dags/example_short_circuit_decorator.py took 0.354 seconds
