[2024-01-19T19:38:07.032-0800] {processor.py:153} INFO - Started process (PID=10674) to work on /home/mirukulla/.local/lib/python3.10/site-packages/airflow/example_dags/example_complex.py
[2024-01-19T19:38:07.033-0800] {processor.py:743} INFO - Processing file /home/mirukulla/.local/lib/python3.10/site-packages/airflow/example_dags/example_complex.py for tasks to queue
[2024-01-19T19:38:07.034-0800] {logging_mixin.py:137} INFO - [2024-01-19T19:38:07.033-0800] {dagbag.py:532} INFO - Filling up the DagBag from /home/mirukulla/.local/lib/python3.10/site-packages/airflow/example_dags/example_complex.py
[2024-01-19T19:38:07.047-0800] {logging_mixin.py:137} INFO - [2024-01-19T19:38:07.047-0800] {taskmixin.py:211} WARNING - Dependency <Task(BashOperator): create_entry_group>, delete_entry_group already registered for DAG: example_complex
[2024-01-19T19:38:07.048-0800] {logging_mixin.py:137} INFO - [2024-01-19T19:38:07.048-0800] {taskmixin.py:211} WARNING - Dependency <Task(BashOperator): delete_entry_group>, create_entry_group already registered for DAG: example_complex
[2024-01-19T19:38:07.048-0800] {logging_mixin.py:137} INFO - [2024-01-19T19:38:07.048-0800] {taskmixin.py:211} WARNING - Dependency <Task(BashOperator): create_entry_gcs>, delete_entry already registered for DAG: example_complex
[2024-01-19T19:38:07.048-0800] {logging_mixin.py:137} INFO - [2024-01-19T19:38:07.048-0800] {taskmixin.py:211} WARNING - Dependency <Task(BashOperator): delete_entry>, create_entry_gcs already registered for DAG: example_complex
[2024-01-19T19:38:07.048-0800] {logging_mixin.py:137} INFO - [2024-01-19T19:38:07.048-0800] {taskmixin.py:211} WARNING - Dependency <Task(BashOperator): create_tag>, delete_tag already registered for DAG: example_complex
[2024-01-19T19:38:07.049-0800] {logging_mixin.py:137} INFO - [2024-01-19T19:38:07.049-0800] {taskmixin.py:211} WARNING - Dependency <Task(BashOperator): delete_tag>, create_tag already registered for DAG: example_complex
[2024-01-19T19:38:07.061-0800] {processor.py:753} INFO - DAG(s) dict_keys(['example_complex']) retrieved from /home/mirukulla/.local/lib/python3.10/site-packages/airflow/example_dags/example_complex.py
[2024-01-19T19:38:07.172-0800] {logging_mixin.py:137} INFO - [2024-01-19T19:38:07.172-0800] {manager.py:504} INFO - Created Permission View: can delete on DAG:example_complex
[2024-01-19T19:38:07.189-0800] {logging_mixin.py:137} INFO - [2024-01-19T19:38:07.189-0800] {manager.py:504} INFO - Created Permission View: can edit on DAG:example_complex
[2024-01-19T19:38:07.206-0800] {logging_mixin.py:137} INFO - [2024-01-19T19:38:07.206-0800] {manager.py:504} INFO - Created Permission View: can read on DAG:example_complex
[2024-01-19T19:38:07.206-0800] {logging_mixin.py:137} INFO - [2024-01-19T19:38:07.206-0800] {dag.py:2705} INFO - Sync 1 DAGs
[2024-01-19T19:38:07.221-0800] {logging_mixin.py:137} INFO - [2024-01-19T19:38:07.221-0800] {dag.py:2726} INFO - Creating ORM DAG for example_complex
[2024-01-19T19:38:07.229-0800] {logging_mixin.py:137} INFO - [2024-01-19T19:38:07.228-0800] {dag.py:3452} INFO - Setting next_dagrun for example_complex to None, run_after=None
[2024-01-19T19:38:07.258-0800] {processor.py:175} INFO - Processing /home/mirukulla/.local/lib/python3.10/site-packages/airflow/example_dags/example_complex.py took 0.230 seconds
[2024-01-19T19:38:52.286-0800] {processor.py:153} INFO - Started process (PID=10725) to work on /home/mirukulla/.local/lib/python3.10/site-packages/airflow/example_dags/example_complex.py
[2024-01-19T19:38:52.309-0800] {processor.py:743} INFO - Processing file /home/mirukulla/.local/lib/python3.10/site-packages/airflow/example_dags/example_complex.py for tasks to queue
[2024-01-19T19:38:52.310-0800] {logging_mixin.py:137} INFO - [2024-01-19T19:38:52.310-0800] {dagbag.py:532} INFO - Filling up the DagBag from /home/mirukulla/.local/lib/python3.10/site-packages/airflow/example_dags/example_complex.py
[2024-01-19T19:38:52.322-0800] {logging_mixin.py:137} INFO - [2024-01-19T19:38:52.322-0800] {taskmixin.py:211} WARNING - Dependency <Task(BashOperator): create_entry_group>, delete_entry_group already registered for DAG: example_complex
[2024-01-19T19:38:52.322-0800] {logging_mixin.py:137} INFO - [2024-01-19T19:38:52.322-0800] {taskmixin.py:211} WARNING - Dependency <Task(BashOperator): delete_entry_group>, create_entry_group already registered for DAG: example_complex
[2024-01-19T19:38:52.323-0800] {logging_mixin.py:137} INFO - [2024-01-19T19:38:52.322-0800] {taskmixin.py:211} WARNING - Dependency <Task(BashOperator): create_entry_gcs>, delete_entry already registered for DAG: example_complex
[2024-01-19T19:38:52.323-0800] {logging_mixin.py:137} INFO - [2024-01-19T19:38:52.323-0800] {taskmixin.py:211} WARNING - Dependency <Task(BashOperator): delete_entry>, create_entry_gcs already registered for DAG: example_complex
[2024-01-19T19:38:52.323-0800] {logging_mixin.py:137} INFO - [2024-01-19T19:38:52.323-0800] {taskmixin.py:211} WARNING - Dependency <Task(BashOperator): create_tag>, delete_tag already registered for DAG: example_complex
[2024-01-19T19:38:52.323-0800] {logging_mixin.py:137} INFO - [2024-01-19T19:38:52.323-0800] {taskmixin.py:211} WARNING - Dependency <Task(BashOperator): delete_tag>, create_tag already registered for DAG: example_complex
[2024-01-19T19:38:52.330-0800] {processor.py:753} INFO - DAG(s) dict_keys(['example_complex']) retrieved from /home/mirukulla/.local/lib/python3.10/site-packages/airflow/example_dags/example_complex.py
[2024-01-19T19:38:52.353-0800] {logging_mixin.py:137} INFO - [2024-01-19T19:38:52.353-0800] {dag.py:2705} INFO - Sync 1 DAGs
[2024-01-19T19:38:52.368-0800] {logging_mixin.py:137} INFO - [2024-01-19T19:38:52.367-0800] {dag.py:3452} INFO - Setting next_dagrun for example_complex to None, run_after=None
[2024-01-19T19:38:52.394-0800] {processor.py:175} INFO - Processing /home/mirukulla/.local/lib/python3.10/site-packages/airflow/example_dags/example_complex.py took 0.112 seconds
[2024-01-19T19:39:36.696-0800] {processor.py:153} INFO - Started process (PID=10785) to work on /home/mirukulla/.local/lib/python3.10/site-packages/airflow/example_dags/example_complex.py
[2024-01-19T19:39:36.697-0800] {processor.py:743} INFO - Processing file /home/mirukulla/.local/lib/python3.10/site-packages/airflow/example_dags/example_complex.py for tasks to queue
[2024-01-19T19:39:36.698-0800] {logging_mixin.py:137} INFO - [2024-01-19T19:39:36.698-0800] {dagbag.py:532} INFO - Filling up the DagBag from /home/mirukulla/.local/lib/python3.10/site-packages/airflow/example_dags/example_complex.py
[2024-01-19T19:39:36.722-0800] {logging_mixin.py:137} INFO - [2024-01-19T19:39:36.722-0800] {taskmixin.py:211} WARNING - Dependency <Task(BashOperator): create_entry_group>, delete_entry_group already registered for DAG: example_complex
[2024-01-19T19:39:36.722-0800] {logging_mixin.py:137} INFO - [2024-01-19T19:39:36.722-0800] {taskmixin.py:211} WARNING - Dependency <Task(BashOperator): delete_entry_group>, create_entry_group already registered for DAG: example_complex
[2024-01-19T19:39:36.723-0800] {logging_mixin.py:137} INFO - [2024-01-19T19:39:36.723-0800] {taskmixin.py:211} WARNING - Dependency <Task(BashOperator): create_entry_gcs>, delete_entry already registered for DAG: example_complex
[2024-01-19T19:39:36.723-0800] {logging_mixin.py:137} INFO - [2024-01-19T19:39:36.723-0800] {taskmixin.py:211} WARNING - Dependency <Task(BashOperator): delete_entry>, create_entry_gcs already registered for DAG: example_complex
[2024-01-19T19:39:36.723-0800] {logging_mixin.py:137} INFO - [2024-01-19T19:39:36.723-0800] {taskmixin.py:211} WARNING - Dependency <Task(BashOperator): create_tag>, delete_tag already registered for DAG: example_complex
[2024-01-19T19:39:36.723-0800] {logging_mixin.py:137} INFO - [2024-01-19T19:39:36.723-0800] {taskmixin.py:211} WARNING - Dependency <Task(BashOperator): delete_tag>, create_tag already registered for DAG: example_complex
[2024-01-19T19:39:36.730-0800] {processor.py:753} INFO - DAG(s) dict_keys(['example_complex']) retrieved from /home/mirukulla/.local/lib/python3.10/site-packages/airflow/example_dags/example_complex.py
[2024-01-19T19:39:36.756-0800] {logging_mixin.py:137} INFO - [2024-01-19T19:39:36.755-0800] {dag.py:2705} INFO - Sync 1 DAGs
[2024-01-19T19:39:36.786-0800] {logging_mixin.py:137} INFO - [2024-01-19T19:39:36.786-0800] {dag.py:3452} INFO - Setting next_dagrun for example_complex to None, run_after=None
[2024-01-19T19:39:36.812-0800] {processor.py:175} INFO - Processing /home/mirukulla/.local/lib/python3.10/site-packages/airflow/example_dags/example_complex.py took 0.121 seconds
[2024-01-19T19:40:29.053-0800] {processor.py:153} INFO - Started process (PID=10838) to work on /home/mirukulla/.local/lib/python3.10/site-packages/airflow/example_dags/example_complex.py
[2024-01-19T19:40:29.082-0800] {processor.py:743} INFO - Processing file /home/mirukulla/.local/lib/python3.10/site-packages/airflow/example_dags/example_complex.py for tasks to queue
[2024-01-19T19:40:29.083-0800] {logging_mixin.py:137} INFO - [2024-01-19T19:40:29.083-0800] {dagbag.py:532} INFO - Filling up the DagBag from /home/mirukulla/.local/lib/python3.10/site-packages/airflow/example_dags/example_complex.py
[2024-01-19T19:40:29.103-0800] {logging_mixin.py:137} INFO - [2024-01-19T19:40:29.103-0800] {taskmixin.py:211} WARNING - Dependency <Task(BashOperator): create_entry_group>, delete_entry_group already registered for DAG: example_complex
[2024-01-19T19:40:29.103-0800] {logging_mixin.py:137} INFO - [2024-01-19T19:40:29.103-0800] {taskmixin.py:211} WARNING - Dependency <Task(BashOperator): delete_entry_group>, create_entry_group already registered for DAG: example_complex
[2024-01-19T19:40:29.104-0800] {logging_mixin.py:137} INFO - [2024-01-19T19:40:29.103-0800] {taskmixin.py:211} WARNING - Dependency <Task(BashOperator): create_entry_gcs>, delete_entry already registered for DAG: example_complex
[2024-01-19T19:40:29.104-0800] {logging_mixin.py:137} INFO - [2024-01-19T19:40:29.104-0800] {taskmixin.py:211} WARNING - Dependency <Task(BashOperator): delete_entry>, create_entry_gcs already registered for DAG: example_complex
[2024-01-19T19:40:29.104-0800] {logging_mixin.py:137} INFO - [2024-01-19T19:40:29.104-0800] {taskmixin.py:211} WARNING - Dependency <Task(BashOperator): create_tag>, delete_tag already registered for DAG: example_complex
[2024-01-19T19:40:29.105-0800] {logging_mixin.py:137} INFO - [2024-01-19T19:40:29.105-0800] {taskmixin.py:211} WARNING - Dependency <Task(BashOperator): delete_tag>, create_tag already registered for DAG: example_complex
[2024-01-19T19:40:29.111-0800] {processor.py:753} INFO - DAG(s) dict_keys(['example_complex']) retrieved from /home/mirukulla/.local/lib/python3.10/site-packages/airflow/example_dags/example_complex.py
[2024-01-19T19:40:29.134-0800] {logging_mixin.py:137} INFO - [2024-01-19T19:40:29.134-0800] {dag.py:2705} INFO - Sync 1 DAGs
[2024-01-19T19:40:29.149-0800] {logging_mixin.py:137} INFO - [2024-01-19T19:40:29.149-0800] {dag.py:3452} INFO - Setting next_dagrun for example_complex to None, run_after=None
[2024-01-19T19:40:29.176-0800] {processor.py:175} INFO - Processing /home/mirukulla/.local/lib/python3.10/site-packages/airflow/example_dags/example_complex.py took 0.126 seconds
[2024-01-19T19:41:20.973-0800] {processor.py:153} INFO - Started process (PID=10884) to work on /home/mirukulla/.local/lib/python3.10/site-packages/airflow/example_dags/example_complex.py
[2024-01-19T19:41:21.000-0800] {processor.py:743} INFO - Processing file /home/mirukulla/.local/lib/python3.10/site-packages/airflow/example_dags/example_complex.py for tasks to queue
[2024-01-19T19:41:21.017-0800] {logging_mixin.py:137} INFO - [2024-01-19T19:41:21.016-0800] {dagbag.py:532} INFO - Filling up the DagBag from /home/mirukulla/.local/lib/python3.10/site-packages/airflow/example_dags/example_complex.py
[2024-01-19T19:41:21.124-0800] {logging_mixin.py:137} INFO - [2024-01-19T19:41:21.123-0800] {taskmixin.py:211} WARNING - Dependency <Task(BashOperator): create_entry_group>, delete_entry_group already registered for DAG: example_complex
[2024-01-19T19:41:21.126-0800] {logging_mixin.py:137} INFO - [2024-01-19T19:41:21.126-0800] {taskmixin.py:211} WARNING - Dependency <Task(BashOperator): delete_entry_group>, create_entry_group already registered for DAG: example_complex
[2024-01-19T19:41:21.127-0800] {logging_mixin.py:137} INFO - [2024-01-19T19:41:21.127-0800] {taskmixin.py:211} WARNING - Dependency <Task(BashOperator): create_entry_gcs>, delete_entry already registered for DAG: example_complex
[2024-01-19T19:41:21.130-0800] {logging_mixin.py:137} INFO - [2024-01-19T19:41:21.129-0800] {taskmixin.py:211} WARNING - Dependency <Task(BashOperator): delete_entry>, create_entry_gcs already registered for DAG: example_complex
[2024-01-19T19:41:21.130-0800] {logging_mixin.py:137} INFO - [2024-01-19T19:41:21.130-0800] {taskmixin.py:211} WARNING - Dependency <Task(BashOperator): create_tag>, delete_tag already registered for DAG: example_complex
[2024-01-19T19:41:21.131-0800] {logging_mixin.py:137} INFO - [2024-01-19T19:41:21.130-0800] {taskmixin.py:211} WARNING - Dependency <Task(BashOperator): delete_tag>, create_tag already registered for DAG: example_complex
[2024-01-19T19:41:21.191-0800] {processor.py:753} INFO - DAG(s) dict_keys(['example_complex']) retrieved from /home/mirukulla/.local/lib/python3.10/site-packages/airflow/example_dags/example_complex.py
[2024-01-19T19:41:21.394-0800] {logging_mixin.py:137} INFO - [2024-01-19T19:41:21.393-0800] {dag.py:2705} INFO - Sync 1 DAGs
[2024-01-19T19:41:21.518-0800] {logging_mixin.py:137} INFO - [2024-01-19T19:41:21.518-0800] {dag.py:3452} INFO - Setting next_dagrun for example_complex to None, run_after=None
[2024-01-19T19:41:21.572-0800] {processor.py:175} INFO - Processing /home/mirukulla/.local/lib/python3.10/site-packages/airflow/example_dags/example_complex.py took 0.655 seconds
[2024-01-19T19:42:19.189-0800] {processor.py:153} INFO - Started process (PID=10934) to work on /home/mirukulla/.local/lib/python3.10/site-packages/airflow/example_dags/example_complex.py
[2024-01-19T19:42:19.192-0800] {processor.py:743} INFO - Processing file /home/mirukulla/.local/lib/python3.10/site-packages/airflow/example_dags/example_complex.py for tasks to queue
[2024-01-19T19:42:19.194-0800] {logging_mixin.py:137} INFO - [2024-01-19T19:42:19.193-0800] {dagbag.py:532} INFO - Filling up the DagBag from /home/mirukulla/.local/lib/python3.10/site-packages/airflow/example_dags/example_complex.py
[2024-01-19T19:42:19.240-0800] {logging_mixin.py:137} INFO - [2024-01-19T19:42:19.239-0800] {taskmixin.py:211} WARNING - Dependency <Task(BashOperator): create_entry_group>, delete_entry_group already registered for DAG: example_complex
[2024-01-19T19:42:19.241-0800] {logging_mixin.py:137} INFO - [2024-01-19T19:42:19.241-0800] {taskmixin.py:211} WARNING - Dependency <Task(BashOperator): delete_entry_group>, create_entry_group already registered for DAG: example_complex
[2024-01-19T19:42:19.249-0800] {logging_mixin.py:137} INFO - [2024-01-19T19:42:19.244-0800] {taskmixin.py:211} WARNING - Dependency <Task(BashOperator): create_entry_gcs>, delete_entry already registered for DAG: example_complex
[2024-01-19T19:42:19.250-0800] {logging_mixin.py:137} INFO - [2024-01-19T19:42:19.249-0800] {taskmixin.py:211} WARNING - Dependency <Task(BashOperator): delete_entry>, create_entry_gcs already registered for DAG: example_complex
[2024-01-19T19:42:19.251-0800] {logging_mixin.py:137} INFO - [2024-01-19T19:42:19.250-0800] {taskmixin.py:211} WARNING - Dependency <Task(BashOperator): create_tag>, delete_tag already registered for DAG: example_complex
[2024-01-19T19:42:19.251-0800] {logging_mixin.py:137} INFO - [2024-01-19T19:42:19.251-0800] {taskmixin.py:211} WARNING - Dependency <Task(BashOperator): delete_tag>, create_tag already registered for DAG: example_complex
[2024-01-19T19:42:19.269-0800] {processor.py:753} INFO - DAG(s) dict_keys(['example_complex']) retrieved from /home/mirukulla/.local/lib/python3.10/site-packages/airflow/example_dags/example_complex.py
[2024-01-19T19:42:19.336-0800] {logging_mixin.py:137} INFO - [2024-01-19T19:42:19.336-0800] {dag.py:2705} INFO - Sync 1 DAGs
[2024-01-19T19:42:19.441-0800] {logging_mixin.py:137} INFO - [2024-01-19T19:42:19.441-0800] {dag.py:3452} INFO - Setting next_dagrun for example_complex to None, run_after=None
[2024-01-19T19:42:19.515-0800] {processor.py:175} INFO - Processing /home/mirukulla/.local/lib/python3.10/site-packages/airflow/example_dags/example_complex.py took 0.335 seconds
[2024-01-19T19:43:21.278-0800] {processor.py:153} INFO - Started process (PID=10985) to work on /home/mirukulla/.local/lib/python3.10/site-packages/airflow/example_dags/example_complex.py
[2024-01-19T19:43:21.301-0800] {processor.py:743} INFO - Processing file /home/mirukulla/.local/lib/python3.10/site-packages/airflow/example_dags/example_complex.py for tasks to queue
[2024-01-19T19:43:21.302-0800] {logging_mixin.py:137} INFO - [2024-01-19T19:43:21.301-0800] {dagbag.py:532} INFO - Filling up the DagBag from /home/mirukulla/.local/lib/python3.10/site-packages/airflow/example_dags/example_complex.py
[2024-01-19T19:43:21.316-0800] {logging_mixin.py:137} INFO - [2024-01-19T19:43:21.316-0800] {taskmixin.py:211} WARNING - Dependency <Task(BashOperator): create_entry_group>, delete_entry_group already registered for DAG: example_complex
[2024-01-19T19:43:21.316-0800] {logging_mixin.py:137} INFO - [2024-01-19T19:43:21.316-0800] {taskmixin.py:211} WARNING - Dependency <Task(BashOperator): delete_entry_group>, create_entry_group already registered for DAG: example_complex
[2024-01-19T19:43:21.317-0800] {logging_mixin.py:137} INFO - [2024-01-19T19:43:21.316-0800] {taskmixin.py:211} WARNING - Dependency <Task(BashOperator): create_entry_gcs>, delete_entry already registered for DAG: example_complex
[2024-01-19T19:43:21.317-0800] {logging_mixin.py:137} INFO - [2024-01-19T19:43:21.317-0800] {taskmixin.py:211} WARNING - Dependency <Task(BashOperator): delete_entry>, create_entry_gcs already registered for DAG: example_complex
[2024-01-19T19:43:21.318-0800] {logging_mixin.py:137} INFO - [2024-01-19T19:43:21.318-0800] {taskmixin.py:211} WARNING - Dependency <Task(BashOperator): create_tag>, delete_tag already registered for DAG: example_complex
[2024-01-19T19:43:21.318-0800] {logging_mixin.py:137} INFO - [2024-01-19T19:43:21.318-0800] {taskmixin.py:211} WARNING - Dependency <Task(BashOperator): delete_tag>, create_tag already registered for DAG: example_complex
[2024-01-19T19:43:21.330-0800] {processor.py:753} INFO - DAG(s) dict_keys(['example_complex']) retrieved from /home/mirukulla/.local/lib/python3.10/site-packages/airflow/example_dags/example_complex.py
[2024-01-19T19:43:21.368-0800] {logging_mixin.py:137} INFO - [2024-01-19T19:43:21.368-0800] {dag.py:2705} INFO - Sync 1 DAGs
[2024-01-19T19:43:21.398-0800] {logging_mixin.py:137} INFO - [2024-01-19T19:43:21.398-0800] {dag.py:3452} INFO - Setting next_dagrun for example_complex to None, run_after=None
[2024-01-19T19:43:21.438-0800] {processor.py:175} INFO - Processing /home/mirukulla/.local/lib/python3.10/site-packages/airflow/example_dags/example_complex.py took 0.164 seconds
[2024-01-19T19:44:13.860-0800] {processor.py:153} INFO - Started process (PID=11029) to work on /home/mirukulla/.local/lib/python3.10/site-packages/airflow/example_dags/example_complex.py
[2024-01-19T19:44:13.862-0800] {processor.py:743} INFO - Processing file /home/mirukulla/.local/lib/python3.10/site-packages/airflow/example_dags/example_complex.py for tasks to queue
[2024-01-19T19:44:13.863-0800] {logging_mixin.py:137} INFO - [2024-01-19T19:44:13.863-0800] {dagbag.py:532} INFO - Filling up the DagBag from /home/mirukulla/.local/lib/python3.10/site-packages/airflow/example_dags/example_complex.py
[2024-01-19T19:44:13.878-0800] {logging_mixin.py:137} INFO - [2024-01-19T19:44:13.877-0800] {taskmixin.py:211} WARNING - Dependency <Task(BashOperator): create_entry_group>, delete_entry_group already registered for DAG: example_complex
[2024-01-19T19:44:13.878-0800] {logging_mixin.py:137} INFO - [2024-01-19T19:44:13.878-0800] {taskmixin.py:211} WARNING - Dependency <Task(BashOperator): delete_entry_group>, create_entry_group already registered for DAG: example_complex
[2024-01-19T19:44:13.878-0800] {logging_mixin.py:137} INFO - [2024-01-19T19:44:13.878-0800] {taskmixin.py:211} WARNING - Dependency <Task(BashOperator): create_entry_gcs>, delete_entry already registered for DAG: example_complex
[2024-01-19T19:44:13.878-0800] {logging_mixin.py:137} INFO - [2024-01-19T19:44:13.878-0800] {taskmixin.py:211} WARNING - Dependency <Task(BashOperator): delete_entry>, create_entry_gcs already registered for DAG: example_complex
[2024-01-19T19:44:13.879-0800] {logging_mixin.py:137} INFO - [2024-01-19T19:44:13.878-0800] {taskmixin.py:211} WARNING - Dependency <Task(BashOperator): create_tag>, delete_tag already registered for DAG: example_complex
[2024-01-19T19:44:13.879-0800] {logging_mixin.py:137} INFO - [2024-01-19T19:44:13.879-0800] {taskmixin.py:211} WARNING - Dependency <Task(BashOperator): delete_tag>, create_tag already registered for DAG: example_complex
[2024-01-19T19:44:13.885-0800] {processor.py:753} INFO - DAG(s) dict_keys(['example_complex']) retrieved from /home/mirukulla/.local/lib/python3.10/site-packages/airflow/example_dags/example_complex.py
[2024-01-19T19:44:13.920-0800] {logging_mixin.py:137} INFO - [2024-01-19T19:44:13.920-0800] {dag.py:2705} INFO - Sync 1 DAGs
[2024-01-19T19:44:13.947-0800] {logging_mixin.py:137} INFO - [2024-01-19T19:44:13.947-0800] {dag.py:3452} INFO - Setting next_dagrun for example_complex to None, run_after=None
[2024-01-19T19:44:13.980-0800] {processor.py:175} INFO - Processing /home/mirukulla/.local/lib/python3.10/site-packages/airflow/example_dags/example_complex.py took 0.126 seconds
[2024-01-19T19:45:02.258-0800] {processor.py:153} INFO - Started process (PID=11075) to work on /home/mirukulla/.local/lib/python3.10/site-packages/airflow/example_dags/example_complex.py
[2024-01-19T19:45:02.294-0800] {processor.py:743} INFO - Processing file /home/mirukulla/.local/lib/python3.10/site-packages/airflow/example_dags/example_complex.py for tasks to queue
[2024-01-19T19:45:02.295-0800] {logging_mixin.py:137} INFO - [2024-01-19T19:45:02.295-0800] {dagbag.py:532} INFO - Filling up the DagBag from /home/mirukulla/.local/lib/python3.10/site-packages/airflow/example_dags/example_complex.py
[2024-01-19T19:45:02.308-0800] {logging_mixin.py:137} INFO - [2024-01-19T19:45:02.308-0800] {taskmixin.py:211} WARNING - Dependency <Task(BashOperator): create_entry_group>, delete_entry_group already registered for DAG: example_complex
[2024-01-19T19:45:02.308-0800] {logging_mixin.py:137} INFO - [2024-01-19T19:45:02.308-0800] {taskmixin.py:211} WARNING - Dependency <Task(BashOperator): delete_entry_group>, create_entry_group already registered for DAG: example_complex
[2024-01-19T19:45:02.308-0800] {logging_mixin.py:137} INFO - [2024-01-19T19:45:02.308-0800] {taskmixin.py:211} WARNING - Dependency <Task(BashOperator): create_entry_gcs>, delete_entry already registered for DAG: example_complex
[2024-01-19T19:45:02.309-0800] {logging_mixin.py:137} INFO - [2024-01-19T19:45:02.309-0800] {taskmixin.py:211} WARNING - Dependency <Task(BashOperator): delete_entry>, create_entry_gcs already registered for DAG: example_complex
[2024-01-19T19:45:02.309-0800] {logging_mixin.py:137} INFO - [2024-01-19T19:45:02.309-0800] {taskmixin.py:211} WARNING - Dependency <Task(BashOperator): create_tag>, delete_tag already registered for DAG: example_complex
[2024-01-19T19:45:02.309-0800] {logging_mixin.py:137} INFO - [2024-01-19T19:45:02.309-0800] {taskmixin.py:211} WARNING - Dependency <Task(BashOperator): delete_tag>, create_tag already registered for DAG: example_complex
[2024-01-19T19:45:02.318-0800] {processor.py:753} INFO - DAG(s) dict_keys(['example_complex']) retrieved from /home/mirukulla/.local/lib/python3.10/site-packages/airflow/example_dags/example_complex.py
[2024-01-19T19:45:02.344-0800] {logging_mixin.py:137} INFO - [2024-01-19T19:45:02.344-0800] {dag.py:2705} INFO - Sync 1 DAGs
[2024-01-19T19:45:02.364-0800] {logging_mixin.py:137} INFO - [2024-01-19T19:45:02.363-0800] {dag.py:3452} INFO - Setting next_dagrun for example_complex to None, run_after=None
[2024-01-19T19:45:02.394-0800] {processor.py:175} INFO - Processing /home/mirukulla/.local/lib/python3.10/site-packages/airflow/example_dags/example_complex.py took 0.139 seconds
[2024-01-19T19:46:11.307-0800] {processor.py:153} INFO - Started process (PID=11128) to work on /home/mirukulla/.local/lib/python3.10/site-packages/airflow/example_dags/example_complex.py
[2024-01-19T19:46:11.309-0800] {processor.py:743} INFO - Processing file /home/mirukulla/.local/lib/python3.10/site-packages/airflow/example_dags/example_complex.py for tasks to queue
[2024-01-19T19:46:11.310-0800] {logging_mixin.py:137} INFO - [2024-01-19T19:46:11.310-0800] {dagbag.py:532} INFO - Filling up the DagBag from /home/mirukulla/.local/lib/python3.10/site-packages/airflow/example_dags/example_complex.py
[2024-01-19T19:46:11.324-0800] {logging_mixin.py:137} INFO - [2024-01-19T19:46:11.324-0800] {taskmixin.py:211} WARNING - Dependency <Task(BashOperator): create_entry_group>, delete_entry_group already registered for DAG: example_complex
[2024-01-19T19:46:11.324-0800] {logging_mixin.py:137} INFO - [2024-01-19T19:46:11.324-0800] {taskmixin.py:211} WARNING - Dependency <Task(BashOperator): delete_entry_group>, create_entry_group already registered for DAG: example_complex
[2024-01-19T19:46:11.324-0800] {logging_mixin.py:137} INFO - [2024-01-19T19:46:11.324-0800] {taskmixin.py:211} WARNING - Dependency <Task(BashOperator): create_entry_gcs>, delete_entry already registered for DAG: example_complex
[2024-01-19T19:46:11.325-0800] {logging_mixin.py:137} INFO - [2024-01-19T19:46:11.325-0800] {taskmixin.py:211} WARNING - Dependency <Task(BashOperator): delete_entry>, create_entry_gcs already registered for DAG: example_complex
[2024-01-19T19:46:11.325-0800] {logging_mixin.py:137} INFO - [2024-01-19T19:46:11.325-0800] {taskmixin.py:211} WARNING - Dependency <Task(BashOperator): create_tag>, delete_tag already registered for DAG: example_complex
[2024-01-19T19:46:11.325-0800] {logging_mixin.py:137} INFO - [2024-01-19T19:46:11.325-0800] {taskmixin.py:211} WARNING - Dependency <Task(BashOperator): delete_tag>, create_tag already registered for DAG: example_complex
[2024-01-19T19:46:11.332-0800] {processor.py:753} INFO - DAG(s) dict_keys(['example_complex']) retrieved from /home/mirukulla/.local/lib/python3.10/site-packages/airflow/example_dags/example_complex.py
[2024-01-19T19:46:11.364-0800] {logging_mixin.py:137} INFO - [2024-01-19T19:46:11.364-0800] {dag.py:2705} INFO - Sync 1 DAGs
[2024-01-19T19:46:11.388-0800] {logging_mixin.py:137} INFO - [2024-01-19T19:46:11.388-0800] {dag.py:3452} INFO - Setting next_dagrun for example_complex to None, run_after=None
[2024-01-19T19:46:11.427-0800] {processor.py:175} INFO - Processing /home/mirukulla/.local/lib/python3.10/site-packages/airflow/example_dags/example_complex.py took 0.122 seconds
[2024-01-19T19:47:01.207-0800] {processor.py:153} INFO - Started process (PID=11174) to work on /home/mirukulla/.local/lib/python3.10/site-packages/airflow/example_dags/example_complex.py
[2024-01-19T19:47:01.209-0800] {processor.py:743} INFO - Processing file /home/mirukulla/.local/lib/python3.10/site-packages/airflow/example_dags/example_complex.py for tasks to queue
[2024-01-19T19:47:01.210-0800] {logging_mixin.py:137} INFO - [2024-01-19T19:47:01.209-0800] {dagbag.py:532} INFO - Filling up the DagBag from /home/mirukulla/.local/lib/python3.10/site-packages/airflow/example_dags/example_complex.py
[2024-01-19T19:47:01.225-0800] {logging_mixin.py:137} INFO - [2024-01-19T19:47:01.225-0800] {taskmixin.py:211} WARNING - Dependency <Task(BashOperator): create_entry_group>, delete_entry_group already registered for DAG: example_complex
[2024-01-19T19:47:01.226-0800] {logging_mixin.py:137} INFO - [2024-01-19T19:47:01.226-0800] {taskmixin.py:211} WARNING - Dependency <Task(BashOperator): delete_entry_group>, create_entry_group already registered for DAG: example_complex
[2024-01-19T19:47:01.226-0800] {logging_mixin.py:137} INFO - [2024-01-19T19:47:01.226-0800] {taskmixin.py:211} WARNING - Dependency <Task(BashOperator): create_entry_gcs>, delete_entry already registered for DAG: example_complex
[2024-01-19T19:47:01.226-0800] {logging_mixin.py:137} INFO - [2024-01-19T19:47:01.226-0800] {taskmixin.py:211} WARNING - Dependency <Task(BashOperator): delete_entry>, create_entry_gcs already registered for DAG: example_complex
[2024-01-19T19:47:01.226-0800] {logging_mixin.py:137} INFO - [2024-01-19T19:47:01.226-0800] {taskmixin.py:211} WARNING - Dependency <Task(BashOperator): create_tag>, delete_tag already registered for DAG: example_complex
[2024-01-19T19:47:01.227-0800] {logging_mixin.py:137} INFO - [2024-01-19T19:47:01.227-0800] {taskmixin.py:211} WARNING - Dependency <Task(BashOperator): delete_tag>, create_tag already registered for DAG: example_complex
[2024-01-19T19:47:01.236-0800] {processor.py:753} INFO - DAG(s) dict_keys(['example_complex']) retrieved from /home/mirukulla/.local/lib/python3.10/site-packages/airflow/example_dags/example_complex.py
[2024-01-19T19:47:01.263-0800] {logging_mixin.py:137} INFO - [2024-01-19T19:47:01.263-0800] {dag.py:2705} INFO - Sync 1 DAGs
[2024-01-19T19:47:01.281-0800] {logging_mixin.py:137} INFO - [2024-01-19T19:47:01.281-0800] {dag.py:3452} INFO - Setting next_dagrun for example_complex to None, run_after=None
[2024-01-19T19:47:01.311-0800] {processor.py:175} INFO - Processing /home/mirukulla/.local/lib/python3.10/site-packages/airflow/example_dags/example_complex.py took 0.109 seconds
[2024-01-19T19:47:47.933-0800] {processor.py:153} INFO - Started process (PID=11218) to work on /home/mirukulla/.local/lib/python3.10/site-packages/airflow/example_dags/example_complex.py
[2024-01-19T19:47:47.967-0800] {processor.py:743} INFO - Processing file /home/mirukulla/.local/lib/python3.10/site-packages/airflow/example_dags/example_complex.py for tasks to queue
[2024-01-19T19:47:47.967-0800] {logging_mixin.py:137} INFO - [2024-01-19T19:47:47.967-0800] {dagbag.py:532} INFO - Filling up the DagBag from /home/mirukulla/.local/lib/python3.10/site-packages/airflow/example_dags/example_complex.py
[2024-01-19T19:47:47.982-0800] {logging_mixin.py:137} INFO - [2024-01-19T19:47:47.982-0800] {taskmixin.py:211} WARNING - Dependency <Task(BashOperator): create_entry_group>, delete_entry_group already registered for DAG: example_complex
[2024-01-19T19:47:47.983-0800] {logging_mixin.py:137} INFO - [2024-01-19T19:47:47.982-0800] {taskmixin.py:211} WARNING - Dependency <Task(BashOperator): delete_entry_group>, create_entry_group already registered for DAG: example_complex
[2024-01-19T19:47:47.983-0800] {logging_mixin.py:137} INFO - [2024-01-19T19:47:47.983-0800] {taskmixin.py:211} WARNING - Dependency <Task(BashOperator): create_entry_gcs>, delete_entry already registered for DAG: example_complex
[2024-01-19T19:47:47.983-0800] {logging_mixin.py:137} INFO - [2024-01-19T19:47:47.983-0800] {taskmixin.py:211} WARNING - Dependency <Task(BashOperator): delete_entry>, create_entry_gcs already registered for DAG: example_complex
[2024-01-19T19:47:47.984-0800] {logging_mixin.py:137} INFO - [2024-01-19T19:47:47.983-0800] {taskmixin.py:211} WARNING - Dependency <Task(BashOperator): create_tag>, delete_tag already registered for DAG: example_complex
[2024-01-19T19:47:47.984-0800] {logging_mixin.py:137} INFO - [2024-01-19T19:47:47.984-0800] {taskmixin.py:211} WARNING - Dependency <Task(BashOperator): delete_tag>, create_tag already registered for DAG: example_complex
[2024-01-19T19:47:47.992-0800] {processor.py:753} INFO - DAG(s) dict_keys(['example_complex']) retrieved from /home/mirukulla/.local/lib/python3.10/site-packages/airflow/example_dags/example_complex.py
[2024-01-19T19:47:48.026-0800] {logging_mixin.py:137} INFO - [2024-01-19T19:47:48.025-0800] {dag.py:2705} INFO - Sync 1 DAGs
[2024-01-19T19:47:48.052-0800] {logging_mixin.py:137} INFO - [2024-01-19T19:47:48.052-0800] {dag.py:3452} INFO - Setting next_dagrun for example_complex to None, run_after=None
[2024-01-19T19:47:48.098-0800] {processor.py:175} INFO - Processing /home/mirukulla/.local/lib/python3.10/site-packages/airflow/example_dags/example_complex.py took 0.168 seconds
