[2024-01-19T19:38:03.034-0800] {processor.py:153} INFO - Started process (PID=10655) to work on /home/mirukulla/.local/lib/python3.10/site-packages/airflow/example_dags/example_external_task_marker_dag.py
[2024-01-19T19:38:03.037-0800] {processor.py:743} INFO - Processing file /home/mirukulla/.local/lib/python3.10/site-packages/airflow/example_dags/example_external_task_marker_dag.py for tasks to queue
[2024-01-19T19:38:03.038-0800] {logging_mixin.py:137} INFO - [2024-01-19T19:38:03.038-0800] {dagbag.py:532} INFO - Filling up the DagBag from /home/mirukulla/.local/lib/python3.10/site-packages/airflow/example_dags/example_external_task_marker_dag.py
[2024-01-19T19:38:03.051-0800] {processor.py:753} INFO - DAG(s) dict_keys(['example_external_task_marker_child', 'example_external_task_marker_parent']) retrieved from /home/mirukulla/.local/lib/python3.10/site-packages/airflow/example_dags/example_external_task_marker_dag.py
[2024-01-19T19:38:03.150-0800] {logging_mixin.py:137} INFO - [2024-01-19T19:38:03.150-0800] {manager.py:504} INFO - Created Permission View: can delete on DAG:example_external_task_marker_child
[2024-01-19T19:38:03.174-0800] {logging_mixin.py:137} INFO - [2024-01-19T19:38:03.174-0800] {manager.py:504} INFO - Created Permission View: can edit on DAG:example_external_task_marker_child
[2024-01-19T19:38:03.190-0800] {logging_mixin.py:137} INFO - [2024-01-19T19:38:03.190-0800] {manager.py:504} INFO - Created Permission View: can read on DAG:example_external_task_marker_child
[2024-01-19T19:38:03.227-0800] {logging_mixin.py:137} INFO - [2024-01-19T19:38:03.226-0800] {manager.py:504} INFO - Created Permission View: can delete on DAG:example_external_task_marker_parent
[2024-01-19T19:38:03.243-0800] {logging_mixin.py:137} INFO - [2024-01-19T19:38:03.243-0800] {manager.py:504} INFO - Created Permission View: can edit on DAG:example_external_task_marker_parent
[2024-01-19T19:38:03.259-0800] {logging_mixin.py:137} INFO - [2024-01-19T19:38:03.259-0800] {manager.py:504} INFO - Created Permission View: can read on DAG:example_external_task_marker_parent
[2024-01-19T19:38:03.259-0800] {logging_mixin.py:137} INFO - [2024-01-19T19:38:03.259-0800] {dag.py:2705} INFO - Sync 2 DAGs
[2024-01-19T19:38:03.269-0800] {logging_mixin.py:137} INFO - [2024-01-19T19:38:03.269-0800] {dag.py:2726} INFO - Creating ORM DAG for example_external_task_marker_child
[2024-01-19T19:38:03.270-0800] {logging_mixin.py:137} INFO - [2024-01-19T19:38:03.270-0800] {dag.py:2726} INFO - Creating ORM DAG for example_external_task_marker_parent
[2024-01-19T19:38:03.276-0800] {logging_mixin.py:137} INFO - [2024-01-19T19:38:03.276-0800] {dag.py:3452} INFO - Setting next_dagrun for example_external_task_marker_child to None, run_after=None
[2024-01-19T19:38:03.276-0800] {logging_mixin.py:137} INFO - [2024-01-19T19:38:03.276-0800] {dag.py:3452} INFO - Setting next_dagrun for example_external_task_marker_parent to None, run_after=None
[2024-01-19T19:38:03.303-0800] {processor.py:175} INFO - Processing /home/mirukulla/.local/lib/python3.10/site-packages/airflow/example_dags/example_external_task_marker_dag.py took 0.283 seconds
[2024-01-19T19:38:48.735-0800] {processor.py:153} INFO - Started process (PID=10722) to work on /home/mirukulla/.local/lib/python3.10/site-packages/airflow/example_dags/example_external_task_marker_dag.py
[2024-01-19T19:38:48.737-0800] {processor.py:743} INFO - Processing file /home/mirukulla/.local/lib/python3.10/site-packages/airflow/example_dags/example_external_task_marker_dag.py for tasks to queue
[2024-01-19T19:38:48.738-0800] {logging_mixin.py:137} INFO - [2024-01-19T19:38:48.737-0800] {dagbag.py:532} INFO - Filling up the DagBag from /home/mirukulla/.local/lib/python3.10/site-packages/airflow/example_dags/example_external_task_marker_dag.py
[2024-01-19T19:38:48.754-0800] {processor.py:753} INFO - DAG(s) dict_keys(['example_external_task_marker_parent', 'example_external_task_marker_child']) retrieved from /home/mirukulla/.local/lib/python3.10/site-packages/airflow/example_dags/example_external_task_marker_dag.py
[2024-01-19T19:38:48.774-0800] {logging_mixin.py:137} INFO - [2024-01-19T19:38:48.774-0800] {dag.py:2705} INFO - Sync 2 DAGs
[2024-01-19T19:38:48.792-0800] {logging_mixin.py:137} INFO - [2024-01-19T19:38:48.791-0800] {dag.py:3452} INFO - Setting next_dagrun for example_external_task_marker_child to None, run_after=None
[2024-01-19T19:38:48.794-0800] {logging_mixin.py:137} INFO - [2024-01-19T19:38:48.794-0800] {dag.py:3452} INFO - Setting next_dagrun for example_external_task_marker_parent to None, run_after=None
[2024-01-19T19:38:48.821-0800] {processor.py:175} INFO - Processing /home/mirukulla/.local/lib/python3.10/site-packages/airflow/example_dags/example_external_task_marker_dag.py took 0.091 seconds
[2024-01-19T19:39:33.595-0800] {processor.py:153} INFO - Started process (PID=10782) to work on /home/mirukulla/.local/lib/python3.10/site-packages/airflow/example_dags/example_external_task_marker_dag.py
[2024-01-19T19:39:33.605-0800] {processor.py:743} INFO - Processing file /home/mirukulla/.local/lib/python3.10/site-packages/airflow/example_dags/example_external_task_marker_dag.py for tasks to queue
[2024-01-19T19:39:33.606-0800] {logging_mixin.py:137} INFO - [2024-01-19T19:39:33.605-0800] {dagbag.py:532} INFO - Filling up the DagBag from /home/mirukulla/.local/lib/python3.10/site-packages/airflow/example_dags/example_external_task_marker_dag.py
[2024-01-19T19:39:33.624-0800] {processor.py:753} INFO - DAG(s) dict_keys(['example_external_task_marker_child', 'example_external_task_marker_parent']) retrieved from /home/mirukulla/.local/lib/python3.10/site-packages/airflow/example_dags/example_external_task_marker_dag.py
[2024-01-19T19:39:33.643-0800] {logging_mixin.py:137} INFO - [2024-01-19T19:39:33.643-0800] {dag.py:2705} INFO - Sync 2 DAGs
[2024-01-19T19:39:33.658-0800] {logging_mixin.py:137} INFO - [2024-01-19T19:39:33.658-0800] {dag.py:3452} INFO - Setting next_dagrun for example_external_task_marker_child to None, run_after=None
[2024-01-19T19:39:33.660-0800] {logging_mixin.py:137} INFO - [2024-01-19T19:39:33.660-0800] {dag.py:3452} INFO - Setting next_dagrun for example_external_task_marker_parent to None, run_after=None
[2024-01-19T19:39:33.686-0800] {processor.py:175} INFO - Processing /home/mirukulla/.local/lib/python3.10/site-packages/airflow/example_dags/example_external_task_marker_dag.py took 0.094 seconds
[2024-01-19T19:40:26.751-0800] {processor.py:153} INFO - Started process (PID=10835) to work on /home/mirukulla/.local/lib/python3.10/site-packages/airflow/example_dags/example_external_task_marker_dag.py
[2024-01-19T19:40:26.753-0800] {processor.py:743} INFO - Processing file /home/mirukulla/.local/lib/python3.10/site-packages/airflow/example_dags/example_external_task_marker_dag.py for tasks to queue
[2024-01-19T19:40:26.754-0800] {logging_mixin.py:137} INFO - [2024-01-19T19:40:26.754-0800] {dagbag.py:532} INFO - Filling up the DagBag from /home/mirukulla/.local/lib/python3.10/site-packages/airflow/example_dags/example_external_task_marker_dag.py
[2024-01-19T19:40:26.780-0800] {processor.py:753} INFO - DAG(s) dict_keys(['example_external_task_marker_parent', 'example_external_task_marker_child']) retrieved from /home/mirukulla/.local/lib/python3.10/site-packages/airflow/example_dags/example_external_task_marker_dag.py
[2024-01-19T19:40:26.810-0800] {logging_mixin.py:137} INFO - [2024-01-19T19:40:26.810-0800] {dag.py:2705} INFO - Sync 2 DAGs
[2024-01-19T19:40:26.837-0800] {logging_mixin.py:137} INFO - [2024-01-19T19:40:26.837-0800] {dag.py:3452} INFO - Setting next_dagrun for example_external_task_marker_child to None, run_after=None
[2024-01-19T19:40:26.840-0800] {logging_mixin.py:137} INFO - [2024-01-19T19:40:26.840-0800] {dag.py:3452} INFO - Setting next_dagrun for example_external_task_marker_parent to None, run_after=None
[2024-01-19T19:40:26.879-0800] {processor.py:175} INFO - Processing /home/mirukulla/.local/lib/python3.10/site-packages/airflow/example_dags/example_external_task_marker_dag.py took 0.136 seconds
[2024-01-19T19:41:16.888-0800] {processor.py:153} INFO - Started process (PID=10881) to work on /home/mirukulla/.local/lib/python3.10/site-packages/airflow/example_dags/example_external_task_marker_dag.py
[2024-01-19T19:41:16.895-0800] {processor.py:743} INFO - Processing file /home/mirukulla/.local/lib/python3.10/site-packages/airflow/example_dags/example_external_task_marker_dag.py for tasks to queue
[2024-01-19T19:41:16.898-0800] {logging_mixin.py:137} INFO - [2024-01-19T19:41:16.898-0800] {dagbag.py:532} INFO - Filling up the DagBag from /home/mirukulla/.local/lib/python3.10/site-packages/airflow/example_dags/example_external_task_marker_dag.py
[2024-01-19T19:41:16.968-0800] {processor.py:753} INFO - DAG(s) dict_keys(['example_external_task_marker_child', 'example_external_task_marker_parent']) retrieved from /home/mirukulla/.local/lib/python3.10/site-packages/airflow/example_dags/example_external_task_marker_dag.py
[2024-01-19T19:41:17.037-0800] {logging_mixin.py:137} INFO - [2024-01-19T19:41:17.037-0800] {dag.py:2705} INFO - Sync 2 DAGs
[2024-01-19T19:41:17.120-0800] {logging_mixin.py:137} INFO - [2024-01-19T19:41:17.120-0800] {dag.py:3452} INFO - Setting next_dagrun for example_external_task_marker_child to None, run_after=None
[2024-01-19T19:41:17.132-0800] {logging_mixin.py:137} INFO - [2024-01-19T19:41:17.131-0800] {dag.py:3452} INFO - Setting next_dagrun for example_external_task_marker_parent to None, run_after=None
[2024-01-19T19:41:17.356-0800] {processor.py:175} INFO - Processing /home/mirukulla/.local/lib/python3.10/site-packages/airflow/example_dags/example_external_task_marker_dag.py took 0.499 seconds
[2024-01-19T19:42:07.350-0800] {processor.py:153} INFO - Started process (PID=10923) to work on /home/mirukulla/.local/lib/python3.10/site-packages/airflow/example_dags/example_external_task_marker_dag.py
[2024-01-19T19:42:07.379-0800] {processor.py:743} INFO - Processing file /home/mirukulla/.local/lib/python3.10/site-packages/airflow/example_dags/example_external_task_marker_dag.py for tasks to queue
[2024-01-19T19:42:07.381-0800] {logging_mixin.py:137} INFO - [2024-01-19T19:42:07.381-0800] {dagbag.py:532} INFO - Filling up the DagBag from /home/mirukulla/.local/lib/python3.10/site-packages/airflow/example_dags/example_external_task_marker_dag.py
[2024-01-19T19:42:07.427-0800] {processor.py:753} INFO - DAG(s) dict_keys(['example_external_task_marker_child', 'example_external_task_marker_parent']) retrieved from /home/mirukulla/.local/lib/python3.10/site-packages/airflow/example_dags/example_external_task_marker_dag.py
[2024-01-19T19:42:07.471-0800] {logging_mixin.py:137} INFO - [2024-01-19T19:42:07.471-0800] {dag.py:2705} INFO - Sync 2 DAGs
[2024-01-19T19:42:07.508-0800] {logging_mixin.py:137} INFO - [2024-01-19T19:42:07.508-0800] {dag.py:3452} INFO - Setting next_dagrun for example_external_task_marker_child to None, run_after=None
[2024-01-19T19:42:07.519-0800] {logging_mixin.py:137} INFO - [2024-01-19T19:42:07.519-0800] {dag.py:3452} INFO - Setting next_dagrun for example_external_task_marker_parent to None, run_after=None
[2024-01-19T19:42:07.576-0800] {processor.py:175} INFO - Processing /home/mirukulla/.local/lib/python3.10/site-packages/airflow/example_dags/example_external_task_marker_dag.py took 0.233 seconds
[2024-01-19T19:43:07.581-0800] {processor.py:153} INFO - Started process (PID=10973) to work on /home/mirukulla/.local/lib/python3.10/site-packages/airflow/example_dags/example_external_task_marker_dag.py
[2024-01-19T19:43:07.585-0800] {processor.py:743} INFO - Processing file /home/mirukulla/.local/lib/python3.10/site-packages/airflow/example_dags/example_external_task_marker_dag.py for tasks to queue
[2024-01-19T19:43:07.587-0800] {logging_mixin.py:137} INFO - [2024-01-19T19:43:07.587-0800] {dagbag.py:532} INFO - Filling up the DagBag from /home/mirukulla/.local/lib/python3.10/site-packages/airflow/example_dags/example_external_task_marker_dag.py
[2024-01-19T19:43:07.606-0800] {processor.py:753} INFO - DAG(s) dict_keys(['example_external_task_marker_child', 'example_external_task_marker_parent']) retrieved from /home/mirukulla/.local/lib/python3.10/site-packages/airflow/example_dags/example_external_task_marker_dag.py
[2024-01-19T19:43:07.640-0800] {logging_mixin.py:137} INFO - [2024-01-19T19:43:07.640-0800] {dag.py:2705} INFO - Sync 2 DAGs
[2024-01-19T19:43:07.675-0800] {logging_mixin.py:137} INFO - [2024-01-19T19:43:07.675-0800] {dag.py:3452} INFO - Setting next_dagrun for example_external_task_marker_child to None, run_after=None
[2024-01-19T19:43:07.681-0800] {logging_mixin.py:137} INFO - [2024-01-19T19:43:07.680-0800] {dag.py:3452} INFO - Setting next_dagrun for example_external_task_marker_parent to None, run_after=None
[2024-01-19T19:43:07.717-0800] {processor.py:175} INFO - Processing /home/mirukulla/.local/lib/python3.10/site-packages/airflow/example_dags/example_external_task_marker_dag.py took 0.142 seconds
[2024-01-19T19:44:09.920-0800] {processor.py:153} INFO - Started process (PID=11026) to work on /home/mirukulla/.local/lib/python3.10/site-packages/airflow/example_dags/example_external_task_marker_dag.py
[2024-01-19T19:44:09.946-0800] {processor.py:743} INFO - Processing file /home/mirukulla/.local/lib/python3.10/site-packages/airflow/example_dags/example_external_task_marker_dag.py for tasks to queue
[2024-01-19T19:44:09.947-0800] {logging_mixin.py:137} INFO - [2024-01-19T19:44:09.947-0800] {dagbag.py:532} INFO - Filling up the DagBag from /home/mirukulla/.local/lib/python3.10/site-packages/airflow/example_dags/example_external_task_marker_dag.py
[2024-01-19T19:44:09.966-0800] {processor.py:753} INFO - DAG(s) dict_keys(['example_external_task_marker_parent', 'example_external_task_marker_child']) retrieved from /home/mirukulla/.local/lib/python3.10/site-packages/airflow/example_dags/example_external_task_marker_dag.py
[2024-01-19T19:44:09.997-0800] {logging_mixin.py:137} INFO - [2024-01-19T19:44:09.997-0800] {dag.py:2705} INFO - Sync 2 DAGs
[2024-01-19T19:44:10.023-0800] {logging_mixin.py:137} INFO - [2024-01-19T19:44:10.023-0800] {dag.py:3452} INFO - Setting next_dagrun for example_external_task_marker_child to None, run_after=None
[2024-01-19T19:44:10.027-0800] {logging_mixin.py:137} INFO - [2024-01-19T19:44:10.027-0800] {dag.py:3452} INFO - Setting next_dagrun for example_external_task_marker_parent to None, run_after=None
[2024-01-19T19:44:10.065-0800] {processor.py:175} INFO - Processing /home/mirukulla/.local/lib/python3.10/site-packages/airflow/example_dags/example_external_task_marker_dag.py took 0.152 seconds
[2024-01-19T19:44:59.495-0800] {processor.py:153} INFO - Started process (PID=11072) to work on /home/mirukulla/.local/lib/python3.10/site-packages/airflow/example_dags/example_external_task_marker_dag.py
[2024-01-19T19:44:59.523-0800] {processor.py:743} INFO - Processing file /home/mirukulla/.local/lib/python3.10/site-packages/airflow/example_dags/example_external_task_marker_dag.py for tasks to queue
[2024-01-19T19:44:59.524-0800] {logging_mixin.py:137} INFO - [2024-01-19T19:44:59.524-0800] {dagbag.py:532} INFO - Filling up the DagBag from /home/mirukulla/.local/lib/python3.10/site-packages/airflow/example_dags/example_external_task_marker_dag.py
[2024-01-19T19:44:59.539-0800] {processor.py:753} INFO - DAG(s) dict_keys(['example_external_task_marker_parent', 'example_external_task_marker_child']) retrieved from /home/mirukulla/.local/lib/python3.10/site-packages/airflow/example_dags/example_external_task_marker_dag.py
[2024-01-19T19:44:59.560-0800] {logging_mixin.py:137} INFO - [2024-01-19T19:44:59.559-0800] {dag.py:2705} INFO - Sync 2 DAGs
[2024-01-19T19:44:59.577-0800] {logging_mixin.py:137} INFO - [2024-01-19T19:44:59.577-0800] {dag.py:3452} INFO - Setting next_dagrun for example_external_task_marker_child to None, run_after=None
[2024-01-19T19:44:59.580-0800] {logging_mixin.py:137} INFO - [2024-01-19T19:44:59.580-0800] {dag.py:3452} INFO - Setting next_dagrun for example_external_task_marker_parent to None, run_after=None
[2024-01-19T19:44:59.609-0800] {processor.py:175} INFO - Processing /home/mirukulla/.local/lib/python3.10/site-packages/airflow/example_dags/example_external_task_marker_dag.py took 0.117 seconds
[2024-01-19T19:46:08.577-0800] {processor.py:153} INFO - Started process (PID=11125) to work on /home/mirukulla/.local/lib/python3.10/site-packages/airflow/example_dags/example_external_task_marker_dag.py
[2024-01-19T19:46:08.578-0800] {processor.py:743} INFO - Processing file /home/mirukulla/.local/lib/python3.10/site-packages/airflow/example_dags/example_external_task_marker_dag.py for tasks to queue
[2024-01-19T19:46:08.579-0800] {logging_mixin.py:137} INFO - [2024-01-19T19:46:08.579-0800] {dagbag.py:532} INFO - Filling up the DagBag from /home/mirukulla/.local/lib/python3.10/site-packages/airflow/example_dags/example_external_task_marker_dag.py
[2024-01-19T19:46:08.599-0800] {processor.py:753} INFO - DAG(s) dict_keys(['example_external_task_marker_parent', 'example_external_task_marker_child']) retrieved from /home/mirukulla/.local/lib/python3.10/site-packages/airflow/example_dags/example_external_task_marker_dag.py
[2024-01-19T19:46:08.646-0800] {logging_mixin.py:137} INFO - [2024-01-19T19:46:08.646-0800] {dag.py:2705} INFO - Sync 2 DAGs
[2024-01-19T19:46:08.696-0800] {logging_mixin.py:137} INFO - [2024-01-19T19:46:08.696-0800] {dag.py:3452} INFO - Setting next_dagrun for example_external_task_marker_child to None, run_after=None
[2024-01-19T19:46:08.702-0800] {logging_mixin.py:137} INFO - [2024-01-19T19:46:08.702-0800] {dag.py:3452} INFO - Setting next_dagrun for example_external_task_marker_parent to None, run_after=None
[2024-01-19T19:46:08.736-0800] {processor.py:175} INFO - Processing /home/mirukulla/.local/lib/python3.10/site-packages/airflow/example_dags/example_external_task_marker_dag.py took 0.162 seconds
[2024-01-19T19:46:58.177-0800] {processor.py:153} INFO - Started process (PID=11171) to work on /home/mirukulla/.local/lib/python3.10/site-packages/airflow/example_dags/example_external_task_marker_dag.py
[2024-01-19T19:46:58.212-0800] {processor.py:743} INFO - Processing file /home/mirukulla/.local/lib/python3.10/site-packages/airflow/example_dags/example_external_task_marker_dag.py for tasks to queue
[2024-01-19T19:46:58.212-0800] {logging_mixin.py:137} INFO - [2024-01-19T19:46:58.212-0800] {dagbag.py:532} INFO - Filling up the DagBag from /home/mirukulla/.local/lib/python3.10/site-packages/airflow/example_dags/example_external_task_marker_dag.py
[2024-01-19T19:46:58.231-0800] {processor.py:753} INFO - DAG(s) dict_keys(['example_external_task_marker_child', 'example_external_task_marker_parent']) retrieved from /home/mirukulla/.local/lib/python3.10/site-packages/airflow/example_dags/example_external_task_marker_dag.py
[2024-01-19T19:46:58.265-0800] {logging_mixin.py:137} INFO - [2024-01-19T19:46:58.264-0800] {dag.py:2705} INFO - Sync 2 DAGs
[2024-01-19T19:46:58.296-0800] {logging_mixin.py:137} INFO - [2024-01-19T19:46:58.296-0800] {dag.py:3452} INFO - Setting next_dagrun for example_external_task_marker_child to None, run_after=None
[2024-01-19T19:46:58.301-0800] {logging_mixin.py:137} INFO - [2024-01-19T19:46:58.300-0800] {dag.py:3452} INFO - Setting next_dagrun for example_external_task_marker_parent to None, run_after=None
[2024-01-19T19:46:58.330-0800] {processor.py:175} INFO - Processing /home/mirukulla/.local/lib/python3.10/site-packages/airflow/example_dags/example_external_task_marker_dag.py took 0.155 seconds
[2024-01-19T19:47:44.647-0800] {processor.py:153} INFO - Started process (PID=11215) to work on /home/mirukulla/.local/lib/python3.10/site-packages/airflow/example_dags/example_external_task_marker_dag.py
[2024-01-19T19:47:44.685-0800] {processor.py:743} INFO - Processing file /home/mirukulla/.local/lib/python3.10/site-packages/airflow/example_dags/example_external_task_marker_dag.py for tasks to queue
[2024-01-19T19:47:44.687-0800] {logging_mixin.py:137} INFO - [2024-01-19T19:47:44.687-0800] {dagbag.py:532} INFO - Filling up the DagBag from /home/mirukulla/.local/lib/python3.10/site-packages/airflow/example_dags/example_external_task_marker_dag.py
[2024-01-19T19:47:44.710-0800] {processor.py:753} INFO - DAG(s) dict_keys(['example_external_task_marker_parent', 'example_external_task_marker_child']) retrieved from /home/mirukulla/.local/lib/python3.10/site-packages/airflow/example_dags/example_external_task_marker_dag.py
[2024-01-19T19:47:44.729-0800] {logging_mixin.py:137} INFO - [2024-01-19T19:47:44.729-0800] {dag.py:2705} INFO - Sync 2 DAGs
[2024-01-19T19:47:44.748-0800] {logging_mixin.py:137} INFO - [2024-01-19T19:47:44.748-0800] {dag.py:3452} INFO - Setting next_dagrun for example_external_task_marker_child to None, run_after=None
[2024-01-19T19:47:44.751-0800] {logging_mixin.py:137} INFO - [2024-01-19T19:47:44.751-0800] {dag.py:3452} INFO - Setting next_dagrun for example_external_task_marker_parent to None, run_after=None
[2024-01-19T19:47:44.778-0800] {processor.py:175} INFO - Processing /home/mirukulla/.local/lib/python3.10/site-packages/airflow/example_dags/example_external_task_marker_dag.py took 0.136 seconds
