[2024-01-19T19:37:38.945-0800] {processor.py:153} INFO - Started process (PID=10633) to work on /home/mirukulla/.local/lib/python3.10/site-packages/airflow/example_dags/example_task_group_decorator.py
[2024-01-19T19:37:38.946-0800] {processor.py:743} INFO - Processing file /home/mirukulla/.local/lib/python3.10/site-packages/airflow/example_dags/example_task_group_decorator.py for tasks to queue
[2024-01-19T19:37:38.947-0800] {logging_mixin.py:137} INFO - [2024-01-19T19:37:38.946-0800] {dagbag.py:532} INFO - Filling up the DagBag from /home/mirukulla/.local/lib/python3.10/site-packages/airflow/example_dags/example_task_group_decorator.py
[2024-01-19T19:37:38.980-0800] {processor.py:753} INFO - DAG(s) dict_keys(['example_task_group_decorator']) retrieved from /home/mirukulla/.local/lib/python3.10/site-packages/airflow/example_dags/example_task_group_decorator.py
[2024-01-19T19:37:39.092-0800] {logging_mixin.py:137} INFO - [2024-01-19T19:37:39.091-0800] {manager.py:504} INFO - Created Permission View: can delete on DAG:example_task_group_decorator
[2024-01-19T19:37:39.111-0800] {logging_mixin.py:137} INFO - [2024-01-19T19:37:39.111-0800] {manager.py:504} INFO - Created Permission View: can edit on DAG:example_task_group_decorator
[2024-01-19T19:37:39.130-0800] {logging_mixin.py:137} INFO - [2024-01-19T19:37:39.130-0800] {manager.py:504} INFO - Created Permission View: can read on DAG:example_task_group_decorator
[2024-01-19T19:37:39.130-0800] {logging_mixin.py:137} INFO - [2024-01-19T19:37:39.130-0800] {dag.py:2705} INFO - Sync 1 DAGs
[2024-01-19T19:37:39.143-0800] {logging_mixin.py:137} INFO - [2024-01-19T19:37:39.142-0800] {dag.py:2726} INFO - Creating ORM DAG for example_task_group_decorator
[2024-01-19T19:37:39.150-0800] {logging_mixin.py:137} INFO - [2024-01-19T19:37:39.150-0800] {dag.py:3452} INFO - Setting next_dagrun for example_task_group_decorator to 2024-01-19T03:37:39.149965+00:00, run_after=2024-01-20T03:37:39.149965+00:00
[2024-01-19T19:37:39.178-0800] {processor.py:175} INFO - Processing /home/mirukulla/.local/lib/python3.10/site-packages/airflow/example_dags/example_task_group_decorator.py took 0.239 seconds
[2024-01-19T19:38:24.694-0800] {processor.py:153} INFO - Started process (PID=10699) to work on /home/mirukulla/.local/lib/python3.10/site-packages/airflow/example_dags/example_task_group_decorator.py
[2024-01-19T19:38:24.696-0800] {processor.py:743} INFO - Processing file /home/mirukulla/.local/lib/python3.10/site-packages/airflow/example_dags/example_task_group_decorator.py for tasks to queue
[2024-01-19T19:38:24.697-0800] {logging_mixin.py:137} INFO - [2024-01-19T19:38:24.697-0800] {dagbag.py:532} INFO - Filling up the DagBag from /home/mirukulla/.local/lib/python3.10/site-packages/airflow/example_dags/example_task_group_decorator.py
[2024-01-19T19:38:24.735-0800] {processor.py:753} INFO - DAG(s) dict_keys(['example_task_group_decorator']) retrieved from /home/mirukulla/.local/lib/python3.10/site-packages/airflow/example_dags/example_task_group_decorator.py
[2024-01-19T19:38:24.758-0800] {logging_mixin.py:137} INFO - [2024-01-19T19:38:24.758-0800] {dag.py:2705} INFO - Sync 1 DAGs
[2024-01-19T19:38:24.776-0800] {logging_mixin.py:137} INFO - [2024-01-19T19:38:24.776-0800] {dag.py:3452} INFO - Setting next_dagrun for example_task_group_decorator to 2024-01-19T03:38:24.775933+00:00, run_after=2024-01-20T03:38:24.775933+00:00
[2024-01-19T19:38:24.803-0800] {processor.py:175} INFO - Processing /home/mirukulla/.local/lib/python3.10/site-packages/airflow/example_dags/example_task_group_decorator.py took 0.113 seconds
[2024-01-19T19:39:09.400-0800] {processor.py:153} INFO - Started process (PID=10750) to work on /home/mirukulla/.local/lib/python3.10/site-packages/airflow/example_dags/example_task_group_decorator.py
[2024-01-19T19:39:09.425-0800] {processor.py:743} INFO - Processing file /home/mirukulla/.local/lib/python3.10/site-packages/airflow/example_dags/example_task_group_decorator.py for tasks to queue
[2024-01-19T19:39:09.426-0800] {logging_mixin.py:137} INFO - [2024-01-19T19:39:09.426-0800] {dagbag.py:532} INFO - Filling up the DagBag from /home/mirukulla/.local/lib/python3.10/site-packages/airflow/example_dags/example_task_group_decorator.py
[2024-01-19T19:39:09.457-0800] {processor.py:753} INFO - DAG(s) dict_keys(['example_task_group_decorator']) retrieved from /home/mirukulla/.local/lib/python3.10/site-packages/airflow/example_dags/example_task_group_decorator.py
[2024-01-19T19:39:09.482-0800] {logging_mixin.py:137} INFO - [2024-01-19T19:39:09.481-0800] {dag.py:2705} INFO - Sync 1 DAGs
[2024-01-19T19:39:09.498-0800] {logging_mixin.py:137} INFO - [2024-01-19T19:39:09.498-0800] {dag.py:3452} INFO - Setting next_dagrun for example_task_group_decorator to 2024-01-19T03:39:09.498344+00:00, run_after=2024-01-20T03:39:09.498344+00:00
[2024-01-19T19:39:09.528-0800] {processor.py:175} INFO - Processing /home/mirukulla/.local/lib/python3.10/site-packages/airflow/example_dags/example_task_group_decorator.py took 0.132 seconds
[2024-01-19T19:39:56.564-0800] {processor.py:153} INFO - Started process (PID=10807) to work on /home/mirukulla/.local/lib/python3.10/site-packages/airflow/example_dags/example_task_group_decorator.py
[2024-01-19T19:39:56.595-0800] {processor.py:743} INFO - Processing file /home/mirukulla/.local/lib/python3.10/site-packages/airflow/example_dags/example_task_group_decorator.py for tasks to queue
[2024-01-19T19:39:56.597-0800] {logging_mixin.py:137} INFO - [2024-01-19T19:39:56.596-0800] {dagbag.py:532} INFO - Filling up the DagBag from /home/mirukulla/.local/lib/python3.10/site-packages/airflow/example_dags/example_task_group_decorator.py
[2024-01-19T19:39:56.633-0800] {processor.py:753} INFO - DAG(s) dict_keys(['example_task_group_decorator']) retrieved from /home/mirukulla/.local/lib/python3.10/site-packages/airflow/example_dags/example_task_group_decorator.py
[2024-01-19T19:39:56.651-0800] {logging_mixin.py:137} INFO - [2024-01-19T19:39:56.651-0800] {dag.py:2705} INFO - Sync 1 DAGs
[2024-01-19T19:39:56.667-0800] {logging_mixin.py:137} INFO - [2024-01-19T19:39:56.666-0800] {dag.py:3452} INFO - Setting next_dagrun for example_task_group_decorator to 2024-01-19T03:39:56.666778+00:00, run_after=2024-01-20T03:39:56.666778+00:00
[2024-01-19T19:39:56.692-0800] {processor.py:175} INFO - Processing /home/mirukulla/.local/lib/python3.10/site-packages/airflow/example_dags/example_task_group_decorator.py took 0.133 seconds
[2024-01-19T19:40:41.744-0800] {processor.py:153} INFO - Started process (PID=10850) to work on /home/mirukulla/.local/lib/python3.10/site-packages/airflow/example_dags/example_task_group_decorator.py
[2024-01-19T19:40:41.780-0800] {processor.py:743} INFO - Processing file /home/mirukulla/.local/lib/python3.10/site-packages/airflow/example_dags/example_task_group_decorator.py for tasks to queue
[2024-01-19T19:40:41.781-0800] {logging_mixin.py:137} INFO - [2024-01-19T19:40:41.781-0800] {dagbag.py:532} INFO - Filling up the DagBag from /home/mirukulla/.local/lib/python3.10/site-packages/airflow/example_dags/example_task_group_decorator.py
[2024-01-19T19:40:41.820-0800] {processor.py:753} INFO - DAG(s) dict_keys(['example_task_group_decorator']) retrieved from /home/mirukulla/.local/lib/python3.10/site-packages/airflow/example_dags/example_task_group_decorator.py
[2024-01-19T19:40:41.838-0800] {logging_mixin.py:137} INFO - [2024-01-19T19:40:41.838-0800] {dag.py:2705} INFO - Sync 1 DAGs
[2024-01-19T19:40:41.853-0800] {logging_mixin.py:137} INFO - [2024-01-19T19:40:41.853-0800] {dag.py:3452} INFO - Setting next_dagrun for example_task_group_decorator to 2024-01-19T03:40:41.853401+00:00, run_after=2024-01-20T03:40:41.853401+00:00
[2024-01-19T19:40:41.882-0800] {processor.py:175} INFO - Processing /home/mirukulla/.local/lib/python3.10/site-packages/airflow/example_dags/example_task_group_decorator.py took 0.144 seconds
[2024-01-19T19:41:31.903-0800] {processor.py:153} INFO - Started process (PID=10894) to work on /home/mirukulla/.local/lib/python3.10/site-packages/airflow/example_dags/example_task_group_decorator.py
[2024-01-19T19:41:31.928-0800] {processor.py:743} INFO - Processing file /home/mirukulla/.local/lib/python3.10/site-packages/airflow/example_dags/example_task_group_decorator.py for tasks to queue
[2024-01-19T19:41:31.929-0800] {logging_mixin.py:137} INFO - [2024-01-19T19:41:31.929-0800] {dagbag.py:532} INFO - Filling up the DagBag from /home/mirukulla/.local/lib/python3.10/site-packages/airflow/example_dags/example_task_group_decorator.py
[2024-01-19T19:41:31.963-0800] {processor.py:753} INFO - DAG(s) dict_keys(['example_task_group_decorator']) retrieved from /home/mirukulla/.local/lib/python3.10/site-packages/airflow/example_dags/example_task_group_decorator.py
[2024-01-19T19:41:31.987-0800] {logging_mixin.py:137} INFO - [2024-01-19T19:41:31.987-0800] {dag.py:2705} INFO - Sync 1 DAGs
[2024-01-19T19:41:32.054-0800] {logging_mixin.py:137} INFO - [2024-01-19T19:41:32.054-0800] {dag.py:3452} INFO - Setting next_dagrun for example_task_group_decorator to 2024-01-19T03:41:32.054341+00:00, run_after=2024-01-20T03:41:32.054341+00:00
[2024-01-19T19:41:32.095-0800] {processor.py:175} INFO - Processing /home/mirukulla/.local/lib/python3.10/site-packages/airflow/example_dags/example_task_group_decorator.py took 0.195 seconds
[2024-01-19T19:42:11.968-0800] {processor.py:153} INFO - Started process (PID=10927) to work on /home/mirukulla/.local/lib/python3.10/site-packages/airflow/example_dags/example_task_group_decorator.py
[2024-01-19T19:42:11.997-0800] {processor.py:743} INFO - Processing file /home/mirukulla/.local/lib/python3.10/site-packages/airflow/example_dags/example_task_group_decorator.py for tasks to queue
[2024-01-19T19:42:11.999-0800] {logging_mixin.py:137} INFO - [2024-01-19T19:42:11.999-0800] {dagbag.py:532} INFO - Filling up the DagBag from /home/mirukulla/.local/lib/python3.10/site-packages/airflow/example_dags/example_task_group_decorator.py
[2024-01-19T19:42:12.057-0800] {processor.py:753} INFO - DAG(s) dict_keys(['example_task_group_decorator']) retrieved from /home/mirukulla/.local/lib/python3.10/site-packages/airflow/example_dags/example_task_group_decorator.py
[2024-01-19T19:42:12.103-0800] {logging_mixin.py:137} INFO - [2024-01-19T19:42:12.103-0800] {dag.py:2705} INFO - Sync 1 DAGs
[2024-01-19T19:42:12.151-0800] {logging_mixin.py:137} INFO - [2024-01-19T19:42:12.151-0800] {dag.py:3452} INFO - Setting next_dagrun for example_task_group_decorator to 2024-01-19T03:42:12.151143+00:00, run_after=2024-01-20T03:42:12.151143+00:00
[2024-01-19T19:42:12.202-0800] {processor.py:175} INFO - Processing /home/mirukulla/.local/lib/python3.10/site-packages/airflow/example_dags/example_task_group_decorator.py took 0.242 seconds
[2024-01-19T19:42:53.243-0800] {processor.py:153} INFO - Started process (PID=10961) to work on /home/mirukulla/.local/lib/python3.10/site-packages/airflow/example_dags/example_task_group_decorator.py
[2024-01-19T19:42:53.247-0800] {processor.py:743} INFO - Processing file /home/mirukulla/.local/lib/python3.10/site-packages/airflow/example_dags/example_task_group_decorator.py for tasks to queue
[2024-01-19T19:42:53.250-0800] {logging_mixin.py:137} INFO - [2024-01-19T19:42:53.249-0800] {dagbag.py:532} INFO - Filling up the DagBag from /home/mirukulla/.local/lib/python3.10/site-packages/airflow/example_dags/example_task_group_decorator.py
[2024-01-19T19:42:53.322-0800] {processor.py:753} INFO - DAG(s) dict_keys(['example_task_group_decorator']) retrieved from /home/mirukulla/.local/lib/python3.10/site-packages/airflow/example_dags/example_task_group_decorator.py
[2024-01-19T19:42:53.370-0800] {logging_mixin.py:137} INFO - [2024-01-19T19:42:53.369-0800] {dag.py:2705} INFO - Sync 1 DAGs
[2024-01-19T19:42:53.409-0800] {logging_mixin.py:137} INFO - [2024-01-19T19:42:53.409-0800] {dag.py:3452} INFO - Setting next_dagrun for example_task_group_decorator to 2024-01-19T03:42:53.408623+00:00, run_after=2024-01-20T03:42:53.408623+00:00
[2024-01-19T19:42:53.460-0800] {processor.py:175} INFO - Processing /home/mirukulla/.local/lib/python3.10/site-packages/airflow/example_dags/example_task_group_decorator.py took 0.226 seconds
[2024-01-19T19:43:32.881-0800] {processor.py:153} INFO - Started process (PID=10995) to work on /home/mirukulla/.local/lib/python3.10/site-packages/airflow/example_dags/example_task_group_decorator.py
[2024-01-19T19:43:32.883-0800] {processor.py:743} INFO - Processing file /home/mirukulla/.local/lib/python3.10/site-packages/airflow/example_dags/example_task_group_decorator.py for tasks to queue
[2024-01-19T19:43:32.884-0800] {logging_mixin.py:137} INFO - [2024-01-19T19:43:32.884-0800] {dagbag.py:532} INFO - Filling up the DagBag from /home/mirukulla/.local/lib/python3.10/site-packages/airflow/example_dags/example_task_group_decorator.py
[2024-01-19T19:43:32.933-0800] {processor.py:753} INFO - DAG(s) dict_keys(['example_task_group_decorator']) retrieved from /home/mirukulla/.local/lib/python3.10/site-packages/airflow/example_dags/example_task_group_decorator.py
[2024-01-19T19:43:32.961-0800] {logging_mixin.py:137} INFO - [2024-01-19T19:43:32.961-0800] {dag.py:2705} INFO - Sync 1 DAGs
[2024-01-19T19:43:32.987-0800] {logging_mixin.py:137} INFO - [2024-01-19T19:43:32.987-0800] {dag.py:3452} INFO - Setting next_dagrun for example_task_group_decorator to 2024-01-19T03:43:32.986706+00:00, run_after=2024-01-20T03:43:32.986706+00:00
[2024-01-19T19:43:33.017-0800] {processor.py:175} INFO - Processing /home/mirukulla/.local/lib/python3.10/site-packages/airflow/example_dags/example_task_group_decorator.py took 0.140 seconds
[2024-01-19T19:44:18.248-0800] {processor.py:153} INFO - Started process (PID=11033) to work on /home/mirukulla/.local/lib/python3.10/site-packages/airflow/example_dags/example_task_group_decorator.py
[2024-01-19T19:44:18.276-0800] {processor.py:743} INFO - Processing file /home/mirukulla/.local/lib/python3.10/site-packages/airflow/example_dags/example_task_group_decorator.py for tasks to queue
[2024-01-19T19:44:18.277-0800] {logging_mixin.py:137} INFO - [2024-01-19T19:44:18.276-0800] {dagbag.py:532} INFO - Filling up the DagBag from /home/mirukulla/.local/lib/python3.10/site-packages/airflow/example_dags/example_task_group_decorator.py
[2024-01-19T19:44:18.320-0800] {processor.py:753} INFO - DAG(s) dict_keys(['example_task_group_decorator']) retrieved from /home/mirukulla/.local/lib/python3.10/site-packages/airflow/example_dags/example_task_group_decorator.py
[2024-01-19T19:44:18.354-0800] {logging_mixin.py:137} INFO - [2024-01-19T19:44:18.354-0800] {dag.py:2705} INFO - Sync 1 DAGs
[2024-01-19T19:44:18.379-0800] {logging_mixin.py:137} INFO - [2024-01-19T19:44:18.379-0800] {dag.py:3452} INFO - Setting next_dagrun for example_task_group_decorator to 2024-01-19T03:44:18.379245+00:00, run_after=2024-01-20T03:44:18.379245+00:00
[2024-01-19T19:44:18.415-0800] {processor.py:175} INFO - Processing /home/mirukulla/.local/lib/python3.10/site-packages/airflow/example_dags/example_task_group_decorator.py took 0.172 seconds
[2024-01-19T19:44:51.961-0800] {processor.py:153} INFO - Started process (PID=11066) to work on /home/mirukulla/.local/lib/python3.10/site-packages/airflow/example_dags/example_task_group_decorator.py
[2024-01-19T19:44:51.962-0800] {processor.py:743} INFO - Processing file /home/mirukulla/.local/lib/python3.10/site-packages/airflow/example_dags/example_task_group_decorator.py for tasks to queue
[2024-01-19T19:44:51.963-0800] {logging_mixin.py:137} INFO - [2024-01-19T19:44:51.963-0800] {dagbag.py:532} INFO - Filling up the DagBag from /home/mirukulla/.local/lib/python3.10/site-packages/airflow/example_dags/example_task_group_decorator.py
[2024-01-19T19:44:52.007-0800] {processor.py:753} INFO - DAG(s) dict_keys(['example_task_group_decorator']) retrieved from /home/mirukulla/.local/lib/python3.10/site-packages/airflow/example_dags/example_task_group_decorator.py
[2024-01-19T19:44:52.038-0800] {logging_mixin.py:137} INFO - [2024-01-19T19:44:52.038-0800] {dag.py:2705} INFO - Sync 1 DAGs
[2024-01-19T19:44:52.062-0800] {logging_mixin.py:137} INFO - [2024-01-19T19:44:52.061-0800] {dag.py:3452} INFO - Setting next_dagrun for example_task_group_decorator to 2024-01-19T03:44:52.061725+00:00, run_after=2024-01-20T03:44:52.061725+00:00
[2024-01-19T19:44:52.106-0800] {processor.py:175} INFO - Processing /home/mirukulla/.local/lib/python3.10/site-packages/airflow/example_dags/example_task_group_decorator.py took 0.149 seconds
[2024-01-19T19:45:49.472-0800] {processor.py:153} INFO - Started process (PID=11109) to work on /home/mirukulla/.local/lib/python3.10/site-packages/airflow/example_dags/example_task_group_decorator.py
[2024-01-19T19:45:49.475-0800] {processor.py:743} INFO - Processing file /home/mirukulla/.local/lib/python3.10/site-packages/airflow/example_dags/example_task_group_decorator.py for tasks to queue
[2024-01-19T19:45:49.477-0800] {logging_mixin.py:137} INFO - [2024-01-19T19:45:49.477-0800] {dagbag.py:532} INFO - Filling up the DagBag from /home/mirukulla/.local/lib/python3.10/site-packages/airflow/example_dags/example_task_group_decorator.py
[2024-01-19T19:45:49.564-0800] {processor.py:753} INFO - DAG(s) dict_keys(['example_task_group_decorator']) retrieved from /home/mirukulla/.local/lib/python3.10/site-packages/airflow/example_dags/example_task_group_decorator.py
[2024-01-19T19:45:49.687-0800] {logging_mixin.py:137} INFO - [2024-01-19T19:45:49.686-0800] {dag.py:2705} INFO - Sync 1 DAGs
[2024-01-19T19:45:49.763-0800] {logging_mixin.py:137} INFO - [2024-01-19T19:45:49.763-0800] {dag.py:3452} INFO - Setting next_dagrun for example_task_group_decorator to 2024-01-19T03:45:49.762179+00:00, run_after=2024-01-20T03:45:49.762179+00:00
[2024-01-19T19:45:49.831-0800] {processor.py:175} INFO - Processing /home/mirukulla/.local/lib/python3.10/site-packages/airflow/example_dags/example_task_group_decorator.py took 0.368 seconds
[2024-01-19T19:46:36.170-0800] {processor.py:153} INFO - Started process (PID=11151) to work on /home/mirukulla/.local/lib/python3.10/site-packages/airflow/example_dags/example_task_group_decorator.py
[2024-01-19T19:46:36.171-0800] {processor.py:743} INFO - Processing file /home/mirukulla/.local/lib/python3.10/site-packages/airflow/example_dags/example_task_group_decorator.py for tasks to queue
[2024-01-19T19:46:36.172-0800] {logging_mixin.py:137} INFO - [2024-01-19T19:46:36.172-0800] {dagbag.py:532} INFO - Filling up the DagBag from /home/mirukulla/.local/lib/python3.10/site-packages/airflow/example_dags/example_task_group_decorator.py
[2024-01-19T19:46:36.211-0800] {processor.py:753} INFO - DAG(s) dict_keys(['example_task_group_decorator']) retrieved from /home/mirukulla/.local/lib/python3.10/site-packages/airflow/example_dags/example_task_group_decorator.py
[2024-01-19T19:46:36.246-0800] {logging_mixin.py:137} INFO - [2024-01-19T19:46:36.246-0800] {dag.py:2705} INFO - Sync 1 DAGs
[2024-01-19T19:46:36.280-0800] {logging_mixin.py:137} INFO - [2024-01-19T19:46:36.280-0800] {dag.py:3452} INFO - Setting next_dagrun for example_task_group_decorator to 2024-01-19T03:46:36.280257+00:00, run_after=2024-01-20T03:46:36.280257+00:00
[2024-01-19T19:46:36.319-0800] {processor.py:175} INFO - Processing /home/mirukulla/.local/lib/python3.10/site-packages/airflow/example_dags/example_task_group_decorator.py took 0.155 seconds
[2024-01-19T19:47:11.460-0800] {processor.py:153} INFO - Started process (PID=11184) to work on /home/mirukulla/.local/lib/python3.10/site-packages/airflow/example_dags/example_task_group_decorator.py
[2024-01-19T19:47:11.502-0800] {processor.py:743} INFO - Processing file /home/mirukulla/.local/lib/python3.10/site-packages/airflow/example_dags/example_task_group_decorator.py for tasks to queue
[2024-01-19T19:47:11.504-0800] {logging_mixin.py:137} INFO - [2024-01-19T19:47:11.503-0800] {dagbag.py:532} INFO - Filling up the DagBag from /home/mirukulla/.local/lib/python3.10/site-packages/airflow/example_dags/example_task_group_decorator.py
[2024-01-19T19:47:11.542-0800] {processor.py:753} INFO - DAG(s) dict_keys(['example_task_group_decorator']) retrieved from /home/mirukulla/.local/lib/python3.10/site-packages/airflow/example_dags/example_task_group_decorator.py
[2024-01-19T19:47:11.560-0800] {logging_mixin.py:137} INFO - [2024-01-19T19:47:11.560-0800] {dag.py:2705} INFO - Sync 1 DAGs
[2024-01-19T19:47:11.578-0800] {logging_mixin.py:137} INFO - [2024-01-19T19:47:11.577-0800] {dag.py:3452} INFO - Setting next_dagrun for example_task_group_decorator to 2024-01-19T03:47:11.577752+00:00, run_after=2024-01-20T03:47:11.577752+00:00
[2024-01-19T19:47:11.611-0800] {processor.py:175} INFO - Processing /home/mirukulla/.local/lib/python3.10/site-packages/airflow/example_dags/example_task_group_decorator.py took 0.155 seconds
[2024-01-19T19:47:56.699-0800] {processor.py:153} INFO - Started process (PID=11226) to work on /home/mirukulla/.local/lib/python3.10/site-packages/airflow/example_dags/example_task_group_decorator.py
[2024-01-19T19:47:56.741-0800] {processor.py:743} INFO - Processing file /home/mirukulla/.local/lib/python3.10/site-packages/airflow/example_dags/example_task_group_decorator.py for tasks to queue
[2024-01-19T19:47:56.742-0800] {logging_mixin.py:137} INFO - [2024-01-19T19:47:56.742-0800] {dagbag.py:532} INFO - Filling up the DagBag from /home/mirukulla/.local/lib/python3.10/site-packages/airflow/example_dags/example_task_group_decorator.py
[2024-01-19T19:47:56.799-0800] {processor.py:753} INFO - DAG(s) dict_keys(['example_task_group_decorator']) retrieved from /home/mirukulla/.local/lib/python3.10/site-packages/airflow/example_dags/example_task_group_decorator.py
[2024-01-19T19:47:56.842-0800] {logging_mixin.py:137} INFO - [2024-01-19T19:47:56.842-0800] {dag.py:2705} INFO - Sync 1 DAGs
[2024-01-19T19:47:56.877-0800] {logging_mixin.py:137} INFO - [2024-01-19T19:47:56.877-0800] {dag.py:3452} INFO - Setting next_dagrun for example_task_group_decorator to 2024-01-19T03:47:56.877055+00:00, run_after=2024-01-20T03:47:56.877055+00:00
[2024-01-19T19:47:56.923-0800] {processor.py:175} INFO - Processing /home/mirukulla/.local/lib/python3.10/site-packages/airflow/example_dags/example_task_group_decorator.py took 0.230 seconds
[2024-01-19T19:48:34.845-0800] {processor.py:153} INFO - Started process (PID=11257) to work on /home/mirukulla/.local/lib/python3.10/site-packages/airflow/example_dags/example_task_group_decorator.py
[2024-01-19T19:48:34.847-0800] {processor.py:743} INFO - Processing file /home/mirukulla/.local/lib/python3.10/site-packages/airflow/example_dags/example_task_group_decorator.py for tasks to queue
[2024-01-19T19:48:34.847-0800] {logging_mixin.py:137} INFO - [2024-01-19T19:48:34.847-0800] {dagbag.py:532} INFO - Filling up the DagBag from /home/mirukulla/.local/lib/python3.10/site-packages/airflow/example_dags/example_task_group_decorator.py
[2024-01-19T19:48:34.885-0800] {processor.py:753} INFO - DAG(s) dict_keys(['example_task_group_decorator']) retrieved from /home/mirukulla/.local/lib/python3.10/site-packages/airflow/example_dags/example_task_group_decorator.py
[2024-01-19T19:48:34.915-0800] {logging_mixin.py:137} INFO - [2024-01-19T19:48:34.915-0800] {dag.py:2705} INFO - Sync 1 DAGs
[2024-01-19T19:48:34.942-0800] {logging_mixin.py:137} INFO - [2024-01-19T19:48:34.942-0800] {dag.py:3452} INFO - Setting next_dagrun for example_task_group_decorator to 2024-01-19T03:48:34.942330+00:00, run_after=2024-01-20T03:48:34.942330+00:00
[2024-01-19T19:48:34.980-0800] {processor.py:175} INFO - Processing /home/mirukulla/.local/lib/python3.10/site-packages/airflow/example_dags/example_task_group_decorator.py took 0.140 seconds
