[2024-01-19T19:37:57.668-0800] {processor.py:153} INFO - Started process (PID=10651) to work on /home/mirukulla/.local/lib/python3.10/site-packages/airflow/example_dags/example_datasets.py
[2024-01-19T19:37:57.670-0800] {processor.py:743} INFO - Processing file /home/mirukulla/.local/lib/python3.10/site-packages/airflow/example_dags/example_datasets.py for tasks to queue
[2024-01-19T19:37:57.672-0800] {logging_mixin.py:137} INFO - [2024-01-19T19:37:57.671-0800] {dagbag.py:532} INFO - Filling up the DagBag from /home/mirukulla/.local/lib/python3.10/site-packages/airflow/example_dags/example_datasets.py
[2024-01-19T19:37:57.704-0800] {processor.py:753} INFO - DAG(s) dict_keys(['dataset_consumes_1_never_scheduled', 'dataset_consumes_unknown_never_scheduled', 'dataset_consumes_1', 'dataset_consumes_1_and_2', 'dataset_produces_2', 'dataset_produces_1']) retrieved from /home/mirukulla/.local/lib/python3.10/site-packages/airflow/example_dags/example_datasets.py
[2024-01-19T19:37:57.868-0800] {logging_mixin.py:137} INFO - [2024-01-19T19:37:57.867-0800] {manager.py:504} INFO - Created Permission View: can delete on DAG:dataset_consumes_1_never_scheduled
[2024-01-19T19:37:57.892-0800] {logging_mixin.py:137} INFO - [2024-01-19T19:37:57.892-0800] {manager.py:504} INFO - Created Permission View: can edit on DAG:dataset_consumes_1_never_scheduled
[2024-01-19T19:37:57.917-0800] {logging_mixin.py:137} INFO - [2024-01-19T19:37:57.917-0800] {manager.py:504} INFO - Created Permission View: can read on DAG:dataset_consumes_1_never_scheduled
[2024-01-19T19:37:57.960-0800] {logging_mixin.py:137} INFO - [2024-01-19T19:37:57.960-0800] {manager.py:504} INFO - Created Permission View: can delete on DAG:dataset_consumes_unknown_never_scheduled
[2024-01-19T19:37:57.980-0800] {logging_mixin.py:137} INFO - [2024-01-19T19:37:57.979-0800] {manager.py:504} INFO - Created Permission View: can edit on DAG:dataset_consumes_unknown_never_scheduled
[2024-01-19T19:37:58.002-0800] {logging_mixin.py:137} INFO - [2024-01-19T19:37:58.002-0800] {manager.py:504} INFO - Created Permission View: can read on DAG:dataset_consumes_unknown_never_scheduled
[2024-01-19T19:37:58.048-0800] {logging_mixin.py:137} INFO - [2024-01-19T19:37:58.048-0800] {manager.py:504} INFO - Created Permission View: can delete on DAG:dataset_consumes_1
[2024-01-19T19:37:58.067-0800] {logging_mixin.py:137} INFO - [2024-01-19T19:37:58.067-0800] {manager.py:504} INFO - Created Permission View: can edit on DAG:dataset_consumes_1
[2024-01-19T19:37:58.087-0800] {logging_mixin.py:137} INFO - [2024-01-19T19:37:58.086-0800] {manager.py:504} INFO - Created Permission View: can read on DAG:dataset_consumes_1
[2024-01-19T19:37:58.130-0800] {logging_mixin.py:137} INFO - [2024-01-19T19:37:58.130-0800] {manager.py:504} INFO - Created Permission View: can delete on DAG:dataset_consumes_1_and_2
[2024-01-19T19:37:58.152-0800] {logging_mixin.py:137} INFO - [2024-01-19T19:37:58.152-0800] {manager.py:504} INFO - Created Permission View: can edit on DAG:dataset_consumes_1_and_2
[2024-01-19T19:37:58.171-0800] {logging_mixin.py:137} INFO - [2024-01-19T19:37:58.171-0800] {manager.py:504} INFO - Created Permission View: can read on DAG:dataset_consumes_1_and_2
[2024-01-19T19:37:58.212-0800] {logging_mixin.py:137} INFO - [2024-01-19T19:37:58.212-0800] {manager.py:504} INFO - Created Permission View: can delete on DAG:dataset_produces_2
[2024-01-19T19:37:58.231-0800] {logging_mixin.py:137} INFO - [2024-01-19T19:37:58.231-0800] {manager.py:504} INFO - Created Permission View: can edit on DAG:dataset_produces_2
[2024-01-19T19:37:58.253-0800] {logging_mixin.py:137} INFO - [2024-01-19T19:37:58.252-0800] {manager.py:504} INFO - Created Permission View: can read on DAG:dataset_produces_2
[2024-01-19T19:37:58.296-0800] {logging_mixin.py:137} INFO - [2024-01-19T19:37:58.296-0800] {manager.py:504} INFO - Created Permission View: can delete on DAG:dataset_produces_1
[2024-01-19T19:37:58.316-0800] {logging_mixin.py:137} INFO - [2024-01-19T19:37:58.316-0800] {manager.py:504} INFO - Created Permission View: can edit on DAG:dataset_produces_1
[2024-01-19T19:37:58.333-0800] {logging_mixin.py:137} INFO - [2024-01-19T19:37:58.332-0800] {manager.py:504} INFO - Created Permission View: can read on DAG:dataset_produces_1
[2024-01-19T19:37:58.333-0800] {logging_mixin.py:137} INFO - [2024-01-19T19:37:58.333-0800] {dag.py:2705} INFO - Sync 6 DAGs
[2024-01-19T19:37:58.342-0800] {logging_mixin.py:137} INFO - [2024-01-19T19:37:58.341-0800] {dag.py:2726} INFO - Creating ORM DAG for dataset_consumes_1_never_scheduled
[2024-01-19T19:37:58.342-0800] {logging_mixin.py:137} INFO - [2024-01-19T19:37:58.342-0800] {dag.py:2726} INFO - Creating ORM DAG for dataset_consumes_1
[2024-01-19T19:37:58.342-0800] {logging_mixin.py:137} INFO - [2024-01-19T19:37:58.342-0800] {dag.py:2726} INFO - Creating ORM DAG for dataset_consumes_unknown_never_scheduled
[2024-01-19T19:37:58.342-0800] {logging_mixin.py:137} INFO - [2024-01-19T19:37:58.342-0800] {dag.py:2726} INFO - Creating ORM DAG for dataset_produces_1
[2024-01-19T19:37:58.343-0800] {logging_mixin.py:137} INFO - [2024-01-19T19:37:58.343-0800] {dag.py:2726} INFO - Creating ORM DAG for dataset_produces_2
[2024-01-19T19:37:58.343-0800] {logging_mixin.py:137} INFO - [2024-01-19T19:37:58.343-0800] {dag.py:2726} INFO - Creating ORM DAG for dataset_consumes_1_and_2
[2024-01-19T19:37:58.350-0800] {logging_mixin.py:137} INFO - [2024-01-19T19:37:58.350-0800] {dag.py:3452} INFO - Setting next_dagrun for dataset_consumes_1 to None, run_after=None
[2024-01-19T19:37:58.350-0800] {logging_mixin.py:137} INFO - [2024-01-19T19:37:58.350-0800] {dag.py:3452} INFO - Setting next_dagrun for dataset_consumes_1_and_2 to None, run_after=None
[2024-01-19T19:37:58.350-0800] {logging_mixin.py:137} INFO - [2024-01-19T19:37:58.350-0800] {dag.py:3452} INFO - Setting next_dagrun for dataset_consumes_1_never_scheduled to None, run_after=None
[2024-01-19T19:37:58.351-0800] {logging_mixin.py:137} INFO - [2024-01-19T19:37:58.351-0800] {dag.py:3452} INFO - Setting next_dagrun for dataset_consumes_unknown_never_scheduled to None, run_after=None
[2024-01-19T19:37:58.352-0800] {logging_mixin.py:137} INFO - [2024-01-19T19:37:58.352-0800] {dag.py:3452} INFO - Setting next_dagrun for dataset_produces_1 to 2024-01-19T00:00:00+00:00, run_after=2024-01-20T00:00:00+00:00
[2024-01-19T19:37:58.352-0800] {logging_mixin.py:137} INFO - [2024-01-19T19:37:58.352-0800] {dag.py:3452} INFO - Setting next_dagrun for dataset_produces_2 to None, run_after=None
[2024-01-19T19:37:58.396-0800] {processor.py:175} INFO - Processing /home/mirukulla/.local/lib/python3.10/site-packages/airflow/example_dags/example_datasets.py took 0.734 seconds
[2024-01-19T19:38:43.435-0800] {processor.py:153} INFO - Started process (PID=10717) to work on /home/mirukulla/.local/lib/python3.10/site-packages/airflow/example_dags/example_datasets.py
[2024-01-19T19:38:43.436-0800] {processor.py:743} INFO - Processing file /home/mirukulla/.local/lib/python3.10/site-packages/airflow/example_dags/example_datasets.py for tasks to queue
[2024-01-19T19:38:43.437-0800] {logging_mixin.py:137} INFO - [2024-01-19T19:38:43.437-0800] {dagbag.py:532} INFO - Filling up the DagBag from /home/mirukulla/.local/lib/python3.10/site-packages/airflow/example_dags/example_datasets.py
[2024-01-19T19:38:43.459-0800] {processor.py:753} INFO - DAG(s) dict_keys(['dataset_produces_2', 'dataset_consumes_1_and_2', 'dataset_consumes_unknown_never_scheduled', 'dataset_consumes_1', 'dataset_produces_1', 'dataset_consumes_1_never_scheduled']) retrieved from /home/mirukulla/.local/lib/python3.10/site-packages/airflow/example_dags/example_datasets.py
[2024-01-19T19:38:43.495-0800] {logging_mixin.py:137} INFO - [2024-01-19T19:38:43.495-0800] {dag.py:2705} INFO - Sync 6 DAGs
[2024-01-19T19:38:43.514-0800] {logging_mixin.py:137} INFO - [2024-01-19T19:38:43.513-0800] {dag.py:3452} INFO - Setting next_dagrun for dataset_consumes_1 to None, run_after=None
[2024-01-19T19:38:43.516-0800] {logging_mixin.py:137} INFO - [2024-01-19T19:38:43.516-0800] {dag.py:3452} INFO - Setting next_dagrun for dataset_consumes_1_and_2 to None, run_after=None
[2024-01-19T19:38:43.517-0800] {logging_mixin.py:137} INFO - [2024-01-19T19:38:43.517-0800] {dag.py:3452} INFO - Setting next_dagrun for dataset_consumes_1_never_scheduled to None, run_after=None
[2024-01-19T19:38:43.517-0800] {logging_mixin.py:137} INFO - [2024-01-19T19:38:43.517-0800] {dag.py:3452} INFO - Setting next_dagrun for dataset_consumes_unknown_never_scheduled to None, run_after=None
[2024-01-19T19:38:43.519-0800] {logging_mixin.py:137} INFO - [2024-01-19T19:38:43.519-0800] {dag.py:3452} INFO - Setting next_dagrun for dataset_produces_1 to 2024-01-19T00:00:00+00:00, run_after=2024-01-20T00:00:00+00:00
[2024-01-19T19:38:43.520-0800] {logging_mixin.py:137} INFO - [2024-01-19T19:38:43.520-0800] {dag.py:3452} INFO - Setting next_dagrun for dataset_produces_2 to None, run_after=None
[2024-01-19T19:38:43.562-0800] {processor.py:175} INFO - Processing /home/mirukulla/.local/lib/python3.10/site-packages/airflow/example_dags/example_datasets.py took 0.131 seconds
[2024-01-19T19:39:27.666-0800] {processor.py:153} INFO - Started process (PID=10768) to work on /home/mirukulla/.local/lib/python3.10/site-packages/airflow/example_dags/example_datasets.py
[2024-01-19T19:39:27.691-0800] {processor.py:743} INFO - Processing file /home/mirukulla/.local/lib/python3.10/site-packages/airflow/example_dags/example_datasets.py for tasks to queue
[2024-01-19T19:39:27.692-0800] {logging_mixin.py:137} INFO - [2024-01-19T19:39:27.692-0800] {dagbag.py:532} INFO - Filling up the DagBag from /home/mirukulla/.local/lib/python3.10/site-packages/airflow/example_dags/example_datasets.py
[2024-01-19T19:39:27.713-0800] {processor.py:753} INFO - DAG(s) dict_keys(['dataset_consumes_1', 'dataset_produces_1', 'dataset_produces_2', 'dataset_consumes_unknown_never_scheduled', 'dataset_consumes_1_and_2', 'dataset_consumes_1_never_scheduled']) retrieved from /home/mirukulla/.local/lib/python3.10/site-packages/airflow/example_dags/example_datasets.py
[2024-01-19T19:39:27.743-0800] {logging_mixin.py:137} INFO - [2024-01-19T19:39:27.743-0800] {dag.py:2705} INFO - Sync 6 DAGs
[2024-01-19T19:39:27.759-0800] {logging_mixin.py:137} INFO - [2024-01-19T19:39:27.758-0800] {dag.py:3452} INFO - Setting next_dagrun for dataset_consumes_1 to None, run_after=None
[2024-01-19T19:39:27.761-0800] {logging_mixin.py:137} INFO - [2024-01-19T19:39:27.761-0800] {dag.py:3452} INFO - Setting next_dagrun for dataset_consumes_1_and_2 to None, run_after=None
[2024-01-19T19:39:27.761-0800] {logging_mixin.py:137} INFO - [2024-01-19T19:39:27.761-0800] {dag.py:3452} INFO - Setting next_dagrun for dataset_consumes_1_never_scheduled to None, run_after=None
[2024-01-19T19:39:27.762-0800] {logging_mixin.py:137} INFO - [2024-01-19T19:39:27.762-0800] {dag.py:3452} INFO - Setting next_dagrun for dataset_consumes_unknown_never_scheduled to None, run_after=None
[2024-01-19T19:39:27.764-0800] {logging_mixin.py:137} INFO - [2024-01-19T19:39:27.764-0800] {dag.py:3452} INFO - Setting next_dagrun for dataset_produces_1 to 2024-01-19T00:00:00+00:00, run_after=2024-01-20T00:00:00+00:00
[2024-01-19T19:39:27.764-0800] {logging_mixin.py:137} INFO - [2024-01-19T19:39:27.764-0800] {dag.py:3452} INFO - Setting next_dagrun for dataset_produces_2 to None, run_after=None
[2024-01-19T19:39:27.799-0800] {processor.py:175} INFO - Processing /home/mirukulla/.local/lib/python3.10/site-packages/airflow/example_dags/example_datasets.py took 0.137 seconds
[2024-01-19T19:40:16.437-0800] {processor.py:153} INFO - Started process (PID=10826) to work on /home/mirukulla/.local/lib/python3.10/site-packages/airflow/example_dags/example_datasets.py
[2024-01-19T19:40:16.439-0800] {processor.py:743} INFO - Processing file /home/mirukulla/.local/lib/python3.10/site-packages/airflow/example_dags/example_datasets.py for tasks to queue
[2024-01-19T19:40:16.440-0800] {logging_mixin.py:137} INFO - [2024-01-19T19:40:16.440-0800] {dagbag.py:532} INFO - Filling up the DagBag from /home/mirukulla/.local/lib/python3.10/site-packages/airflow/example_dags/example_datasets.py
[2024-01-19T19:40:16.472-0800] {processor.py:753} INFO - DAG(s) dict_keys(['dataset_consumes_1_and_2', 'dataset_consumes_1', 'dataset_produces_2', 'dataset_consumes_unknown_never_scheduled', 'dataset_consumes_1_never_scheduled', 'dataset_produces_1']) retrieved from /home/mirukulla/.local/lib/python3.10/site-packages/airflow/example_dags/example_datasets.py
[2024-01-19T19:40:16.520-0800] {logging_mixin.py:137} INFO - [2024-01-19T19:40:16.520-0800] {dag.py:2705} INFO - Sync 6 DAGs
[2024-01-19T19:40:16.539-0800] {logging_mixin.py:137} INFO - [2024-01-19T19:40:16.539-0800] {dag.py:3452} INFO - Setting next_dagrun for dataset_consumes_1 to None, run_after=None
[2024-01-19T19:40:16.542-0800] {logging_mixin.py:137} INFO - [2024-01-19T19:40:16.542-0800] {dag.py:3452} INFO - Setting next_dagrun for dataset_consumes_1_and_2 to None, run_after=None
[2024-01-19T19:40:16.543-0800] {logging_mixin.py:137} INFO - [2024-01-19T19:40:16.543-0800] {dag.py:3452} INFO - Setting next_dagrun for dataset_consumes_1_never_scheduled to None, run_after=None
[2024-01-19T19:40:16.546-0800] {logging_mixin.py:137} INFO - [2024-01-19T19:40:16.546-0800] {dag.py:3452} INFO - Setting next_dagrun for dataset_consumes_unknown_never_scheduled to None, run_after=None
[2024-01-19T19:40:16.549-0800] {logging_mixin.py:137} INFO - [2024-01-19T19:40:16.549-0800] {dag.py:3452} INFO - Setting next_dagrun for dataset_produces_1 to 2024-01-19T00:00:00+00:00, run_after=2024-01-20T00:00:00+00:00
[2024-01-19T19:40:16.550-0800] {logging_mixin.py:137} INFO - [2024-01-19T19:40:16.550-0800] {dag.py:3452} INFO - Setting next_dagrun for dataset_produces_2 to None, run_after=None
[2024-01-19T19:40:16.594-0800] {processor.py:175} INFO - Processing /home/mirukulla/.local/lib/python3.10/site-packages/airflow/example_dags/example_datasets.py took 0.160 seconds
[2024-01-19T19:41:05.038-0800] {processor.py:153} INFO - Started process (PID=10870) to work on /home/mirukulla/.local/lib/python3.10/site-packages/airflow/example_dags/example_datasets.py
[2024-01-19T19:41:05.040-0800] {processor.py:743} INFO - Processing file /home/mirukulla/.local/lib/python3.10/site-packages/airflow/example_dags/example_datasets.py for tasks to queue
[2024-01-19T19:41:05.041-0800] {logging_mixin.py:137} INFO - [2024-01-19T19:41:05.041-0800] {dagbag.py:532} INFO - Filling up the DagBag from /home/mirukulla/.local/lib/python3.10/site-packages/airflow/example_dags/example_datasets.py
[2024-01-19T19:41:05.060-0800] {processor.py:753} INFO - DAG(s) dict_keys(['dataset_consumes_1_and_2', 'dataset_consumes_1', 'dataset_consumes_unknown_never_scheduled', 'dataset_consumes_1_never_scheduled', 'dataset_produces_1', 'dataset_produces_2']) retrieved from /home/mirukulla/.local/lib/python3.10/site-packages/airflow/example_dags/example_datasets.py
[2024-01-19T19:41:05.097-0800] {logging_mixin.py:137} INFO - [2024-01-19T19:41:05.097-0800] {dag.py:2705} INFO - Sync 6 DAGs
[2024-01-19T19:41:05.117-0800] {logging_mixin.py:137} INFO - [2024-01-19T19:41:05.117-0800] {dag.py:3452} INFO - Setting next_dagrun for dataset_consumes_1 to None, run_after=None
[2024-01-19T19:41:05.120-0800] {logging_mixin.py:137} INFO - [2024-01-19T19:41:05.119-0800] {dag.py:3452} INFO - Setting next_dagrun for dataset_consumes_1_and_2 to None, run_after=None
[2024-01-19T19:41:05.120-0800] {logging_mixin.py:137} INFO - [2024-01-19T19:41:05.120-0800] {dag.py:3452} INFO - Setting next_dagrun for dataset_consumes_1_never_scheduled to None, run_after=None
[2024-01-19T19:41:05.121-0800] {logging_mixin.py:137} INFO - [2024-01-19T19:41:05.121-0800] {dag.py:3452} INFO - Setting next_dagrun for dataset_consumes_unknown_never_scheduled to None, run_after=None
[2024-01-19T19:41:05.123-0800] {logging_mixin.py:137} INFO - [2024-01-19T19:41:05.123-0800] {dag.py:3452} INFO - Setting next_dagrun for dataset_produces_1 to 2024-01-19T00:00:00+00:00, run_after=2024-01-20T00:00:00+00:00
[2024-01-19T19:41:05.124-0800] {logging_mixin.py:137} INFO - [2024-01-19T19:41:05.124-0800] {dag.py:3452} INFO - Setting next_dagrun for dataset_produces_2 to None, run_after=None
[2024-01-19T19:41:05.164-0800] {processor.py:175} INFO - Processing /home/mirukulla/.local/lib/python3.10/site-packages/airflow/example_dags/example_datasets.py took 0.131 seconds
[2024-01-19T19:42:01.499-0800] {processor.py:153} INFO - Started process (PID=10919) to work on /home/mirukulla/.local/lib/python3.10/site-packages/airflow/example_dags/example_datasets.py
[2024-01-19T19:42:01.502-0800] {processor.py:743} INFO - Processing file /home/mirukulla/.local/lib/python3.10/site-packages/airflow/example_dags/example_datasets.py for tasks to queue
[2024-01-19T19:42:01.503-0800] {logging_mixin.py:137} INFO - [2024-01-19T19:42:01.503-0800] {dagbag.py:532} INFO - Filling up the DagBag from /home/mirukulla/.local/lib/python3.10/site-packages/airflow/example_dags/example_datasets.py
[2024-01-19T19:42:01.542-0800] {processor.py:753} INFO - DAG(s) dict_keys(['dataset_consumes_1', 'dataset_consumes_unknown_never_scheduled', 'dataset_consumes_1_never_scheduled', 'dataset_consumes_1_and_2', 'dataset_produces_2', 'dataset_produces_1']) retrieved from /home/mirukulla/.local/lib/python3.10/site-packages/airflow/example_dags/example_datasets.py
[2024-01-19T19:42:01.607-0800] {logging_mixin.py:137} INFO - [2024-01-19T19:42:01.606-0800] {dag.py:2705} INFO - Sync 6 DAGs
[2024-01-19T19:42:01.656-0800] {logging_mixin.py:137} INFO - [2024-01-19T19:42:01.656-0800] {dag.py:3452} INFO - Setting next_dagrun for dataset_consumes_1 to None, run_after=None
[2024-01-19T19:42:01.662-0800] {logging_mixin.py:137} INFO - [2024-01-19T19:42:01.662-0800] {dag.py:3452} INFO - Setting next_dagrun for dataset_consumes_1_and_2 to None, run_after=None
[2024-01-19T19:42:01.664-0800] {logging_mixin.py:137} INFO - [2024-01-19T19:42:01.664-0800] {dag.py:3452} INFO - Setting next_dagrun for dataset_consumes_1_never_scheduled to None, run_after=None
[2024-01-19T19:42:01.666-0800] {logging_mixin.py:137} INFO - [2024-01-19T19:42:01.665-0800] {dag.py:3452} INFO - Setting next_dagrun for dataset_consumes_unknown_never_scheduled to None, run_after=None
[2024-01-19T19:42:01.670-0800] {logging_mixin.py:137} INFO - [2024-01-19T19:42:01.669-0800] {dag.py:3452} INFO - Setting next_dagrun for dataset_produces_1 to 2024-01-19T00:00:00+00:00, run_after=2024-01-20T00:00:00+00:00
[2024-01-19T19:42:01.671-0800] {logging_mixin.py:137} INFO - [2024-01-19T19:42:01.671-0800] {dag.py:3452} INFO - Setting next_dagrun for dataset_produces_2 to None, run_after=None
[2024-01-19T19:42:01.789-0800] {processor.py:175} INFO - Processing /home/mirukulla/.local/lib/python3.10/site-packages/airflow/example_dags/example_datasets.py took 0.296 seconds
[2024-01-19T19:43:02.704-0800] {processor.py:153} INFO - Started process (PID=10969) to work on /home/mirukulla/.local/lib/python3.10/site-packages/airflow/example_dags/example_datasets.py
[2024-01-19T19:43:02.706-0800] {processor.py:743} INFO - Processing file /home/mirukulla/.local/lib/python3.10/site-packages/airflow/example_dags/example_datasets.py for tasks to queue
[2024-01-19T19:43:02.708-0800] {logging_mixin.py:137} INFO - [2024-01-19T19:43:02.707-0800] {dagbag.py:532} INFO - Filling up the DagBag from /home/mirukulla/.local/lib/python3.10/site-packages/airflow/example_dags/example_datasets.py
[2024-01-19T19:43:02.751-0800] {processor.py:753} INFO - DAG(s) dict_keys(['dataset_consumes_unknown_never_scheduled', 'dataset_produces_1', 'dataset_consumes_1_and_2', 'dataset_produces_2', 'dataset_consumes_1', 'dataset_consumes_1_never_scheduled']) retrieved from /home/mirukulla/.local/lib/python3.10/site-packages/airflow/example_dags/example_datasets.py
[2024-01-19T19:43:02.836-0800] {logging_mixin.py:137} INFO - [2024-01-19T19:43:02.836-0800] {dag.py:2705} INFO - Sync 6 DAGs
[2024-01-19T19:43:02.905-0800] {logging_mixin.py:137} INFO - [2024-01-19T19:43:02.905-0800] {dag.py:3452} INFO - Setting next_dagrun for dataset_consumes_1 to None, run_after=None
[2024-01-19T19:43:02.914-0800] {logging_mixin.py:137} INFO - [2024-01-19T19:43:02.913-0800] {dag.py:3452} INFO - Setting next_dagrun for dataset_consumes_1_and_2 to None, run_after=None
[2024-01-19T19:43:02.917-0800] {logging_mixin.py:137} INFO - [2024-01-19T19:43:02.916-0800] {dag.py:3452} INFO - Setting next_dagrun for dataset_consumes_1_never_scheduled to None, run_after=None
[2024-01-19T19:43:02.920-0800] {logging_mixin.py:137} INFO - [2024-01-19T19:43:02.920-0800] {dag.py:3452} INFO - Setting next_dagrun for dataset_consumes_unknown_never_scheduled to None, run_after=None
[2024-01-19T19:43:02.928-0800] {logging_mixin.py:137} INFO - [2024-01-19T19:43:02.927-0800] {dag.py:3452} INFO - Setting next_dagrun for dataset_produces_1 to 2024-01-19T00:00:00+00:00, run_after=2024-01-20T00:00:00+00:00
[2024-01-19T19:43:02.931-0800] {logging_mixin.py:137} INFO - [2024-01-19T19:43:02.930-0800] {dag.py:3452} INFO - Setting next_dagrun for dataset_produces_2 to None, run_after=None
[2024-01-19T19:43:03.030-0800] {processor.py:175} INFO - Processing /home/mirukulla/.local/lib/python3.10/site-packages/airflow/example_dags/example_datasets.py took 0.333 seconds
[2024-01-19T19:44:05.877-0800] {processor.py:153} INFO - Started process (PID=11022) to work on /home/mirukulla/.local/lib/python3.10/site-packages/airflow/example_dags/example_datasets.py
[2024-01-19T19:44:05.909-0800] {processor.py:743} INFO - Processing file /home/mirukulla/.local/lib/python3.10/site-packages/airflow/example_dags/example_datasets.py for tasks to queue
[2024-01-19T19:44:05.910-0800] {logging_mixin.py:137} INFO - [2024-01-19T19:44:05.910-0800] {dagbag.py:532} INFO - Filling up the DagBag from /home/mirukulla/.local/lib/python3.10/site-packages/airflow/example_dags/example_datasets.py
[2024-01-19T19:44:05.936-0800] {processor.py:753} INFO - DAG(s) dict_keys(['dataset_consumes_1_never_scheduled', 'dataset_produces_1', 'dataset_produces_2', 'dataset_consumes_1_and_2', 'dataset_consumes_unknown_never_scheduled', 'dataset_consumes_1']) retrieved from /home/mirukulla/.local/lib/python3.10/site-packages/airflow/example_dags/example_datasets.py
[2024-01-19T19:44:05.987-0800] {logging_mixin.py:137} INFO - [2024-01-19T19:44:05.987-0800] {dag.py:2705} INFO - Sync 6 DAGs
[2024-01-19T19:44:06.016-0800] {logging_mixin.py:137} INFO - [2024-01-19T19:44:06.016-0800] {dag.py:3452} INFO - Setting next_dagrun for dataset_consumes_1 to None, run_after=None
[2024-01-19T19:44:06.021-0800] {logging_mixin.py:137} INFO - [2024-01-19T19:44:06.021-0800] {dag.py:3452} INFO - Setting next_dagrun for dataset_consumes_1_and_2 to None, run_after=None
[2024-01-19T19:44:06.023-0800] {logging_mixin.py:137} INFO - [2024-01-19T19:44:06.023-0800] {dag.py:3452} INFO - Setting next_dagrun for dataset_consumes_1_never_scheduled to None, run_after=None
[2024-01-19T19:44:06.024-0800] {logging_mixin.py:137} INFO - [2024-01-19T19:44:06.024-0800] {dag.py:3452} INFO - Setting next_dagrun for dataset_consumes_unknown_never_scheduled to None, run_after=None
[2024-01-19T19:44:06.028-0800] {logging_mixin.py:137} INFO - [2024-01-19T19:44:06.027-0800] {dag.py:3452} INFO - Setting next_dagrun for dataset_produces_1 to 2024-01-19T00:00:00+00:00, run_after=2024-01-20T00:00:00+00:00
[2024-01-19T19:44:06.029-0800] {logging_mixin.py:137} INFO - [2024-01-19T19:44:06.029-0800] {dag.py:3452} INFO - Setting next_dagrun for dataset_produces_2 to None, run_after=None
[2024-01-19T19:44:06.074-0800] {processor.py:175} INFO - Processing /home/mirukulla/.local/lib/python3.10/site-packages/airflow/example_dags/example_datasets.py took 0.201 seconds
[2024-01-19T19:44:54.457-0800] {processor.py:153} INFO - Started process (PID=11068) to work on /home/mirukulla/.local/lib/python3.10/site-packages/airflow/example_dags/example_datasets.py
[2024-01-19T19:44:54.458-0800] {processor.py:743} INFO - Processing file /home/mirukulla/.local/lib/python3.10/site-packages/airflow/example_dags/example_datasets.py for tasks to queue
[2024-01-19T19:44:54.459-0800] {logging_mixin.py:137} INFO - [2024-01-19T19:44:54.459-0800] {dagbag.py:532} INFO - Filling up the DagBag from /home/mirukulla/.local/lib/python3.10/site-packages/airflow/example_dags/example_datasets.py
[2024-01-19T19:44:54.475-0800] {processor.py:753} INFO - DAG(s) dict_keys(['dataset_consumes_1', 'dataset_consumes_1_never_scheduled', 'dataset_produces_2', 'dataset_consumes_1_and_2', 'dataset_produces_1', 'dataset_consumes_unknown_never_scheduled']) retrieved from /home/mirukulla/.local/lib/python3.10/site-packages/airflow/example_dags/example_datasets.py
[2024-01-19T19:44:54.508-0800] {logging_mixin.py:137} INFO - [2024-01-19T19:44:54.508-0800] {dag.py:2705} INFO - Sync 6 DAGs
[2024-01-19T19:44:54.529-0800] {logging_mixin.py:137} INFO - [2024-01-19T19:44:54.529-0800] {dag.py:3452} INFO - Setting next_dagrun for dataset_consumes_1 to None, run_after=None
[2024-01-19T19:44:54.533-0800] {logging_mixin.py:137} INFO - [2024-01-19T19:44:54.533-0800] {dag.py:3452} INFO - Setting next_dagrun for dataset_consumes_1_and_2 to None, run_after=None
[2024-01-19T19:44:54.534-0800] {logging_mixin.py:137} INFO - [2024-01-19T19:44:54.534-0800] {dag.py:3452} INFO - Setting next_dagrun for dataset_consumes_1_never_scheduled to None, run_after=None
[2024-01-19T19:44:54.535-0800] {logging_mixin.py:137} INFO - [2024-01-19T19:44:54.535-0800] {dag.py:3452} INFO - Setting next_dagrun for dataset_consumes_unknown_never_scheduled to None, run_after=None
[2024-01-19T19:44:54.536-0800] {logging_mixin.py:137} INFO - [2024-01-19T19:44:54.536-0800] {dag.py:3452} INFO - Setting next_dagrun for dataset_produces_1 to 2024-01-19T00:00:00+00:00, run_after=2024-01-20T00:00:00+00:00
[2024-01-19T19:44:54.537-0800] {logging_mixin.py:137} INFO - [2024-01-19T19:44:54.537-0800] {dag.py:3452} INFO - Setting next_dagrun for dataset_produces_2 to None, run_after=None
[2024-01-19T19:44:54.590-0800] {processor.py:175} INFO - Processing /home/mirukulla/.local/lib/python3.10/site-packages/airflow/example_dags/example_datasets.py took 0.136 seconds
[2024-01-19T19:46:03.548-0800] {processor.py:153} INFO - Started process (PID=11121) to work on /home/mirukulla/.local/lib/python3.10/site-packages/airflow/example_dags/example_datasets.py
[2024-01-19T19:46:03.552-0800] {processor.py:743} INFO - Processing file /home/mirukulla/.local/lib/python3.10/site-packages/airflow/example_dags/example_datasets.py for tasks to queue
[2024-01-19T19:46:03.554-0800] {logging_mixin.py:137} INFO - [2024-01-19T19:46:03.554-0800] {dagbag.py:532} INFO - Filling up the DagBag from /home/mirukulla/.local/lib/python3.10/site-packages/airflow/example_dags/example_datasets.py
[2024-01-19T19:46:03.596-0800] {processor.py:753} INFO - DAG(s) dict_keys(['dataset_produces_1', 'dataset_consumes_unknown_never_scheduled', 'dataset_consumes_1_never_scheduled', 'dataset_consumes_1_and_2', 'dataset_consumes_1', 'dataset_produces_2']) retrieved from /home/mirukulla/.local/lib/python3.10/site-packages/airflow/example_dags/example_datasets.py
[2024-01-19T19:46:03.674-0800] {logging_mixin.py:137} INFO - [2024-01-19T19:46:03.674-0800] {dag.py:2705} INFO - Sync 6 DAGs
[2024-01-19T19:46:03.740-0800] {logging_mixin.py:137} INFO - [2024-01-19T19:46:03.739-0800] {dag.py:3452} INFO - Setting next_dagrun for dataset_consumes_1 to None, run_after=None
[2024-01-19T19:46:03.758-0800] {logging_mixin.py:137} INFO - [2024-01-19T19:46:03.757-0800] {dag.py:3452} INFO - Setting next_dagrun for dataset_consumes_1_and_2 to None, run_after=None
[2024-01-19T19:46:03.770-0800] {logging_mixin.py:137} INFO - [2024-01-19T19:46:03.769-0800] {dag.py:3452} INFO - Setting next_dagrun for dataset_consumes_1_never_scheduled to None, run_after=None
[2024-01-19T19:46:03.772-0800] {logging_mixin.py:137} INFO - [2024-01-19T19:46:03.772-0800] {dag.py:3452} INFO - Setting next_dagrun for dataset_consumes_unknown_never_scheduled to None, run_after=None
[2024-01-19T19:46:03.791-0800] {logging_mixin.py:137} INFO - [2024-01-19T19:46:03.791-0800] {dag.py:3452} INFO - Setting next_dagrun for dataset_produces_1 to 2024-01-19T00:00:00+00:00, run_after=2024-01-20T00:00:00+00:00
[2024-01-19T19:46:03.804-0800] {logging_mixin.py:137} INFO - [2024-01-19T19:46:03.803-0800] {dag.py:3452} INFO - Setting next_dagrun for dataset_produces_2 to None, run_after=None
[2024-01-19T19:46:03.938-0800] {processor.py:175} INFO - Processing /home/mirukulla/.local/lib/python3.10/site-packages/airflow/example_dags/example_datasets.py took 0.399 seconds
[2024-01-19T19:46:53.405-0800] {processor.py:153} INFO - Started process (PID=11167) to work on /home/mirukulla/.local/lib/python3.10/site-packages/airflow/example_dags/example_datasets.py
[2024-01-19T19:46:53.407-0800] {processor.py:743} INFO - Processing file /home/mirukulla/.local/lib/python3.10/site-packages/airflow/example_dags/example_datasets.py for tasks to queue
[2024-01-19T19:46:53.408-0800] {logging_mixin.py:137} INFO - [2024-01-19T19:46:53.408-0800] {dagbag.py:532} INFO - Filling up the DagBag from /home/mirukulla/.local/lib/python3.10/site-packages/airflow/example_dags/example_datasets.py
[2024-01-19T19:46:53.426-0800] {processor.py:753} INFO - DAG(s) dict_keys(['dataset_consumes_1_and_2', 'dataset_produces_2', 'dataset_produces_1', 'dataset_consumes_1_never_scheduled', 'dataset_consumes_1', 'dataset_consumes_unknown_never_scheduled']) retrieved from /home/mirukulla/.local/lib/python3.10/site-packages/airflow/example_dags/example_datasets.py
[2024-01-19T19:46:53.473-0800] {logging_mixin.py:137} INFO - [2024-01-19T19:46:53.473-0800] {dag.py:2705} INFO - Sync 6 DAGs
[2024-01-19T19:46:53.498-0800] {logging_mixin.py:137} INFO - [2024-01-19T19:46:53.498-0800] {dag.py:3452} INFO - Setting next_dagrun for dataset_consumes_1 to None, run_after=None
[2024-01-19T19:46:53.500-0800] {logging_mixin.py:137} INFO - [2024-01-19T19:46:53.500-0800] {dag.py:3452} INFO - Setting next_dagrun for dataset_consumes_1_and_2 to None, run_after=None
[2024-01-19T19:46:53.501-0800] {logging_mixin.py:137} INFO - [2024-01-19T19:46:53.501-0800] {dag.py:3452} INFO - Setting next_dagrun for dataset_consumes_1_never_scheduled to None, run_after=None
[2024-01-19T19:46:53.502-0800] {logging_mixin.py:137} INFO - [2024-01-19T19:46:53.502-0800] {dag.py:3452} INFO - Setting next_dagrun for dataset_consumes_unknown_never_scheduled to None, run_after=None
[2024-01-19T19:46:53.505-0800] {logging_mixin.py:137} INFO - [2024-01-19T19:46:53.505-0800] {dag.py:3452} INFO - Setting next_dagrun for dataset_produces_1 to 2024-01-19T00:00:00+00:00, run_after=2024-01-20T00:00:00+00:00
[2024-01-19T19:46:53.515-0800] {logging_mixin.py:137} INFO - [2024-01-19T19:46:53.515-0800] {dag.py:3452} INFO - Setting next_dagrun for dataset_produces_2 to None, run_after=None
[2024-01-19T19:46:53.561-0800] {processor.py:175} INFO - Processing /home/mirukulla/.local/lib/python3.10/site-packages/airflow/example_dags/example_datasets.py took 0.159 seconds
[2024-01-19T19:47:40.237-0800] {processor.py:153} INFO - Started process (PID=11211) to work on /home/mirukulla/.local/lib/python3.10/site-packages/airflow/example_dags/example_datasets.py
[2024-01-19T19:47:40.239-0800] {processor.py:743} INFO - Processing file /home/mirukulla/.local/lib/python3.10/site-packages/airflow/example_dags/example_datasets.py for tasks to queue
[2024-01-19T19:47:40.240-0800] {logging_mixin.py:137} INFO - [2024-01-19T19:47:40.240-0800] {dagbag.py:532} INFO - Filling up the DagBag from /home/mirukulla/.local/lib/python3.10/site-packages/airflow/example_dags/example_datasets.py
[2024-01-19T19:47:40.255-0800] {processor.py:753} INFO - DAG(s) dict_keys(['dataset_produces_1', 'dataset_produces_2', 'dataset_consumes_unknown_never_scheduled', 'dataset_consumes_1_never_scheduled', 'dataset_consumes_1', 'dataset_consumes_1_and_2']) retrieved from /home/mirukulla/.local/lib/python3.10/site-packages/airflow/example_dags/example_datasets.py
[2024-01-19T19:47:40.281-0800] {logging_mixin.py:137} INFO - [2024-01-19T19:47:40.281-0800] {dag.py:2705} INFO - Sync 6 DAGs
[2024-01-19T19:47:40.299-0800] {logging_mixin.py:137} INFO - [2024-01-19T19:47:40.299-0800] {dag.py:3452} INFO - Setting next_dagrun for dataset_consumes_1 to None, run_after=None
[2024-01-19T19:47:40.304-0800] {logging_mixin.py:137} INFO - [2024-01-19T19:47:40.304-0800] {dag.py:3452} INFO - Setting next_dagrun for dataset_consumes_1_and_2 to None, run_after=None
[2024-01-19T19:47:40.305-0800] {logging_mixin.py:137} INFO - [2024-01-19T19:47:40.305-0800] {dag.py:3452} INFO - Setting next_dagrun for dataset_consumes_1_never_scheduled to None, run_after=None
[2024-01-19T19:47:40.306-0800] {logging_mixin.py:137} INFO - [2024-01-19T19:47:40.306-0800] {dag.py:3452} INFO - Setting next_dagrun for dataset_consumes_unknown_never_scheduled to None, run_after=None
[2024-01-19T19:47:40.308-0800] {logging_mixin.py:137} INFO - [2024-01-19T19:47:40.308-0800] {dag.py:3452} INFO - Setting next_dagrun for dataset_produces_1 to 2024-01-19T00:00:00+00:00, run_after=2024-01-20T00:00:00+00:00
[2024-01-19T19:47:40.309-0800] {logging_mixin.py:137} INFO - [2024-01-19T19:47:40.309-0800] {dag.py:3452} INFO - Setting next_dagrun for dataset_produces_2 to None, run_after=None
[2024-01-19T19:47:40.345-0800] {processor.py:175} INFO - Processing /home/mirukulla/.local/lib/python3.10/site-packages/airflow/example_dags/example_datasets.py took 0.113 seconds
[2024-01-19T19:48:37.564-0800] {processor.py:153} INFO - Started process (PID=11259) to work on /home/mirukulla/.local/lib/python3.10/site-packages/airflow/example_dags/example_datasets.py
[2024-01-19T19:48:37.567-0800] {processor.py:743} INFO - Processing file /home/mirukulla/.local/lib/python3.10/site-packages/airflow/example_dags/example_datasets.py for tasks to queue
[2024-01-19T19:48:37.571-0800] {logging_mixin.py:137} INFO - [2024-01-19T19:48:37.571-0800] {dagbag.py:532} INFO - Filling up the DagBag from /home/mirukulla/.local/lib/python3.10/site-packages/airflow/example_dags/example_datasets.py
[2024-01-19T19:48:37.613-0800] {processor.py:753} INFO - DAG(s) dict_keys(['dataset_consumes_1_never_scheduled', 'dataset_consumes_1_and_2', 'dataset_consumes_1', 'dataset_consumes_unknown_never_scheduled', 'dataset_produces_2', 'dataset_produces_1']) retrieved from /home/mirukulla/.local/lib/python3.10/site-packages/airflow/example_dags/example_datasets.py
[2024-01-19T19:48:37.690-0800] {logging_mixin.py:137} INFO - [2024-01-19T19:48:37.690-0800] {dag.py:2705} INFO - Sync 6 DAGs
[2024-01-19T19:48:37.744-0800] {logging_mixin.py:137} INFO - [2024-01-19T19:48:37.744-0800] {dag.py:3452} INFO - Setting next_dagrun for dataset_consumes_1 to None, run_after=None
[2024-01-19T19:48:37.751-0800] {logging_mixin.py:137} INFO - [2024-01-19T19:48:37.750-0800] {dag.py:3452} INFO - Setting next_dagrun for dataset_consumes_1_and_2 to None, run_after=None
[2024-01-19T19:48:37.753-0800] {logging_mixin.py:137} INFO - [2024-01-19T19:48:37.753-0800] {dag.py:3452} INFO - Setting next_dagrun for dataset_consumes_1_never_scheduled to None, run_after=None
[2024-01-19T19:48:37.756-0800] {logging_mixin.py:137} INFO - [2024-01-19T19:48:37.756-0800] {dag.py:3452} INFO - Setting next_dagrun for dataset_consumes_unknown_never_scheduled to None, run_after=None
[2024-01-19T19:48:37.763-0800] {logging_mixin.py:137} INFO - [2024-01-19T19:48:37.763-0800] {dag.py:3452} INFO - Setting next_dagrun for dataset_produces_1 to 2024-01-19T00:00:00+00:00, run_after=2024-01-20T00:00:00+00:00
[2024-01-19T19:48:37.766-0800] {logging_mixin.py:137} INFO - [2024-01-19T19:48:37.766-0800] {dag.py:3452} INFO - Setting next_dagrun for dataset_produces_2 to None, run_after=None
[2024-01-19T19:48:37.855-0800] {processor.py:175} INFO - Processing /home/mirukulla/.local/lib/python3.10/site-packages/airflow/example_dags/example_datasets.py took 0.298 seconds
