[2024-01-19T19:37:42.915-0800] {processor.py:153} INFO - Started process (PID=10637) to work on /home/mirukulla/.local/lib/python3.10/site-packages/airflow/example_dags/example_trigger_controller_dag.py
[2024-01-19T19:37:42.917-0800] {processor.py:743} INFO - Processing file /home/mirukulla/.local/lib/python3.10/site-packages/airflow/example_dags/example_trigger_controller_dag.py for tasks to queue
[2024-01-19T19:37:42.918-0800] {logging_mixin.py:137} INFO - [2024-01-19T19:37:42.918-0800] {dagbag.py:532} INFO - Filling up the DagBag from /home/mirukulla/.local/lib/python3.10/site-packages/airflow/example_dags/example_trigger_controller_dag.py
[2024-01-19T19:37:42.942-0800] {processor.py:753} INFO - DAG(s) dict_keys(['example_trigger_controller_dag']) retrieved from /home/mirukulla/.local/lib/python3.10/site-packages/airflow/example_dags/example_trigger_controller_dag.py
[2024-01-19T19:37:43.095-0800] {logging_mixin.py:137} INFO - [2024-01-19T19:37:43.095-0800] {manager.py:504} INFO - Created Permission View: can delete on DAG:example_trigger_controller_dag
[2024-01-19T19:37:43.118-0800] {logging_mixin.py:137} INFO - [2024-01-19T19:37:43.118-0800] {manager.py:504} INFO - Created Permission View: can edit on DAG:example_trigger_controller_dag
[2024-01-19T19:37:43.135-0800] {logging_mixin.py:137} INFO - [2024-01-19T19:37:43.135-0800] {manager.py:504} INFO - Created Permission View: can read on DAG:example_trigger_controller_dag
[2024-01-19T19:37:43.135-0800] {logging_mixin.py:137} INFO - [2024-01-19T19:37:43.135-0800] {dag.py:2705} INFO - Sync 1 DAGs
[2024-01-19T19:37:43.149-0800] {logging_mixin.py:137} INFO - [2024-01-19T19:37:43.149-0800] {dag.py:2726} INFO - Creating ORM DAG for example_trigger_controller_dag
[2024-01-19T19:37:43.159-0800] {logging_mixin.py:137} INFO - [2024-01-19T19:37:43.159-0800] {dag.py:3452} INFO - Setting next_dagrun for example_trigger_controller_dag to 2021-01-01T00:00:00+00:00, run_after=2021-01-01T00:00:00+00:00
[2024-01-19T19:37:43.196-0800] {processor.py:175} INFO - Processing /home/mirukulla/.local/lib/python3.10/site-packages/airflow/example_dags/example_trigger_controller_dag.py took 0.286 seconds
[2024-01-19T19:38:28.194-0800] {processor.py:153} INFO - Started process (PID=10703) to work on /home/mirukulla/.local/lib/python3.10/site-packages/airflow/example_dags/example_trigger_controller_dag.py
[2024-01-19T19:38:28.196-0800] {processor.py:743} INFO - Processing file /home/mirukulla/.local/lib/python3.10/site-packages/airflow/example_dags/example_trigger_controller_dag.py for tasks to queue
[2024-01-19T19:38:28.197-0800] {logging_mixin.py:137} INFO - [2024-01-19T19:38:28.197-0800] {dagbag.py:532} INFO - Filling up the DagBag from /home/mirukulla/.local/lib/python3.10/site-packages/airflow/example_dags/example_trigger_controller_dag.py
[2024-01-19T19:38:28.206-0800] {processor.py:753} INFO - DAG(s) dict_keys(['example_trigger_controller_dag']) retrieved from /home/mirukulla/.local/lib/python3.10/site-packages/airflow/example_dags/example_trigger_controller_dag.py
[2024-01-19T19:38:28.223-0800] {logging_mixin.py:137} INFO - [2024-01-19T19:38:28.223-0800] {dag.py:2705} INFO - Sync 1 DAGs
[2024-01-19T19:38:28.241-0800] {logging_mixin.py:137} INFO - [2024-01-19T19:38:28.241-0800] {dag.py:3452} INFO - Setting next_dagrun for example_trigger_controller_dag to 2021-01-01T00:00:00+00:00, run_after=2021-01-01T00:00:00+00:00
[2024-01-19T19:38:28.271-0800] {processor.py:175} INFO - Processing /home/mirukulla/.local/lib/python3.10/site-packages/airflow/example_dags/example_trigger_controller_dag.py took 0.079 seconds
[2024-01-19T19:39:14.049-0800] {processor.py:153} INFO - Started process (PID=10754) to work on /home/mirukulla/.local/lib/python3.10/site-packages/airflow/example_dags/example_trigger_controller_dag.py
[2024-01-19T19:39:14.071-0800] {processor.py:743} INFO - Processing file /home/mirukulla/.local/lib/python3.10/site-packages/airflow/example_dags/example_trigger_controller_dag.py for tasks to queue
[2024-01-19T19:39:14.071-0800] {logging_mixin.py:137} INFO - [2024-01-19T19:39:14.071-0800] {dagbag.py:532} INFO - Filling up the DagBag from /home/mirukulla/.local/lib/python3.10/site-packages/airflow/example_dags/example_trigger_controller_dag.py
[2024-01-19T19:39:14.085-0800] {processor.py:753} INFO - DAG(s) dict_keys(['example_trigger_controller_dag']) retrieved from /home/mirukulla/.local/lib/python3.10/site-packages/airflow/example_dags/example_trigger_controller_dag.py
[2024-01-19T19:39:14.118-0800] {logging_mixin.py:137} INFO - [2024-01-19T19:39:14.118-0800] {dag.py:2705} INFO - Sync 1 DAGs
[2024-01-19T19:39:14.164-0800] {logging_mixin.py:137} INFO - [2024-01-19T19:39:14.164-0800] {dag.py:3452} INFO - Setting next_dagrun for example_trigger_controller_dag to 2021-01-01T00:00:00+00:00, run_after=2021-01-01T00:00:00+00:00
[2024-01-19T19:39:14.194-0800] {processor.py:175} INFO - Processing /home/mirukulla/.local/lib/python3.10/site-packages/airflow/example_dags/example_trigger_controller_dag.py took 0.151 seconds
[2024-01-19T19:39:59.758-0800] {processor.py:153} INFO - Started process (PID=10811) to work on /home/mirukulla/.local/lib/python3.10/site-packages/airflow/example_dags/example_trigger_controller_dag.py
[2024-01-19T19:39:59.761-0800] {processor.py:743} INFO - Processing file /home/mirukulla/.local/lib/python3.10/site-packages/airflow/example_dags/example_trigger_controller_dag.py for tasks to queue
[2024-01-19T19:39:59.761-0800] {logging_mixin.py:137} INFO - [2024-01-19T19:39:59.761-0800] {dagbag.py:532} INFO - Filling up the DagBag from /home/mirukulla/.local/lib/python3.10/site-packages/airflow/example_dags/example_trigger_controller_dag.py
[2024-01-19T19:39:59.773-0800] {processor.py:753} INFO - DAG(s) dict_keys(['example_trigger_controller_dag']) retrieved from /home/mirukulla/.local/lib/python3.10/site-packages/airflow/example_dags/example_trigger_controller_dag.py
[2024-01-19T19:39:59.790-0800] {logging_mixin.py:137} INFO - [2024-01-19T19:39:59.790-0800] {dag.py:2705} INFO - Sync 1 DAGs
[2024-01-19T19:39:59.806-0800] {logging_mixin.py:137} INFO - [2024-01-19T19:39:59.806-0800] {dag.py:3452} INFO - Setting next_dagrun for example_trigger_controller_dag to 2021-01-01T00:00:00+00:00, run_after=2021-01-01T00:00:00+00:00
[2024-01-19T19:39:59.838-0800] {processor.py:175} INFO - Processing /home/mirukulla/.local/lib/python3.10/site-packages/airflow/example_dags/example_trigger_controller_dag.py took 0.084 seconds
[2024-01-19T19:40:46.530-0800] {processor.py:153} INFO - Started process (PID=10854) to work on /home/mirukulla/.local/lib/python3.10/site-packages/airflow/example_dags/example_trigger_controller_dag.py
[2024-01-19T19:40:46.533-0800] {processor.py:743} INFO - Processing file /home/mirukulla/.local/lib/python3.10/site-packages/airflow/example_dags/example_trigger_controller_dag.py for tasks to queue
[2024-01-19T19:40:46.534-0800] {logging_mixin.py:137} INFO - [2024-01-19T19:40:46.534-0800] {dagbag.py:532} INFO - Filling up the DagBag from /home/mirukulla/.local/lib/python3.10/site-packages/airflow/example_dags/example_trigger_controller_dag.py
[2024-01-19T19:40:46.549-0800] {processor.py:753} INFO - DAG(s) dict_keys(['example_trigger_controller_dag']) retrieved from /home/mirukulla/.local/lib/python3.10/site-packages/airflow/example_dags/example_trigger_controller_dag.py
[2024-01-19T19:40:46.570-0800] {logging_mixin.py:137} INFO - [2024-01-19T19:40:46.569-0800] {dag.py:2705} INFO - Sync 1 DAGs
[2024-01-19T19:40:46.585-0800] {logging_mixin.py:137} INFO - [2024-01-19T19:40:46.585-0800] {dag.py:3452} INFO - Setting next_dagrun for example_trigger_controller_dag to 2021-01-01T00:00:00+00:00, run_after=2021-01-01T00:00:00+00:00
[2024-01-19T19:40:46.614-0800] {processor.py:175} INFO - Processing /home/mirukulla/.local/lib/python3.10/site-packages/airflow/example_dags/example_trigger_controller_dag.py took 0.088 seconds
[2024-01-19T19:41:37.069-0800] {processor.py:153} INFO - Started process (PID=10898) to work on /home/mirukulla/.local/lib/python3.10/site-packages/airflow/example_dags/example_trigger_controller_dag.py
[2024-01-19T19:41:37.070-0800] {processor.py:743} INFO - Processing file /home/mirukulla/.local/lib/python3.10/site-packages/airflow/example_dags/example_trigger_controller_dag.py for tasks to queue
[2024-01-19T19:41:37.072-0800] {logging_mixin.py:137} INFO - [2024-01-19T19:41:37.071-0800] {dagbag.py:532} INFO - Filling up the DagBag from /home/mirukulla/.local/lib/python3.10/site-packages/airflow/example_dags/example_trigger_controller_dag.py
[2024-01-19T19:41:37.090-0800] {processor.py:753} INFO - DAG(s) dict_keys(['example_trigger_controller_dag']) retrieved from /home/mirukulla/.local/lib/python3.10/site-packages/airflow/example_dags/example_trigger_controller_dag.py
[2024-01-19T19:41:37.124-0800] {logging_mixin.py:137} INFO - [2024-01-19T19:41:37.124-0800] {dag.py:2705} INFO - Sync 1 DAGs
[2024-01-19T19:41:37.160-0800] {logging_mixin.py:137} INFO - [2024-01-19T19:41:37.160-0800] {dag.py:3452} INFO - Setting next_dagrun for example_trigger_controller_dag to 2021-01-01T00:00:00+00:00, run_after=2021-01-01T00:00:00+00:00
[2024-01-19T19:41:37.201-0800] {processor.py:175} INFO - Processing /home/mirukulla/.local/lib/python3.10/site-packages/airflow/example_dags/example_trigger_controller_dag.py took 0.136 seconds
[2024-01-19T19:42:15.877-0800] {processor.py:153} INFO - Started process (PID=10931) to work on /home/mirukulla/.local/lib/python3.10/site-packages/airflow/example_dags/example_trigger_controller_dag.py
[2024-01-19T19:42:15.880-0800] {processor.py:743} INFO - Processing file /home/mirukulla/.local/lib/python3.10/site-packages/airflow/example_dags/example_trigger_controller_dag.py for tasks to queue
[2024-01-19T19:42:15.882-0800] {logging_mixin.py:137} INFO - [2024-01-19T19:42:15.881-0800] {dagbag.py:532} INFO - Filling up the DagBag from /home/mirukulla/.local/lib/python3.10/site-packages/airflow/example_dags/example_trigger_controller_dag.py
[2024-01-19T19:42:15.908-0800] {processor.py:753} INFO - DAG(s) dict_keys(['example_trigger_controller_dag']) retrieved from /home/mirukulla/.local/lib/python3.10/site-packages/airflow/example_dags/example_trigger_controller_dag.py
[2024-01-19T19:42:15.955-0800] {logging_mixin.py:137} INFO - [2024-01-19T19:42:15.954-0800] {dag.py:2705} INFO - Sync 1 DAGs
[2024-01-19T19:42:16.001-0800] {logging_mixin.py:137} INFO - [2024-01-19T19:42:16.001-0800] {dag.py:3452} INFO - Setting next_dagrun for example_trigger_controller_dag to 2021-01-01T00:00:00+00:00, run_after=2021-01-01T00:00:00+00:00
[2024-01-19T19:42:16.062-0800] {processor.py:175} INFO - Processing /home/mirukulla/.local/lib/python3.10/site-packages/airflow/example_dags/example_trigger_controller_dag.py took 0.191 seconds
[2024-01-19T19:42:58.714-0800] {processor.py:153} INFO - Started process (PID=10965) to work on /home/mirukulla/.local/lib/python3.10/site-packages/airflow/example_dags/example_trigger_controller_dag.py
[2024-01-19T19:42:58.719-0800] {processor.py:743} INFO - Processing file /home/mirukulla/.local/lib/python3.10/site-packages/airflow/example_dags/example_trigger_controller_dag.py for tasks to queue
[2024-01-19T19:42:58.721-0800] {logging_mixin.py:137} INFO - [2024-01-19T19:42:58.720-0800] {dagbag.py:532} INFO - Filling up the DagBag from /home/mirukulla/.local/lib/python3.10/site-packages/airflow/example_dags/example_trigger_controller_dag.py
[2024-01-19T19:42:58.755-0800] {processor.py:753} INFO - DAG(s) dict_keys(['example_trigger_controller_dag']) retrieved from /home/mirukulla/.local/lib/python3.10/site-packages/airflow/example_dags/example_trigger_controller_dag.py
[2024-01-19T19:42:58.791-0800] {logging_mixin.py:137} INFO - [2024-01-19T19:42:58.790-0800] {dag.py:2705} INFO - Sync 1 DAGs
[2024-01-19T19:42:58.826-0800] {logging_mixin.py:137} INFO - [2024-01-19T19:42:58.826-0800] {dag.py:3452} INFO - Setting next_dagrun for example_trigger_controller_dag to 2021-01-01T00:00:00+00:00, run_after=2021-01-01T00:00:00+00:00
[2024-01-19T19:42:58.868-0800] {processor.py:175} INFO - Processing /home/mirukulla/.local/lib/python3.10/site-packages/airflow/example_dags/example_trigger_controller_dag.py took 0.163 seconds
[2024-01-19T19:43:37.245-0800] {processor.py:153} INFO - Started process (PID=10999) to work on /home/mirukulla/.local/lib/python3.10/site-packages/airflow/example_dags/example_trigger_controller_dag.py
[2024-01-19T19:43:37.247-0800] {processor.py:743} INFO - Processing file /home/mirukulla/.local/lib/python3.10/site-packages/airflow/example_dags/example_trigger_controller_dag.py for tasks to queue
[2024-01-19T19:43:37.248-0800] {logging_mixin.py:137} INFO - [2024-01-19T19:43:37.247-0800] {dagbag.py:532} INFO - Filling up the DagBag from /home/mirukulla/.local/lib/python3.10/site-packages/airflow/example_dags/example_trigger_controller_dag.py
[2024-01-19T19:43:37.260-0800] {processor.py:753} INFO - DAG(s) dict_keys(['example_trigger_controller_dag']) retrieved from /home/mirukulla/.local/lib/python3.10/site-packages/airflow/example_dags/example_trigger_controller_dag.py
[2024-01-19T19:43:37.287-0800] {logging_mixin.py:137} INFO - [2024-01-19T19:43:37.287-0800] {dag.py:2705} INFO - Sync 1 DAGs
[2024-01-19T19:43:37.318-0800] {logging_mixin.py:137} INFO - [2024-01-19T19:43:37.317-0800] {dag.py:3452} INFO - Setting next_dagrun for example_trigger_controller_dag to 2021-01-01T00:00:00+00:00, run_after=2021-01-01T00:00:00+00:00
[2024-01-19T19:43:37.358-0800] {processor.py:175} INFO - Processing /home/mirukulla/.local/lib/python3.10/site-packages/airflow/example_dags/example_trigger_controller_dag.py took 0.116 seconds
[2024-01-19T19:44:21.713-0800] {processor.py:153} INFO - Started process (PID=11037) to work on /home/mirukulla/.local/lib/python3.10/site-packages/airflow/example_dags/example_trigger_controller_dag.py
[2024-01-19T19:44:21.716-0800] {processor.py:743} INFO - Processing file /home/mirukulla/.local/lib/python3.10/site-packages/airflow/example_dags/example_trigger_controller_dag.py for tasks to queue
[2024-01-19T19:44:21.717-0800] {logging_mixin.py:137} INFO - [2024-01-19T19:44:21.716-0800] {dagbag.py:532} INFO - Filling up the DagBag from /home/mirukulla/.local/lib/python3.10/site-packages/airflow/example_dags/example_trigger_controller_dag.py
[2024-01-19T19:44:21.744-0800] {processor.py:753} INFO - DAG(s) dict_keys(['example_trigger_controller_dag']) retrieved from /home/mirukulla/.local/lib/python3.10/site-packages/airflow/example_dags/example_trigger_controller_dag.py
[2024-01-19T19:44:21.778-0800] {logging_mixin.py:137} INFO - [2024-01-19T19:44:21.778-0800] {dag.py:2705} INFO - Sync 1 DAGs
[2024-01-19T19:44:21.807-0800] {logging_mixin.py:137} INFO - [2024-01-19T19:44:21.806-0800] {dag.py:3452} INFO - Setting next_dagrun for example_trigger_controller_dag to 2021-01-01T00:00:00+00:00, run_after=2021-01-01T00:00:00+00:00
[2024-01-19T19:44:21.838-0800] {processor.py:175} INFO - Processing /home/mirukulla/.local/lib/python3.10/site-packages/airflow/example_dags/example_trigger_controller_dag.py took 0.138 seconds
[2024-01-19T19:45:06.255-0800] {processor.py:153} INFO - Started process (PID=11079) to work on /home/mirukulla/.local/lib/python3.10/site-packages/airflow/example_dags/example_trigger_controller_dag.py
[2024-01-19T19:45:06.281-0800] {processor.py:743} INFO - Processing file /home/mirukulla/.local/lib/python3.10/site-packages/airflow/example_dags/example_trigger_controller_dag.py for tasks to queue
[2024-01-19T19:45:06.282-0800] {logging_mixin.py:137} INFO - [2024-01-19T19:45:06.281-0800] {dagbag.py:532} INFO - Filling up the DagBag from /home/mirukulla/.local/lib/python3.10/site-packages/airflow/example_dags/example_trigger_controller_dag.py
[2024-01-19T19:45:06.296-0800] {processor.py:753} INFO - DAG(s) dict_keys(['example_trigger_controller_dag']) retrieved from /home/mirukulla/.local/lib/python3.10/site-packages/airflow/example_dags/example_trigger_controller_dag.py
[2024-01-19T19:45:06.319-0800] {logging_mixin.py:137} INFO - [2024-01-19T19:45:06.319-0800] {dag.py:2705} INFO - Sync 1 DAGs
[2024-01-19T19:45:06.340-0800] {logging_mixin.py:137} INFO - [2024-01-19T19:45:06.340-0800] {dag.py:3452} INFO - Setting next_dagrun for example_trigger_controller_dag to 2021-01-01T00:00:00+00:00, run_after=2021-01-01T00:00:00+00:00
[2024-01-19T19:45:06.371-0800] {processor.py:175} INFO - Processing /home/mirukulla/.local/lib/python3.10/site-packages/airflow/example_dags/example_trigger_controller_dag.py took 0.120 seconds
[2024-01-19T19:45:54.490-0800] {processor.py:153} INFO - Started process (PID=11113) to work on /home/mirukulla/.local/lib/python3.10/site-packages/airflow/example_dags/example_trigger_controller_dag.py
[2024-01-19T19:45:54.512-0800] {processor.py:743} INFO - Processing file /home/mirukulla/.local/lib/python3.10/site-packages/airflow/example_dags/example_trigger_controller_dag.py for tasks to queue
[2024-01-19T19:45:54.513-0800] {logging_mixin.py:137} INFO - [2024-01-19T19:45:54.512-0800] {dagbag.py:532} INFO - Filling up the DagBag from /home/mirukulla/.local/lib/python3.10/site-packages/airflow/example_dags/example_trigger_controller_dag.py
[2024-01-19T19:45:54.534-0800] {processor.py:753} INFO - DAG(s) dict_keys(['example_trigger_controller_dag']) retrieved from /home/mirukulla/.local/lib/python3.10/site-packages/airflow/example_dags/example_trigger_controller_dag.py
[2024-01-19T19:45:54.566-0800] {logging_mixin.py:137} INFO - [2024-01-19T19:45:54.566-0800] {dag.py:2705} INFO - Sync 1 DAGs
[2024-01-19T19:45:54.601-0800] {logging_mixin.py:137} INFO - [2024-01-19T19:45:54.601-0800] {dag.py:3452} INFO - Setting next_dagrun for example_trigger_controller_dag to 2021-01-01T00:00:00+00:00, run_after=2021-01-01T00:00:00+00:00
[2024-01-19T19:45:54.644-0800] {processor.py:175} INFO - Processing /home/mirukulla/.local/lib/python3.10/site-packages/airflow/example_dags/example_trigger_controller_dag.py took 0.161 seconds
[2024-01-19T19:46:40.981-0800] {processor.py:153} INFO - Started process (PID=11155) to work on /home/mirukulla/.local/lib/python3.10/site-packages/airflow/example_dags/example_trigger_controller_dag.py
[2024-01-19T19:46:41.007-0800] {processor.py:743} INFO - Processing file /home/mirukulla/.local/lib/python3.10/site-packages/airflow/example_dags/example_trigger_controller_dag.py for tasks to queue
[2024-01-19T19:46:41.009-0800] {logging_mixin.py:137} INFO - [2024-01-19T19:46:41.008-0800] {dagbag.py:532} INFO - Filling up the DagBag from /home/mirukulla/.local/lib/python3.10/site-packages/airflow/example_dags/example_trigger_controller_dag.py
[2024-01-19T19:46:41.034-0800] {processor.py:753} INFO - DAG(s) dict_keys(['example_trigger_controller_dag']) retrieved from /home/mirukulla/.local/lib/python3.10/site-packages/airflow/example_dags/example_trigger_controller_dag.py
[2024-01-19T19:46:41.070-0800] {logging_mixin.py:137} INFO - [2024-01-19T19:46:41.069-0800] {dag.py:2705} INFO - Sync 1 DAGs
[2024-01-19T19:46:41.106-0800] {logging_mixin.py:137} INFO - [2024-01-19T19:46:41.106-0800] {dag.py:3452} INFO - Setting next_dagrun for example_trigger_controller_dag to 2021-01-01T00:00:00+00:00, run_after=2021-01-01T00:00:00+00:00
[2024-01-19T19:46:41.155-0800] {processor.py:175} INFO - Processing /home/mirukulla/.local/lib/python3.10/site-packages/airflow/example_dags/example_trigger_controller_dag.py took 0.181 seconds
[2024-01-19T19:47:29.814-0800] {processor.py:153} INFO - Started process (PID=11201) to work on /home/mirukulla/.local/lib/python3.10/site-packages/airflow/example_dags/example_trigger_controller_dag.py
[2024-01-19T19:47:29.817-0800] {processor.py:743} INFO - Processing file /home/mirukulla/.local/lib/python3.10/site-packages/airflow/example_dags/example_trigger_controller_dag.py for tasks to queue
[2024-01-19T19:47:29.821-0800] {logging_mixin.py:137} INFO - [2024-01-19T19:47:29.820-0800] {dagbag.py:532} INFO - Filling up the DagBag from /home/mirukulla/.local/lib/python3.10/site-packages/airflow/example_dags/example_trigger_controller_dag.py
[2024-01-19T19:47:29.844-0800] {processor.py:753} INFO - DAG(s) dict_keys(['example_trigger_controller_dag']) retrieved from /home/mirukulla/.local/lib/python3.10/site-packages/airflow/example_dags/example_trigger_controller_dag.py
[2024-01-19T19:47:29.873-0800] {logging_mixin.py:137} INFO - [2024-01-19T19:47:29.873-0800] {dag.py:2705} INFO - Sync 1 DAGs
[2024-01-19T19:47:29.908-0800] {logging_mixin.py:137} INFO - [2024-01-19T19:47:29.908-0800] {dag.py:3452} INFO - Setting next_dagrun for example_trigger_controller_dag to 2021-01-01T00:00:00+00:00, run_after=2021-01-01T00:00:00+00:00
[2024-01-19T19:47:29.956-0800] {processor.py:175} INFO - Processing /home/mirukulla/.local/lib/python3.10/site-packages/airflow/example_dags/example_trigger_controller_dag.py took 0.147 seconds
[2024-01-19T19:48:20.869-0800] {processor.py:153} INFO - Started process (PID=11244) to work on /home/mirukulla/.local/lib/python3.10/site-packages/airflow/example_dags/example_trigger_controller_dag.py
[2024-01-19T19:48:20.874-0800] {processor.py:743} INFO - Processing file /home/mirukulla/.local/lib/python3.10/site-packages/airflow/example_dags/example_trigger_controller_dag.py for tasks to queue
[2024-01-19T19:48:20.876-0800] {logging_mixin.py:137} INFO - [2024-01-19T19:48:20.876-0800] {dagbag.py:532} INFO - Filling up the DagBag from /home/mirukulla/.local/lib/python3.10/site-packages/airflow/example_dags/example_trigger_controller_dag.py
[2024-01-19T19:48:20.914-0800] {processor.py:753} INFO - DAG(s) dict_keys(['example_trigger_controller_dag']) retrieved from /home/mirukulla/.local/lib/python3.10/site-packages/airflow/example_dags/example_trigger_controller_dag.py
[2024-01-19T19:48:20.972-0800] {logging_mixin.py:137} INFO - [2024-01-19T19:48:20.972-0800] {dag.py:2705} INFO - Sync 1 DAGs
[2024-01-19T19:48:21.036-0800] {logging_mixin.py:137} INFO - [2024-01-19T19:48:21.036-0800] {dag.py:3452} INFO - Setting next_dagrun for example_trigger_controller_dag to 2021-01-01T00:00:00+00:00, run_after=2021-01-01T00:00:00+00:00
[2024-01-19T19:48:21.099-0800] {processor.py:175} INFO - Processing /home/mirukulla/.local/lib/python3.10/site-packages/airflow/example_dags/example_trigger_controller_dag.py took 0.243 seconds
