[2024-01-19T19:37:53.678-0800] {processor.py:153} INFO - Started process (PID=10647) to work on /home/mirukulla/.local/lib/python3.10/site-packages/airflow/example_dags/example_kubernetes_executor.py
[2024-01-19T19:37:53.679-0800] {processor.py:743} INFO - Processing file /home/mirukulla/.local/lib/python3.10/site-packages/airflow/example_dags/example_kubernetes_executor.py for tasks to queue
[2024-01-19T19:37:53.680-0800] {logging_mixin.py:137} INFO - [2024-01-19T19:37:53.680-0800] {dagbag.py:532} INFO - Filling up the DagBag from /home/mirukulla/.local/lib/python3.10/site-packages/airflow/example_dags/example_kubernetes_executor.py
[2024-01-19T19:37:53.702-0800] {logging_mixin.py:137} INFO - [2024-01-19T19:37:53.702-0800] {example_kubernetes_executor.py:41} WARNING - The example_kubernetes_executor example DAG requires the kubernetes provider. Please install it with: pip install apache-airflow[cncf.kubernetes]
[2024-01-19T19:37:53.702-0800] {processor.py:755} WARNING - No viable dags retrieved from /home/mirukulla/.local/lib/python3.10/site-packages/airflow/example_dags/example_kubernetes_executor.py
[2024-01-19T19:37:53.715-0800] {processor.py:175} INFO - Processing /home/mirukulla/.local/lib/python3.10/site-packages/airflow/example_dags/example_kubernetes_executor.py took 0.043 seconds
[2024-01-19T19:38:38.512-0800] {processor.py:153} INFO - Started process (PID=10713) to work on /home/mirukulla/.local/lib/python3.10/site-packages/airflow/example_dags/example_kubernetes_executor.py
[2024-01-19T19:38:38.534-0800] {processor.py:743} INFO - Processing file /home/mirukulla/.local/lib/python3.10/site-packages/airflow/example_dags/example_kubernetes_executor.py for tasks to queue
[2024-01-19T19:38:38.535-0800] {logging_mixin.py:137} INFO - [2024-01-19T19:38:38.535-0800] {dagbag.py:532} INFO - Filling up the DagBag from /home/mirukulla/.local/lib/python3.10/site-packages/airflow/example_dags/example_kubernetes_executor.py
[2024-01-19T19:38:38.555-0800] {logging_mixin.py:137} INFO - [2024-01-19T19:38:38.555-0800] {example_kubernetes_executor.py:41} WARNING - The example_kubernetes_executor example DAG requires the kubernetes provider. Please install it with: pip install apache-airflow[cncf.kubernetes]
[2024-01-19T19:38:38.556-0800] {processor.py:755} WARNING - No viable dags retrieved from /home/mirukulla/.local/lib/python3.10/site-packages/airflow/example_dags/example_kubernetes_executor.py
[2024-01-19T19:38:38.567-0800] {processor.py:175} INFO - Processing /home/mirukulla/.local/lib/python3.10/site-packages/airflow/example_dags/example_kubernetes_executor.py took 0.060 seconds
[2024-01-19T19:39:24.505-0800] {processor.py:153} INFO - Started process (PID=10764) to work on /home/mirukulla/.local/lib/python3.10/site-packages/airflow/example_dags/example_kubernetes_executor.py
[2024-01-19T19:39:24.528-0800] {processor.py:743} INFO - Processing file /home/mirukulla/.local/lib/python3.10/site-packages/airflow/example_dags/example_kubernetes_executor.py for tasks to queue
[2024-01-19T19:39:24.530-0800] {logging_mixin.py:137} INFO - [2024-01-19T19:39:24.529-0800] {dagbag.py:532} INFO - Filling up the DagBag from /home/mirukulla/.local/lib/python3.10/site-packages/airflow/example_dags/example_kubernetes_executor.py
[2024-01-19T19:39:24.549-0800] {logging_mixin.py:137} INFO - [2024-01-19T19:39:24.549-0800] {example_kubernetes_executor.py:41} WARNING - The example_kubernetes_executor example DAG requires the kubernetes provider. Please install it with: pip install apache-airflow[cncf.kubernetes]
[2024-01-19T19:39:24.549-0800] {processor.py:755} WARNING - No viable dags retrieved from /home/mirukulla/.local/lib/python3.10/site-packages/airflow/example_dags/example_kubernetes_executor.py
[2024-01-19T19:39:24.557-0800] {processor.py:175} INFO - Processing /home/mirukulla/.local/lib/python3.10/site-packages/airflow/example_dags/example_kubernetes_executor.py took 0.055 seconds
[2024-01-19T19:40:12.199-0800] {processor.py:153} INFO - Started process (PID=10822) to work on /home/mirukulla/.local/lib/python3.10/site-packages/airflow/example_dags/example_kubernetes_executor.py
[2024-01-19T19:40:12.201-0800] {processor.py:743} INFO - Processing file /home/mirukulla/.local/lib/python3.10/site-packages/airflow/example_dags/example_kubernetes_executor.py for tasks to queue
[2024-01-19T19:40:12.202-0800] {logging_mixin.py:137} INFO - [2024-01-19T19:40:12.202-0800] {dagbag.py:532} INFO - Filling up the DagBag from /home/mirukulla/.local/lib/python3.10/site-packages/airflow/example_dags/example_kubernetes_executor.py
[2024-01-19T19:40:12.223-0800] {logging_mixin.py:137} INFO - [2024-01-19T19:40:12.223-0800] {example_kubernetes_executor.py:41} WARNING - The example_kubernetes_executor example DAG requires the kubernetes provider. Please install it with: pip install apache-airflow[cncf.kubernetes]
[2024-01-19T19:40:12.224-0800] {processor.py:755} WARNING - No viable dags retrieved from /home/mirukulla/.local/lib/python3.10/site-packages/airflow/example_dags/example_kubernetes_executor.py
[2024-01-19T19:40:12.234-0800] {processor.py:175} INFO - Processing /home/mirukulla/.local/lib/python3.10/site-packages/airflow/example_dags/example_kubernetes_executor.py took 0.040 seconds
[2024-01-19T19:41:00.092-0800] {processor.py:153} INFO - Started process (PID=10866) to work on /home/mirukulla/.local/lib/python3.10/site-packages/airflow/example_dags/example_kubernetes_executor.py
[2024-01-19T19:41:00.094-0800] {processor.py:743} INFO - Processing file /home/mirukulla/.local/lib/python3.10/site-packages/airflow/example_dags/example_kubernetes_executor.py for tasks to queue
[2024-01-19T19:41:00.095-0800] {logging_mixin.py:137} INFO - [2024-01-19T19:41:00.095-0800] {dagbag.py:532} INFO - Filling up the DagBag from /home/mirukulla/.local/lib/python3.10/site-packages/airflow/example_dags/example_kubernetes_executor.py
[2024-01-19T19:41:00.123-0800] {logging_mixin.py:137} INFO - [2024-01-19T19:41:00.123-0800] {example_kubernetes_executor.py:41} WARNING - The example_kubernetes_executor example DAG requires the kubernetes provider. Please install it with: pip install apache-airflow[cncf.kubernetes]
[2024-01-19T19:41:00.123-0800] {processor.py:755} WARNING - No viable dags retrieved from /home/mirukulla/.local/lib/python3.10/site-packages/airflow/example_dags/example_kubernetes_executor.py
[2024-01-19T19:41:00.142-0800] {processor.py:175} INFO - Processing /home/mirukulla/.local/lib/python3.10/site-packages/airflow/example_dags/example_kubernetes_executor.py took 0.053 seconds
[2024-01-19T19:41:56.739-0800] {processor.py:153} INFO - Started process (PID=10915) to work on /home/mirukulla/.local/lib/python3.10/site-packages/airflow/example_dags/example_kubernetes_executor.py
[2024-01-19T19:41:56.763-0800] {processor.py:743} INFO - Processing file /home/mirukulla/.local/lib/python3.10/site-packages/airflow/example_dags/example_kubernetes_executor.py for tasks to queue
[2024-01-19T19:41:56.764-0800] {logging_mixin.py:137} INFO - [2024-01-19T19:41:56.764-0800] {dagbag.py:532} INFO - Filling up the DagBag from /home/mirukulla/.local/lib/python3.10/site-packages/airflow/example_dags/example_kubernetes_executor.py
[2024-01-19T19:41:56.796-0800] {logging_mixin.py:137} INFO - [2024-01-19T19:41:56.796-0800] {example_kubernetes_executor.py:41} WARNING - The example_kubernetes_executor example DAG requires the kubernetes provider. Please install it with: pip install apache-airflow[cncf.kubernetes]
[2024-01-19T19:41:56.797-0800] {processor.py:755} WARNING - No viable dags retrieved from /home/mirukulla/.local/lib/python3.10/site-packages/airflow/example_dags/example_kubernetes_executor.py
[2024-01-19T19:41:56.812-0800] {processor.py:175} INFO - Processing /home/mirukulla/.local/lib/python3.10/site-packages/airflow/example_dags/example_kubernetes_executor.py took 0.078 seconds
[2024-01-19T19:42:48.209-0800] {processor.py:153} INFO - Started process (PID=10957) to work on /home/mirukulla/.local/lib/python3.10/site-packages/airflow/example_dags/example_kubernetes_executor.py
[2024-01-19T19:42:48.238-0800] {processor.py:743} INFO - Processing file /home/mirukulla/.local/lib/python3.10/site-packages/airflow/example_dags/example_kubernetes_executor.py for tasks to queue
[2024-01-19T19:42:48.241-0800] {logging_mixin.py:137} INFO - [2024-01-19T19:42:48.241-0800] {dagbag.py:532} INFO - Filling up the DagBag from /home/mirukulla/.local/lib/python3.10/site-packages/airflow/example_dags/example_kubernetes_executor.py
[2024-01-19T19:42:48.273-0800] {logging_mixin.py:137} INFO - [2024-01-19T19:42:48.272-0800] {example_kubernetes_executor.py:41} WARNING - The example_kubernetes_executor example DAG requires the kubernetes provider. Please install it with: pip install apache-airflow[cncf.kubernetes]
[2024-01-19T19:42:48.273-0800] {processor.py:755} WARNING - No viable dags retrieved from /home/mirukulla/.local/lib/python3.10/site-packages/airflow/example_dags/example_kubernetes_executor.py
[2024-01-19T19:42:48.292-0800] {processor.py:175} INFO - Processing /home/mirukulla/.local/lib/python3.10/site-packages/airflow/example_dags/example_kubernetes_executor.py took 0.090 seconds
[2024-01-19T19:43:50.689-0800] {processor.py:153} INFO - Started process (PID=11009) to work on /home/mirukulla/.local/lib/python3.10/site-packages/airflow/example_dags/example_kubernetes_executor.py
[2024-01-19T19:43:50.690-0800] {processor.py:743} INFO - Processing file /home/mirukulla/.local/lib/python3.10/site-packages/airflow/example_dags/example_kubernetes_executor.py for tasks to queue
[2024-01-19T19:43:50.691-0800] {logging_mixin.py:137} INFO - [2024-01-19T19:43:50.691-0800] {dagbag.py:532} INFO - Filling up the DagBag from /home/mirukulla/.local/lib/python3.10/site-packages/airflow/example_dags/example_kubernetes_executor.py
[2024-01-19T19:43:50.711-0800] {logging_mixin.py:137} INFO - [2024-01-19T19:43:50.711-0800] {example_kubernetes_executor.py:41} WARNING - The example_kubernetes_executor example DAG requires the kubernetes provider. Please install it with: pip install apache-airflow[cncf.kubernetes]
[2024-01-19T19:43:50.711-0800] {processor.py:755} WARNING - No viable dags retrieved from /home/mirukulla/.local/lib/python3.10/site-packages/airflow/example_dags/example_kubernetes_executor.py
[2024-01-19T19:43:50.720-0800] {processor.py:175} INFO - Processing /home/mirukulla/.local/lib/python3.10/site-packages/airflow/example_dags/example_kubernetes_executor.py took 0.034 seconds
[2024-01-19T19:44:45.561-0800] {processor.py:153} INFO - Started process (PID=11060) to work on /home/mirukulla/.local/lib/python3.10/site-packages/airflow/example_dags/example_kubernetes_executor.py
[2024-01-19T19:44:45.588-0800] {processor.py:743} INFO - Processing file /home/mirukulla/.local/lib/python3.10/site-packages/airflow/example_dags/example_kubernetes_executor.py for tasks to queue
[2024-01-19T19:44:45.590-0800] {logging_mixin.py:137} INFO - [2024-01-19T19:44:45.589-0800] {dagbag.py:532} INFO - Filling up the DagBag from /home/mirukulla/.local/lib/python3.10/site-packages/airflow/example_dags/example_kubernetes_executor.py
[2024-01-19T19:44:45.613-0800] {logging_mixin.py:137} INFO - [2024-01-19T19:44:45.613-0800] {example_kubernetes_executor.py:41} WARNING - The example_kubernetes_executor example DAG requires the kubernetes provider. Please install it with: pip install apache-airflow[cncf.kubernetes]
[2024-01-19T19:44:45.613-0800] {processor.py:755} WARNING - No viable dags retrieved from /home/mirukulla/.local/lib/python3.10/site-packages/airflow/example_dags/example_kubernetes_executor.py
[2024-01-19T19:44:45.627-0800] {processor.py:175} INFO - Processing /home/mirukulla/.local/lib/python3.10/site-packages/airflow/example_dags/example_kubernetes_executor.py took 0.069 seconds
[2024-01-19T19:45:41.377-0800] {processor.py:153} INFO - Started process (PID=11103) to work on /home/mirukulla/.local/lib/python3.10/site-packages/airflow/example_dags/example_kubernetes_executor.py
[2024-01-19T19:45:41.381-0800] {processor.py:743} INFO - Processing file /home/mirukulla/.local/lib/python3.10/site-packages/airflow/example_dags/example_kubernetes_executor.py for tasks to queue
[2024-01-19T19:45:41.384-0800] {logging_mixin.py:137} INFO - [2024-01-19T19:45:41.383-0800] {dagbag.py:532} INFO - Filling up the DagBag from /home/mirukulla/.local/lib/python3.10/site-packages/airflow/example_dags/example_kubernetes_executor.py
[2024-01-19T19:45:41.425-0800] {logging_mixin.py:137} INFO - [2024-01-19T19:45:41.425-0800] {example_kubernetes_executor.py:41} WARNING - The example_kubernetes_executor example DAG requires the kubernetes provider. Please install it with: pip install apache-airflow[cncf.kubernetes]
[2024-01-19T19:45:41.426-0800] {processor.py:755} WARNING - No viable dags retrieved from /home/mirukulla/.local/lib/python3.10/site-packages/airflow/example_dags/example_kubernetes_executor.py
[2024-01-19T19:45:41.451-0800] {processor.py:175} INFO - Processing /home/mirukulla/.local/lib/python3.10/site-packages/airflow/example_dags/example_kubernetes_executor.py took 0.084 seconds
[2024-01-19T19:46:28.386-0800] {processor.py:153} INFO - Started process (PID=11144) to work on /home/mirukulla/.local/lib/python3.10/site-packages/airflow/example_dags/example_kubernetes_executor.py
[2024-01-19T19:46:28.389-0800] {processor.py:743} INFO - Processing file /home/mirukulla/.local/lib/python3.10/site-packages/airflow/example_dags/example_kubernetes_executor.py for tasks to queue
[2024-01-19T19:46:28.390-0800] {logging_mixin.py:137} INFO - [2024-01-19T19:46:28.390-0800] {dagbag.py:532} INFO - Filling up the DagBag from /home/mirukulla/.local/lib/python3.10/site-packages/airflow/example_dags/example_kubernetes_executor.py
[2024-01-19T19:46:28.409-0800] {logging_mixin.py:137} INFO - [2024-01-19T19:46:28.409-0800] {example_kubernetes_executor.py:41} WARNING - The example_kubernetes_executor example DAG requires the kubernetes provider. Please install it with: pip install apache-airflow[cncf.kubernetes]
[2024-01-19T19:46:28.409-0800] {processor.py:755} WARNING - No viable dags retrieved from /home/mirukulla/.local/lib/python3.10/site-packages/airflow/example_dags/example_kubernetes_executor.py
[2024-01-19T19:46:28.419-0800] {processor.py:175} INFO - Processing /home/mirukulla/.local/lib/python3.10/site-packages/airflow/example_dags/example_kubernetes_executor.py took 0.039 seconds
[2024-01-19T19:47:16.964-0800] {processor.py:153} INFO - Started process (PID=11189) to work on /home/mirukulla/.local/lib/python3.10/site-packages/airflow/example_dags/example_kubernetes_executor.py
[2024-01-19T19:47:16.990-0800] {processor.py:743} INFO - Processing file /home/mirukulla/.local/lib/python3.10/site-packages/airflow/example_dags/example_kubernetes_executor.py for tasks to queue
[2024-01-19T19:47:16.991-0800] {logging_mixin.py:137} INFO - [2024-01-19T19:47:16.991-0800] {dagbag.py:532} INFO - Filling up the DagBag from /home/mirukulla/.local/lib/python3.10/site-packages/airflow/example_dags/example_kubernetes_executor.py
[2024-01-19T19:47:17.012-0800] {logging_mixin.py:137} INFO - [2024-01-19T19:47:17.012-0800] {example_kubernetes_executor.py:41} WARNING - The example_kubernetes_executor example DAG requires the kubernetes provider. Please install it with: pip install apache-airflow[cncf.kubernetes]
[2024-01-19T19:47:17.013-0800] {processor.py:755} WARNING - No viable dags retrieved from /home/mirukulla/.local/lib/python3.10/site-packages/airflow/example_dags/example_kubernetes_executor.py
[2024-01-19T19:47:17.021-0800] {processor.py:175} INFO - Processing /home/mirukulla/.local/lib/python3.10/site-packages/airflow/example_dags/example_kubernetes_executor.py took 0.060 seconds
[2024-01-19T19:48:02.620-0800] {processor.py:153} INFO - Started process (PID=11231) to work on /home/mirukulla/.local/lib/python3.10/site-packages/airflow/example_dags/example_kubernetes_executor.py
[2024-01-19T19:48:02.648-0800] {processor.py:743} INFO - Processing file /home/mirukulla/.local/lib/python3.10/site-packages/airflow/example_dags/example_kubernetes_executor.py for tasks to queue
[2024-01-19T19:48:02.651-0800] {logging_mixin.py:137} INFO - [2024-01-19T19:48:02.650-0800] {dagbag.py:532} INFO - Filling up the DagBag from /home/mirukulla/.local/lib/python3.10/site-packages/airflow/example_dags/example_kubernetes_executor.py
[2024-01-19T19:48:02.712-0800] {logging_mixin.py:137} INFO - [2024-01-19T19:48:02.712-0800] {example_kubernetes_executor.py:41} WARNING - The example_kubernetes_executor example DAG requires the kubernetes provider. Please install it with: pip install apache-airflow[cncf.kubernetes]
[2024-01-19T19:48:02.713-0800] {processor.py:755} WARNING - No viable dags retrieved from /home/mirukulla/.local/lib/python3.10/site-packages/airflow/example_dags/example_kubernetes_executor.py
[2024-01-19T19:48:02.758-0800] {processor.py:175} INFO - Processing /home/mirukulla/.local/lib/python3.10/site-packages/airflow/example_dags/example_kubernetes_executor.py took 0.166 seconds
