[2024-01-19T19:38:08.412-0800] {processor.py:153} INFO - Started process (PID=10675) to work on /home/mirukulla/.local/lib/python3.10/site-packages/airflow/example_dags/example_dynamic_task_mapping.py
[2024-01-19T19:38:08.413-0800] {processor.py:743} INFO - Processing file /home/mirukulla/.local/lib/python3.10/site-packages/airflow/example_dags/example_dynamic_task_mapping.py for tasks to queue
[2024-01-19T19:38:08.414-0800] {logging_mixin.py:137} INFO - [2024-01-19T19:38:08.414-0800] {dagbag.py:532} INFO - Filling up the DagBag from /home/mirukulla/.local/lib/python3.10/site-packages/airflow/example_dags/example_dynamic_task_mapping.py
[2024-01-19T19:38:08.441-0800] {processor.py:753} INFO - DAG(s) dict_keys(['example_dynamic_task_mapping']) retrieved from /home/mirukulla/.local/lib/python3.10/site-packages/airflow/example_dags/example_dynamic_task_mapping.py
[2024-01-19T19:38:08.550-0800] {logging_mixin.py:137} INFO - [2024-01-19T19:38:08.549-0800] {manager.py:504} INFO - Created Permission View: can delete on DAG:example_dynamic_task_mapping
[2024-01-19T19:38:08.569-0800] {logging_mixin.py:137} INFO - [2024-01-19T19:38:08.569-0800] {manager.py:504} INFO - Created Permission View: can edit on DAG:example_dynamic_task_mapping
[2024-01-19T19:38:08.588-0800] {logging_mixin.py:137} INFO - [2024-01-19T19:38:08.588-0800] {manager.py:504} INFO - Created Permission View: can read on DAG:example_dynamic_task_mapping
[2024-01-19T19:38:08.588-0800] {logging_mixin.py:137} INFO - [2024-01-19T19:38:08.588-0800] {dag.py:2705} INFO - Sync 1 DAGs
[2024-01-19T19:38:08.599-0800] {logging_mixin.py:137} INFO - [2024-01-19T19:38:08.599-0800] {dag.py:2726} INFO - Creating ORM DAG for example_dynamic_task_mapping
[2024-01-19T19:38:08.606-0800] {logging_mixin.py:137} INFO - [2024-01-19T19:38:08.606-0800] {dag.py:3452} INFO - Setting next_dagrun for example_dynamic_task_mapping to 2022-03-04T00:00:00+00:00, run_after=2022-03-05T00:00:00+00:00
[2024-01-19T19:38:08.650-0800] {processor.py:175} INFO - Processing /home/mirukulla/.local/lib/python3.10/site-packages/airflow/example_dags/example_dynamic_task_mapping.py took 0.243 seconds
[2024-01-19T19:38:53.538-0800] {processor.py:153} INFO - Started process (PID=10726) to work on /home/mirukulla/.local/lib/python3.10/site-packages/airflow/example_dags/example_dynamic_task_mapping.py
[2024-01-19T19:38:53.541-0800] {processor.py:743} INFO - Processing file /home/mirukulla/.local/lib/python3.10/site-packages/airflow/example_dags/example_dynamic_task_mapping.py for tasks to queue
[2024-01-19T19:38:53.542-0800] {logging_mixin.py:137} INFO - [2024-01-19T19:38:53.541-0800] {dagbag.py:532} INFO - Filling up the DagBag from /home/mirukulla/.local/lib/python3.10/site-packages/airflow/example_dags/example_dynamic_task_mapping.py
[2024-01-19T19:38:53.568-0800] {processor.py:753} INFO - DAG(s) dict_keys(['example_dynamic_task_mapping']) retrieved from /home/mirukulla/.local/lib/python3.10/site-packages/airflow/example_dags/example_dynamic_task_mapping.py
[2024-01-19T19:38:53.584-0800] {logging_mixin.py:137} INFO - [2024-01-19T19:38:53.583-0800] {dag.py:2705} INFO - Sync 1 DAGs
[2024-01-19T19:38:53.598-0800] {logging_mixin.py:137} INFO - [2024-01-19T19:38:53.598-0800] {dag.py:3452} INFO - Setting next_dagrun for example_dynamic_task_mapping to 2022-03-04T00:00:00+00:00, run_after=2022-03-05T00:00:00+00:00
[2024-01-19T19:38:53.625-0800] {processor.py:175} INFO - Processing /home/mirukulla/.local/lib/python3.10/site-packages/airflow/example_dags/example_dynamic_task_mapping.py took 0.091 seconds
[2024-01-19T19:39:37.953-0800] {processor.py:153} INFO - Started process (PID=10786) to work on /home/mirukulla/.local/lib/python3.10/site-packages/airflow/example_dags/example_dynamic_task_mapping.py
[2024-01-19T19:39:37.957-0800] {processor.py:743} INFO - Processing file /home/mirukulla/.local/lib/python3.10/site-packages/airflow/example_dags/example_dynamic_task_mapping.py for tasks to queue
[2024-01-19T19:39:37.965-0800] {logging_mixin.py:137} INFO - [2024-01-19T19:39:37.965-0800] {dagbag.py:532} INFO - Filling up the DagBag from /home/mirukulla/.local/lib/python3.10/site-packages/airflow/example_dags/example_dynamic_task_mapping.py
[2024-01-19T19:39:38.023-0800] {processor.py:753} INFO - DAG(s) dict_keys(['example_dynamic_task_mapping']) retrieved from /home/mirukulla/.local/lib/python3.10/site-packages/airflow/example_dags/example_dynamic_task_mapping.py
[2024-01-19T19:39:38.101-0800] {logging_mixin.py:137} INFO - [2024-01-19T19:39:38.101-0800] {dag.py:2705} INFO - Sync 1 DAGs
[2024-01-19T19:39:38.141-0800] {logging_mixin.py:137} INFO - [2024-01-19T19:39:38.141-0800] {dag.py:3452} INFO - Setting next_dagrun for example_dynamic_task_mapping to 2022-03-04T00:00:00+00:00, run_after=2022-03-05T00:00:00+00:00
[2024-01-19T19:39:38.191-0800] {processor.py:175} INFO - Processing /home/mirukulla/.local/lib/python3.10/site-packages/airflow/example_dags/example_dynamic_task_mapping.py took 0.271 seconds
[2024-01-19T19:40:30.306-0800] {processor.py:153} INFO - Started process (PID=10839) to work on /home/mirukulla/.local/lib/python3.10/site-packages/airflow/example_dags/example_dynamic_task_mapping.py
[2024-01-19T19:40:30.309-0800] {processor.py:743} INFO - Processing file /home/mirukulla/.local/lib/python3.10/site-packages/airflow/example_dags/example_dynamic_task_mapping.py for tasks to queue
[2024-01-19T19:40:30.309-0800] {logging_mixin.py:137} INFO - [2024-01-19T19:40:30.309-0800] {dagbag.py:532} INFO - Filling up the DagBag from /home/mirukulla/.local/lib/python3.10/site-packages/airflow/example_dags/example_dynamic_task_mapping.py
[2024-01-19T19:40:30.335-0800] {processor.py:753} INFO - DAG(s) dict_keys(['example_dynamic_task_mapping']) retrieved from /home/mirukulla/.local/lib/python3.10/site-packages/airflow/example_dags/example_dynamic_task_mapping.py
[2024-01-19T19:40:30.352-0800] {logging_mixin.py:137} INFO - [2024-01-19T19:40:30.352-0800] {dag.py:2705} INFO - Sync 1 DAGs
[2024-01-19T19:40:30.376-0800] {logging_mixin.py:137} INFO - [2024-01-19T19:40:30.376-0800] {dag.py:3452} INFO - Setting next_dagrun for example_dynamic_task_mapping to 2022-03-04T00:00:00+00:00, run_after=2022-03-05T00:00:00+00:00
[2024-01-19T19:40:30.408-0800] {processor.py:175} INFO - Processing /home/mirukulla/.local/lib/python3.10/site-packages/airflow/example_dags/example_dynamic_task_mapping.py took 0.107 seconds
[2024-01-19T19:41:22.708-0800] {processor.py:153} INFO - Started process (PID=10885) to work on /home/mirukulla/.local/lib/python3.10/site-packages/airflow/example_dags/example_dynamic_task_mapping.py
[2024-01-19T19:41:22.710-0800] {processor.py:743} INFO - Processing file /home/mirukulla/.local/lib/python3.10/site-packages/airflow/example_dags/example_dynamic_task_mapping.py for tasks to queue
[2024-01-19T19:41:22.710-0800] {logging_mixin.py:137} INFO - [2024-01-19T19:41:22.710-0800] {dagbag.py:532} INFO - Filling up the DagBag from /home/mirukulla/.local/lib/python3.10/site-packages/airflow/example_dags/example_dynamic_task_mapping.py
[2024-01-19T19:41:22.815-0800] {processor.py:753} INFO - DAG(s) dict_keys(['example_dynamic_task_mapping']) retrieved from /home/mirukulla/.local/lib/python3.10/site-packages/airflow/example_dags/example_dynamic_task_mapping.py
[2024-01-19T19:41:22.870-0800] {logging_mixin.py:137} INFO - [2024-01-19T19:41:22.869-0800] {dag.py:2705} INFO - Sync 1 DAGs
[2024-01-19T19:41:22.924-0800] {logging_mixin.py:137} INFO - [2024-01-19T19:41:22.924-0800] {dag.py:3452} INFO - Setting next_dagrun for example_dynamic_task_mapping to 2022-03-04T00:00:00+00:00, run_after=2022-03-05T00:00:00+00:00
[2024-01-19T19:41:22.965-0800] {processor.py:175} INFO - Processing /home/mirukulla/.local/lib/python3.10/site-packages/airflow/example_dags/example_dynamic_task_mapping.py took 0.262 seconds
[2024-01-19T19:42:20.680-0800] {processor.py:153} INFO - Started process (PID=10935) to work on /home/mirukulla/.local/lib/python3.10/site-packages/airflow/example_dags/example_dynamic_task_mapping.py
[2024-01-19T19:42:20.683-0800] {processor.py:743} INFO - Processing file /home/mirukulla/.local/lib/python3.10/site-packages/airflow/example_dags/example_dynamic_task_mapping.py for tasks to queue
[2024-01-19T19:42:20.684-0800] {logging_mixin.py:137} INFO - [2024-01-19T19:42:20.684-0800] {dagbag.py:532} INFO - Filling up the DagBag from /home/mirukulla/.local/lib/python3.10/site-packages/airflow/example_dags/example_dynamic_task_mapping.py
[2024-01-19T19:42:20.718-0800] {processor.py:753} INFO - DAG(s) dict_keys(['example_dynamic_task_mapping']) retrieved from /home/mirukulla/.local/lib/python3.10/site-packages/airflow/example_dags/example_dynamic_task_mapping.py
[2024-01-19T19:42:20.744-0800] {logging_mixin.py:137} INFO - [2024-01-19T19:42:20.744-0800] {dag.py:2705} INFO - Sync 1 DAGs
[2024-01-19T19:42:20.774-0800] {logging_mixin.py:137} INFO - [2024-01-19T19:42:20.774-0800] {dag.py:3452} INFO - Setting next_dagrun for example_dynamic_task_mapping to 2022-03-04T00:00:00+00:00, run_after=2022-03-05T00:00:00+00:00
[2024-01-19T19:42:20.814-0800] {processor.py:175} INFO - Processing /home/mirukulla/.local/lib/python3.10/site-packages/airflow/example_dags/example_dynamic_task_mapping.py took 0.138 seconds
[2024-01-19T19:43:22.520-0800] {processor.py:153} INFO - Started process (PID=10986) to work on /home/mirukulla/.local/lib/python3.10/site-packages/airflow/example_dags/example_dynamic_task_mapping.py
[2024-01-19T19:43:22.522-0800] {processor.py:743} INFO - Processing file /home/mirukulla/.local/lib/python3.10/site-packages/airflow/example_dags/example_dynamic_task_mapping.py for tasks to queue
[2024-01-19T19:43:22.523-0800] {logging_mixin.py:137} INFO - [2024-01-19T19:43:22.522-0800] {dagbag.py:532} INFO - Filling up the DagBag from /home/mirukulla/.local/lib/python3.10/site-packages/airflow/example_dags/example_dynamic_task_mapping.py
[2024-01-19T19:43:22.550-0800] {processor.py:753} INFO - DAG(s) dict_keys(['example_dynamic_task_mapping']) retrieved from /home/mirukulla/.local/lib/python3.10/site-packages/airflow/example_dags/example_dynamic_task_mapping.py
[2024-01-19T19:43:22.571-0800] {logging_mixin.py:137} INFO - [2024-01-19T19:43:22.570-0800] {dag.py:2705} INFO - Sync 1 DAGs
[2024-01-19T19:43:22.596-0800] {logging_mixin.py:137} INFO - [2024-01-19T19:43:22.595-0800] {dag.py:3452} INFO - Setting next_dagrun for example_dynamic_task_mapping to 2022-03-04T00:00:00+00:00, run_after=2022-03-05T00:00:00+00:00
[2024-01-19T19:43:22.628-0800] {processor.py:175} INFO - Processing /home/mirukulla/.local/lib/python3.10/site-packages/airflow/example_dags/example_dynamic_task_mapping.py took 0.115 seconds
[2024-01-19T19:44:28.012-0800] {processor.py:153} INFO - Started process (PID=11043) to work on /home/mirukulla/.local/lib/python3.10/site-packages/airflow/example_dags/example_dynamic_task_mapping.py
[2024-01-19T19:44:28.040-0800] {processor.py:743} INFO - Processing file /home/mirukulla/.local/lib/python3.10/site-packages/airflow/example_dags/example_dynamic_task_mapping.py for tasks to queue
[2024-01-19T19:44:28.041-0800] {logging_mixin.py:137} INFO - [2024-01-19T19:44:28.041-0800] {dagbag.py:532} INFO - Filling up the DagBag from /home/mirukulla/.local/lib/python3.10/site-packages/airflow/example_dags/example_dynamic_task_mapping.py
[2024-01-19T19:44:28.100-0800] {processor.py:753} INFO - DAG(s) dict_keys(['example_dynamic_task_mapping']) retrieved from /home/mirukulla/.local/lib/python3.10/site-packages/airflow/example_dags/example_dynamic_task_mapping.py
[2024-01-19T19:44:28.138-0800] {logging_mixin.py:137} INFO - [2024-01-19T19:44:28.138-0800] {dag.py:2705} INFO - Sync 1 DAGs
[2024-01-19T19:44:28.170-0800] {logging_mixin.py:137} INFO - [2024-01-19T19:44:28.169-0800] {dag.py:3452} INFO - Setting next_dagrun for example_dynamic_task_mapping to 2022-03-04T00:00:00+00:00, run_after=2022-03-05T00:00:00+00:00
[2024-01-19T19:44:28.205-0800] {processor.py:175} INFO - Processing /home/mirukulla/.local/lib/python3.10/site-packages/airflow/example_dags/example_dynamic_task_mapping.py took 0.201 seconds
[2024-01-19T19:45:12.700-0800] {processor.py:153} INFO - Started process (PID=11085) to work on /home/mirukulla/.local/lib/python3.10/site-packages/airflow/example_dags/example_dynamic_task_mapping.py
[2024-01-19T19:45:12.737-0800] {processor.py:743} INFO - Processing file /home/mirukulla/.local/lib/python3.10/site-packages/airflow/example_dags/example_dynamic_task_mapping.py for tasks to queue
[2024-01-19T19:45:12.738-0800] {logging_mixin.py:137} INFO - [2024-01-19T19:45:12.737-0800] {dagbag.py:532} INFO - Filling up the DagBag from /home/mirukulla/.local/lib/python3.10/site-packages/airflow/example_dags/example_dynamic_task_mapping.py
[2024-01-19T19:45:12.772-0800] {processor.py:753} INFO - DAG(s) dict_keys(['example_dynamic_task_mapping']) retrieved from /home/mirukulla/.local/lib/python3.10/site-packages/airflow/example_dags/example_dynamic_task_mapping.py
[2024-01-19T19:45:12.796-0800] {logging_mixin.py:137} INFO - [2024-01-19T19:45:12.795-0800] {dag.py:2705} INFO - Sync 1 DAGs
[2024-01-19T19:45:12.823-0800] {logging_mixin.py:137} INFO - [2024-01-19T19:45:12.822-0800] {dag.py:3452} INFO - Setting next_dagrun for example_dynamic_task_mapping to 2022-03-04T00:00:00+00:00, run_after=2022-03-05T00:00:00+00:00
[2024-01-19T19:45:12.852-0800] {processor.py:175} INFO - Processing /home/mirukulla/.local/lib/python3.10/site-packages/airflow/example_dags/example_dynamic_task_mapping.py took 0.157 seconds
[2024-01-19T19:46:12.606-0800] {processor.py:153} INFO - Started process (PID=11129) to work on /home/mirukulla/.local/lib/python3.10/site-packages/airflow/example_dags/example_dynamic_task_mapping.py
[2024-01-19T19:46:12.611-0800] {processor.py:743} INFO - Processing file /home/mirukulla/.local/lib/python3.10/site-packages/airflow/example_dags/example_dynamic_task_mapping.py for tasks to queue
[2024-01-19T19:46:12.612-0800] {logging_mixin.py:137} INFO - [2024-01-19T19:46:12.612-0800] {dagbag.py:532} INFO - Filling up the DagBag from /home/mirukulla/.local/lib/python3.10/site-packages/airflow/example_dags/example_dynamic_task_mapping.py
[2024-01-19T19:46:12.675-0800] {processor.py:753} INFO - DAG(s) dict_keys(['example_dynamic_task_mapping']) retrieved from /home/mirukulla/.local/lib/python3.10/site-packages/airflow/example_dags/example_dynamic_task_mapping.py
[2024-01-19T19:46:12.698-0800] {logging_mixin.py:137} INFO - [2024-01-19T19:46:12.698-0800] {dag.py:2705} INFO - Sync 1 DAGs
[2024-01-19T19:46:12.725-0800] {logging_mixin.py:137} INFO - [2024-01-19T19:46:12.725-0800] {dag.py:3452} INFO - Setting next_dagrun for example_dynamic_task_mapping to 2022-03-04T00:00:00+00:00, run_after=2022-03-05T00:00:00+00:00
[2024-01-19T19:46:12.770-0800] {processor.py:175} INFO - Processing /home/mirukulla/.local/lib/python3.10/site-packages/airflow/example_dags/example_dynamic_task_mapping.py took 0.169 seconds
[2024-01-19T19:47:02.454-0800] {processor.py:153} INFO - Started process (PID=11175) to work on /home/mirukulla/.local/lib/python3.10/site-packages/airflow/example_dags/example_dynamic_task_mapping.py
[2024-01-19T19:47:02.456-0800] {processor.py:743} INFO - Processing file /home/mirukulla/.local/lib/python3.10/site-packages/airflow/example_dags/example_dynamic_task_mapping.py for tasks to queue
[2024-01-19T19:47:02.457-0800] {logging_mixin.py:137} INFO - [2024-01-19T19:47:02.456-0800] {dagbag.py:532} INFO - Filling up the DagBag from /home/mirukulla/.local/lib/python3.10/site-packages/airflow/example_dags/example_dynamic_task_mapping.py
[2024-01-19T19:47:02.490-0800] {processor.py:753} INFO - DAG(s) dict_keys(['example_dynamic_task_mapping']) retrieved from /home/mirukulla/.local/lib/python3.10/site-packages/airflow/example_dags/example_dynamic_task_mapping.py
[2024-01-19T19:47:02.541-0800] {logging_mixin.py:137} INFO - [2024-01-19T19:47:02.541-0800] {dag.py:2705} INFO - Sync 1 DAGs
[2024-01-19T19:47:02.642-0800] {logging_mixin.py:137} INFO - [2024-01-19T19:47:02.642-0800] {dag.py:3452} INFO - Setting next_dagrun for example_dynamic_task_mapping to 2022-03-04T00:00:00+00:00, run_after=2022-03-05T00:00:00+00:00
[2024-01-19T19:47:02.698-0800] {processor.py:175} INFO - Processing /home/mirukulla/.local/lib/python3.10/site-packages/airflow/example_dags/example_dynamic_task_mapping.py took 0.249 seconds
[2024-01-19T19:47:49.178-0800] {processor.py:153} INFO - Started process (PID=11219) to work on /home/mirukulla/.local/lib/python3.10/site-packages/airflow/example_dags/example_dynamic_task_mapping.py
[2024-01-19T19:47:49.204-0800] {processor.py:743} INFO - Processing file /home/mirukulla/.local/lib/python3.10/site-packages/airflow/example_dags/example_dynamic_task_mapping.py for tasks to queue
[2024-01-19T19:47:49.205-0800] {logging_mixin.py:137} INFO - [2024-01-19T19:47:49.205-0800] {dagbag.py:532} INFO - Filling up the DagBag from /home/mirukulla/.local/lib/python3.10/site-packages/airflow/example_dags/example_dynamic_task_mapping.py
[2024-01-19T19:47:49.232-0800] {processor.py:753} INFO - DAG(s) dict_keys(['example_dynamic_task_mapping']) retrieved from /home/mirukulla/.local/lib/python3.10/site-packages/airflow/example_dags/example_dynamic_task_mapping.py
[2024-01-19T19:47:49.254-0800] {logging_mixin.py:137} INFO - [2024-01-19T19:47:49.254-0800] {dag.py:2705} INFO - Sync 1 DAGs
[2024-01-19T19:47:49.275-0800] {logging_mixin.py:137} INFO - [2024-01-19T19:47:49.275-0800] {dag.py:3452} INFO - Setting next_dagrun for example_dynamic_task_mapping to 2022-03-04T00:00:00+00:00, run_after=2022-03-05T00:00:00+00:00
[2024-01-19T19:47:49.307-0800] {processor.py:175} INFO - Processing /home/mirukulla/.local/lib/python3.10/site-packages/airflow/example_dags/example_dynamic_task_mapping.py took 0.134 seconds
