[2024-01-19T19:37:41.555-0800] {processor.py:153} INFO - Started process (PID=10636) to work on /home/mirukulla/.local/lib/python3.10/site-packages/airflow/example_dags/tutorial_dag.py
[2024-01-19T19:37:41.556-0800] {processor.py:743} INFO - Processing file /home/mirukulla/.local/lib/python3.10/site-packages/airflow/example_dags/tutorial_dag.py for tasks to queue
[2024-01-19T19:37:41.557-0800] {logging_mixin.py:137} INFO - [2024-01-19T19:37:41.557-0800] {dagbag.py:532} INFO - Filling up the DagBag from /home/mirukulla/.local/lib/python3.10/site-packages/airflow/example_dags/tutorial_dag.py
[2024-01-19T19:37:41.570-0800] {processor.py:753} INFO - DAG(s) dict_keys(['tutorial_dag']) retrieved from /home/mirukulla/.local/lib/python3.10/site-packages/airflow/example_dags/tutorial_dag.py
[2024-01-19T19:37:41.687-0800] {logging_mixin.py:137} INFO - [2024-01-19T19:37:41.686-0800] {manager.py:504} INFO - Created Permission View: can delete on DAG:tutorial_dag
[2024-01-19T19:37:41.710-0800] {logging_mixin.py:137} INFO - [2024-01-19T19:37:41.710-0800] {manager.py:504} INFO - Created Permission View: can edit on DAG:tutorial_dag
[2024-01-19T19:37:41.729-0800] {logging_mixin.py:137} INFO - [2024-01-19T19:37:41.729-0800] {manager.py:504} INFO - Created Permission View: can read on DAG:tutorial_dag
[2024-01-19T19:37:41.730-0800] {logging_mixin.py:137} INFO - [2024-01-19T19:37:41.730-0800] {dag.py:2705} INFO - Sync 1 DAGs
[2024-01-19T19:37:41.743-0800] {logging_mixin.py:137} INFO - [2024-01-19T19:37:41.743-0800] {dag.py:2726} INFO - Creating ORM DAG for tutorial_dag
[2024-01-19T19:37:41.752-0800] {logging_mixin.py:137} INFO - [2024-01-19T19:37:41.752-0800] {dag.py:3452} INFO - Setting next_dagrun for tutorial_dag to None, run_after=None
[2024-01-19T19:37:41.788-0800] {processor.py:175} INFO - Processing /home/mirukulla/.local/lib/python3.10/site-packages/airflow/example_dags/tutorial_dag.py took 0.239 seconds
[2024-01-19T19:38:27.590-0800] {processor.py:153} INFO - Started process (PID=10702) to work on /home/mirukulla/.local/lib/python3.10/site-packages/airflow/example_dags/tutorial_dag.py
[2024-01-19T19:38:27.592-0800] {processor.py:743} INFO - Processing file /home/mirukulla/.local/lib/python3.10/site-packages/airflow/example_dags/tutorial_dag.py for tasks to queue
[2024-01-19T19:38:27.593-0800] {logging_mixin.py:137} INFO - [2024-01-19T19:38:27.593-0800] {dagbag.py:532} INFO - Filling up the DagBag from /home/mirukulla/.local/lib/python3.10/site-packages/airflow/example_dags/tutorial_dag.py
[2024-01-19T19:38:27.612-0800] {processor.py:753} INFO - DAG(s) dict_keys(['tutorial_dag']) retrieved from /home/mirukulla/.local/lib/python3.10/site-packages/airflow/example_dags/tutorial_dag.py
[2024-01-19T19:38:27.630-0800] {logging_mixin.py:137} INFO - [2024-01-19T19:38:27.630-0800] {dag.py:2705} INFO - Sync 1 DAGs
[2024-01-19T19:38:27.647-0800] {logging_mixin.py:137} INFO - [2024-01-19T19:38:27.647-0800] {dag.py:3452} INFO - Setting next_dagrun for tutorial_dag to None, run_after=None
[2024-01-19T19:38:27.675-0800] {processor.py:175} INFO - Processing /home/mirukulla/.local/lib/python3.10/site-packages/airflow/example_dags/tutorial_dag.py took 0.089 seconds
[2024-01-19T19:39:12.793-0800] {processor.py:153} INFO - Started process (PID=10753) to work on /home/mirukulla/.local/lib/python3.10/site-packages/airflow/example_dags/tutorial_dag.py
[2024-01-19T19:39:12.828-0800] {processor.py:743} INFO - Processing file /home/mirukulla/.local/lib/python3.10/site-packages/airflow/example_dags/tutorial_dag.py for tasks to queue
[2024-01-19T19:39:12.830-0800] {logging_mixin.py:137} INFO - [2024-01-19T19:39:12.829-0800] {dagbag.py:532} INFO - Filling up the DagBag from /home/mirukulla/.local/lib/python3.10/site-packages/airflow/example_dags/tutorial_dag.py
[2024-01-19T19:39:12.847-0800] {processor.py:753} INFO - DAG(s) dict_keys(['tutorial_dag']) retrieved from /home/mirukulla/.local/lib/python3.10/site-packages/airflow/example_dags/tutorial_dag.py
[2024-01-19T19:39:12.870-0800] {logging_mixin.py:137} INFO - [2024-01-19T19:39:12.869-0800] {dag.py:2705} INFO - Sync 1 DAGs
[2024-01-19T19:39:12.888-0800] {logging_mixin.py:137} INFO - [2024-01-19T19:39:12.887-0800] {dag.py:3452} INFO - Setting next_dagrun for tutorial_dag to None, run_after=None
[2024-01-19T19:39:12.918-0800] {processor.py:175} INFO - Processing /home/mirukulla/.local/lib/python3.10/site-packages/airflow/example_dags/tutorial_dag.py took 0.129 seconds
[2024-01-19T19:39:58.504-0800] {processor.py:153} INFO - Started process (PID=10810) to work on /home/mirukulla/.local/lib/python3.10/site-packages/airflow/example_dags/tutorial_dag.py
[2024-01-19T19:39:58.527-0800] {processor.py:743} INFO - Processing file /home/mirukulla/.local/lib/python3.10/site-packages/airflow/example_dags/tutorial_dag.py for tasks to queue
[2024-01-19T19:39:58.528-0800] {logging_mixin.py:137} INFO - [2024-01-19T19:39:58.528-0800] {dagbag.py:532} INFO - Filling up the DagBag from /home/mirukulla/.local/lib/python3.10/site-packages/airflow/example_dags/tutorial_dag.py
[2024-01-19T19:39:58.540-0800] {processor.py:753} INFO - DAG(s) dict_keys(['tutorial_dag']) retrieved from /home/mirukulla/.local/lib/python3.10/site-packages/airflow/example_dags/tutorial_dag.py
[2024-01-19T19:39:58.556-0800] {logging_mixin.py:137} INFO - [2024-01-19T19:39:58.556-0800] {dag.py:2705} INFO - Sync 1 DAGs
[2024-01-19T19:39:58.572-0800] {logging_mixin.py:137} INFO - [2024-01-19T19:39:58.572-0800] {dag.py:3452} INFO - Setting next_dagrun for tutorial_dag to None, run_after=None
[2024-01-19T19:39:58.600-0800] {processor.py:175} INFO - Processing /home/mirukulla/.local/lib/python3.10/site-packages/airflow/example_dags/tutorial_dag.py took 0.098 seconds
[2024-01-19T19:40:45.391-0800] {processor.py:153} INFO - Started process (PID=10853) to work on /home/mirukulla/.local/lib/python3.10/site-packages/airflow/example_dags/tutorial_dag.py
[2024-01-19T19:40:45.393-0800] {processor.py:743} INFO - Processing file /home/mirukulla/.local/lib/python3.10/site-packages/airflow/example_dags/tutorial_dag.py for tasks to queue
[2024-01-19T19:40:45.394-0800] {logging_mixin.py:137} INFO - [2024-01-19T19:40:45.393-0800] {dagbag.py:532} INFO - Filling up the DagBag from /home/mirukulla/.local/lib/python3.10/site-packages/airflow/example_dags/tutorial_dag.py
[2024-01-19T19:40:45.407-0800] {processor.py:753} INFO - DAG(s) dict_keys(['tutorial_dag']) retrieved from /home/mirukulla/.local/lib/python3.10/site-packages/airflow/example_dags/tutorial_dag.py
[2024-01-19T19:40:45.423-0800] {logging_mixin.py:137} INFO - [2024-01-19T19:40:45.423-0800] {dag.py:2705} INFO - Sync 1 DAGs
[2024-01-19T19:40:45.438-0800] {logging_mixin.py:137} INFO - [2024-01-19T19:40:45.438-0800] {dag.py:3452} INFO - Setting next_dagrun for tutorial_dag to None, run_after=None
[2024-01-19T19:40:45.466-0800] {processor.py:175} INFO - Processing /home/mirukulla/.local/lib/python3.10/site-packages/airflow/example_dags/tutorial_dag.py took 0.080 seconds
[2024-01-19T19:41:35.820-0800] {processor.py:153} INFO - Started process (PID=10897) to work on /home/mirukulla/.local/lib/python3.10/site-packages/airflow/example_dags/tutorial_dag.py
[2024-01-19T19:41:35.822-0800] {processor.py:743} INFO - Processing file /home/mirukulla/.local/lib/python3.10/site-packages/airflow/example_dags/tutorial_dag.py for tasks to queue
[2024-01-19T19:41:35.823-0800] {logging_mixin.py:137} INFO - [2024-01-19T19:41:35.823-0800] {dagbag.py:532} INFO - Filling up the DagBag from /home/mirukulla/.local/lib/python3.10/site-packages/airflow/example_dags/tutorial_dag.py
[2024-01-19T19:41:35.847-0800] {processor.py:753} INFO - DAG(s) dict_keys(['tutorial_dag']) retrieved from /home/mirukulla/.local/lib/python3.10/site-packages/airflow/example_dags/tutorial_dag.py
[2024-01-19T19:41:35.880-0800] {logging_mixin.py:137} INFO - [2024-01-19T19:41:35.880-0800] {dag.py:2705} INFO - Sync 1 DAGs
[2024-01-19T19:41:35.909-0800] {logging_mixin.py:137} INFO - [2024-01-19T19:41:35.908-0800] {dag.py:3452} INFO - Setting next_dagrun for tutorial_dag to None, run_after=None
[2024-01-19T19:41:35.954-0800] {processor.py:175} INFO - Processing /home/mirukulla/.local/lib/python3.10/site-packages/airflow/example_dags/tutorial_dag.py took 0.139 seconds
[2024-01-19T19:42:14.488-0800] {processor.py:153} INFO - Started process (PID=10930) to work on /home/mirukulla/.local/lib/python3.10/site-packages/airflow/example_dags/tutorial_dag.py
[2024-01-19T19:42:14.491-0800] {processor.py:743} INFO - Processing file /home/mirukulla/.local/lib/python3.10/site-packages/airflow/example_dags/tutorial_dag.py for tasks to queue
[2024-01-19T19:42:14.493-0800] {logging_mixin.py:137} INFO - [2024-01-19T19:42:14.493-0800] {dagbag.py:532} INFO - Filling up the DagBag from /home/mirukulla/.local/lib/python3.10/site-packages/airflow/example_dags/tutorial_dag.py
[2024-01-19T19:42:14.525-0800] {processor.py:753} INFO - DAG(s) dict_keys(['tutorial_dag']) retrieved from /home/mirukulla/.local/lib/python3.10/site-packages/airflow/example_dags/tutorial_dag.py
[2024-01-19T19:42:14.569-0800] {logging_mixin.py:137} INFO - [2024-01-19T19:42:14.569-0800] {dag.py:2705} INFO - Sync 1 DAGs
[2024-01-19T19:42:14.618-0800] {logging_mixin.py:137} INFO - [2024-01-19T19:42:14.618-0800] {dag.py:3452} INFO - Setting next_dagrun for tutorial_dag to None, run_after=None
[2024-01-19T19:42:14.677-0800] {processor.py:175} INFO - Processing /home/mirukulla/.local/lib/python3.10/site-packages/airflow/example_dags/tutorial_dag.py took 0.197 seconds
[2024-01-19T19:42:57.293-0800] {processor.py:153} INFO - Started process (PID=10964) to work on /home/mirukulla/.local/lib/python3.10/site-packages/airflow/example_dags/tutorial_dag.py
[2024-01-19T19:42:57.297-0800] {processor.py:743} INFO - Processing file /home/mirukulla/.local/lib/python3.10/site-packages/airflow/example_dags/tutorial_dag.py for tasks to queue
[2024-01-19T19:42:57.299-0800] {logging_mixin.py:137} INFO - [2024-01-19T19:42:57.299-0800] {dagbag.py:532} INFO - Filling up the DagBag from /home/mirukulla/.local/lib/python3.10/site-packages/airflow/example_dags/tutorial_dag.py
[2024-01-19T19:42:57.340-0800] {processor.py:753} INFO - DAG(s) dict_keys(['tutorial_dag']) retrieved from /home/mirukulla/.local/lib/python3.10/site-packages/airflow/example_dags/tutorial_dag.py
[2024-01-19T19:42:57.409-0800] {logging_mixin.py:137} INFO - [2024-01-19T19:42:57.408-0800] {dag.py:2705} INFO - Sync 1 DAGs
[2024-01-19T19:42:57.481-0800] {logging_mixin.py:137} INFO - [2024-01-19T19:42:57.480-0800] {dag.py:3452} INFO - Setting next_dagrun for tutorial_dag to None, run_after=None
[2024-01-19T19:42:57.540-0800] {processor.py:175} INFO - Processing /home/mirukulla/.local/lib/python3.10/site-packages/airflow/example_dags/tutorial_dag.py took 0.256 seconds
[2024-01-19T19:43:35.996-0800] {processor.py:153} INFO - Started process (PID=10998) to work on /home/mirukulla/.local/lib/python3.10/site-packages/airflow/example_dags/tutorial_dag.py
[2024-01-19T19:43:36.026-0800] {processor.py:743} INFO - Processing file /home/mirukulla/.local/lib/python3.10/site-packages/airflow/example_dags/tutorial_dag.py for tasks to queue
[2024-01-19T19:43:36.027-0800] {logging_mixin.py:137} INFO - [2024-01-19T19:43:36.027-0800] {dagbag.py:532} INFO - Filling up the DagBag from /home/mirukulla/.local/lib/python3.10/site-packages/airflow/example_dags/tutorial_dag.py
[2024-01-19T19:43:36.049-0800] {processor.py:753} INFO - DAG(s) dict_keys(['tutorial_dag']) retrieved from /home/mirukulla/.local/lib/python3.10/site-packages/airflow/example_dags/tutorial_dag.py
[2024-01-19T19:43:36.074-0800] {logging_mixin.py:137} INFO - [2024-01-19T19:43:36.073-0800] {dag.py:2705} INFO - Sync 1 DAGs
[2024-01-19T19:43:36.094-0800] {logging_mixin.py:137} INFO - [2024-01-19T19:43:36.094-0800] {dag.py:3452} INFO - Setting next_dagrun for tutorial_dag to None, run_after=None
[2024-01-19T19:43:36.126-0800] {processor.py:175} INFO - Processing /home/mirukulla/.local/lib/python3.10/site-packages/airflow/example_dags/tutorial_dag.py took 0.134 seconds
[2024-01-19T19:44:20.404-0800] {processor.py:153} INFO - Started process (PID=11036) to work on /home/mirukulla/.local/lib/python3.10/site-packages/airflow/example_dags/tutorial_dag.py
[2024-01-19T19:44:20.440-0800] {processor.py:743} INFO - Processing file /home/mirukulla/.local/lib/python3.10/site-packages/airflow/example_dags/tutorial_dag.py for tasks to queue
[2024-01-19T19:44:20.442-0800] {logging_mixin.py:137} INFO - [2024-01-19T19:44:20.442-0800] {dagbag.py:532} INFO - Filling up the DagBag from /home/mirukulla/.local/lib/python3.10/site-packages/airflow/example_dags/tutorial_dag.py
[2024-01-19T19:44:20.462-0800] {processor.py:753} INFO - DAG(s) dict_keys(['tutorial_dag']) retrieved from /home/mirukulla/.local/lib/python3.10/site-packages/airflow/example_dags/tutorial_dag.py
[2024-01-19T19:44:20.492-0800] {logging_mixin.py:137} INFO - [2024-01-19T19:44:20.492-0800] {dag.py:2705} INFO - Sync 1 DAGs
[2024-01-19T19:44:20.524-0800] {logging_mixin.py:137} INFO - [2024-01-19T19:44:20.524-0800] {dag.py:3452} INFO - Setting next_dagrun for tutorial_dag to None, run_after=None
[2024-01-19T19:44:20.558-0800] {processor.py:175} INFO - Processing /home/mirukulla/.local/lib/python3.10/site-packages/airflow/example_dags/tutorial_dag.py took 0.158 seconds
[2024-01-19T19:45:05.256-0800] {processor.py:153} INFO - Started process (PID=11078) to work on /home/mirukulla/.local/lib/python3.10/site-packages/airflow/example_dags/tutorial_dag.py
[2024-01-19T19:45:05.258-0800] {processor.py:743} INFO - Processing file /home/mirukulla/.local/lib/python3.10/site-packages/airflow/example_dags/tutorial_dag.py for tasks to queue
[2024-01-19T19:45:05.259-0800] {logging_mixin.py:137} INFO - [2024-01-19T19:45:05.259-0800] {dagbag.py:532} INFO - Filling up the DagBag from /home/mirukulla/.local/lib/python3.10/site-packages/airflow/example_dags/tutorial_dag.py
[2024-01-19T19:45:05.275-0800] {processor.py:753} INFO - DAG(s) dict_keys(['tutorial_dag']) retrieved from /home/mirukulla/.local/lib/python3.10/site-packages/airflow/example_dags/tutorial_dag.py
[2024-01-19T19:45:05.299-0800] {logging_mixin.py:137} INFO - [2024-01-19T19:45:05.299-0800] {dag.py:2705} INFO - Sync 1 DAGs
[2024-01-19T19:45:05.323-0800] {logging_mixin.py:137} INFO - [2024-01-19T19:45:05.323-0800] {dag.py:3452} INFO - Setting next_dagrun for tutorial_dag to None, run_after=None
[2024-01-19T19:45:05.354-0800] {processor.py:175} INFO - Processing /home/mirukulla/.local/lib/python3.10/site-packages/airflow/example_dags/tutorial_dag.py took 0.101 seconds
[2024-01-19T19:45:53.737-0800] {processor.py:153} INFO - Started process (PID=11112) to work on /home/mirukulla/.local/lib/python3.10/site-packages/airflow/example_dags/tutorial_dag.py
[2024-01-19T19:45:53.760-0800] {processor.py:743} INFO - Processing file /home/mirukulla/.local/lib/python3.10/site-packages/airflow/example_dags/tutorial_dag.py for tasks to queue
[2024-01-19T19:45:53.761-0800] {logging_mixin.py:137} INFO - [2024-01-19T19:45:53.761-0800] {dagbag.py:532} INFO - Filling up the DagBag from /home/mirukulla/.local/lib/python3.10/site-packages/airflow/example_dags/tutorial_dag.py
[2024-01-19T19:45:53.787-0800] {processor.py:753} INFO - DAG(s) dict_keys(['tutorial_dag']) retrieved from /home/mirukulla/.local/lib/python3.10/site-packages/airflow/example_dags/tutorial_dag.py
[2024-01-19T19:45:53.822-0800] {logging_mixin.py:137} INFO - [2024-01-19T19:45:53.821-0800] {dag.py:2705} INFO - Sync 1 DAGs
[2024-01-19T19:45:53.860-0800] {logging_mixin.py:137} INFO - [2024-01-19T19:45:53.860-0800] {dag.py:3452} INFO - Setting next_dagrun for tutorial_dag to None, run_after=None
[2024-01-19T19:45:53.908-0800] {processor.py:175} INFO - Processing /home/mirukulla/.local/lib/python3.10/site-packages/airflow/example_dags/tutorial_dag.py took 0.177 seconds
[2024-01-19T19:46:40.321-0800] {processor.py:153} INFO - Started process (PID=11154) to work on /home/mirukulla/.local/lib/python3.10/site-packages/airflow/example_dags/tutorial_dag.py
[2024-01-19T19:46:40.324-0800] {processor.py:743} INFO - Processing file /home/mirukulla/.local/lib/python3.10/site-packages/airflow/example_dags/tutorial_dag.py for tasks to queue
[2024-01-19T19:46:40.327-0800] {logging_mixin.py:137} INFO - [2024-01-19T19:46:40.326-0800] {dagbag.py:532} INFO - Filling up the DagBag from /home/mirukulla/.local/lib/python3.10/site-packages/airflow/example_dags/tutorial_dag.py
[2024-01-19T19:46:40.364-0800] {processor.py:753} INFO - DAG(s) dict_keys(['tutorial_dag']) retrieved from /home/mirukulla/.local/lib/python3.10/site-packages/airflow/example_dags/tutorial_dag.py
[2024-01-19T19:46:40.419-0800] {logging_mixin.py:137} INFO - [2024-01-19T19:46:40.419-0800] {dag.py:2705} INFO - Sync 1 DAGs
[2024-01-19T19:46:40.461-0800] {logging_mixin.py:137} INFO - [2024-01-19T19:46:40.461-0800] {dag.py:3452} INFO - Setting next_dagrun for tutorial_dag to None, run_after=None
[2024-01-19T19:46:40.510-0800] {processor.py:175} INFO - Processing /home/mirukulla/.local/lib/python3.10/site-packages/airflow/example_dags/tutorial_dag.py took 0.199 seconds
[2024-01-19T19:47:28.550-0800] {processor.py:153} INFO - Started process (PID=11200) to work on /home/mirukulla/.local/lib/python3.10/site-packages/airflow/example_dags/tutorial_dag.py
[2024-01-19T19:47:28.554-0800] {processor.py:743} INFO - Processing file /home/mirukulla/.local/lib/python3.10/site-packages/airflow/example_dags/tutorial_dag.py for tasks to queue
[2024-01-19T19:47:28.556-0800] {logging_mixin.py:137} INFO - [2024-01-19T19:47:28.556-0800] {dagbag.py:532} INFO - Filling up the DagBag from /home/mirukulla/.local/lib/python3.10/site-packages/airflow/example_dags/tutorial_dag.py
[2024-01-19T19:47:28.573-0800] {processor.py:753} INFO - DAG(s) dict_keys(['tutorial_dag']) retrieved from /home/mirukulla/.local/lib/python3.10/site-packages/airflow/example_dags/tutorial_dag.py
[2024-01-19T19:47:28.594-0800] {logging_mixin.py:137} INFO - [2024-01-19T19:47:28.593-0800] {dag.py:2705} INFO - Sync 1 DAGs
[2024-01-19T19:47:28.615-0800] {logging_mixin.py:137} INFO - [2024-01-19T19:47:28.615-0800] {dag.py:3452} INFO - Setting next_dagrun for tutorial_dag to None, run_after=None
[2024-01-19T19:47:28.646-0800] {processor.py:175} INFO - Processing /home/mirukulla/.local/lib/python3.10/site-packages/airflow/example_dags/tutorial_dag.py took 0.099 seconds
[2024-01-19T19:48:19.027-0800] {processor.py:153} INFO - Started process (PID=11243) to work on /home/mirukulla/.local/lib/python3.10/site-packages/airflow/example_dags/tutorial_dag.py
[2024-01-19T19:48:19.034-0800] {processor.py:743} INFO - Processing file /home/mirukulla/.local/lib/python3.10/site-packages/airflow/example_dags/tutorial_dag.py for tasks to queue
[2024-01-19T19:48:19.037-0800] {logging_mixin.py:137} INFO - [2024-01-19T19:48:19.036-0800] {dagbag.py:532} INFO - Filling up the DagBag from /home/mirukulla/.local/lib/python3.10/site-packages/airflow/example_dags/tutorial_dag.py
[2024-01-19T19:48:19.136-0800] {processor.py:753} INFO - DAG(s) dict_keys(['tutorial_dag']) retrieved from /home/mirukulla/.local/lib/python3.10/site-packages/airflow/example_dags/tutorial_dag.py
[2024-01-19T19:48:19.297-0800] {logging_mixin.py:137} INFO - [2024-01-19T19:48:19.296-0800] {dag.py:2705} INFO - Sync 1 DAGs
[2024-01-19T19:48:19.478-0800] {logging_mixin.py:137} INFO - [2024-01-19T19:48:19.478-0800] {dag.py:3452} INFO - Setting next_dagrun for tutorial_dag to None, run_after=None
[2024-01-19T19:48:19.610-0800] {processor.py:175} INFO - Processing /home/mirukulla/.local/lib/python3.10/site-packages/airflow/example_dags/tutorial_dag.py took 0.601 seconds
