[2024-01-19T19:37:28.163-0800] {processor.py:153} INFO - Started process (PID=10625) to work on /home/mirukulla/.local/lib/python3.10/site-packages/airflow/example_dags/tutorial_taskflow_api.py
[2024-01-19T19:37:28.164-0800] {processor.py:743} INFO - Processing file /home/mirukulla/.local/lib/python3.10/site-packages/airflow/example_dags/tutorial_taskflow_api.py for tasks to queue
[2024-01-19T19:37:28.165-0800] {logging_mixin.py:137} INFO - [2024-01-19T19:37:28.165-0800] {dagbag.py:532} INFO - Filling up the DagBag from /home/mirukulla/.local/lib/python3.10/site-packages/airflow/example_dags/tutorial_taskflow_api.py
[2024-01-19T19:37:28.192-0800] {processor.py:753} INFO - DAG(s) dict_keys(['tutorial_taskflow_api']) retrieved from /home/mirukulla/.local/lib/python3.10/site-packages/airflow/example_dags/tutorial_taskflow_api.py
[2024-01-19T19:37:28.309-0800] {logging_mixin.py:137} INFO - [2024-01-19T19:37:28.309-0800] {manager.py:504} INFO - Created Permission View: can delete on DAG:tutorial_taskflow_api
[2024-01-19T19:37:28.329-0800] {logging_mixin.py:137} INFO - [2024-01-19T19:37:28.329-0800] {manager.py:504} INFO - Created Permission View: can edit on DAG:tutorial_taskflow_api
[2024-01-19T19:37:28.348-0800] {logging_mixin.py:137} INFO - [2024-01-19T19:37:28.348-0800] {manager.py:504} INFO - Created Permission View: can read on DAG:tutorial_taskflow_api
[2024-01-19T19:37:28.349-0800] {logging_mixin.py:137} INFO - [2024-01-19T19:37:28.348-0800] {dag.py:2705} INFO - Sync 1 DAGs
[2024-01-19T19:37:28.362-0800] {logging_mixin.py:137} INFO - [2024-01-19T19:37:28.361-0800] {dag.py:2726} INFO - Creating ORM DAG for tutorial_taskflow_api
[2024-01-19T19:37:28.369-0800] {logging_mixin.py:137} INFO - [2024-01-19T19:37:28.368-0800] {dag.py:3452} INFO - Setting next_dagrun for tutorial_taskflow_api to None, run_after=None
[2024-01-19T19:37:28.402-0800] {processor.py:175} INFO - Processing /home/mirukulla/.local/lib/python3.10/site-packages/airflow/example_dags/tutorial_taskflow_api.py took 0.241 seconds
[2024-01-19T19:38:17.468-0800] {processor.py:153} INFO - Started process (PID=10691) to work on /home/mirukulla/.local/lib/python3.10/site-packages/airflow/example_dags/tutorial_taskflow_api.py
[2024-01-19T19:38:17.469-0800] {processor.py:743} INFO - Processing file /home/mirukulla/.local/lib/python3.10/site-packages/airflow/example_dags/tutorial_taskflow_api.py for tasks to queue
[2024-01-19T19:38:17.470-0800] {logging_mixin.py:137} INFO - [2024-01-19T19:38:17.470-0800] {dagbag.py:532} INFO - Filling up the DagBag from /home/mirukulla/.local/lib/python3.10/site-packages/airflow/example_dags/tutorial_taskflow_api.py
[2024-01-19T19:38:17.492-0800] {processor.py:753} INFO - DAG(s) dict_keys(['tutorial_taskflow_api']) retrieved from /home/mirukulla/.local/lib/python3.10/site-packages/airflow/example_dags/tutorial_taskflow_api.py
[2024-01-19T19:38:17.508-0800] {logging_mixin.py:137} INFO - [2024-01-19T19:38:17.508-0800] {dag.py:2705} INFO - Sync 1 DAGs
[2024-01-19T19:38:17.523-0800] {logging_mixin.py:137} INFO - [2024-01-19T19:38:17.523-0800] {dag.py:3452} INFO - Setting next_dagrun for tutorial_taskflow_api to None, run_after=None
[2024-01-19T19:38:17.568-0800] {processor.py:175} INFO - Processing /home/mirukulla/.local/lib/python3.10/site-packages/airflow/example_dags/tutorial_taskflow_api.py took 0.103 seconds
[2024-01-19T19:39:00.334-0800] {processor.py:153} INFO - Started process (PID=10742) to work on /home/mirukulla/.local/lib/python3.10/site-packages/airflow/example_dags/tutorial_taskflow_api.py
[2024-01-19T19:39:00.365-0800] {processor.py:743} INFO - Processing file /home/mirukulla/.local/lib/python3.10/site-packages/airflow/example_dags/tutorial_taskflow_api.py for tasks to queue
[2024-01-19T19:39:00.368-0800] {logging_mixin.py:137} INFO - [2024-01-19T19:39:00.368-0800] {dagbag.py:532} INFO - Filling up the DagBag from /home/mirukulla/.local/lib/python3.10/site-packages/airflow/example_dags/tutorial_taskflow_api.py
[2024-01-19T19:39:00.432-0800] {processor.py:753} INFO - DAG(s) dict_keys(['tutorial_taskflow_api']) retrieved from /home/mirukulla/.local/lib/python3.10/site-packages/airflow/example_dags/tutorial_taskflow_api.py
[2024-01-19T19:39:00.459-0800] {logging_mixin.py:137} INFO - [2024-01-19T19:39:00.459-0800] {dag.py:2705} INFO - Sync 1 DAGs
[2024-01-19T19:39:00.482-0800] {logging_mixin.py:137} INFO - [2024-01-19T19:39:00.482-0800] {dag.py:3452} INFO - Setting next_dagrun for tutorial_taskflow_api to None, run_after=None
[2024-01-19T19:39:00.513-0800] {processor.py:175} INFO - Processing /home/mirukulla/.local/lib/python3.10/site-packages/airflow/example_dags/tutorial_taskflow_api.py took 0.186 seconds
[2024-01-19T19:39:47.655-0800] {processor.py:153} INFO - Started process (PID=10799) to work on /home/mirukulla/.local/lib/python3.10/site-packages/airflow/example_dags/tutorial_taskflow_api.py
[2024-01-19T19:39:47.657-0800] {processor.py:743} INFO - Processing file /home/mirukulla/.local/lib/python3.10/site-packages/airflow/example_dags/tutorial_taskflow_api.py for tasks to queue
[2024-01-19T19:39:47.658-0800] {logging_mixin.py:137} INFO - [2024-01-19T19:39:47.658-0800] {dagbag.py:532} INFO - Filling up the DagBag from /home/mirukulla/.local/lib/python3.10/site-packages/airflow/example_dags/tutorial_taskflow_api.py
[2024-01-19T19:39:47.684-0800] {processor.py:753} INFO - DAG(s) dict_keys(['tutorial_taskflow_api']) retrieved from /home/mirukulla/.local/lib/python3.10/site-packages/airflow/example_dags/tutorial_taskflow_api.py
[2024-01-19T19:39:47.702-0800] {logging_mixin.py:137} INFO - [2024-01-19T19:39:47.702-0800] {dag.py:2705} INFO - Sync 1 DAGs
[2024-01-19T19:39:47.733-0800] {logging_mixin.py:137} INFO - [2024-01-19T19:39:47.732-0800] {dag.py:3452} INFO - Setting next_dagrun for tutorial_taskflow_api to None, run_after=None
[2024-01-19T19:39:47.781-0800] {processor.py:175} INFO - Processing /home/mirukulla/.local/lib/python3.10/site-packages/airflow/example_dags/tutorial_taskflow_api.py took 0.130 seconds
[2024-01-19T19:40:22.628-0800] {processor.py:153} INFO - Started process (PID=10831) to work on /home/mirukulla/.local/lib/python3.10/site-packages/airflow/example_dags/tutorial_taskflow_api.py
[2024-01-19T19:40:22.632-0800] {processor.py:743} INFO - Processing file /home/mirukulla/.local/lib/python3.10/site-packages/airflow/example_dags/tutorial_taskflow_api.py for tasks to queue
[2024-01-19T19:40:22.633-0800] {logging_mixin.py:137} INFO - [2024-01-19T19:40:22.633-0800] {dagbag.py:532} INFO - Filling up the DagBag from /home/mirukulla/.local/lib/python3.10/site-packages/airflow/example_dags/tutorial_taskflow_api.py
[2024-01-19T19:40:22.676-0800] {processor.py:753} INFO - DAG(s) dict_keys(['tutorial_taskflow_api']) retrieved from /home/mirukulla/.local/lib/python3.10/site-packages/airflow/example_dags/tutorial_taskflow_api.py
[2024-01-19T19:40:22.704-0800] {logging_mixin.py:137} INFO - [2024-01-19T19:40:22.703-0800] {dag.py:2705} INFO - Sync 1 DAGs
[2024-01-19T19:40:22.744-0800] {logging_mixin.py:137} INFO - [2024-01-19T19:40:22.744-0800] {dag.py:3452} INFO - Setting next_dagrun for tutorial_taskflow_api to None, run_after=None
[2024-01-19T19:40:22.860-0800] {processor.py:175} INFO - Processing /home/mirukulla/.local/lib/python3.10/site-packages/airflow/example_dags/tutorial_taskflow_api.py took 0.238 seconds
[2024-01-19T19:40:54.730-0800] {processor.py:153} INFO - Started process (PID=10861) to work on /home/mirukulla/.local/lib/python3.10/site-packages/airflow/example_dags/tutorial_taskflow_api.py
[2024-01-19T19:40:54.743-0800] {processor.py:743} INFO - Processing file /home/mirukulla/.local/lib/python3.10/site-packages/airflow/example_dags/tutorial_taskflow_api.py for tasks to queue
[2024-01-19T19:40:54.746-0800] {logging_mixin.py:137} INFO - [2024-01-19T19:40:54.746-0800] {dagbag.py:532} INFO - Filling up the DagBag from /home/mirukulla/.local/lib/python3.10/site-packages/airflow/example_dags/tutorial_taskflow_api.py
[2024-01-19T19:40:54.825-0800] {processor.py:753} INFO - DAG(s) dict_keys(['tutorial_taskflow_api']) retrieved from /home/mirukulla/.local/lib/python3.10/site-packages/airflow/example_dags/tutorial_taskflow_api.py
[2024-01-19T19:40:54.868-0800] {logging_mixin.py:137} INFO - [2024-01-19T19:40:54.868-0800] {dag.py:2705} INFO - Sync 1 DAGs
[2024-01-19T19:40:54.885-0800] {logging_mixin.py:137} INFO - [2024-01-19T19:40:54.885-0800] {dag.py:3452} INFO - Setting next_dagrun for tutorial_taskflow_api to None, run_after=None
[2024-01-19T19:40:54.914-0800] {processor.py:175} INFO - Processing /home/mirukulla/.local/lib/python3.10/site-packages/airflow/example_dags/tutorial_taskflow_api.py took 0.202 seconds
[2024-01-19T19:41:29.921-0800] {processor.py:153} INFO - Started process (PID=10892) to work on /home/mirukulla/.local/lib/python3.10/site-packages/airflow/example_dags/tutorial_taskflow_api.py
[2024-01-19T19:41:29.951-0800] {processor.py:743} INFO - Processing file /home/mirukulla/.local/lib/python3.10/site-packages/airflow/example_dags/tutorial_taskflow_api.py for tasks to queue
[2024-01-19T19:41:29.952-0800] {logging_mixin.py:137} INFO - [2024-01-19T19:41:29.952-0800] {dagbag.py:532} INFO - Filling up the DagBag from /home/mirukulla/.local/lib/python3.10/site-packages/airflow/example_dags/tutorial_taskflow_api.py
[2024-01-19T19:41:29.975-0800] {processor.py:753} INFO - DAG(s) dict_keys(['tutorial_taskflow_api']) retrieved from /home/mirukulla/.local/lib/python3.10/site-packages/airflow/example_dags/tutorial_taskflow_api.py
[2024-01-19T19:41:29.999-0800] {logging_mixin.py:137} INFO - [2024-01-19T19:41:29.998-0800] {dag.py:2705} INFO - Sync 1 DAGs
[2024-01-19T19:41:30.021-0800] {logging_mixin.py:137} INFO - [2024-01-19T19:41:30.020-0800] {dag.py:3452} INFO - Setting next_dagrun for tutorial_taskflow_api to None, run_after=None
[2024-01-19T19:41:30.055-0800] {processor.py:175} INFO - Processing /home/mirukulla/.local/lib/python3.10/site-packages/airflow/example_dags/tutorial_taskflow_api.py took 0.137 seconds
[2024-01-19T19:42:09.902-0800] {processor.py:153} INFO - Started process (PID=10925) to work on /home/mirukulla/.local/lib/python3.10/site-packages/airflow/example_dags/tutorial_taskflow_api.py
[2024-01-19T19:42:09.905-0800] {processor.py:743} INFO - Processing file /home/mirukulla/.local/lib/python3.10/site-packages/airflow/example_dags/tutorial_taskflow_api.py for tasks to queue
[2024-01-19T19:42:09.907-0800] {logging_mixin.py:137} INFO - [2024-01-19T19:42:09.906-0800] {dagbag.py:532} INFO - Filling up the DagBag from /home/mirukulla/.local/lib/python3.10/site-packages/airflow/example_dags/tutorial_taskflow_api.py
[2024-01-19T19:42:09.967-0800] {processor.py:753} INFO - DAG(s) dict_keys(['tutorial_taskflow_api']) retrieved from /home/mirukulla/.local/lib/python3.10/site-packages/airflow/example_dags/tutorial_taskflow_api.py
[2024-01-19T19:42:10.018-0800] {logging_mixin.py:137} INFO - [2024-01-19T19:42:10.017-0800] {dag.py:2705} INFO - Sync 1 DAGs
[2024-01-19T19:42:10.076-0800] {logging_mixin.py:137} INFO - [2024-01-19T19:42:10.075-0800] {dag.py:3452} INFO - Setting next_dagrun for tutorial_taskflow_api to None, run_after=None
[2024-01-19T19:42:10.146-0800] {processor.py:175} INFO - Processing /home/mirukulla/.local/lib/python3.10/site-packages/airflow/example_dags/tutorial_taskflow_api.py took 0.253 seconds
[2024-01-19T19:42:50.647-0800] {processor.py:153} INFO - Started process (PID=10959) to work on /home/mirukulla/.local/lib/python3.10/site-packages/airflow/example_dags/tutorial_taskflow_api.py
[2024-01-19T19:42:50.651-0800] {processor.py:743} INFO - Processing file /home/mirukulla/.local/lib/python3.10/site-packages/airflow/example_dags/tutorial_taskflow_api.py for tasks to queue
[2024-01-19T19:42:50.652-0800] {logging_mixin.py:137} INFO - [2024-01-19T19:42:50.652-0800] {dagbag.py:532} INFO - Filling up the DagBag from /home/mirukulla/.local/lib/python3.10/site-packages/airflow/example_dags/tutorial_taskflow_api.py
[2024-01-19T19:42:50.700-0800] {processor.py:753} INFO - DAG(s) dict_keys(['tutorial_taskflow_api']) retrieved from /home/mirukulla/.local/lib/python3.10/site-packages/airflow/example_dags/tutorial_taskflow_api.py
[2024-01-19T19:42:50.740-0800] {logging_mixin.py:137} INFO - [2024-01-19T19:42:50.740-0800] {dag.py:2705} INFO - Sync 1 DAGs
[2024-01-19T19:42:50.775-0800] {logging_mixin.py:137} INFO - [2024-01-19T19:42:50.775-0800] {dag.py:3452} INFO - Setting next_dagrun for tutorial_taskflow_api to None, run_after=None
[2024-01-19T19:42:50.821-0800] {processor.py:175} INFO - Processing /home/mirukulla/.local/lib/python3.10/site-packages/airflow/example_dags/tutorial_taskflow_api.py took 0.180 seconds
[2024-01-19T19:43:30.389-0800] {processor.py:153} INFO - Started process (PID=10993) to work on /home/mirukulla/.local/lib/python3.10/site-packages/airflow/example_dags/tutorial_taskflow_api.py
[2024-01-19T19:43:30.391-0800] {processor.py:743} INFO - Processing file /home/mirukulla/.local/lib/python3.10/site-packages/airflow/example_dags/tutorial_taskflow_api.py for tasks to queue
[2024-01-19T19:43:30.393-0800] {logging_mixin.py:137} INFO - [2024-01-19T19:43:30.392-0800] {dagbag.py:532} INFO - Filling up the DagBag from /home/mirukulla/.local/lib/python3.10/site-packages/airflow/example_dags/tutorial_taskflow_api.py
[2024-01-19T19:43:30.422-0800] {processor.py:753} INFO - DAG(s) dict_keys(['tutorial_taskflow_api']) retrieved from /home/mirukulla/.local/lib/python3.10/site-packages/airflow/example_dags/tutorial_taskflow_api.py
[2024-01-19T19:43:30.449-0800] {logging_mixin.py:137} INFO - [2024-01-19T19:43:30.448-0800] {dag.py:2705} INFO - Sync 1 DAGs
[2024-01-19T19:43:30.478-0800] {logging_mixin.py:137} INFO - [2024-01-19T19:43:30.478-0800] {dag.py:3452} INFO - Setting next_dagrun for tutorial_taskflow_api to None, run_after=None
[2024-01-19T19:43:30.518-0800] {processor.py:175} INFO - Processing /home/mirukulla/.local/lib/python3.10/site-packages/airflow/example_dags/tutorial_taskflow_api.py took 0.133 seconds
[2024-01-19T19:44:16.379-0800] {processor.py:153} INFO - Started process (PID=11031) to work on /home/mirukulla/.local/lib/python3.10/site-packages/airflow/example_dags/tutorial_taskflow_api.py
[2024-01-19T19:44:16.406-0800] {processor.py:743} INFO - Processing file /home/mirukulla/.local/lib/python3.10/site-packages/airflow/example_dags/tutorial_taskflow_api.py for tasks to queue
[2024-01-19T19:44:16.407-0800] {logging_mixin.py:137} INFO - [2024-01-19T19:44:16.407-0800] {dagbag.py:532} INFO - Filling up the DagBag from /home/mirukulla/.local/lib/python3.10/site-packages/airflow/example_dags/tutorial_taskflow_api.py
[2024-01-19T19:44:16.432-0800] {processor.py:753} INFO - DAG(s) dict_keys(['tutorial_taskflow_api']) retrieved from /home/mirukulla/.local/lib/python3.10/site-packages/airflow/example_dags/tutorial_taskflow_api.py
[2024-01-19T19:44:16.454-0800] {logging_mixin.py:137} INFO - [2024-01-19T19:44:16.454-0800] {dag.py:2705} INFO - Sync 1 DAGs
[2024-01-19T19:44:16.509-0800] {logging_mixin.py:137} INFO - [2024-01-19T19:44:16.508-0800] {dag.py:3452} INFO - Setting next_dagrun for tutorial_taskflow_api to None, run_after=None
[2024-01-19T19:44:16.555-0800] {processor.py:175} INFO - Processing /home/mirukulla/.local/lib/python3.10/site-packages/airflow/example_dags/tutorial_taskflow_api.py took 0.179 seconds
[2024-01-19T19:44:49.416-0800] {processor.py:153} INFO - Started process (PID=11064) to work on /home/mirukulla/.local/lib/python3.10/site-packages/airflow/example_dags/tutorial_taskflow_api.py
[2024-01-19T19:44:49.417-0800] {processor.py:743} INFO - Processing file /home/mirukulla/.local/lib/python3.10/site-packages/airflow/example_dags/tutorial_taskflow_api.py for tasks to queue
[2024-01-19T19:44:49.419-0800] {logging_mixin.py:137} INFO - [2024-01-19T19:44:49.419-0800] {dagbag.py:532} INFO - Filling up the DagBag from /home/mirukulla/.local/lib/python3.10/site-packages/airflow/example_dags/tutorial_taskflow_api.py
[2024-01-19T19:44:49.443-0800] {processor.py:753} INFO - DAG(s) dict_keys(['tutorial_taskflow_api']) retrieved from /home/mirukulla/.local/lib/python3.10/site-packages/airflow/example_dags/tutorial_taskflow_api.py
[2024-01-19T19:44:49.463-0800] {logging_mixin.py:137} INFO - [2024-01-19T19:44:49.463-0800] {dag.py:2705} INFO - Sync 1 DAGs
[2024-01-19T19:44:49.482-0800] {logging_mixin.py:137} INFO - [2024-01-19T19:44:49.481-0800] {dag.py:3452} INFO - Setting next_dagrun for tutorial_taskflow_api to None, run_after=None
[2024-01-19T19:44:49.511-0800] {processor.py:175} INFO - Processing /home/mirukulla/.local/lib/python3.10/site-packages/airflow/example_dags/tutorial_taskflow_api.py took 0.099 seconds
[2024-01-19T19:45:47.318-0800] {processor.py:153} INFO - Started process (PID=11107) to work on /home/mirukulla/.local/lib/python3.10/site-packages/airflow/example_dags/tutorial_taskflow_api.py
[2024-01-19T19:45:47.347-0800] {processor.py:743} INFO - Processing file /home/mirukulla/.local/lib/python3.10/site-packages/airflow/example_dags/tutorial_taskflow_api.py for tasks to queue
[2024-01-19T19:45:47.349-0800] {logging_mixin.py:137} INFO - [2024-01-19T19:45:47.349-0800] {dagbag.py:532} INFO - Filling up the DagBag from /home/mirukulla/.local/lib/python3.10/site-packages/airflow/example_dags/tutorial_taskflow_api.py
[2024-01-19T19:45:47.395-0800] {processor.py:753} INFO - DAG(s) dict_keys(['tutorial_taskflow_api']) retrieved from /home/mirukulla/.local/lib/python3.10/site-packages/airflow/example_dags/tutorial_taskflow_api.py
[2024-01-19T19:45:47.436-0800] {logging_mixin.py:137} INFO - [2024-01-19T19:45:47.436-0800] {dag.py:2705} INFO - Sync 1 DAGs
[2024-01-19T19:45:47.486-0800] {logging_mixin.py:137} INFO - [2024-01-19T19:45:47.486-0800] {dag.py:3452} INFO - Setting next_dagrun for tutorial_taskflow_api to None, run_after=None
[2024-01-19T19:45:47.594-0800] {processor.py:175} INFO - Processing /home/mirukulla/.local/lib/python3.10/site-packages/airflow/example_dags/tutorial_taskflow_api.py took 0.282 seconds
[2024-01-19T19:46:33.681-0800] {processor.py:153} INFO - Started process (PID=11149) to work on /home/mirukulla/.local/lib/python3.10/site-packages/airflow/example_dags/tutorial_taskflow_api.py
[2024-01-19T19:46:33.684-0800] {processor.py:743} INFO - Processing file /home/mirukulla/.local/lib/python3.10/site-packages/airflow/example_dags/tutorial_taskflow_api.py for tasks to queue
[2024-01-19T19:46:33.685-0800] {logging_mixin.py:137} INFO - [2024-01-19T19:46:33.685-0800] {dagbag.py:532} INFO - Filling up the DagBag from /home/mirukulla/.local/lib/python3.10/site-packages/airflow/example_dags/tutorial_taskflow_api.py
[2024-01-19T19:46:33.717-0800] {processor.py:753} INFO - DAG(s) dict_keys(['tutorial_taskflow_api']) retrieved from /home/mirukulla/.local/lib/python3.10/site-packages/airflow/example_dags/tutorial_taskflow_api.py
[2024-01-19T19:46:33.756-0800] {logging_mixin.py:137} INFO - [2024-01-19T19:46:33.756-0800] {dag.py:2705} INFO - Sync 1 DAGs
[2024-01-19T19:46:33.780-0800] {logging_mixin.py:137} INFO - [2024-01-19T19:46:33.780-0800] {dag.py:3452} INFO - Setting next_dagrun for tutorial_taskflow_api to None, run_after=None
[2024-01-19T19:46:33.825-0800] {processor.py:175} INFO - Processing /home/mirukulla/.local/lib/python3.10/site-packages/airflow/example_dags/tutorial_taskflow_api.py took 0.147 seconds
[2024-01-19T19:47:06.390-0800] {processor.py:153} INFO - Started process (PID=11178) to work on /home/mirukulla/.local/lib/python3.10/site-packages/airflow/example_dags/tutorial_taskflow_api.py
[2024-01-19T19:47:06.391-0800] {processor.py:743} INFO - Processing file /home/mirukulla/.local/lib/python3.10/site-packages/airflow/example_dags/tutorial_taskflow_api.py for tasks to queue
[2024-01-19T19:47:06.392-0800] {logging_mixin.py:137} INFO - [2024-01-19T19:47:06.391-0800] {dagbag.py:532} INFO - Filling up the DagBag from /home/mirukulla/.local/lib/python3.10/site-packages/airflow/example_dags/tutorial_taskflow_api.py
[2024-01-19T19:47:06.411-0800] {processor.py:753} INFO - DAG(s) dict_keys(['tutorial_taskflow_api']) retrieved from /home/mirukulla/.local/lib/python3.10/site-packages/airflow/example_dags/tutorial_taskflow_api.py
[2024-01-19T19:47:06.431-0800] {logging_mixin.py:137} INFO - [2024-01-19T19:47:06.431-0800] {dag.py:2705} INFO - Sync 1 DAGs
[2024-01-19T19:47:06.448-0800] {logging_mixin.py:137} INFO - [2024-01-19T19:47:06.447-0800] {dag.py:3452} INFO - Setting next_dagrun for tutorial_taskflow_api to None, run_after=None
[2024-01-19T19:47:06.479-0800] {processor.py:175} INFO - Processing /home/mirukulla/.local/lib/python3.10/site-packages/airflow/example_dags/tutorial_taskflow_api.py took 0.092 seconds
[2024-01-19T19:47:38.752-0800] {processor.py:153} INFO - Started process (PID=11209) to work on /home/mirukulla/.local/lib/python3.10/site-packages/airflow/example_dags/tutorial_taskflow_api.py
[2024-01-19T19:47:38.792-0800] {processor.py:743} INFO - Processing file /home/mirukulla/.local/lib/python3.10/site-packages/airflow/example_dags/tutorial_taskflow_api.py for tasks to queue
[2024-01-19T19:47:38.793-0800] {logging_mixin.py:137} INFO - [2024-01-19T19:47:38.793-0800] {dagbag.py:532} INFO - Filling up the DagBag from /home/mirukulla/.local/lib/python3.10/site-packages/airflow/example_dags/tutorial_taskflow_api.py
[2024-01-19T19:47:38.828-0800] {processor.py:753} INFO - DAG(s) dict_keys(['tutorial_taskflow_api']) retrieved from /home/mirukulla/.local/lib/python3.10/site-packages/airflow/example_dags/tutorial_taskflow_api.py
[2024-01-19T19:47:38.851-0800] {logging_mixin.py:137} INFO - [2024-01-19T19:47:38.851-0800] {dag.py:2705} INFO - Sync 1 DAGs
[2024-01-19T19:47:38.872-0800] {logging_mixin.py:137} INFO - [2024-01-19T19:47:38.872-0800] {dag.py:3452} INFO - Setting next_dagrun for tutorial_taskflow_api to None, run_after=None
[2024-01-19T19:47:38.897-0800] {processor.py:175} INFO - Processing /home/mirukulla/.local/lib/python3.10/site-packages/airflow/example_dags/tutorial_taskflow_api.py took 0.149 seconds
[2024-01-19T19:48:11.920-0800] {processor.py:153} INFO - Started process (PID=11238) to work on /home/mirukulla/.local/lib/python3.10/site-packages/airflow/example_dags/tutorial_taskflow_api.py
[2024-01-19T19:48:11.923-0800] {processor.py:743} INFO - Processing file /home/mirukulla/.local/lib/python3.10/site-packages/airflow/example_dags/tutorial_taskflow_api.py for tasks to queue
[2024-01-19T19:48:11.925-0800] {logging_mixin.py:137} INFO - [2024-01-19T19:48:11.924-0800] {dagbag.py:532} INFO - Filling up the DagBag from /home/mirukulla/.local/lib/python3.10/site-packages/airflow/example_dags/tutorial_taskflow_api.py
[2024-01-19T19:48:11.986-0800] {processor.py:753} INFO - DAG(s) dict_keys(['tutorial_taskflow_api']) retrieved from /home/mirukulla/.local/lib/python3.10/site-packages/airflow/example_dags/tutorial_taskflow_api.py
[2024-01-19T19:48:12.052-0800] {logging_mixin.py:137} INFO - [2024-01-19T19:48:12.051-0800] {dag.py:2705} INFO - Sync 1 DAGs
[2024-01-19T19:48:12.111-0800] {logging_mixin.py:137} INFO - [2024-01-19T19:48:12.111-0800] {dag.py:3452} INFO - Setting next_dagrun for tutorial_taskflow_api to None, run_after=None
[2024-01-19T19:48:12.177-0800] {processor.py:175} INFO - Processing /home/mirukulla/.local/lib/python3.10/site-packages/airflow/example_dags/tutorial_taskflow_api.py took 0.267 seconds
