[2024-01-19T19:37:33.984-0800] {processor.py:153} INFO - Started process (PID=10629) to work on /home/mirukulla/.local/lib/python3.10/site-packages/airflow/example_dags/tutorial_taskflow_api_virtualenv.py
[2024-01-19T19:37:33.985-0800] {processor.py:743} INFO - Processing file /home/mirukulla/.local/lib/python3.10/site-packages/airflow/example_dags/tutorial_taskflow_api_virtualenv.py for tasks to queue
[2024-01-19T19:37:33.987-0800] {logging_mixin.py:137} INFO - [2024-01-19T19:37:33.986-0800] {dagbag.py:532} INFO - Filling up the DagBag from /home/mirukulla/.local/lib/python3.10/site-packages/airflow/example_dags/tutorial_taskflow_api_virtualenv.py
[2024-01-19T19:37:34.044-0800] {logging_mixin.py:137} INFO - [2024-01-19T19:37:34.043-0800] {tutorial_taskflow_api_virtualenv.py:29} WARNING - The tutorial_taskflow_api_virtualenv example DAG requires virtualenv, please install it.
[2024-01-19T19:37:34.044-0800] {processor.py:755} WARNING - No viable dags retrieved from /home/mirukulla/.local/lib/python3.10/site-packages/airflow/example_dags/tutorial_taskflow_api_virtualenv.py
[2024-01-19T19:37:34.074-0800] {processor.py:175} INFO - Processing /home/mirukulla/.local/lib/python3.10/site-packages/airflow/example_dags/tutorial_taskflow_api_virtualenv.py took 0.098 seconds
[2024-01-19T19:38:21.396-0800] {processor.py:153} INFO - Started process (PID=10695) to work on /home/mirukulla/.local/lib/python3.10/site-packages/airflow/example_dags/tutorial_taskflow_api_virtualenv.py
[2024-01-19T19:38:21.397-0800] {processor.py:743} INFO - Processing file /home/mirukulla/.local/lib/python3.10/site-packages/airflow/example_dags/tutorial_taskflow_api_virtualenv.py for tasks to queue
[2024-01-19T19:38:21.398-0800] {logging_mixin.py:137} INFO - [2024-01-19T19:38:21.398-0800] {dagbag.py:532} INFO - Filling up the DagBag from /home/mirukulla/.local/lib/python3.10/site-packages/airflow/example_dags/tutorial_taskflow_api_virtualenv.py
[2024-01-19T19:38:21.411-0800] {logging_mixin.py:137} INFO - [2024-01-19T19:38:21.411-0800] {tutorial_taskflow_api_virtualenv.py:29} WARNING - The tutorial_taskflow_api_virtualenv example DAG requires virtualenv, please install it.
[2024-01-19T19:38:21.411-0800] {processor.py:755} WARNING - No viable dags retrieved from /home/mirukulla/.local/lib/python3.10/site-packages/airflow/example_dags/tutorial_taskflow_api_virtualenv.py
[2024-01-19T19:38:21.418-0800] {processor.py:175} INFO - Processing /home/mirukulla/.local/lib/python3.10/site-packages/airflow/example_dags/tutorial_taskflow_api_virtualenv.py took 0.024 seconds
[2024-01-19T19:39:05.406-0800] {processor.py:153} INFO - Started process (PID=10746) to work on /home/mirukulla/.local/lib/python3.10/site-packages/airflow/example_dags/tutorial_taskflow_api_virtualenv.py
[2024-01-19T19:39:05.407-0800] {processor.py:743} INFO - Processing file /home/mirukulla/.local/lib/python3.10/site-packages/airflow/example_dags/tutorial_taskflow_api_virtualenv.py for tasks to queue
[2024-01-19T19:39:05.408-0800] {logging_mixin.py:137} INFO - [2024-01-19T19:39:05.408-0800] {dagbag.py:532} INFO - Filling up the DagBag from /home/mirukulla/.local/lib/python3.10/site-packages/airflow/example_dags/tutorial_taskflow_api_virtualenv.py
[2024-01-19T19:39:05.425-0800] {logging_mixin.py:137} INFO - [2024-01-19T19:39:05.424-0800] {tutorial_taskflow_api_virtualenv.py:29} WARNING - The tutorial_taskflow_api_virtualenv example DAG requires virtualenv, please install it.
[2024-01-19T19:39:05.425-0800] {processor.py:755} WARNING - No viable dags retrieved from /home/mirukulla/.local/lib/python3.10/site-packages/airflow/example_dags/tutorial_taskflow_api_virtualenv.py
[2024-01-19T19:39:05.432-0800] {processor.py:175} INFO - Processing /home/mirukulla/.local/lib/python3.10/site-packages/airflow/example_dags/tutorial_taskflow_api_virtualenv.py took 0.030 seconds
[2024-01-19T19:39:51.654-0800] {processor.py:153} INFO - Started process (PID=10803) to work on /home/mirukulla/.local/lib/python3.10/site-packages/airflow/example_dags/tutorial_taskflow_api_virtualenv.py
[2024-01-19T19:39:51.655-0800] {processor.py:743} INFO - Processing file /home/mirukulla/.local/lib/python3.10/site-packages/airflow/example_dags/tutorial_taskflow_api_virtualenv.py for tasks to queue
[2024-01-19T19:39:51.656-0800] {logging_mixin.py:137} INFO - [2024-01-19T19:39:51.656-0800] {dagbag.py:532} INFO - Filling up the DagBag from /home/mirukulla/.local/lib/python3.10/site-packages/airflow/example_dags/tutorial_taskflow_api_virtualenv.py
[2024-01-19T19:39:51.669-0800] {logging_mixin.py:137} INFO - [2024-01-19T19:39:51.669-0800] {tutorial_taskflow_api_virtualenv.py:29} WARNING - The tutorial_taskflow_api_virtualenv example DAG requires virtualenv, please install it.
[2024-01-19T19:39:51.669-0800] {processor.py:755} WARNING - No viable dags retrieved from /home/mirukulla/.local/lib/python3.10/site-packages/airflow/example_dags/tutorial_taskflow_api_virtualenv.py
[2024-01-19T19:39:51.681-0800] {processor.py:175} INFO - Processing /home/mirukulla/.local/lib/python3.10/site-packages/airflow/example_dags/tutorial_taskflow_api_virtualenv.py took 0.029 seconds
[2024-01-19T19:40:38.649-0800] {processor.py:153} INFO - Started process (PID=10846) to work on /home/mirukulla/.local/lib/python3.10/site-packages/airflow/example_dags/tutorial_taskflow_api_virtualenv.py
[2024-01-19T19:40:38.652-0800] {processor.py:743} INFO - Processing file /home/mirukulla/.local/lib/python3.10/site-packages/airflow/example_dags/tutorial_taskflow_api_virtualenv.py for tasks to queue
[2024-01-19T19:40:38.653-0800] {logging_mixin.py:137} INFO - [2024-01-19T19:40:38.652-0800] {dagbag.py:532} INFO - Filling up the DagBag from /home/mirukulla/.local/lib/python3.10/site-packages/airflow/example_dags/tutorial_taskflow_api_virtualenv.py
[2024-01-19T19:40:38.671-0800] {logging_mixin.py:137} INFO - [2024-01-19T19:40:38.670-0800] {tutorial_taskflow_api_virtualenv.py:29} WARNING - The tutorial_taskflow_api_virtualenv example DAG requires virtualenv, please install it.
[2024-01-19T19:40:38.671-0800] {processor.py:755} WARNING - No viable dags retrieved from /home/mirukulla/.local/lib/python3.10/site-packages/airflow/example_dags/tutorial_taskflow_api_virtualenv.py
[2024-01-19T19:40:38.679-0800] {processor.py:175} INFO - Processing /home/mirukulla/.local/lib/python3.10/site-packages/airflow/example_dags/tutorial_taskflow_api_virtualenv.py took 0.035 seconds
[2024-01-19T19:41:13.408-0800] {processor.py:153} INFO - Started process (PID=10878) to work on /home/mirukulla/.local/lib/python3.10/site-packages/airflow/example_dags/tutorial_taskflow_api_virtualenv.py
[2024-01-19T19:41:13.410-0800] {processor.py:743} INFO - Processing file /home/mirukulla/.local/lib/python3.10/site-packages/airflow/example_dags/tutorial_taskflow_api_virtualenv.py for tasks to queue
[2024-01-19T19:41:13.412-0800] {logging_mixin.py:137} INFO - [2024-01-19T19:41:13.411-0800] {dagbag.py:532} INFO - Filling up the DagBag from /home/mirukulla/.local/lib/python3.10/site-packages/airflow/example_dags/tutorial_taskflow_api_virtualenv.py
[2024-01-19T19:41:13.426-0800] {logging_mixin.py:137} INFO - [2024-01-19T19:41:13.426-0800] {tutorial_taskflow_api_virtualenv.py:29} WARNING - The tutorial_taskflow_api_virtualenv example DAG requires virtualenv, please install it.
[2024-01-19T19:41:13.427-0800] {processor.py:755} WARNING - No viable dags retrieved from /home/mirukulla/.local/lib/python3.10/site-packages/airflow/example_dags/tutorial_taskflow_api_virtualenv.py
[2024-01-19T19:41:13.434-0800] {processor.py:175} INFO - Processing /home/mirukulla/.local/lib/python3.10/site-packages/airflow/example_dags/tutorial_taskflow_api_virtualenv.py took 0.029 seconds
[2024-01-19T19:41:52.485-0800] {processor.py:153} INFO - Started process (PID=10911) to work on /home/mirukulla/.local/lib/python3.10/site-packages/airflow/example_dags/tutorial_taskflow_api_virtualenv.py
[2024-01-19T19:41:52.487-0800] {processor.py:743} INFO - Processing file /home/mirukulla/.local/lib/python3.10/site-packages/airflow/example_dags/tutorial_taskflow_api_virtualenv.py for tasks to queue
[2024-01-19T19:41:52.488-0800] {logging_mixin.py:137} INFO - [2024-01-19T19:41:52.487-0800] {dagbag.py:532} INFO - Filling up the DagBag from /home/mirukulla/.local/lib/python3.10/site-packages/airflow/example_dags/tutorial_taskflow_api_virtualenv.py
[2024-01-19T19:41:52.508-0800] {logging_mixin.py:137} INFO - [2024-01-19T19:41:52.508-0800] {tutorial_taskflow_api_virtualenv.py:29} WARNING - The tutorial_taskflow_api_virtualenv example DAG requires virtualenv, please install it.
[2024-01-19T19:41:52.509-0800] {processor.py:755} WARNING - No viable dags retrieved from /home/mirukulla/.local/lib/python3.10/site-packages/airflow/example_dags/tutorial_taskflow_api_virtualenv.py
[2024-01-19T19:41:52.520-0800] {processor.py:175} INFO - Processing /home/mirukulla/.local/lib/python3.10/site-packages/airflow/example_dags/tutorial_taskflow_api_virtualenv.py took 0.040 seconds
[2024-01-19T19:42:32.683-0800] {processor.py:153} INFO - Started process (PID=10945) to work on /home/mirukulla/.local/lib/python3.10/site-packages/airflow/example_dags/tutorial_taskflow_api_virtualenv.py
[2024-01-19T19:42:32.692-0800] {processor.py:743} INFO - Processing file /home/mirukulla/.local/lib/python3.10/site-packages/airflow/example_dags/tutorial_taskflow_api_virtualenv.py for tasks to queue
[2024-01-19T19:42:32.696-0800] {logging_mixin.py:137} INFO - [2024-01-19T19:42:32.695-0800] {dagbag.py:532} INFO - Filling up the DagBag from /home/mirukulla/.local/lib/python3.10/site-packages/airflow/example_dags/tutorial_taskflow_api_virtualenv.py
[2024-01-19T19:42:32.816-0800] {logging_mixin.py:137} INFO - [2024-01-19T19:42:32.815-0800] {tutorial_taskflow_api_virtualenv.py:29} WARNING - The tutorial_taskflow_api_virtualenv example DAG requires virtualenv, please install it.
[2024-01-19T19:42:32.818-0800] {processor.py:755} WARNING - No viable dags retrieved from /home/mirukulla/.local/lib/python3.10/site-packages/airflow/example_dags/tutorial_taskflow_api_virtualenv.py
[2024-01-19T19:42:32.889-0800] {processor.py:175} INFO - Processing /home/mirukulla/.local/lib/python3.10/site-packages/airflow/example_dags/tutorial_taskflow_api_virtualenv.py took 0.226 seconds
[2024-01-19T19:43:15.353-0800] {processor.py:153} INFO - Started process (PID=10980) to work on /home/mirukulla/.local/lib/python3.10/site-packages/airflow/example_dags/tutorial_taskflow_api_virtualenv.py
[2024-01-19T19:43:15.372-0800] {processor.py:743} INFO - Processing file /home/mirukulla/.local/lib/python3.10/site-packages/airflow/example_dags/tutorial_taskflow_api_virtualenv.py for tasks to queue
[2024-01-19T19:43:15.374-0800] {logging_mixin.py:137} INFO - [2024-01-19T19:43:15.373-0800] {dagbag.py:532} INFO - Filling up the DagBag from /home/mirukulla/.local/lib/python3.10/site-packages/airflow/example_dags/tutorial_taskflow_api_virtualenv.py
[2024-01-19T19:43:15.402-0800] {logging_mixin.py:137} INFO - [2024-01-19T19:43:15.402-0800] {tutorial_taskflow_api_virtualenv.py:29} WARNING - The tutorial_taskflow_api_virtualenv example DAG requires virtualenv, please install it.
[2024-01-19T19:43:15.402-0800] {processor.py:755} WARNING - No viable dags retrieved from /home/mirukulla/.local/lib/python3.10/site-packages/airflow/example_dags/tutorial_taskflow_api_virtualenv.py
[2024-01-19T19:43:15.416-0800] {processor.py:175} INFO - Processing /home/mirukulla/.local/lib/python3.10/site-packages/airflow/example_dags/tutorial_taskflow_api_virtualenv.py took 0.076 seconds
[2024-01-19T19:43:56.992-0800] {processor.py:153} INFO - Started process (PID=11014) to work on /home/mirukulla/.local/lib/python3.10/site-packages/airflow/example_dags/tutorial_taskflow_api_virtualenv.py
[2024-01-19T19:43:56.994-0800] {processor.py:743} INFO - Processing file /home/mirukulla/.local/lib/python3.10/site-packages/airflow/example_dags/tutorial_taskflow_api_virtualenv.py for tasks to queue
[2024-01-19T19:43:56.994-0800] {logging_mixin.py:137} INFO - [2024-01-19T19:43:56.994-0800] {dagbag.py:532} INFO - Filling up the DagBag from /home/mirukulla/.local/lib/python3.10/site-packages/airflow/example_dags/tutorial_taskflow_api_virtualenv.py
[2024-01-19T19:43:57.016-0800] {logging_mixin.py:137} INFO - [2024-01-19T19:43:57.016-0800] {tutorial_taskflow_api_virtualenv.py:29} WARNING - The tutorial_taskflow_api_virtualenv example DAG requires virtualenv, please install it.
[2024-01-19T19:43:57.017-0800] {processor.py:755} WARNING - No viable dags retrieved from /home/mirukulla/.local/lib/python3.10/site-packages/airflow/example_dags/tutorial_taskflow_api_virtualenv.py
[2024-01-19T19:43:57.026-0800] {processor.py:175} INFO - Processing /home/mirukulla/.local/lib/python3.10/site-packages/airflow/example_dags/tutorial_taskflow_api_virtualenv.py took 0.038 seconds
[2024-01-19T19:44:38.786-0800] {processor.py:153} INFO - Started process (PID=11053) to work on /home/mirukulla/.local/lib/python3.10/site-packages/airflow/example_dags/tutorial_taskflow_api_virtualenv.py
[2024-01-19T19:44:38.818-0800] {processor.py:743} INFO - Processing file /home/mirukulla/.local/lib/python3.10/site-packages/airflow/example_dags/tutorial_taskflow_api_virtualenv.py for tasks to queue
[2024-01-19T19:44:38.819-0800] {logging_mixin.py:137} INFO - [2024-01-19T19:44:38.819-0800] {dagbag.py:532} INFO - Filling up the DagBag from /home/mirukulla/.local/lib/python3.10/site-packages/airflow/example_dags/tutorial_taskflow_api_virtualenv.py
[2024-01-19T19:44:38.852-0800] {logging_mixin.py:137} INFO - [2024-01-19T19:44:38.852-0800] {tutorial_taskflow_api_virtualenv.py:29} WARNING - The tutorial_taskflow_api_virtualenv example DAG requires virtualenv, please install it.
[2024-01-19T19:44:38.853-0800] {processor.py:755} WARNING - No viable dags retrieved from /home/mirukulla/.local/lib/python3.10/site-packages/airflow/example_dags/tutorial_taskflow_api_virtualenv.py
[2024-01-19T19:44:38.865-0800] {processor.py:175} INFO - Processing /home/mirukulla/.local/lib/python3.10/site-packages/airflow/example_dags/tutorial_taskflow_api_virtualenv.py took 0.085 seconds
[2024-01-19T19:45:21.956-0800] {processor.py:153} INFO - Started process (PID=11094) to work on /home/mirukulla/.local/lib/python3.10/site-packages/airflow/example_dags/tutorial_taskflow_api_virtualenv.py
[2024-01-19T19:45:21.981-0800] {processor.py:743} INFO - Processing file /home/mirukulla/.local/lib/python3.10/site-packages/airflow/example_dags/tutorial_taskflow_api_virtualenv.py for tasks to queue
[2024-01-19T19:45:21.982-0800] {logging_mixin.py:137} INFO - [2024-01-19T19:45:21.981-0800] {dagbag.py:532} INFO - Filling up the DagBag from /home/mirukulla/.local/lib/python3.10/site-packages/airflow/example_dags/tutorial_taskflow_api_virtualenv.py
[2024-01-19T19:45:22.001-0800] {logging_mixin.py:137} INFO - [2024-01-19T19:45:22.000-0800] {tutorial_taskflow_api_virtualenv.py:29} WARNING - The tutorial_taskflow_api_virtualenv example DAG requires virtualenv, please install it.
[2024-01-19T19:45:22.001-0800] {processor.py:755} WARNING - No viable dags retrieved from /home/mirukulla/.local/lib/python3.10/site-packages/airflow/example_dags/tutorial_taskflow_api_virtualenv.py
[2024-01-19T19:45:22.012-0800] {processor.py:175} INFO - Processing /home/mirukulla/.local/lib/python3.10/site-packages/airflow/example_dags/tutorial_taskflow_api_virtualenv.py took 0.059 seconds
[2024-01-19T19:46:21.627-0800] {processor.py:153} INFO - Started process (PID=11137) to work on /home/mirukulla/.local/lib/python3.10/site-packages/airflow/example_dags/tutorial_taskflow_api_virtualenv.py
[2024-01-19T19:46:21.651-0800] {processor.py:743} INFO - Processing file /home/mirukulla/.local/lib/python3.10/site-packages/airflow/example_dags/tutorial_taskflow_api_virtualenv.py for tasks to queue
[2024-01-19T19:46:21.652-0800] {logging_mixin.py:137} INFO - [2024-01-19T19:46:21.652-0800] {dagbag.py:532} INFO - Filling up the DagBag from /home/mirukulla/.local/lib/python3.10/site-packages/airflow/example_dags/tutorial_taskflow_api_virtualenv.py
[2024-01-19T19:46:21.670-0800] {logging_mixin.py:137} INFO - [2024-01-19T19:46:21.669-0800] {tutorial_taskflow_api_virtualenv.py:29} WARNING - The tutorial_taskflow_api_virtualenv example DAG requires virtualenv, please install it.
[2024-01-19T19:46:21.670-0800] {processor.py:755} WARNING - No viable dags retrieved from /home/mirukulla/.local/lib/python3.10/site-packages/airflow/example_dags/tutorial_taskflow_api_virtualenv.py
[2024-01-19T19:46:21.679-0800] {processor.py:175} INFO - Processing /home/mirukulla/.local/lib/python3.10/site-packages/airflow/example_dags/tutorial_taskflow_api_virtualenv.py took 0.056 seconds
[2024-01-19T19:47:08.760-0800] {processor.py:153} INFO - Started process (PID=11180) to work on /home/mirukulla/.local/lib/python3.10/site-packages/airflow/example_dags/tutorial_taskflow_api_virtualenv.py
[2024-01-19T19:47:08.788-0800] {processor.py:743} INFO - Processing file /home/mirukulla/.local/lib/python3.10/site-packages/airflow/example_dags/tutorial_taskflow_api_virtualenv.py for tasks to queue
[2024-01-19T19:47:08.789-0800] {logging_mixin.py:137} INFO - [2024-01-19T19:47:08.789-0800] {dagbag.py:532} INFO - Filling up the DagBag from /home/mirukulla/.local/lib/python3.10/site-packages/airflow/example_dags/tutorial_taskflow_api_virtualenv.py
[2024-01-19T19:47:08.806-0800] {logging_mixin.py:137} INFO - [2024-01-19T19:47:08.805-0800] {tutorial_taskflow_api_virtualenv.py:29} WARNING - The tutorial_taskflow_api_virtualenv example DAG requires virtualenv, please install it.
[2024-01-19T19:47:08.806-0800] {processor.py:755} WARNING - No viable dags retrieved from /home/mirukulla/.local/lib/python3.10/site-packages/airflow/example_dags/tutorial_taskflow_api_virtualenv.py
[2024-01-19T19:47:08.813-0800] {processor.py:175} INFO - Processing /home/mirukulla/.local/lib/python3.10/site-packages/airflow/example_dags/tutorial_taskflow_api_virtualenv.py took 0.055 seconds
[2024-01-19T19:47:52.390-0800] {processor.py:153} INFO - Started process (PID=11222) to work on /home/mirukulla/.local/lib/python3.10/site-packages/airflow/example_dags/tutorial_taskflow_api_virtualenv.py
[2024-01-19T19:47:52.392-0800] {processor.py:743} INFO - Processing file /home/mirukulla/.local/lib/python3.10/site-packages/airflow/example_dags/tutorial_taskflow_api_virtualenv.py for tasks to queue
[2024-01-19T19:47:52.393-0800] {logging_mixin.py:137} INFO - [2024-01-19T19:47:52.393-0800] {dagbag.py:532} INFO - Filling up the DagBag from /home/mirukulla/.local/lib/python3.10/site-packages/airflow/example_dags/tutorial_taskflow_api_virtualenv.py
[2024-01-19T19:47:52.428-0800] {logging_mixin.py:137} INFO - [2024-01-19T19:47:52.428-0800] {tutorial_taskflow_api_virtualenv.py:29} WARNING - The tutorial_taskflow_api_virtualenv example DAG requires virtualenv, please install it.
[2024-01-19T19:47:52.429-0800] {processor.py:755} WARNING - No viable dags retrieved from /home/mirukulla/.local/lib/python3.10/site-packages/airflow/example_dags/tutorial_taskflow_api_virtualenv.py
[2024-01-19T19:47:52.448-0800] {processor.py:175} INFO - Processing /home/mirukulla/.local/lib/python3.10/site-packages/airflow/example_dags/tutorial_taskflow_api_virtualenv.py took 0.063 seconds
[2024-01-19T19:48:30.320-0800] {processor.py:153} INFO - Started process (PID=11253) to work on /home/mirukulla/.local/lib/python3.10/site-packages/airflow/example_dags/tutorial_taskflow_api_virtualenv.py
[2024-01-19T19:48:30.325-0800] {processor.py:743} INFO - Processing file /home/mirukulla/.local/lib/python3.10/site-packages/airflow/example_dags/tutorial_taskflow_api_virtualenv.py for tasks to queue
[2024-01-19T19:48:30.327-0800] {logging_mixin.py:137} INFO - [2024-01-19T19:48:30.327-0800] {dagbag.py:532} INFO - Filling up the DagBag from /home/mirukulla/.local/lib/python3.10/site-packages/airflow/example_dags/tutorial_taskflow_api_virtualenv.py
[2024-01-19T19:48:30.365-0800] {logging_mixin.py:137} INFO - [2024-01-19T19:48:30.365-0800] {tutorial_taskflow_api_virtualenv.py:29} WARNING - The tutorial_taskflow_api_virtualenv example DAG requires virtualenv, please install it.
[2024-01-19T19:48:30.365-0800] {processor.py:755} WARNING - No viable dags retrieved from /home/mirukulla/.local/lib/python3.10/site-packages/airflow/example_dags/tutorial_taskflow_api_virtualenv.py
[2024-01-19T19:48:30.387-0800] {processor.py:175} INFO - Processing /home/mirukulla/.local/lib/python3.10/site-packages/airflow/example_dags/tutorial_taskflow_api_virtualenv.py took 0.073 seconds
