[2024-01-19T19:43:46.360-0800] {taskinstance.py:1090} INFO - Dependencies all met for dep_context=non-requeueable deps ti=<TaskInstance: example_branch_operator.branching scheduled__2024-01-19T00:00:00+00:00 [queued]>
[2024-01-19T19:43:46.398-0800] {taskinstance.py:1090} INFO - Dependencies all met for dep_context=requeueable deps ti=<TaskInstance: example_branch_operator.branching scheduled__2024-01-19T00:00:00+00:00 [queued]>
[2024-01-19T19:43:46.398-0800] {taskinstance.py:1288} INFO - 
--------------------------------------------------------------------------------
[2024-01-19T19:43:46.399-0800] {taskinstance.py:1289} INFO - Starting attempt 1 of 1
[2024-01-19T19:43:46.399-0800] {taskinstance.py:1290} INFO - 
--------------------------------------------------------------------------------
[2024-01-19T19:43:46.454-0800] {taskinstance.py:1309} INFO - Executing <Task(BranchPythonOperator): branching> on 2024-01-19 00:00:00+00:00
[2024-01-19T19:43:46.487-0800] {standard_task_runner.py:55} INFO - Started process 11006 to run task
[2024-01-19T19:43:46.668-0800] {standard_task_runner.py:82} INFO - Running: ['airflow', 'tasks', 'run', 'example_branch_operator', 'branching', 'scheduled__2024-01-19T00:00:00+00:00', '--job-id', '2', '--raw', '--subdir', '/home/mirukulla/.local/lib/python3.10/site-packages/airflow/example_dags/example_branch_operator.py', '--cfg-path', '/tmp/tmptu1qepu0']
[2024-01-19T19:43:46.693-0800] {standard_task_runner.py:83} INFO - Job 2: Subtask branching
[2024-01-19T19:43:47.311-0800] {task_command.py:389} INFO - Running <TaskInstance: example_branch_operator.branching scheduled__2024-01-19T00:00:00+00:00 [running]> on host Mittu.
[2024-01-19T19:43:47.502-0800] {taskinstance.py:1516} INFO - Exporting the following env vars:
AIRFLOW_CTX_DAG_OWNER=airflow
AIRFLOW_CTX_DAG_ID=example_branch_operator
AIRFLOW_CTX_TASK_ID=branching
AIRFLOW_CTX_EXECUTION_DATE=2024-01-19T00:00:00+00:00
AIRFLOW_CTX_TRY_NUMBER=1
AIRFLOW_CTX_DAG_RUN_ID=scheduled__2024-01-19T00:00:00+00:00
[2024-01-19T19:43:47.508-0800] {python.py:177} INFO - Done. Returned value was: branch_c
[2024-01-19T19:43:47.508-0800] {python.py:211} INFO - Branch callable return branch_c
[2024-01-19T19:43:47.509-0800] {skipmixin.py:155} INFO - Following branch branch_c
[2024-01-19T19:43:47.509-0800] {skipmixin.py:211} INFO - Skipping tasks ['branch_b', 'branch_d', 'branch_a']
[2024-01-19T19:43:47.574-0800] {taskinstance.py:1327} INFO - Marking task as SUCCESS. dag_id=example_branch_operator, task_id=branching, execution_date=20240119T000000, start_date=20240120T034346, end_date=20240120T034347
[2024-01-19T19:43:47.611-0800] {local_task_job.py:212} INFO - Task exited with return code 0
[2024-01-19T19:43:47.638-0800] {taskinstance.py:2596} INFO - 0 downstream tasks scheduled from follow-on schedule check
