[2024-01-20T14:28:02.116-0800] {taskinstance.py:1090} INFO - Dependencies all met for dep_context=non-requeueable deps ti=<TaskInstance: python_pipeline.grouped_by_region manual__2024-01-20T22:27:52.759239+00:00 [queued]>
[2024-01-20T14:28:02.124-0800] {taskinstance.py:1090} INFO - Dependencies all met for dep_context=requeueable deps ti=<TaskInstance: python_pipeline.grouped_by_region manual__2024-01-20T22:27:52.759239+00:00 [queued]>
[2024-01-20T14:28:02.124-0800] {taskinstance.py:1288} INFO - 
--------------------------------------------------------------------------------
[2024-01-20T14:28:02.124-0800] {taskinstance.py:1289} INFO - Starting attempt 1 of 1
[2024-01-20T14:28:02.124-0800] {taskinstance.py:1290} INFO - 
--------------------------------------------------------------------------------
[2024-01-20T14:28:02.144-0800] {taskinstance.py:1309} INFO - Executing <Task(PythonOperator): grouped_by_region> on 2024-01-20 22:27:52.759239+00:00
[2024-01-20T14:28:02.147-0800] {standard_task_runner.py:55} INFO - Started process 21287 to run task
[2024-01-20T14:28:02.149-0800] {standard_task_runner.py:82} INFO - Running: ['airflow', 'tasks', 'run', 'python_pipeline', 'grouped_by_region', 'manual__2024-01-20T22:27:52.759239+00:00', '--job-id', '66', '--raw', '--subdir', 'DAGS_FOLDER/executing_python_pipeline.py', '--cfg-path', '/tmp/tmpox4jea__']
[2024-01-20T14:28:02.150-0800] {standard_task_runner.py:83} INFO - Job 66: Subtask grouped_by_region
[2024-01-20T14:28:02.199-0800] {task_command.py:389} INFO - Running <TaskInstance: python_pipeline.grouped_by_region manual__2024-01-20T22:27:52.759239+00:00 [running]> on host Mittu.
[2024-01-20T14:28:02.253-0800] {taskinstance.py:1516} INFO - Exporting the following env vars:
AIRFLOW_CTX_DAG_OWNER=madhu
AIRFLOW_CTX_DAG_ID=python_pipeline
AIRFLOW_CTX_TASK_ID=grouped_by_region
AIRFLOW_CTX_EXECUTION_DATE=2024-01-20T22:27:52.759239+00:00
AIRFLOW_CTX_TRY_NUMBER=1
AIRFLOW_CTX_DAG_RUN_ID=manual__2024-01-20T22:27:52.759239+00:00
[2024-01-20T14:28:02.262-0800] {logging_mixin.py:137} WARNING - /home/mirukulla/airflow/dags/executing_python_pipeline.py:35 FutureWarning: Passing literal json to 'read_json' is deprecated and will be removed in a future version. To read from a literal string, wrap it in a 'StringIO' object.
[2024-01-20T14:28:02.278-0800] {taskinstance.py:1776} ERROR - Task failed with exception
Traceback (most recent call last):
  File "/home/mirukulla/.local/lib/python3.10/site-packages/airflow/operators/python.py", line 175, in execute
    return_value = self.execute_callable()
  File "/home/mirukulla/.local/lib/python3.10/site-packages/airflow/operators/python.py", line 192, in execute_callable
    return self.python_callable(*self.op_args, **self.op_kwargs)
  File "/home/mirukulla/airflow/dags/executing_python_pipeline.py", line 41, in groupby_region
    region_df.to_csv('/home/mirukulla/airflow/output/grouped_by_region.csv',index=False)
  File "/home/mirukulla/.local/lib/python3.10/site-packages/pandas/util/_decorators.py", line 333, in wrapper
    return func(*args, **kwargs)
  File "/home/mirukulla/.local/lib/python3.10/site-packages/pandas/core/generic.py", line 3961, in to_csv
    return DataFrameRenderer(formatter).to_csv(
  File "/home/mirukulla/.local/lib/python3.10/site-packages/pandas/io/formats/format.py", line 1014, in to_csv
    csv_formatter.save()
  File "/home/mirukulla/.local/lib/python3.10/site-packages/pandas/io/formats/csvs.py", line 251, in save
    with get_handle(
  File "/home/mirukulla/.local/lib/python3.10/site-packages/pandas/io/common.py", line 873, in get_handle
    handle = open(
PermissionError: [Errno 13] Permission denied: '/home/mirukulla/airflow/output/grouped_by_region.csv'
[2024-01-20T14:28:02.284-0800] {taskinstance.py:1327} INFO - Marking task as FAILED. dag_id=python_pipeline, task_id=grouped_by_region, execution_date=20240120T222752, start_date=20240120T222802, end_date=20240120T222802
[2024-01-20T14:28:02.300-0800] {standard_task_runner.py:100} ERROR - Failed to execute job 66 for task grouped_by_region ([Errno 13] Permission denied: '/home/mirukulla/airflow/output/grouped_by_region.csv'; 21287)
[2024-01-20T14:28:02.322-0800] {local_task_job.py:212} INFO - Task exited with return code 1
[2024-01-20T14:28:02.334-0800] {taskinstance.py:2596} INFO - 0 downstream tasks scheduled from follow-on schedule check
