[2024-01-21T12:03:56.015-0800] {taskinstance.py:1090} INFO - Dependencies all met for dep_context=non-requeueable deps ti=<TaskInstance: cron_catchup_backfill.taskA manual__2024-01-21T20:03:49.130545+00:00 [queued]>
[2024-01-21T12:03:56.029-0800] {taskinstance.py:1090} INFO - Dependencies all met for dep_context=requeueable deps ti=<TaskInstance: cron_catchup_backfill.taskA manual__2024-01-21T20:03:49.130545+00:00 [queued]>
[2024-01-21T12:03:56.029-0800] {taskinstance.py:1288} INFO - 
--------------------------------------------------------------------------------
[2024-01-21T12:03:56.029-0800] {taskinstance.py:1289} INFO - Starting attempt 1 of 1
[2024-01-21T12:03:56.029-0800] {taskinstance.py:1290} INFO - 
--------------------------------------------------------------------------------
[2024-01-21T12:03:56.056-0800] {taskinstance.py:1309} INFO - Executing <Task(BashOperator): taskA> on 2024-01-21 20:03:49.130545+00:00
[2024-01-21T12:03:56.062-0800] {standard_task_runner.py:55} INFO - Started process 1430 to run task
[2024-01-21T12:03:56.066-0800] {standard_task_runner.py:82} INFO - Running: ['airflow', 'tasks', 'run', 'cron_catchup_backfill', 'taskA', 'manual__2024-01-21T20:03:49.130545+00:00', '--job-id', '96', '--raw', '--subdir', 'DAGS_FOLDER/executing_cron_catchup_backfill.py', '--cfg-path', '/tmp/tmphth7injb']
[2024-01-21T12:03:56.068-0800] {standard_task_runner.py:83} INFO - Job 96: Subtask taskA
[2024-01-21T12:03:56.131-0800] {task_command.py:389} INFO - Running <TaskInstance: cron_catchup_backfill.taskA manual__2024-01-21T20:03:49.130545+00:00 [running]> on host Mittu.
[2024-01-21T12:03:56.210-0800] {taskinstance.py:1516} INFO - Exporting the following env vars:
AIRFLOW_CTX_DAG_OWNER=madhu
AIRFLOW_CTX_DAG_ID=cron_catchup_backfill
AIRFLOW_CTX_TASK_ID=taskA
AIRFLOW_CTX_EXECUTION_DATE=2024-01-21T20:03:49.130545+00:00
AIRFLOW_CTX_TRY_NUMBER=1
AIRFLOW_CTX_DAG_RUN_ID=manual__2024-01-21T20:03:49.130545+00:00
[2024-01-21T12:03:56.211-0800] {subprocess.py:63} INFO - Tmp dir root location: 
 /tmp
[2024-01-21T12:03:56.211-0800] {subprocess.py:75} INFO - Running command: ['/usr/bin/bash', '-c', 'echo TASK A has executed!']
[2024-01-21T12:03:56.217-0800] {subprocess.py:86} INFO - Output:
[2024-01-21T12:03:56.218-0800] {subprocess.py:93} INFO - TASK A has executed!
[2024-01-21T12:03:56.219-0800] {subprocess.py:97} INFO - Command exited with return code 0
[2024-01-21T12:03:56.248-0800] {taskinstance.py:1327} INFO - Marking task as SUCCESS. dag_id=cron_catchup_backfill, task_id=taskA, execution_date=20240121T200349, start_date=20240121T200356, end_date=20240121T200356
[2024-01-21T12:03:56.280-0800] {local_task_job.py:212} INFO - Task exited with return code 0
[2024-01-21T12:03:56.305-0800] {taskinstance.py:2596} INFO - 1 downstream tasks scheduled from follow-on schedule check
