[2024-01-20T16:00:42.101-0800] {taskinstance.py:1090} INFO - Dependencies all met for dep_context=non-requeueable deps ti=<TaskInstance: execute_python_operators.greet_hello_with_city scheduled__2024-01-20T00:00:00+00:00 [queued]>
[2024-01-20T16:00:42.130-0800] {taskinstance.py:1090} INFO - Dependencies all met for dep_context=requeueable deps ti=<TaskInstance: execute_python_operators.greet_hello_with_city scheduled__2024-01-20T00:00:00+00:00 [queued]>
[2024-01-20T16:00:42.131-0800] {taskinstance.py:1288} INFO - 
--------------------------------------------------------------------------------
[2024-01-20T16:00:42.131-0800] {taskinstance.py:1289} INFO - Starting attempt 1 of 1
[2024-01-20T16:00:42.131-0800] {taskinstance.py:1290} INFO - 
--------------------------------------------------------------------------------
[2024-01-20T16:00:42.169-0800] {taskinstance.py:1309} INFO - Executing <Task(PythonOperator): greet_hello_with_city> on 2024-01-20 00:00:00+00:00
[2024-01-20T16:00:42.177-0800] {standard_task_runner.py:55} INFO - Started process 31299 to run task
[2024-01-20T16:00:42.186-0800] {standard_task_runner.py:82} INFO - Running: ['airflow', 'tasks', 'run', 'execute_python_operators', 'greet_hello_with_city', 'scheduled__2024-01-20T00:00:00+00:00', '--job-id', '71', '--raw', '--subdir', 'DAGS_FOLDER/execute_python_operators.py', '--cfg-path', '/tmp/tmp27322228']
[2024-01-20T16:00:42.189-0800] {standard_task_runner.py:83} INFO - Job 71: Subtask greet_hello_with_city
[2024-01-20T16:00:42.308-0800] {task_command.py:389} INFO - Running <TaskInstance: execute_python_operators.greet_hello_with_city scheduled__2024-01-20T00:00:00+00:00 [running]> on host Mittu.
[2024-01-20T16:00:42.455-0800] {taskinstance.py:1516} INFO - Exporting the following env vars:
AIRFLOW_CTX_DAG_OWNER=madhu
AIRFLOW_CTX_DAG_ID=execute_python_operators
AIRFLOW_CTX_TASK_ID=greet_hello_with_city
AIRFLOW_CTX_EXECUTION_DATE=2024-01-20T00:00:00+00:00
AIRFLOW_CTX_TRY_NUMBER=1
AIRFLOW_CTX_DAG_RUN_ID=scheduled__2024-01-20T00:00:00+00:00
[2024-01-20T16:00:42.457-0800] {logging_mixin.py:137} INFO - Hello, Louise from Seattle
[2024-01-20T16:00:42.457-0800] {python.py:177} INFO - Done. Returned value was: None
[2024-01-20T16:00:42.466-0800] {taskinstance.py:1327} INFO - Marking task as SUCCESS. dag_id=execute_python_operators, task_id=greet_hello_with_city, execution_date=20240120T000000, start_date=20240121T000042, end_date=20240121T000042
[2024-01-20T16:00:42.520-0800] {local_task_job.py:212} INFO - Task exited with return code 0
[2024-01-20T16:00:42.544-0800] {taskinstance.py:2596} INFO - 0 downstream tasks scheduled from follow-on schedule check
