[2024-01-21T11:56:50.769-0800] {taskinstance.py:1090} INFO - Dependencies all met for dep_context=non-requeueable deps ti=<TaskInstance: cron_catchup_backfill.taskChoose scheduled__2024-01-20T00:00:00+00:00 [queued]>
[2024-01-21T11:56:50.783-0800] {taskinstance.py:1090} INFO - Dependencies all met for dep_context=requeueable deps ti=<TaskInstance: cron_catchup_backfill.taskChoose scheduled__2024-01-20T00:00:00+00:00 [queued]>
[2024-01-21T11:56:50.784-0800] {taskinstance.py:1288} INFO - 
--------------------------------------------------------------------------------
[2024-01-21T11:56:50.784-0800] {taskinstance.py:1289} INFO - Starting attempt 1 of 1
[2024-01-21T11:56:50.784-0800] {taskinstance.py:1290} INFO - 
--------------------------------------------------------------------------------
[2024-01-21T11:56:50.811-0800] {taskinstance.py:1309} INFO - Executing <Task(PythonOperator): taskChoose> on 2024-01-20 00:00:00+00:00
[2024-01-21T11:56:50.818-0800] {standard_task_runner.py:55} INFO - Started process 667 to run task
[2024-01-21T11:56:50.825-0800] {standard_task_runner.py:82} INFO - Running: ['airflow', 'tasks', 'run', 'cron_catchup_backfill', 'taskChoose', 'scheduled__2024-01-20T00:00:00+00:00', '--job-id', '115', '--raw', '--subdir', 'DAGS_FOLDER/executing_cron_catchup_backfill.py', '--cfg-path', '/tmp/tmp18lzhm8c']
[2024-01-21T11:56:50.827-0800] {standard_task_runner.py:83} INFO - Job 115: Subtask taskChoose
[2024-01-21T11:56:50.886-0800] {task_command.py:389} INFO - Running <TaskInstance: cron_catchup_backfill.taskChoose scheduled__2024-01-20T00:00:00+00:00 [running]> on host Mittu.
[2024-01-21T11:56:50.957-0800] {taskinstance.py:1516} INFO - Exporting the following env vars:
AIRFLOW_CTX_DAG_OWNER=madhu
AIRFLOW_CTX_DAG_ID=cron_catchup_backfill
AIRFLOW_CTX_TASK_ID=taskChoose
AIRFLOW_CTX_EXECUTION_DATE=2024-01-20T00:00:00+00:00
AIRFLOW_CTX_TRY_NUMBER=1
AIRFLOW_CTX_DAG_RUN_ID=scheduled__2024-01-20T00:00:00+00:00
[2024-01-21T11:56:50.958-0800] {python.py:177} INFO - Done. Returned value was: False
[2024-01-21T11:56:50.983-0800] {taskinstance.py:1327} INFO - Marking task as SUCCESS. dag_id=cron_catchup_backfill, task_id=taskChoose, execution_date=20240120T000000, start_date=20240121T195650, end_date=20240121T195650
[2024-01-21T11:56:51.039-0800] {local_task_job.py:212} INFO - Task exited with return code 0
[2024-01-21T11:56:51.059-0800] {taskinstance.py:2596} INFO - 1 downstream tasks scheduled from follow-on schedule check
