[2024-01-21T11:55:49.408-0800] {taskinstance.py:1090} INFO - Dependencies all met for dep_context=non-requeueable deps ti=<TaskInstance: cron_catchup_backfill.taskA scheduled__2024-01-16T00:00:00+00:00 [queued]>
[2024-01-21T11:55:49.420-0800] {taskinstance.py:1090} INFO - Dependencies all met for dep_context=requeueable deps ti=<TaskInstance: cron_catchup_backfill.taskA scheduled__2024-01-16T00:00:00+00:00 [queued]>
[2024-01-21T11:55:49.421-0800] {taskinstance.py:1288} INFO - 
--------------------------------------------------------------------------------
[2024-01-21T11:55:49.421-0800] {taskinstance.py:1289} INFO - Starting attempt 1 of 1
[2024-01-21T11:55:49.421-0800] {taskinstance.py:1290} INFO - 
--------------------------------------------------------------------------------
[2024-01-21T11:55:49.448-0800] {taskinstance.py:1309} INFO - Executing <Task(BashOperator): taskA> on 2024-01-16 00:00:00+00:00
[2024-01-21T11:55:49.458-0800] {standard_task_runner.py:55} INFO - Started process 362 to run task
[2024-01-21T11:55:49.478-0800] {standard_task_runner.py:82} INFO - Running: ['airflow', 'tasks', 'run', 'cron_catchup_backfill', 'taskA', 'scheduled__2024-01-16T00:00:00+00:00', '--job-id', '95', '--raw', '--subdir', 'DAGS_FOLDER/executing_cron_catchup_backfill.py', '--cfg-path', '/tmp/tmpf0scg4at']
[2024-01-21T11:55:49.483-0800] {standard_task_runner.py:83} INFO - Job 95: Subtask taskA
[2024-01-21T11:55:49.552-0800] {task_command.py:389} INFO - Running <TaskInstance: cron_catchup_backfill.taskA scheduled__2024-01-16T00:00:00+00:00 [running]> on host Mittu.
[2024-01-21T11:55:49.627-0800] {taskinstance.py:1516} INFO - Exporting the following env vars:
AIRFLOW_CTX_DAG_OWNER=madhu
AIRFLOW_CTX_DAG_ID=cron_catchup_backfill
AIRFLOW_CTX_TASK_ID=taskA
AIRFLOW_CTX_EXECUTION_DATE=2024-01-16T00:00:00+00:00
AIRFLOW_CTX_TRY_NUMBER=1
AIRFLOW_CTX_DAG_RUN_ID=scheduled__2024-01-16T00:00:00+00:00
[2024-01-21T11:55:49.628-0800] {subprocess.py:63} INFO - Tmp dir root location: 
 /tmp
[2024-01-21T11:55:49.629-0800] {subprocess.py:75} INFO - Running command: ['/usr/bin/bash', '-c', 'echo TASK A has executed!']
[2024-01-21T11:55:49.635-0800] {subprocess.py:86} INFO - Output:
[2024-01-21T11:55:49.637-0800] {subprocess.py:93} INFO - TASK A has executed!
[2024-01-21T11:55:49.638-0800] {subprocess.py:97} INFO - Command exited with return code 0
[2024-01-21T11:55:49.666-0800] {taskinstance.py:1327} INFO - Marking task as SUCCESS. dag_id=cron_catchup_backfill, task_id=taskA, execution_date=20240116T000000, start_date=20240121T195549, end_date=20240121T195549
[2024-01-21T11:55:49.694-0800] {local_task_job.py:212} INFO - Task exited with return code 0
[2024-01-21T11:55:49.714-0800] {taskinstance.py:2596} INFO - 1 downstream tasks scheduled from follow-on schedule check
