[2024-01-20T11:16:44.317-0800] {taskinstance.py:1090} INFO - Dependencies all met for dep_context=non-requeueable deps ti=<TaskInstance: execute_python_operators.taskA manual__2024-01-20T19:16:41.738829+00:00 [queued]>
[2024-01-20T11:16:44.325-0800] {taskinstance.py:1090} INFO - Dependencies all met for dep_context=requeueable deps ti=<TaskInstance: execute_python_operators.taskA manual__2024-01-20T19:16:41.738829+00:00 [queued]>
[2024-01-20T11:16:44.326-0800] {taskinstance.py:1288} INFO - 
--------------------------------------------------------------------------------
[2024-01-20T11:16:44.326-0800] {taskinstance.py:1289} INFO - Starting attempt 1 of 1
[2024-01-20T11:16:44.326-0800] {taskinstance.py:1290} INFO - 
--------------------------------------------------------------------------------
[2024-01-20T11:16:44.356-0800] {taskinstance.py:1309} INFO - Executing <Task(PythonOperator): taskA> on 2024-01-20 19:16:41.738829+00:00
[2024-01-20T11:16:44.359-0800] {standard_task_runner.py:55} INFO - Started process 2360 to run task
[2024-01-20T11:16:44.365-0800] {standard_task_runner.py:82} INFO - Running: ['airflow', 'tasks', 'run', 'execute_python_operators', 'taskA', 'manual__2024-01-20T19:16:41.738829+00:00', '--job-id', '23', '--raw', '--subdir', 'DAGS_FOLDER/execute_python_operators.py', '--cfg-path', '/tmp/tmp6kfke8fy']
[2024-01-20T11:16:44.367-0800] {standard_task_runner.py:83} INFO - Job 23: Subtask taskA
[2024-01-20T11:16:44.433-0800] {task_command.py:389} INFO - Running <TaskInstance: execute_python_operators.taskA manual__2024-01-20T19:16:41.738829+00:00 [running]> on host Mittu.
[2024-01-20T11:16:44.508-0800] {taskinstance.py:1516} INFO - Exporting the following env vars:
AIRFLOW_CTX_DAG_OWNER=loonycorn
AIRFLOW_CTX_DAG_ID=execute_python_operators
AIRFLOW_CTX_TASK_ID=taskA
AIRFLOW_CTX_EXECUTION_DATE=2024-01-20T19:16:41.738829+00:00
AIRFLOW_CTX_TRY_NUMBER=1
AIRFLOW_CTX_DAG_RUN_ID=manual__2024-01-20T19:16:41.738829+00:00
[2024-01-20T11:16:44.509-0800] {logging_mixin.py:137} INFO - TASK A executed!
[2024-01-20T11:16:44.509-0800] {python.py:177} INFO - Done. Returned value was: None
[2024-01-20T11:16:44.513-0800] {taskinstance.py:1327} INFO - Marking task as SUCCESS. dag_id=execute_python_operators, task_id=taskA, execution_date=20240120T191641, start_date=20240120T191644, end_date=20240120T191644
[2024-01-20T11:16:44.574-0800] {local_task_job.py:212} INFO - Task exited with return code 0
[2024-01-20T11:16:44.590-0800] {taskinstance.py:2596} INFO - 2 downstream tasks scheduled from follow-on schedule check
