[2024-01-20T11:37:08.683-0800] {taskinstance.py:1090} INFO - Dependencies all met for dep_context=non-requeueable deps ti=<TaskInstance: cross_task_communication.print_value manual__2024-01-20T19:36:45.106099+00:00 [queued]>
[2024-01-20T11:37:08.698-0800] {taskinstance.py:1090} INFO - Dependencies all met for dep_context=requeueable deps ti=<TaskInstance: cross_task_communication.print_value manual__2024-01-20T19:36:45.106099+00:00 [queued]>
[2024-01-20T11:37:08.698-0800] {taskinstance.py:1288} INFO - 
--------------------------------------------------------------------------------
[2024-01-20T11:37:08.698-0800] {taskinstance.py:1289} INFO - Starting attempt 1 of 1
[2024-01-20T11:37:08.698-0800] {taskinstance.py:1290} INFO - 
--------------------------------------------------------------------------------
[2024-01-20T11:37:08.724-0800] {taskinstance.py:1309} INFO - Executing <Task(PythonOperator): print_value> on 2024-01-20 19:36:45.106099+00:00
[2024-01-20T11:37:08.727-0800] {standard_task_runner.py:55} INFO - Started process 4280 to run task
[2024-01-20T11:37:08.731-0800] {standard_task_runner.py:82} INFO - Running: ['airflow', 'tasks', 'run', 'cross_task_communication', 'print_value', 'manual__2024-01-20T19:36:45.106099+00:00', '--job-id', '36', '--raw', '--subdir', 'DAGS_FOLDER/cross_task_communication.py', '--cfg-path', '/tmp/tmpgt_lse5b']
[2024-01-20T11:37:08.733-0800] {standard_task_runner.py:83} INFO - Job 36: Subtask print_value
[2024-01-20T11:37:08.820-0800] {task_command.py:389} INFO - Running <TaskInstance: cross_task_communication.print_value manual__2024-01-20T19:36:45.106099+00:00 [running]> on host Mittu.
[2024-01-20T11:37:08.923-0800] {taskinstance.py:1516} INFO - Exporting the following env vars:
AIRFLOW_CTX_DAG_OWNER=loonycorn
AIRFLOW_CTX_DAG_ID=cross_task_communication
AIRFLOW_CTX_TASK_ID=print_value
AIRFLOW_CTX_EXECUTION_DATE=2024-01-20T19:36:45.106099+00:00
AIRFLOW_CTX_TRY_NUMBER=1
AIRFLOW_CTX_DAG_RUN_ID=manual__2024-01-20T19:36:45.106099+00:00
[2024-01-20T11:37:08.932-0800] {logging_mixin.py:137} INFO - Value 191!
[2024-01-20T11:37:08.932-0800] {python.py:177} INFO - Done. Returned value was: None
[2024-01-20T11:37:08.937-0800] {taskinstance.py:1327} INFO - Marking task as SUCCESS. dag_id=cross_task_communication, task_id=print_value, execution_date=20240120T193645, start_date=20240120T193708, end_date=20240120T193708
[2024-01-20T11:37:08.983-0800] {local_task_job.py:212} INFO - Task exited with return code 0
[2024-01-20T11:37:08.998-0800] {taskinstance.py:2596} INFO - 0 downstream tasks scheduled from follow-on schedule check
