[2024-01-20T16:00:21.043-0800] {taskinstance.py:1090} INFO - Dependencies all met for dep_context=non-requeueable deps ti=<TaskInstance: execute_python_operators.greet_hello scheduled__2024-01-20T00:00:00+00:00 [queued]>
[2024-01-20T16:00:21.113-0800] {taskinstance.py:1090} INFO - Dependencies all met for dep_context=requeueable deps ti=<TaskInstance: execute_python_operators.greet_hello scheduled__2024-01-20T00:00:00+00:00 [queued]>
[2024-01-20T16:00:21.114-0800] {taskinstance.py:1288} INFO - 
--------------------------------------------------------------------------------
[2024-01-20T16:00:21.115-0800] {taskinstance.py:1289} INFO - Starting attempt 1 of 1
[2024-01-20T16:00:21.115-0800] {taskinstance.py:1290} INFO - 
--------------------------------------------------------------------------------
[2024-01-20T16:00:21.225-0800] {taskinstance.py:1309} INFO - Executing <Task(PythonOperator): greet_hello> on 2024-01-20 00:00:00+00:00
[2024-01-20T16:00:21.246-0800] {standard_task_runner.py:55} INFO - Started process 31233 to run task
[2024-01-20T16:00:21.271-0800] {standard_task_runner.py:82} INFO - Running: ['airflow', 'tasks', 'run', 'execute_python_operators', 'greet_hello', 'scheduled__2024-01-20T00:00:00+00:00', '--job-id', '68', '--raw', '--subdir', 'DAGS_FOLDER/execute_python_operators.py', '--cfg-path', '/tmp/tmpq_lqe6z4']
[2024-01-20T16:00:21.280-0800] {standard_task_runner.py:83} INFO - Job 68: Subtask greet_hello
[2024-01-20T16:00:21.702-0800] {task_command.py:389} INFO - Running <TaskInstance: execute_python_operators.greet_hello scheduled__2024-01-20T00:00:00+00:00 [running]> on host Mittu.
[2024-01-20T16:00:22.109-0800] {taskinstance.py:1516} INFO - Exporting the following env vars:
AIRFLOW_CTX_DAG_OWNER=madhu
AIRFLOW_CTX_DAG_ID=execute_python_operators
AIRFLOW_CTX_TASK_ID=greet_hello
AIRFLOW_CTX_EXECUTION_DATE=2024-01-20T00:00:00+00:00
AIRFLOW_CTX_TRY_NUMBER=1
AIRFLOW_CTX_DAG_RUN_ID=scheduled__2024-01-20T00:00:00+00:00
[2024-01-20T16:00:22.121-0800] {logging_mixin.py:137} INFO - Hello, Desmond!
[2024-01-20T16:00:22.122-0800] {python.py:177} INFO - Done. Returned value was: None
[2024-01-20T16:00:22.145-0800] {taskinstance.py:1327} INFO - Marking task as SUCCESS. dag_id=execute_python_operators, task_id=greet_hello, execution_date=20240120T000000, start_date=20240121T000021, end_date=20240121T000022
[2024-01-20T16:00:22.258-0800] {local_task_job.py:212} INFO - Task exited with return code 0
[2024-01-20T16:00:22.331-0800] {taskinstance.py:2596} INFO - 1 downstream tasks scheduled from follow-on schedule check
