[2024-01-20T11:37:02.787-0800] {taskinstance.py:1090} INFO - Dependencies all met for dep_context=non-requeueable deps ti=<TaskInstance: cross_task_communication.subtract_9 manual__2024-01-20T19:36:45.106099+00:00 [queued]>
[2024-01-20T11:37:02.801-0800] {taskinstance.py:1090} INFO - Dependencies all met for dep_context=requeueable deps ti=<TaskInstance: cross_task_communication.subtract_9 manual__2024-01-20T19:36:45.106099+00:00 [queued]>
[2024-01-20T11:37:02.801-0800] {taskinstance.py:1288} INFO - 
--------------------------------------------------------------------------------
[2024-01-20T11:37:02.801-0800] {taskinstance.py:1289} INFO - Starting attempt 1 of 1
[2024-01-20T11:37:02.801-0800] {taskinstance.py:1290} INFO - 
--------------------------------------------------------------------------------
[2024-01-20T11:37:02.829-0800] {taskinstance.py:1309} INFO - Executing <Task(PythonOperator): subtract_9> on 2024-01-20 19:36:45.106099+00:00
[2024-01-20T11:37:02.832-0800] {standard_task_runner.py:55} INFO - Started process 4267 to run task
[2024-01-20T11:37:02.835-0800] {standard_task_runner.py:82} INFO - Running: ['airflow', 'tasks', 'run', 'cross_task_communication', 'subtract_9', 'manual__2024-01-20T19:36:45.106099+00:00', '--job-id', '34', '--raw', '--subdir', 'DAGS_FOLDER/cross_task_communication.py', '--cfg-path', '/tmp/tmp2g8fcrnj']
[2024-01-20T11:37:02.837-0800] {standard_task_runner.py:83} INFO - Job 34: Subtask subtract_9
[2024-01-20T11:37:02.915-0800] {task_command.py:389} INFO - Running <TaskInstance: cross_task_communication.subtract_9 manual__2024-01-20T19:36:45.106099+00:00 [running]> on host Mittu.
[2024-01-20T11:37:02.999-0800] {taskinstance.py:1516} INFO - Exporting the following env vars:
AIRFLOW_CTX_DAG_OWNER=loonycorn
AIRFLOW_CTX_DAG_ID=cross_task_communication
AIRFLOW_CTX_TASK_ID=subtract_9
AIRFLOW_CTX_EXECUTION_DATE=2024-01-20T19:36:45.106099+00:00
AIRFLOW_CTX_TRY_NUMBER=1
AIRFLOW_CTX_DAG_RUN_ID=manual__2024-01-20T19:36:45.106099+00:00
[2024-01-20T11:37:03.007-0800] {logging_mixin.py:137} INFO - Value 200!
[2024-01-20T11:37:03.008-0800] {python.py:177} INFO - Done. Returned value was: 191
[2024-01-20T11:37:03.035-0800] {taskinstance.py:1327} INFO - Marking task as SUCCESS. dag_id=cross_task_communication, task_id=subtract_9, execution_date=20240120T193645, start_date=20240120T193702, end_date=20240120T193703
[2024-01-20T11:37:03.088-0800] {local_task_job.py:212} INFO - Task exited with return code 0
[2024-01-20T11:37:03.107-0800] {taskinstance.py:2596} INFO - 1 downstream tasks scheduled from follow-on schedule check
