[2024-01-20T11:19:59.057-0800] {taskinstance.py:1090} INFO - Dependencies all met for dep_context=non-requeueable deps ti=<TaskInstance: execute_python_operators.greet_hello_with_city manual__2024-01-20T19:19:51.819039+00:00 [queued]>
[2024-01-20T11:19:59.068-0800] {taskinstance.py:1090} INFO - Dependencies all met for dep_context=requeueable deps ti=<TaskInstance: execute_python_operators.greet_hello_with_city manual__2024-01-20T19:19:51.819039+00:00 [queued]>
[2024-01-20T11:19:59.068-0800] {taskinstance.py:1288} INFO - 
--------------------------------------------------------------------------------
[2024-01-20T11:19:59.069-0800] {taskinstance.py:1289} INFO - Starting attempt 1 of 1
[2024-01-20T11:19:59.069-0800] {taskinstance.py:1290} INFO - 
--------------------------------------------------------------------------------
[2024-01-20T11:19:59.100-0800] {taskinstance.py:1309} INFO - Executing <Task(PythonOperator): greet_hello_with_city> on 2024-01-20 19:19:51.819039+00:00
[2024-01-20T11:19:59.102-0800] {standard_task_runner.py:55} INFO - Started process 2671 to run task
[2024-01-20T11:19:59.106-0800] {standard_task_runner.py:82} INFO - Running: ['airflow', 'tasks', 'run', 'execute_python_operators', 'greet_hello_with_city', 'manual__2024-01-20T19:19:51.819039+00:00', '--job-id', '28', '--raw', '--subdir', 'DAGS_FOLDER/execute_python_operators.py', '--cfg-path', '/tmp/tmpzyx2k0aj']
[2024-01-20T11:19:59.107-0800] {standard_task_runner.py:83} INFO - Job 28: Subtask greet_hello_with_city
[2024-01-20T11:19:59.181-0800] {task_command.py:389} INFO - Running <TaskInstance: execute_python_operators.greet_hello_with_city manual__2024-01-20T19:19:51.819039+00:00 [running]> on host Mittu.
[2024-01-20T11:19:59.275-0800] {taskinstance.py:1516} INFO - Exporting the following env vars:
AIRFLOW_CTX_DAG_OWNER=loonycorn
AIRFLOW_CTX_DAG_ID=execute_python_operators
AIRFLOW_CTX_TASK_ID=greet_hello_with_city
AIRFLOW_CTX_EXECUTION_DATE=2024-01-20T19:19:51.819039+00:00
AIRFLOW_CTX_TRY_NUMBER=1
AIRFLOW_CTX_DAG_RUN_ID=manual__2024-01-20T19:19:51.819039+00:00
[2024-01-20T11:19:59.276-0800] {logging_mixin.py:137} INFO - Hello, Louise from Seattle
[2024-01-20T11:19:59.276-0800] {python.py:177} INFO - Done. Returned value was: None
[2024-01-20T11:19:59.280-0800] {taskinstance.py:1327} INFO - Marking task as SUCCESS. dag_id=execute_python_operators, task_id=greet_hello_with_city, execution_date=20240120T191951, start_date=20240120T191959, end_date=20240120T191959
[2024-01-20T11:19:59.318-0800] {local_task_job.py:212} INFO - Task exited with return code 0
[2024-01-20T11:19:59.329-0800] {taskinstance.py:2596} INFO - 0 downstream tasks scheduled from follow-on schedule check
