[2024-01-20T11:16:46.075-0800] {taskinstance.py:1090} INFO - Dependencies all met for dep_context=non-requeueable deps ti=<TaskInstance: execute_python_operators.taskB manual__2024-01-20T19:16:41.738829+00:00 [queued]>
[2024-01-20T11:16:46.082-0800] {taskinstance.py:1090} INFO - Dependencies all met for dep_context=requeueable deps ti=<TaskInstance: execute_python_operators.taskB manual__2024-01-20T19:16:41.738829+00:00 [queued]>
[2024-01-20T11:16:46.082-0800] {taskinstance.py:1288} INFO - 
--------------------------------------------------------------------------------
[2024-01-20T11:16:46.082-0800] {taskinstance.py:1289} INFO - Starting attempt 1 of 1
[2024-01-20T11:16:46.082-0800] {taskinstance.py:1290} INFO - 
--------------------------------------------------------------------------------
[2024-01-20T11:16:46.102-0800] {taskinstance.py:1309} INFO - Executing <Task(PythonOperator): taskB> on 2024-01-20 19:16:41.738829+00:00
[2024-01-20T11:16:46.104-0800] {standard_task_runner.py:55} INFO - Started process 2365 to run task
[2024-01-20T11:16:46.107-0800] {standard_task_runner.py:82} INFO - Running: ['airflow', 'tasks', 'run', 'execute_python_operators', 'taskB', 'manual__2024-01-20T19:16:41.738829+00:00', '--job-id', '24', '--raw', '--subdir', 'DAGS_FOLDER/execute_python_operators.py', '--cfg-path', '/tmp/tmpjc27_sac']
[2024-01-20T11:16:46.108-0800] {standard_task_runner.py:83} INFO - Job 24: Subtask taskB
[2024-01-20T11:16:46.150-0800] {task_command.py:389} INFO - Running <TaskInstance: execute_python_operators.taskB manual__2024-01-20T19:16:41.738829+00:00 [running]> on host Mittu.
[2024-01-20T11:16:46.211-0800] {taskinstance.py:1516} INFO - Exporting the following env vars:
AIRFLOW_CTX_DAG_OWNER=loonycorn
AIRFLOW_CTX_DAG_ID=execute_python_operators
AIRFLOW_CTX_TASK_ID=taskB
AIRFLOW_CTX_EXECUTION_DATE=2024-01-20T19:16:41.738829+00:00
AIRFLOW_CTX_TRY_NUMBER=1
AIRFLOW_CTX_DAG_RUN_ID=manual__2024-01-20T19:16:41.738829+00:00
[2024-01-20T11:16:51.215-0800] {logging_mixin.py:137} INFO - TASK B executed!
[2024-01-20T11:16:51.215-0800] {python.py:177} INFO - Done. Returned value was: None
[2024-01-20T11:16:51.220-0800] {taskinstance.py:1327} INFO - Marking task as SUCCESS. dag_id=execute_python_operators, task_id=taskB, execution_date=20240120T191641, start_date=20240120T191646, end_date=20240120T191651
[2024-01-20T11:16:51.272-0800] {local_task_job.py:212} INFO - Task exited with return code 0
[2024-01-20T11:16:51.287-0800] {taskinstance.py:2596} INFO - 0 downstream tasks scheduled from follow-on schedule check
