[2024-01-20T11:09:42.466-0800] {taskinstance.py:1090} INFO - Dependencies all met for dep_context=non-requeueable deps ti=<TaskInstance: execute_python_operators.python_task manual__2024-01-20T19:09:37.277430+00:00 [queued]>
[2024-01-20T11:09:42.485-0800] {taskinstance.py:1090} INFO - Dependencies all met for dep_context=requeueable deps ti=<TaskInstance: execute_python_operators.python_task manual__2024-01-20T19:09:37.277430+00:00 [queued]>
[2024-01-20T11:09:42.485-0800] {taskinstance.py:1288} INFO - 
--------------------------------------------------------------------------------
[2024-01-20T11:09:42.485-0800] {taskinstance.py:1289} INFO - Starting attempt 1 of 1
[2024-01-20T11:09:42.486-0800] {taskinstance.py:1290} INFO - 
--------------------------------------------------------------------------------
[2024-01-20T11:09:42.527-0800] {taskinstance.py:1309} INFO - Executing <Task(PythonOperator): python_task> on 2024-01-20 19:09:37.277430+00:00
[2024-01-20T11:09:42.531-0800] {standard_task_runner.py:55} INFO - Started process 1699 to run task
[2024-01-20T11:09:42.550-0800] {standard_task_runner.py:82} INFO - Running: ['airflow', 'tasks', 'run', 'execute_python_operators', 'python_task', 'manual__2024-01-20T19:09:37.277430+00:00', '--job-id', '16', '--raw', '--subdir', 'DAGS_FOLDER/execute_python_operators.py', '--cfg-path', '/tmp/tmpyzz4z5h0']
[2024-01-20T11:09:42.554-0800] {standard_task_runner.py:83} INFO - Job 16: Subtask python_task
[2024-01-20T11:09:42.651-0800] {task_command.py:389} INFO - Running <TaskInstance: execute_python_operators.python_task manual__2024-01-20T19:09:37.277430+00:00 [running]> on host Mittu.
[2024-01-20T11:09:42.719-0800] {taskinstance.py:1516} INFO - Exporting the following env vars:
AIRFLOW_CTX_DAG_OWNER=madhu
AIRFLOW_CTX_DAG_ID=execute_python_operators
AIRFLOW_CTX_TASK_ID=python_task
AIRFLOW_CTX_EXECUTION_DATE=2024-01-20T19:09:37.277430+00:00
AIRFLOW_CTX_TRY_NUMBER=1
AIRFLOW_CTX_DAG_RUN_ID=manual__2024-01-20T19:09:37.277430+00:00
[2024-01-20T11:09:42.720-0800] {logging_mixin.py:137} INFO - The simplest possible Python operator!
[2024-01-20T11:09:42.720-0800] {python.py:177} INFO - Done. Returned value was: None
[2024-01-20T11:09:42.724-0800] {taskinstance.py:1327} INFO - Marking task as SUCCESS. dag_id=execute_python_operators, task_id=python_task, execution_date=20240120T190937, start_date=20240120T190942, end_date=20240120T190942
[2024-01-20T11:09:42.750-0800] {local_task_job.py:212} INFO - Task exited with return code 0
[2024-01-20T11:09:42.760-0800] {taskinstance.py:2596} INFO - 0 downstream tasks scheduled from follow-on schedule check
