[2024-01-20T16:00:47.569-0800] {taskinstance.py:1090} INFO - Dependencies all met for dep_context=non-requeueable deps ti=<TaskInstance: cross_task_communication.subtract_9 scheduled__2024-01-20T00:00:00+00:00 [queued]>
[2024-01-20T16:00:47.591-0800] {taskinstance.py:1090} INFO - Dependencies all met for dep_context=requeueable deps ti=<TaskInstance: cross_task_communication.subtract_9 scheduled__2024-01-20T00:00:00+00:00 [queued]>
[2024-01-20T16:00:47.591-0800] {taskinstance.py:1288} INFO - 
--------------------------------------------------------------------------------
[2024-01-20T16:00:47.591-0800] {taskinstance.py:1289} INFO - Starting attempt 1 of 1
[2024-01-20T16:00:47.592-0800] {taskinstance.py:1290} INFO - 
--------------------------------------------------------------------------------
[2024-01-20T16:00:47.623-0800] {taskinstance.py:1309} INFO - Executing <Task(PythonOperator): subtract_9> on 2024-01-20 00:00:00+00:00
[2024-01-20T16:00:47.628-0800] {standard_task_runner.py:55} INFO - Started process 31315 to run task
[2024-01-20T16:00:47.634-0800] {standard_task_runner.py:82} INFO - Running: ['airflow', 'tasks', 'run', 'cross_task_communication', 'subtract_9', 'scheduled__2024-01-20T00:00:00+00:00', '--job-id', '72', '--raw', '--subdir', 'DAGS_FOLDER/cross_task_communication.py', '--cfg-path', '/tmp/tmpsyi0xpko']
[2024-01-20T16:00:47.637-0800] {standard_task_runner.py:83} INFO - Job 72: Subtask subtract_9
[2024-01-20T16:00:47.753-0800] {task_command.py:389} INFO - Running <TaskInstance: cross_task_communication.subtract_9 scheduled__2024-01-20T00:00:00+00:00 [running]> on host Mittu.
[2024-01-20T16:00:47.889-0800] {taskinstance.py:1516} INFO - Exporting the following env vars:
AIRFLOW_CTX_DAG_OWNER=madhu
AIRFLOW_CTX_DAG_ID=cross_task_communication
AIRFLOW_CTX_TASK_ID=subtract_9
AIRFLOW_CTX_EXECUTION_DATE=2024-01-20T00:00:00+00:00
AIRFLOW_CTX_TRY_NUMBER=1
AIRFLOW_CTX_DAG_RUN_ID=scheduled__2024-01-20T00:00:00+00:00
[2024-01-20T16:00:47.907-0800] {logging_mixin.py:137} INFO - Value 200!
[2024-01-20T16:00:47.908-0800] {python.py:177} INFO - Done. Returned value was: 191
[2024-01-20T16:00:47.953-0800] {taskinstance.py:1327} INFO - Marking task as SUCCESS. dag_id=cross_task_communication, task_id=subtract_9, execution_date=20240120T000000, start_date=20240121T000047, end_date=20240121T000047
[2024-01-20T16:00:48.009-0800] {local_task_job.py:212} INFO - Task exited with return code 0
[2024-01-20T16:00:48.041-0800] {taskinstance.py:2596} INFO - 1 downstream tasks scheduled from follow-on schedule check
