[2024-01-19T21:50:49.546-0800] {taskinstance.py:1090} INFO - Dependencies all met for dep_context=non-requeueable deps ti=<TaskInstance: helloworld.hello_world_task manual__2024-01-20T05:50:46.298201+00:00 [queued]>
[2024-01-19T21:50:49.554-0800] {taskinstance.py:1090} INFO - Dependencies all met for dep_context=requeueable deps ti=<TaskInstance: helloworld.hello_world_task manual__2024-01-20T05:50:46.298201+00:00 [queued]>
[2024-01-19T21:50:49.554-0800] {taskinstance.py:1288} INFO - 
--------------------------------------------------------------------------------
[2024-01-19T21:50:49.554-0800] {taskinstance.py:1289} INFO - Starting attempt 1 of 1
[2024-01-19T21:50:49.554-0800] {taskinstance.py:1290} INFO - 
--------------------------------------------------------------------------------
[2024-01-19T21:50:49.601-0800] {taskinstance.py:1309} INFO - Executing <Task(BashOperator): hello_world_task> on 2024-01-20 05:50:46.298201+00:00
[2024-01-19T21:50:49.610-0800] {standard_task_runner.py:55} INFO - Started process 22207 to run task
[2024-01-19T21:50:49.621-0800] {standard_task_runner.py:82} INFO - Running: ['airflow', 'tasks', 'run', 'helloworld', 'hello_world_task', 'manual__2024-01-20T05:50:46.298201+00:00', '--job-id', '6', '--raw', '--subdir', 'DAGS_FOLDER/simple_hello_world.py', '--cfg-path', '/tmp/tmpgx79xn8y']
[2024-01-19T21:50:49.623-0800] {standard_task_runner.py:83} INFO - Job 6: Subtask hello_world_task
[2024-01-19T21:50:49.723-0800] {task_command.py:389} INFO - Running <TaskInstance: helloworld.hello_world_task manual__2024-01-20T05:50:46.298201+00:00 [running]> on host Mittu.
[2024-01-19T21:50:49.934-0800] {taskinstance.py:1516} INFO - Exporting the following env vars:
AIRFLOW_CTX_DAG_OWNER=madhu
AIRFLOW_CTX_DAG_ID=helloworld
AIRFLOW_CTX_TASK_ID=hello_world_task
AIRFLOW_CTX_EXECUTION_DATE=2024-01-20T05:50:46.298201+00:00
AIRFLOW_CTX_TRY_NUMBER=1
AIRFLOW_CTX_DAG_RUN_ID=manual__2024-01-20T05:50:46.298201+00:00
[2024-01-19T21:50:49.935-0800] {subprocess.py:63} INFO - Tmp dir root location: 
 /tmp
[2024-01-19T21:50:49.937-0800] {subprocess.py:75} INFO - Running command: ['/usr/bin/bash', '-c', 'echo Hello world!']
[2024-01-19T21:50:49.942-0800] {subprocess.py:86} INFO - Output:
[2024-01-19T21:50:49.944-0800] {subprocess.py:93} INFO - Hello world!
[2024-01-19T21:50:49.944-0800] {subprocess.py:97} INFO - Command exited with return code 0
[2024-01-19T21:50:49.967-0800] {taskinstance.py:1327} INFO - Marking task as SUCCESS. dag_id=helloworld, task_id=hello_world_task, execution_date=20240120T055046, start_date=20240120T055049, end_date=20240120T055049
[2024-01-19T21:50:50.029-0800] {local_task_job.py:212} INFO - Task exited with return code 0
[2024-01-19T21:50:50.040-0800] {taskinstance.py:2596} INFO - 0 downstream tasks scheduled from follow-on schedule check
