[2024-01-21T11:35:21.033-0800] {taskinstance.py:1090} INFO - Dependencies all met for dep_context=non-requeueable deps ti=<TaskInstance: executing_sql_pipeline.display_result manual__2024-01-21T19:35:07.934519+00:00 [queued]>
[2024-01-21T11:35:21.042-0800] {taskinstance.py:1090} INFO - Dependencies all met for dep_context=requeueable deps ti=<TaskInstance: executing_sql_pipeline.display_result manual__2024-01-21T19:35:07.934519+00:00 [queued]>
[2024-01-21T11:35:21.043-0800] {taskinstance.py:1288} INFO - 
--------------------------------------------------------------------------------
[2024-01-21T11:35:21.043-0800] {taskinstance.py:1289} INFO - Starting attempt 1 of 1
[2024-01-21T11:35:21.043-0800] {taskinstance.py:1290} INFO - 
--------------------------------------------------------------------------------
[2024-01-21T11:35:21.067-0800] {taskinstance.py:1309} INFO - Executing <Task(SqliteOperator): display_result> on 2024-01-21 19:35:07.934519+00:00
[2024-01-21T11:35:21.070-0800] {standard_task_runner.py:55} INFO - Started process 30653 to run task
[2024-01-21T11:35:21.073-0800] {standard_task_runner.py:82} INFO - Running: ['airflow', 'tasks', 'run', 'executing_sql_pipeline', 'display_result', 'manual__2024-01-21T19:35:07.934519+00:00', '--job-id', '88', '--raw', '--subdir', 'DAGS_FOLDER/executing_sql_pipeline.py', '--cfg-path', '/tmp/tmp4h3b641i']
[2024-01-21T11:35:21.074-0800] {standard_task_runner.py:83} INFO - Job 88: Subtask display_result
[2024-01-21T11:35:21.126-0800] {task_command.py:389} INFO - Running <TaskInstance: executing_sql_pipeline.display_result manual__2024-01-21T19:35:07.934519+00:00 [running]> on host Mittu.
[2024-01-21T11:35:21.192-0800] {taskinstance.py:1516} INFO - Exporting the following env vars:
AIRFLOW_CTX_DAG_OWNER=madhu
AIRFLOW_CTX_DAG_ID=executing_sql_pipeline
AIRFLOW_CTX_TASK_ID=display_result
AIRFLOW_CTX_EXECUTION_DATE=2024-01-21T19:35:07.934519+00:00
AIRFLOW_CTX_TRY_NUMBER=1
AIRFLOW_CTX_DAG_RUN_ID=manual__2024-01-21T19:35:07.934519+00:00
[2024-01-21T11:35:21.193-0800] {sql.py:254} INFO - Executing: SELECT * FROM users
[2024-01-21T11:35:21.196-0800] {base.py:73} INFO - Using connection ID 'my_sqlite_conn' for task execution.
[2024-01-21T11:35:21.270-0800] {base.py:73} INFO - Using connection ID 'my_sqlite_conn' for task execution.
[2024-01-21T11:35:21.271-0800] {sql.py:375} INFO - Running statement: SELECT * FROM users, parameters: None
[2024-01-21T11:35:21.292-0800] {taskinstance.py:1327} INFO - Marking task as SUCCESS. dag_id=executing_sql_pipeline, task_id=display_result, execution_date=20240121T193507, start_date=20240121T193521, end_date=20240121T193521
[2024-01-21T11:35:21.326-0800] {local_task_job.py:212} INFO - Task exited with return code 0
[2024-01-21T11:35:21.338-0800] {taskinstance.py:2596} INFO - 0 downstream tasks scheduled from follow-on schedule check
