[2024-01-21T12:04:23.395-0800] {taskinstance.py:1090} INFO - Dependencies all met for dep_context=non-requeueable deps ti=<TaskInstance: cron_catchup_backfill.taskA scheduled__2023-12-30T12:00:00+00:00 [queued]>
[2024-01-21T12:04:23.414-0800] {taskinstance.py:1090} INFO - Dependencies all met for dep_context=requeueable deps ti=<TaskInstance: cron_catchup_backfill.taskA scheduled__2023-12-30T12:00:00+00:00 [queued]>
[2024-01-21T12:04:23.414-0800] {taskinstance.py:1288} INFO - 
--------------------------------------------------------------------------------
[2024-01-21T12:04:23.414-0800] {taskinstance.py:1289} INFO - Starting attempt 1 of 1
[2024-01-21T12:04:23.414-0800] {taskinstance.py:1290} INFO - 
--------------------------------------------------------------------------------
[2024-01-21T12:04:23.448-0800] {taskinstance.py:1309} INFO - Executing <Task(BashOperator): taskA> on 2023-12-30 12:00:00+00:00
[2024-01-21T12:04:23.453-0800] {standard_task_runner.py:55} INFO - Started process 1547 to run task
[2024-01-21T12:04:23.459-0800] {standard_task_runner.py:82} INFO - Running: ['airflow', 'tasks', 'run', 'cron_catchup_backfill', 'taskA', 'scheduled__2023-12-30T12:00:00+00:00', '--job-id', '104', '--raw', '--subdir', 'DAGS_FOLDER/executing_cron_catchup_backfill.py', '--cfg-path', '/tmp/tmpy0hast1n']
[2024-01-21T12:04:23.463-0800] {standard_task_runner.py:83} INFO - Job 104: Subtask taskA
[2024-01-21T12:04:23.547-0800] {task_command.py:389} INFO - Running <TaskInstance: cron_catchup_backfill.taskA scheduled__2023-12-30T12:00:00+00:00 [running]> on host Mittu.
[2024-01-21T12:04:23.663-0800] {taskinstance.py:1516} INFO - Exporting the following env vars:
AIRFLOW_CTX_DAG_OWNER=madhu
AIRFLOW_CTX_DAG_ID=cron_catchup_backfill
AIRFLOW_CTX_TASK_ID=taskA
AIRFLOW_CTX_EXECUTION_DATE=2023-12-30T12:00:00+00:00
AIRFLOW_CTX_TRY_NUMBER=1
AIRFLOW_CTX_DAG_RUN_ID=scheduled__2023-12-30T12:00:00+00:00
[2024-01-21T12:04:23.665-0800] {subprocess.py:63} INFO - Tmp dir root location: 
 /tmp
[2024-01-21T12:04:23.666-0800] {subprocess.py:75} INFO - Running command: ['/usr/bin/bash', '-c', 'echo TASK A has executed!']
[2024-01-21T12:04:23.675-0800] {subprocess.py:86} INFO - Output:
[2024-01-21T12:04:23.676-0800] {subprocess.py:93} INFO - TASK A has executed!
[2024-01-21T12:04:23.676-0800] {subprocess.py:97} INFO - Command exited with return code 0
[2024-01-21T12:04:23.707-0800] {taskinstance.py:1327} INFO - Marking task as SUCCESS. dag_id=cron_catchup_backfill, task_id=taskA, execution_date=20231230T120000, start_date=20240121T200423, end_date=20240121T200423
[2024-01-21T12:04:23.754-0800] {local_task_job.py:212} INFO - Task exited with return code 0
[2024-01-21T12:04:23.786-0800] {taskinstance.py:2596} INFO - 1 downstream tasks scheduled from follow-on schedule check
