[2024-01-21T11:52:32.203-0800] {processor.py:153} INFO - Started process (PID=32431) to work on /home/mirukulla/airflow/dags/branch_with_taskgroups_edgelabels.py
[2024-01-21T11:52:32.205-0800] {processor.py:743} INFO - Processing file /home/mirukulla/airflow/dags/branch_with_taskgroups_edgelabels.py for tasks to queue
[2024-01-21T11:52:32.206-0800] {logging_mixin.py:137} INFO - [2024-01-21T11:52:32.206-0800] {dagbag.py:532} INFO - Filling up the DagBag from /home/mirukulla/airflow/dags/branch_with_taskgroups_edgelabels.py
[2024-01-21T11:52:32.414-0800] {processor.py:753} INFO - DAG(s) dict_keys(['taskgroups_and_edgelabels']) retrieved from /home/mirukulla/airflow/dags/branch_with_taskgroups_edgelabels.py
[2024-01-21T11:52:32.648-0800] {logging_mixin.py:137} INFO - [2024-01-21T11:52:32.648-0800] {manager.py:504} INFO - Created Permission View: can read on DAG:taskgroups_and_edgelabels
[2024-01-21T11:52:32.686-0800] {logging_mixin.py:137} INFO - [2024-01-21T11:52:32.685-0800] {manager.py:504} INFO - Created Permission View: can edit on DAG:taskgroups_and_edgelabels
[2024-01-21T11:52:32.719-0800] {logging_mixin.py:137} INFO - [2024-01-21T11:52:32.718-0800] {manager.py:504} INFO - Created Permission View: can delete on DAG:taskgroups_and_edgelabels
[2024-01-21T11:52:32.720-0800] {logging_mixin.py:137} INFO - [2024-01-21T11:52:32.719-0800] {dag.py:2705} INFO - Sync 1 DAGs
[2024-01-21T11:52:32.752-0800] {logging_mixin.py:137} INFO - [2024-01-21T11:52:32.751-0800] {dag.py:2726} INFO - Creating ORM DAG for taskgroups_and_edgelabels
[2024-01-21T11:52:32.770-0800] {logging_mixin.py:137} INFO - [2024-01-21T11:52:32.770-0800] {dag.py:3452} INFO - Setting next_dagrun for taskgroups_and_edgelabels to 2024-01-20T00:00:00+00:00, run_after=2024-01-20T00:00:00+00:00
[2024-01-21T11:52:32.815-0800] {processor.py:175} INFO - Processing /home/mirukulla/airflow/dags/branch_with_taskgroups_edgelabels.py took 0.616 seconds
[2024-01-21T11:53:03.692-0800] {processor.py:153} INFO - Started process (PID=32485) to work on /home/mirukulla/airflow/dags/branch_with_taskgroups_edgelabels.py
[2024-01-21T11:53:03.693-0800] {processor.py:743} INFO - Processing file /home/mirukulla/airflow/dags/branch_with_taskgroups_edgelabels.py for tasks to queue
[2024-01-21T11:53:03.694-0800] {logging_mixin.py:137} INFO - [2024-01-21T11:53:03.694-0800] {dagbag.py:532} INFO - Filling up the DagBag from /home/mirukulla/airflow/dags/branch_with_taskgroups_edgelabels.py
[2024-01-21T11:53:03.871-0800] {processor.py:753} INFO - DAG(s) dict_keys(['taskgroups_and_edgelabels']) retrieved from /home/mirukulla/airflow/dags/branch_with_taskgroups_edgelabels.py
[2024-01-21T11:53:03.889-0800] {logging_mixin.py:137} INFO - [2024-01-21T11:53:03.888-0800] {dag.py:2705} INFO - Sync 1 DAGs
[2024-01-21T11:53:03.906-0800] {logging_mixin.py:137} INFO - [2024-01-21T11:53:03.906-0800] {dag.py:3452} INFO - Setting next_dagrun for taskgroups_and_edgelabels to 2024-01-20T00:00:00+00:00, run_after=2024-01-20T00:00:00+00:00
[2024-01-21T11:53:03.935-0800] {processor.py:175} INFO - Processing /home/mirukulla/airflow/dags/branch_with_taskgroups_edgelabels.py took 0.247 seconds
[2024-01-21T11:53:34.579-0800] {processor.py:153} INFO - Started process (PID=32539) to work on /home/mirukulla/airflow/dags/branch_with_taskgroups_edgelabels.py
[2024-01-21T11:53:34.582-0800] {processor.py:743} INFO - Processing file /home/mirukulla/airflow/dags/branch_with_taskgroups_edgelabels.py for tasks to queue
[2024-01-21T11:53:34.585-0800] {logging_mixin.py:137} INFO - [2024-01-21T11:53:34.584-0800] {dagbag.py:532} INFO - Filling up the DagBag from /home/mirukulla/airflow/dags/branch_with_taskgroups_edgelabels.py
[2024-01-21T11:53:34.861-0800] {processor.py:753} INFO - DAG(s) dict_keys(['taskgroups_and_edgelabels']) retrieved from /home/mirukulla/airflow/dags/branch_with_taskgroups_edgelabels.py
[2024-01-21T11:53:34.882-0800] {logging_mixin.py:137} INFO - [2024-01-21T11:53:34.881-0800] {dag.py:2705} INFO - Sync 1 DAGs
[2024-01-21T11:53:34.901-0800] {logging_mixin.py:137} INFO - [2024-01-21T11:53:34.901-0800] {dag.py:3452} INFO - Setting next_dagrun for taskgroups_and_edgelabels to 2024-01-20T00:00:00+00:00, run_after=2024-01-20T00:00:00+00:00
[2024-01-21T11:53:34.934-0800] {processor.py:175} INFO - Processing /home/mirukulla/airflow/dags/branch_with_taskgroups_edgelabels.py took 0.360 seconds
[2024-01-21T11:54:05.085-0800] {processor.py:153} INFO - Started process (PID=32593) to work on /home/mirukulla/airflow/dags/branch_with_taskgroups_edgelabels.py
[2024-01-21T11:54:05.106-0800] {processor.py:743} INFO - Processing file /home/mirukulla/airflow/dags/branch_with_taskgroups_edgelabels.py for tasks to queue
[2024-01-21T11:54:05.107-0800] {logging_mixin.py:137} INFO - [2024-01-21T11:54:05.107-0800] {dagbag.py:532} INFO - Filling up the DagBag from /home/mirukulla/airflow/dags/branch_with_taskgroups_edgelabels.py
[2024-01-21T11:54:05.384-0800] {processor.py:753} INFO - DAG(s) dict_keys(['taskgroups_and_edgelabels']) retrieved from /home/mirukulla/airflow/dags/branch_with_taskgroups_edgelabels.py
[2024-01-21T11:54:05.408-0800] {logging_mixin.py:137} INFO - [2024-01-21T11:54:05.407-0800] {dag.py:2705} INFO - Sync 1 DAGs
[2024-01-21T11:54:05.437-0800] {logging_mixin.py:137} INFO - [2024-01-21T11:54:05.437-0800] {dag.py:3452} INFO - Setting next_dagrun for taskgroups_and_edgelabels to 2024-01-20T00:00:00+00:00, run_after=2024-01-20T00:00:00+00:00
[2024-01-21T11:54:05.516-0800] {processor.py:175} INFO - Processing /home/mirukulla/airflow/dags/branch_with_taskgroups_edgelabels.py took 0.436 seconds
[2024-01-21T11:54:35.741-0800] {processor.py:153} INFO - Started process (PID=32644) to work on /home/mirukulla/airflow/dags/branch_with_taskgroups_edgelabels.py
[2024-01-21T11:54:35.783-0800] {processor.py:743} INFO - Processing file /home/mirukulla/airflow/dags/branch_with_taskgroups_edgelabels.py for tasks to queue
[2024-01-21T11:54:35.784-0800] {logging_mixin.py:137} INFO - [2024-01-21T11:54:35.784-0800] {dagbag.py:532} INFO - Filling up the DagBag from /home/mirukulla/airflow/dags/branch_with_taskgroups_edgelabels.py
[2024-01-21T11:54:35.973-0800] {processor.py:753} INFO - DAG(s) dict_keys(['taskgroups_and_edgelabels']) retrieved from /home/mirukulla/airflow/dags/branch_with_taskgroups_edgelabels.py
[2024-01-21T11:54:35.990-0800] {logging_mixin.py:137} INFO - [2024-01-21T11:54:35.990-0800] {dag.py:2705} INFO - Sync 1 DAGs
[2024-01-21T11:54:36.012-0800] {logging_mixin.py:137} INFO - [2024-01-21T11:54:36.011-0800] {dag.py:3452} INFO - Setting next_dagrun for taskgroups_and_edgelabels to 2024-01-20T00:00:00+00:00, run_after=2024-01-20T00:00:00+00:00
[2024-01-21T11:54:36.041-0800] {processor.py:175} INFO - Processing /home/mirukulla/airflow/dags/branch_with_taskgroups_edgelabels.py took 0.305 seconds
[2024-01-21T11:55:06.331-0800] {processor.py:153} INFO - Started process (PID=32698) to work on /home/mirukulla/airflow/dags/branch_with_taskgroups_edgelabels.py
[2024-01-21T11:55:06.334-0800] {processor.py:743} INFO - Processing file /home/mirukulla/airflow/dags/branch_with_taskgroups_edgelabels.py for tasks to queue
[2024-01-21T11:55:06.335-0800] {logging_mixin.py:137} INFO - [2024-01-21T11:55:06.335-0800] {dagbag.py:532} INFO - Filling up the DagBag from /home/mirukulla/airflow/dags/branch_with_taskgroups_edgelabels.py
[2024-01-21T11:55:06.501-0800] {processor.py:753} INFO - DAG(s) dict_keys(['taskgroups_and_edgelabels']) retrieved from /home/mirukulla/airflow/dags/branch_with_taskgroups_edgelabels.py
[2024-01-21T11:55:06.516-0800] {logging_mixin.py:137} INFO - [2024-01-21T11:55:06.516-0800] {dag.py:2705} INFO - Sync 1 DAGs
[2024-01-21T11:55:06.532-0800] {logging_mixin.py:137} INFO - [2024-01-21T11:55:06.532-0800] {dag.py:3452} INFO - Setting next_dagrun for taskgroups_and_edgelabels to 2024-01-20T00:00:00+00:00, run_after=2024-01-20T00:00:00+00:00
[2024-01-21T11:55:06.560-0800] {processor.py:175} INFO - Processing /home/mirukulla/airflow/dags/branch_with_taskgroups_edgelabels.py took 0.235 seconds
[2024-01-21T11:55:36.762-0800] {processor.py:153} INFO - Started process (PID=32749) to work on /home/mirukulla/airflow/dags/branch_with_taskgroups_edgelabels.py
[2024-01-21T11:55:36.795-0800] {processor.py:743} INFO - Processing file /home/mirukulla/airflow/dags/branch_with_taskgroups_edgelabels.py for tasks to queue
[2024-01-21T11:55:36.796-0800] {logging_mixin.py:137} INFO - [2024-01-21T11:55:36.796-0800] {dagbag.py:532} INFO - Filling up the DagBag from /home/mirukulla/airflow/dags/branch_with_taskgroups_edgelabels.py
[2024-01-21T11:55:37.001-0800] {processor.py:753} INFO - DAG(s) dict_keys(['taskgroups_and_edgelabels']) retrieved from /home/mirukulla/airflow/dags/branch_with_taskgroups_edgelabels.py
[2024-01-21T11:55:37.020-0800] {logging_mixin.py:137} INFO - [2024-01-21T11:55:37.020-0800] {dag.py:2705} INFO - Sync 1 DAGs
[2024-01-21T11:55:37.042-0800] {logging_mixin.py:137} INFO - [2024-01-21T11:55:37.042-0800] {dag.py:3452} INFO - Setting next_dagrun for taskgroups_and_edgelabels to 2024-01-20T00:00:00+00:00, run_after=2024-01-20T00:00:00+00:00
[2024-01-21T11:55:37.071-0800] {processor.py:175} INFO - Processing /home/mirukulla/airflow/dags/branch_with_taskgroups_edgelabels.py took 0.312 seconds
[2024-01-21T11:56:21.134-0800] {processor.py:153} INFO - Started process (PID=535) to work on /home/mirukulla/airflow/dags/branch_with_taskgroups_edgelabels.py
[2024-01-21T11:56:21.137-0800] {processor.py:743} INFO - Processing file /home/mirukulla/airflow/dags/branch_with_taskgroups_edgelabels.py for tasks to queue
[2024-01-21T11:56:21.140-0800] {logging_mixin.py:137} INFO - [2024-01-21T11:56:21.139-0800] {dagbag.py:532} INFO - Filling up the DagBag from /home/mirukulla/airflow/dags/branch_with_taskgroups_edgelabels.py
[2024-01-21T11:56:21.572-0800] {processor.py:753} INFO - DAG(s) dict_keys(['taskgroups_and_edgelabels']) retrieved from /home/mirukulla/airflow/dags/branch_with_taskgroups_edgelabels.py
[2024-01-21T11:56:21.606-0800] {logging_mixin.py:137} INFO - [2024-01-21T11:56:21.606-0800] {dag.py:2705} INFO - Sync 1 DAGs
[2024-01-21T11:56:21.644-0800] {logging_mixin.py:137} INFO - [2024-01-21T11:56:21.644-0800] {dag.py:3452} INFO - Setting next_dagrun for taskgroups_and_edgelabels to 2024-01-20T00:00:00+00:00, run_after=2024-01-20T00:00:00+00:00
[2024-01-21T11:56:21.691-0800] {processor.py:175} INFO - Processing /home/mirukulla/airflow/dags/branch_with_taskgroups_edgelabels.py took 0.566 seconds
[2024-01-21T11:56:55.615-0800] {processor.py:153} INFO - Started process (PID=685) to work on /home/mirukulla/airflow/dags/branch_with_taskgroups_edgelabels.py
[2024-01-21T11:56:55.650-0800] {processor.py:743} INFO - Processing file /home/mirukulla/airflow/dags/branch_with_taskgroups_edgelabels.py for tasks to queue
[2024-01-21T11:56:55.650-0800] {logging_mixin.py:137} INFO - [2024-01-21T11:56:55.650-0800] {dagbag.py:532} INFO - Filling up the DagBag from /home/mirukulla/airflow/dags/branch_with_taskgroups_edgelabels.py
[2024-01-21T11:56:55.837-0800] {processor.py:753} INFO - DAG(s) dict_keys(['taskgroups_and_edgelabels']) retrieved from /home/mirukulla/airflow/dags/branch_with_taskgroups_edgelabels.py
[2024-01-21T11:56:55.856-0800] {logging_mixin.py:137} INFO - [2024-01-21T11:56:55.855-0800] {dag.py:2705} INFO - Sync 1 DAGs
[2024-01-21T11:56:55.874-0800] {logging_mixin.py:137} INFO - [2024-01-21T11:56:55.873-0800] {dag.py:3452} INFO - Setting next_dagrun for taskgroups_and_edgelabels to 2024-01-20T00:00:00+00:00, run_after=2024-01-20T00:00:00+00:00
[2024-01-21T11:56:55.943-0800] {processor.py:175} INFO - Processing /home/mirukulla/airflow/dags/branch_with_taskgroups_edgelabels.py took 0.333 seconds
[2024-01-21T11:57:26.666-0800] {processor.py:153} INFO - Started process (PID=739) to work on /home/mirukulla/airflow/dags/branch_with_taskgroups_edgelabels.py
[2024-01-21T11:57:26.690-0800] {processor.py:743} INFO - Processing file /home/mirukulla/airflow/dags/branch_with_taskgroups_edgelabels.py for tasks to queue
[2024-01-21T11:57:26.691-0800] {logging_mixin.py:137} INFO - [2024-01-21T11:57:26.690-0800] {dagbag.py:532} INFO - Filling up the DagBag from /home/mirukulla/airflow/dags/branch_with_taskgroups_edgelabels.py
[2024-01-21T11:57:26.871-0800] {processor.py:753} INFO - DAG(s) dict_keys(['taskgroups_and_edgelabels']) retrieved from /home/mirukulla/airflow/dags/branch_with_taskgroups_edgelabels.py
[2024-01-21T11:57:26.888-0800] {logging_mixin.py:137} INFO - [2024-01-21T11:57:26.888-0800] {dag.py:2705} INFO - Sync 1 DAGs
[2024-01-21T11:57:26.907-0800] {logging_mixin.py:137} INFO - [2024-01-21T11:57:26.906-0800] {dag.py:3452} INFO - Setting next_dagrun for taskgroups_and_edgelabels to 2024-01-20T00:00:00+00:00, run_after=2024-01-20T00:00:00+00:00
[2024-01-21T11:57:26.934-0800] {processor.py:175} INFO - Processing /home/mirukulla/airflow/dags/branch_with_taskgroups_edgelabels.py took 0.271 seconds
[2024-01-21T11:57:57.891-0800] {processor.py:153} INFO - Started process (PID=793) to work on /home/mirukulla/airflow/dags/branch_with_taskgroups_edgelabels.py
[2024-01-21T11:57:57.893-0800] {processor.py:743} INFO - Processing file /home/mirukulla/airflow/dags/branch_with_taskgroups_edgelabels.py for tasks to queue
[2024-01-21T11:57:57.895-0800] {logging_mixin.py:137} INFO - [2024-01-21T11:57:57.894-0800] {dagbag.py:532} INFO - Filling up the DagBag from /home/mirukulla/airflow/dags/branch_with_taskgroups_edgelabels.py
[2024-01-21T11:57:58.171-0800] {processor.py:753} INFO - DAG(s) dict_keys(['taskgroups_and_edgelabels']) retrieved from /home/mirukulla/airflow/dags/branch_with_taskgroups_edgelabels.py
[2024-01-21T11:57:58.199-0800] {logging_mixin.py:137} INFO - [2024-01-21T11:57:58.198-0800] {dag.py:2705} INFO - Sync 1 DAGs
[2024-01-21T11:57:58.225-0800] {logging_mixin.py:137} INFO - [2024-01-21T11:57:58.225-0800] {dag.py:3452} INFO - Setting next_dagrun for taskgroups_and_edgelabels to 2024-01-20T00:00:00+00:00, run_after=2024-01-20T00:00:00+00:00
[2024-01-21T11:57:58.260-0800] {processor.py:175} INFO - Processing /home/mirukulla/airflow/dags/branch_with_taskgroups_edgelabels.py took 0.375 seconds
[2024-01-21T11:58:28.760-0800] {processor.py:153} INFO - Started process (PID=844) to work on /home/mirukulla/airflow/dags/branch_with_taskgroups_edgelabels.py
[2024-01-21T11:58:28.762-0800] {processor.py:743} INFO - Processing file /home/mirukulla/airflow/dags/branch_with_taskgroups_edgelabels.py for tasks to queue
[2024-01-21T11:58:28.762-0800] {logging_mixin.py:137} INFO - [2024-01-21T11:58:28.762-0800] {dagbag.py:532} INFO - Filling up the DagBag from /home/mirukulla/airflow/dags/branch_with_taskgroups_edgelabels.py
[2024-01-21T11:58:28.947-0800] {processor.py:753} INFO - DAG(s) dict_keys(['taskgroups_and_edgelabels']) retrieved from /home/mirukulla/airflow/dags/branch_with_taskgroups_edgelabels.py
[2024-01-21T11:58:28.963-0800] {logging_mixin.py:137} INFO - [2024-01-21T11:58:28.963-0800] {dag.py:2705} INFO - Sync 1 DAGs
[2024-01-21T11:58:28.995-0800] {logging_mixin.py:137} INFO - [2024-01-21T11:58:28.994-0800] {dag.py:3452} INFO - Setting next_dagrun for taskgroups_and_edgelabels to 2024-01-20T00:00:00+00:00, run_after=2024-01-20T00:00:00+00:00
[2024-01-21T11:58:29.068-0800] {processor.py:175} INFO - Processing /home/mirukulla/airflow/dags/branch_with_taskgroups_edgelabels.py took 0.310 seconds
[2024-01-21T11:58:59.233-0800] {processor.py:153} INFO - Started process (PID=898) to work on /home/mirukulla/airflow/dags/branch_with_taskgroups_edgelabels.py
[2024-01-21T11:58:59.239-0800] {processor.py:743} INFO - Processing file /home/mirukulla/airflow/dags/branch_with_taskgroups_edgelabels.py for tasks to queue
[2024-01-21T11:58:59.240-0800] {logging_mixin.py:137} INFO - [2024-01-21T11:58:59.239-0800] {dagbag.py:532} INFO - Filling up the DagBag from /home/mirukulla/airflow/dags/branch_with_taskgroups_edgelabels.py
[2024-01-21T11:58:59.461-0800] {processor.py:753} INFO - DAG(s) dict_keys(['taskgroups_and_edgelabels']) retrieved from /home/mirukulla/airflow/dags/branch_with_taskgroups_edgelabels.py
[2024-01-21T11:58:59.481-0800] {logging_mixin.py:137} INFO - [2024-01-21T11:58:59.481-0800] {dag.py:2705} INFO - Sync 1 DAGs
[2024-01-21T11:58:59.501-0800] {logging_mixin.py:137} INFO - [2024-01-21T11:58:59.501-0800] {dag.py:3452} INFO - Setting next_dagrun for taskgroups_and_edgelabels to 2024-01-20T00:00:00+00:00, run_after=2024-01-20T00:00:00+00:00
[2024-01-21T11:58:59.574-0800] {processor.py:175} INFO - Processing /home/mirukulla/airflow/dags/branch_with_taskgroups_edgelabels.py took 0.349 seconds
[2024-01-21T11:59:30.618-0800] {processor.py:153} INFO - Started process (PID=952) to work on /home/mirukulla/airflow/dags/branch_with_taskgroups_edgelabels.py
[2024-01-21T11:59:30.620-0800] {processor.py:743} INFO - Processing file /home/mirukulla/airflow/dags/branch_with_taskgroups_edgelabels.py for tasks to queue
[2024-01-21T11:59:30.621-0800] {logging_mixin.py:137} INFO - [2024-01-21T11:59:30.620-0800] {dagbag.py:532} INFO - Filling up the DagBag from /home/mirukulla/airflow/dags/branch_with_taskgroups_edgelabels.py
[2024-01-21T11:59:30.869-0800] {processor.py:753} INFO - DAG(s) dict_keys(['taskgroups_and_edgelabels']) retrieved from /home/mirukulla/airflow/dags/branch_with_taskgroups_edgelabels.py
[2024-01-21T11:59:30.895-0800] {logging_mixin.py:137} INFO - [2024-01-21T11:59:30.894-0800] {dag.py:2705} INFO - Sync 1 DAGs
[2024-01-21T11:59:30.921-0800] {logging_mixin.py:137} INFO - [2024-01-21T11:59:30.920-0800] {dag.py:3452} INFO - Setting next_dagrun for taskgroups_and_edgelabels to 2024-01-20T00:00:00+00:00, run_after=2024-01-20T00:00:00+00:00
[2024-01-21T11:59:30.952-0800] {processor.py:175} INFO - Processing /home/mirukulla/airflow/dags/branch_with_taskgroups_edgelabels.py took 0.340 seconds
[2024-01-21T12:00:01.454-0800] {processor.py:153} INFO - Started process (PID=1006) to work on /home/mirukulla/airflow/dags/branch_with_taskgroups_edgelabels.py
[2024-01-21T12:00:01.457-0800] {processor.py:743} INFO - Processing file /home/mirukulla/airflow/dags/branch_with_taskgroups_edgelabels.py for tasks to queue
[2024-01-21T12:00:01.458-0800] {logging_mixin.py:137} INFO - [2024-01-21T12:00:01.458-0800] {dagbag.py:532} INFO - Filling up the DagBag from /home/mirukulla/airflow/dags/branch_with_taskgroups_edgelabels.py
[2024-01-21T12:00:01.627-0800] {processor.py:753} INFO - DAG(s) dict_keys(['taskgroups_and_edgelabels']) retrieved from /home/mirukulla/airflow/dags/branch_with_taskgroups_edgelabels.py
[2024-01-21T12:00:01.644-0800] {logging_mixin.py:137} INFO - [2024-01-21T12:00:01.644-0800] {dag.py:2705} INFO - Sync 1 DAGs
[2024-01-21T12:00:01.660-0800] {logging_mixin.py:137} INFO - [2024-01-21T12:00:01.659-0800] {dag.py:3452} INFO - Setting next_dagrun for taskgroups_and_edgelabels to 2024-01-20T00:00:00+00:00, run_after=2024-01-20T00:00:00+00:00
[2024-01-21T12:00:01.688-0800] {processor.py:175} INFO - Processing /home/mirukulla/airflow/dags/branch_with_taskgroups_edgelabels.py took 0.239 seconds
[2024-01-21T12:00:31.883-0800] {processor.py:153} INFO - Started process (PID=1060) to work on /home/mirukulla/airflow/dags/branch_with_taskgroups_edgelabels.py
[2024-01-21T12:00:31.932-0800] {processor.py:743} INFO - Processing file /home/mirukulla/airflow/dags/branch_with_taskgroups_edgelabels.py for tasks to queue
[2024-01-21T12:00:31.934-0800] {logging_mixin.py:137} INFO - [2024-01-21T12:00:31.933-0800] {dagbag.py:532} INFO - Filling up the DagBag from /home/mirukulla/airflow/dags/branch_with_taskgroups_edgelabels.py
[2024-01-21T12:00:32.121-0800] {processor.py:753} INFO - DAG(s) dict_keys(['taskgroups_and_edgelabels']) retrieved from /home/mirukulla/airflow/dags/branch_with_taskgroups_edgelabels.py
[2024-01-21T12:00:32.140-0800] {logging_mixin.py:137} INFO - [2024-01-21T12:00:32.140-0800] {dag.py:2705} INFO - Sync 1 DAGs
[2024-01-21T12:00:32.158-0800] {logging_mixin.py:137} INFO - [2024-01-21T12:00:32.158-0800] {dag.py:3452} INFO - Setting next_dagrun for taskgroups_and_edgelabels to 2024-01-20T00:00:00+00:00, run_after=2024-01-20T00:00:00+00:00
[2024-01-21T12:00:32.246-0800] {processor.py:175} INFO - Processing /home/mirukulla/airflow/dags/branch_with_taskgroups_edgelabels.py took 0.366 seconds
[2024-01-21T12:01:02.299-0800] {processor.py:153} INFO - Started process (PID=1111) to work on /home/mirukulla/airflow/dags/branch_with_taskgroups_edgelabels.py
[2024-01-21T12:01:02.346-0800] {processor.py:743} INFO - Processing file /home/mirukulla/airflow/dags/branch_with_taskgroups_edgelabels.py for tasks to queue
[2024-01-21T12:01:02.346-0800] {logging_mixin.py:137} INFO - [2024-01-21T12:01:02.346-0800] {dagbag.py:532} INFO - Filling up the DagBag from /home/mirukulla/airflow/dags/branch_with_taskgroups_edgelabels.py
[2024-01-21T12:01:02.511-0800] {processor.py:753} INFO - DAG(s) dict_keys(['taskgroups_and_edgelabels']) retrieved from /home/mirukulla/airflow/dags/branch_with_taskgroups_edgelabels.py
[2024-01-21T12:01:02.528-0800] {logging_mixin.py:137} INFO - [2024-01-21T12:01:02.527-0800] {dag.py:2705} INFO - Sync 1 DAGs
[2024-01-21T12:01:02.545-0800] {logging_mixin.py:137} INFO - [2024-01-21T12:01:02.545-0800] {dag.py:3452} INFO - Setting next_dagrun for taskgroups_and_edgelabels to 2024-01-20T00:00:00+00:00, run_after=2024-01-20T00:00:00+00:00
[2024-01-21T12:01:02.571-0800] {processor.py:175} INFO - Processing /home/mirukulla/airflow/dags/branch_with_taskgroups_edgelabels.py took 0.277 seconds
[2024-01-21T12:01:32.798-0800] {processor.py:153} INFO - Started process (PID=1165) to work on /home/mirukulla/airflow/dags/branch_with_taskgroups_edgelabels.py
[2024-01-21T12:01:32.799-0800] {processor.py:743} INFO - Processing file /home/mirukulla/airflow/dags/branch_with_taskgroups_edgelabels.py for tasks to queue
[2024-01-21T12:01:32.800-0800] {logging_mixin.py:137} INFO - [2024-01-21T12:01:32.800-0800] {dagbag.py:532} INFO - Filling up the DagBag from /home/mirukulla/airflow/dags/branch_with_taskgroups_edgelabels.py
[2024-01-21T12:01:32.967-0800] {processor.py:753} INFO - DAG(s) dict_keys(['taskgroups_and_edgelabels']) retrieved from /home/mirukulla/airflow/dags/branch_with_taskgroups_edgelabels.py
[2024-01-21T12:01:32.983-0800] {logging_mixin.py:137} INFO - [2024-01-21T12:01:32.981-0800] {dag.py:2705} INFO - Sync 1 DAGs
[2024-01-21T12:01:32.998-0800] {logging_mixin.py:137} INFO - [2024-01-21T12:01:32.998-0800] {dag.py:3452} INFO - Setting next_dagrun for taskgroups_and_edgelabels to 2024-01-20T00:00:00+00:00, run_after=2024-01-20T00:00:00+00:00
[2024-01-21T12:01:33.026-0800] {processor.py:175} INFO - Processing /home/mirukulla/airflow/dags/branch_with_taskgroups_edgelabels.py took 0.233 seconds
[2024-01-21T12:02:03.577-0800] {processor.py:153} INFO - Started process (PID=1219) to work on /home/mirukulla/airflow/dags/branch_with_taskgroups_edgelabels.py
[2024-01-21T12:02:03.579-0800] {processor.py:743} INFO - Processing file /home/mirukulla/airflow/dags/branch_with_taskgroups_edgelabels.py for tasks to queue
[2024-01-21T12:02:03.580-0800] {logging_mixin.py:137} INFO - [2024-01-21T12:02:03.580-0800] {dagbag.py:532} INFO - Filling up the DagBag from /home/mirukulla/airflow/dags/branch_with_taskgroups_edgelabels.py
[2024-01-21T12:02:03.884-0800] {processor.py:753} INFO - DAG(s) dict_keys(['taskgroups_and_edgelabels']) retrieved from /home/mirukulla/airflow/dags/branch_with_taskgroups_edgelabels.py
[2024-01-21T12:02:03.931-0800] {logging_mixin.py:137} INFO - [2024-01-21T12:02:03.930-0800] {dag.py:2705} INFO - Sync 1 DAGs
[2024-01-21T12:02:03.953-0800] {logging_mixin.py:137} INFO - [2024-01-21T12:02:03.953-0800] {dag.py:3452} INFO - Setting next_dagrun for taskgroups_and_edgelabels to 2024-01-20T00:00:00+00:00, run_after=2024-01-20T00:00:00+00:00
[2024-01-21T12:02:04.026-0800] {processor.py:175} INFO - Processing /home/mirukulla/airflow/dags/branch_with_taskgroups_edgelabels.py took 0.453 seconds
[2024-01-21T12:02:34.250-0800] {processor.py:153} INFO - Started process (PID=1273) to work on /home/mirukulla/airflow/dags/branch_with_taskgroups_edgelabels.py
[2024-01-21T12:02:34.253-0800] {processor.py:743} INFO - Processing file /home/mirukulla/airflow/dags/branch_with_taskgroups_edgelabels.py for tasks to queue
[2024-01-21T12:02:34.255-0800] {logging_mixin.py:137} INFO - [2024-01-21T12:02:34.255-0800] {dagbag.py:532} INFO - Filling up the DagBag from /home/mirukulla/airflow/dags/branch_with_taskgroups_edgelabels.py
[2024-01-21T12:02:34.454-0800] {processor.py:753} INFO - DAG(s) dict_keys(['taskgroups_and_edgelabels']) retrieved from /home/mirukulla/airflow/dags/branch_with_taskgroups_edgelabels.py
[2024-01-21T12:02:34.471-0800] {logging_mixin.py:137} INFO - [2024-01-21T12:02:34.471-0800] {dag.py:2705} INFO - Sync 1 DAGs
[2024-01-21T12:02:34.488-0800] {logging_mixin.py:137} INFO - [2024-01-21T12:02:34.488-0800] {dag.py:3452} INFO - Setting next_dagrun for taskgroups_and_edgelabels to 2024-01-20T00:00:00+00:00, run_after=2024-01-20T00:00:00+00:00
[2024-01-21T12:02:34.519-0800] {processor.py:175} INFO - Processing /home/mirukulla/airflow/dags/branch_with_taskgroups_edgelabels.py took 0.271 seconds
[2024-01-21T12:03:05.065-0800] {processor.py:153} INFO - Started process (PID=1324) to work on /home/mirukulla/airflow/dags/branch_with_taskgroups_edgelabels.py
[2024-01-21T12:03:05.093-0800] {processor.py:743} INFO - Processing file /home/mirukulla/airflow/dags/branch_with_taskgroups_edgelabels.py for tasks to queue
[2024-01-21T12:03:05.094-0800] {logging_mixin.py:137} INFO - [2024-01-21T12:03:05.094-0800] {dagbag.py:532} INFO - Filling up the DagBag from /home/mirukulla/airflow/dags/branch_with_taskgroups_edgelabels.py
[2024-01-21T12:03:05.259-0800] {processor.py:753} INFO - DAG(s) dict_keys(['taskgroups_and_edgelabels']) retrieved from /home/mirukulla/airflow/dags/branch_with_taskgroups_edgelabels.py
[2024-01-21T12:03:05.275-0800] {logging_mixin.py:137} INFO - [2024-01-21T12:03:05.275-0800] {dag.py:2705} INFO - Sync 1 DAGs
[2024-01-21T12:03:05.291-0800] {logging_mixin.py:137} INFO - [2024-01-21T12:03:05.290-0800] {dag.py:3452} INFO - Setting next_dagrun for taskgroups_and_edgelabels to 2024-01-20T00:00:00+00:00, run_after=2024-01-20T00:00:00+00:00
[2024-01-21T12:03:05.319-0800] {processor.py:175} INFO - Processing /home/mirukulla/airflow/dags/branch_with_taskgroups_edgelabels.py took 0.257 seconds
[2024-01-21T12:03:35.829-0800] {processor.py:153} INFO - Started process (PID=1378) to work on /home/mirukulla/airflow/dags/branch_with_taskgroups_edgelabels.py
[2024-01-21T12:03:35.831-0800] {processor.py:743} INFO - Processing file /home/mirukulla/airflow/dags/branch_with_taskgroups_edgelabels.py for tasks to queue
[2024-01-21T12:03:35.832-0800] {logging_mixin.py:137} INFO - [2024-01-21T12:03:35.832-0800] {dagbag.py:532} INFO - Filling up the DagBag from /home/mirukulla/airflow/dags/branch_with_taskgroups_edgelabels.py
[2024-01-21T12:03:36.113-0800] {processor.py:753} INFO - DAG(s) dict_keys(['taskgroups_and_edgelabels']) retrieved from /home/mirukulla/airflow/dags/branch_with_taskgroups_edgelabels.py
[2024-01-21T12:03:36.137-0800] {logging_mixin.py:137} INFO - [2024-01-21T12:03:36.137-0800] {dag.py:2705} INFO - Sync 1 DAGs
[2024-01-21T12:03:36.164-0800] {logging_mixin.py:137} INFO - [2024-01-21T12:03:36.163-0800] {dag.py:3452} INFO - Setting next_dagrun for taskgroups_and_edgelabels to 2024-01-20T00:00:00+00:00, run_after=2024-01-20T00:00:00+00:00
[2024-01-21T12:03:36.199-0800] {processor.py:175} INFO - Processing /home/mirukulla/airflow/dags/branch_with_taskgroups_edgelabels.py took 0.376 seconds
[2024-01-21T12:04:19.012-0800] {processor.py:153} INFO - Started process (PID=1532) to work on /home/mirukulla/airflow/dags/branch_with_taskgroups_edgelabels.py
[2024-01-21T12:04:19.014-0800] {processor.py:743} INFO - Processing file /home/mirukulla/airflow/dags/branch_with_taskgroups_edgelabels.py for tasks to queue
[2024-01-21T12:04:19.015-0800] {logging_mixin.py:137} INFO - [2024-01-21T12:04:19.015-0800] {dagbag.py:532} INFO - Filling up the DagBag from /home/mirukulla/airflow/dags/branch_with_taskgroups_edgelabels.py
[2024-01-21T12:04:19.391-0800] {processor.py:753} INFO - DAG(s) dict_keys(['taskgroups_and_edgelabels']) retrieved from /home/mirukulla/airflow/dags/branch_with_taskgroups_edgelabels.py
[2024-01-21T12:04:19.431-0800] {logging_mixin.py:137} INFO - [2024-01-21T12:04:19.430-0800] {dag.py:2705} INFO - Sync 1 DAGs
[2024-01-21T12:04:19.471-0800] {logging_mixin.py:137} INFO - [2024-01-21T12:04:19.471-0800] {dag.py:3452} INFO - Setting next_dagrun for taskgroups_and_edgelabels to 2024-01-20T00:00:00+00:00, run_after=2024-01-20T00:00:00+00:00
[2024-01-21T12:04:19.513-0800] {processor.py:175} INFO - Processing /home/mirukulla/airflow/dags/branch_with_taskgroups_edgelabels.py took 0.505 seconds
[2024-01-21T12:04:55.869-0800] {processor.py:153} INFO - Started process (PID=1630) to work on /home/mirukulla/airflow/dags/branch_with_taskgroups_edgelabels.py
[2024-01-21T12:04:55.891-0800] {processor.py:743} INFO - Processing file /home/mirukulla/airflow/dags/branch_with_taskgroups_edgelabels.py for tasks to queue
[2024-01-21T12:04:55.892-0800] {logging_mixin.py:137} INFO - [2024-01-21T12:04:55.892-0800] {dagbag.py:532} INFO - Filling up the DagBag from /home/mirukulla/airflow/dags/branch_with_taskgroups_edgelabels.py
[2024-01-21T12:04:56.147-0800] {processor.py:753} INFO - DAG(s) dict_keys(['taskgroups_and_edgelabels']) retrieved from /home/mirukulla/airflow/dags/branch_with_taskgroups_edgelabels.py
[2024-01-21T12:04:56.169-0800] {logging_mixin.py:137} INFO - [2024-01-21T12:04:56.169-0800] {dag.py:2705} INFO - Sync 1 DAGs
[2024-01-21T12:04:56.195-0800] {logging_mixin.py:137} INFO - [2024-01-21T12:04:56.195-0800] {dag.py:3452} INFO - Setting next_dagrun for taskgroups_and_edgelabels to 2024-01-20T00:00:00+00:00, run_after=2024-01-20T00:00:00+00:00
[2024-01-21T12:04:56.228-0800] {processor.py:175} INFO - Processing /home/mirukulla/airflow/dags/branch_with_taskgroups_edgelabels.py took 0.363 seconds
[2024-01-21T12:05:26.788-0800] {processor.py:153} INFO - Started process (PID=1684) to work on /home/mirukulla/airflow/dags/branch_with_taskgroups_edgelabels.py
[2024-01-21T12:05:26.805-0800] {processor.py:743} INFO - Processing file /home/mirukulla/airflow/dags/branch_with_taskgroups_edgelabels.py for tasks to queue
[2024-01-21T12:05:26.806-0800] {logging_mixin.py:137} INFO - [2024-01-21T12:05:26.806-0800] {dagbag.py:532} INFO - Filling up the DagBag from /home/mirukulla/airflow/dags/branch_with_taskgroups_edgelabels.py
[2024-01-21T12:05:27.004-0800] {processor.py:753} INFO - DAG(s) dict_keys(['taskgroups_and_edgelabels']) retrieved from /home/mirukulla/airflow/dags/branch_with_taskgroups_edgelabels.py
[2024-01-21T12:05:27.024-0800] {logging_mixin.py:137} INFO - [2024-01-21T12:05:27.023-0800] {dag.py:2705} INFO - Sync 1 DAGs
[2024-01-21T12:05:27.044-0800] {logging_mixin.py:137} INFO - [2024-01-21T12:05:27.043-0800] {dag.py:3452} INFO - Setting next_dagrun for taskgroups_and_edgelabels to 2024-01-20T00:00:00+00:00, run_after=2024-01-20T00:00:00+00:00
[2024-01-21T12:05:27.094-0800] {processor.py:175} INFO - Processing /home/mirukulla/airflow/dags/branch_with_taskgroups_edgelabels.py took 0.310 seconds
[2024-01-21T12:05:57.443-0800] {processor.py:153} INFO - Started process (PID=1738) to work on /home/mirukulla/airflow/dags/branch_with_taskgroups_edgelabels.py
[2024-01-21T12:05:57.468-0800] {processor.py:743} INFO - Processing file /home/mirukulla/airflow/dags/branch_with_taskgroups_edgelabels.py for tasks to queue
[2024-01-21T12:05:57.469-0800] {logging_mixin.py:137} INFO - [2024-01-21T12:05:57.469-0800] {dagbag.py:532} INFO - Filling up the DagBag from /home/mirukulla/airflow/dags/branch_with_taskgroups_edgelabels.py
[2024-01-21T12:05:57.643-0800] {processor.py:753} INFO - DAG(s) dict_keys(['taskgroups_and_edgelabels']) retrieved from /home/mirukulla/airflow/dags/branch_with_taskgroups_edgelabels.py
[2024-01-21T12:05:57.659-0800] {logging_mixin.py:137} INFO - [2024-01-21T12:05:57.659-0800] {dag.py:2705} INFO - Sync 1 DAGs
[2024-01-21T12:05:57.677-0800] {logging_mixin.py:137} INFO - [2024-01-21T12:05:57.677-0800] {dag.py:3452} INFO - Setting next_dagrun for taskgroups_and_edgelabels to 2024-01-20T00:00:00+00:00, run_after=2024-01-20T00:00:00+00:00
[2024-01-21T12:05:57.702-0800] {processor.py:175} INFO - Processing /home/mirukulla/airflow/dags/branch_with_taskgroups_edgelabels.py took 0.264 seconds
[2024-01-21T12:06:28.292-0800] {processor.py:153} INFO - Started process (PID=1792) to work on /home/mirukulla/airflow/dags/branch_with_taskgroups_edgelabels.py
[2024-01-21T12:06:28.294-0800] {processor.py:743} INFO - Processing file /home/mirukulla/airflow/dags/branch_with_taskgroups_edgelabels.py for tasks to queue
[2024-01-21T12:06:28.295-0800] {logging_mixin.py:137} INFO - [2024-01-21T12:06:28.295-0800] {dagbag.py:532} INFO - Filling up the DagBag from /home/mirukulla/airflow/dags/branch_with_taskgroups_edgelabels.py
[2024-01-21T12:06:28.536-0800] {processor.py:753} INFO - DAG(s) dict_keys(['taskgroups_and_edgelabels']) retrieved from /home/mirukulla/airflow/dags/branch_with_taskgroups_edgelabels.py
[2024-01-21T12:06:28.559-0800] {logging_mixin.py:137} INFO - [2024-01-21T12:06:28.558-0800] {dag.py:2705} INFO - Sync 1 DAGs
[2024-01-21T12:06:28.578-0800] {logging_mixin.py:137} INFO - [2024-01-21T12:06:28.578-0800] {dag.py:3452} INFO - Setting next_dagrun for taskgroups_and_edgelabels to 2024-01-20T00:00:00+00:00, run_after=2024-01-20T00:00:00+00:00
[2024-01-21T12:06:28.663-0800] {processor.py:175} INFO - Processing /home/mirukulla/airflow/dags/branch_with_taskgroups_edgelabels.py took 0.376 seconds
[2024-01-21T12:06:58.795-0800] {processor.py:153} INFO - Started process (PID=1843) to work on /home/mirukulla/airflow/dags/branch_with_taskgroups_edgelabels.py
[2024-01-21T12:06:58.807-0800] {processor.py:743} INFO - Processing file /home/mirukulla/airflow/dags/branch_with_taskgroups_edgelabels.py for tasks to queue
[2024-01-21T12:06:58.810-0800] {logging_mixin.py:137} INFO - [2024-01-21T12:06:58.809-0800] {dagbag.py:532} INFO - Filling up the DagBag from /home/mirukulla/airflow/dags/branch_with_taskgroups_edgelabels.py
[2024-01-21T12:06:59.044-0800] {processor.py:753} INFO - DAG(s) dict_keys(['taskgroups_and_edgelabels']) retrieved from /home/mirukulla/airflow/dags/branch_with_taskgroups_edgelabels.py
[2024-01-21T12:06:59.065-0800] {logging_mixin.py:137} INFO - [2024-01-21T12:06:59.065-0800] {dag.py:2705} INFO - Sync 1 DAGs
[2024-01-21T12:06:59.086-0800] {logging_mixin.py:137} INFO - [2024-01-21T12:06:59.086-0800] {dag.py:3452} INFO - Setting next_dagrun for taskgroups_and_edgelabels to 2024-01-20T00:00:00+00:00, run_after=2024-01-20T00:00:00+00:00
[2024-01-21T12:06:59.145-0800] {processor.py:175} INFO - Processing /home/mirukulla/airflow/dags/branch_with_taskgroups_edgelabels.py took 0.357 seconds
[2024-01-21T12:07:29.627-0800] {processor.py:153} INFO - Started process (PID=1897) to work on /home/mirukulla/airflow/dags/branch_with_taskgroups_edgelabels.py
[2024-01-21T12:07:29.652-0800] {processor.py:743} INFO - Processing file /home/mirukulla/airflow/dags/branch_with_taskgroups_edgelabels.py for tasks to queue
[2024-01-21T12:07:29.653-0800] {logging_mixin.py:137} INFO - [2024-01-21T12:07:29.653-0800] {dagbag.py:532} INFO - Filling up the DagBag from /home/mirukulla/airflow/dags/branch_with_taskgroups_edgelabels.py
[2024-01-21T12:07:29.851-0800] {processor.py:753} INFO - DAG(s) dict_keys(['taskgroups_and_edgelabels']) retrieved from /home/mirukulla/airflow/dags/branch_with_taskgroups_edgelabels.py
[2024-01-21T12:07:29.878-0800] {logging_mixin.py:137} INFO - [2024-01-21T12:07:29.877-0800] {dag.py:2705} INFO - Sync 1 DAGs
[2024-01-21T12:07:29.900-0800] {logging_mixin.py:137} INFO - [2024-01-21T12:07:29.900-0800] {dag.py:3452} INFO - Setting next_dagrun for taskgroups_and_edgelabels to 2024-01-20T00:00:00+00:00, run_after=2024-01-20T00:00:00+00:00
[2024-01-21T12:07:29.999-0800] {processor.py:175} INFO - Processing /home/mirukulla/airflow/dags/branch_with_taskgroups_edgelabels.py took 0.376 seconds
[2024-01-21T12:08:00.216-0800] {processor.py:153} INFO - Started process (PID=1951) to work on /home/mirukulla/airflow/dags/branch_with_taskgroups_edgelabels.py
[2024-01-21T12:08:00.218-0800] {processor.py:743} INFO - Processing file /home/mirukulla/airflow/dags/branch_with_taskgroups_edgelabels.py for tasks to queue
[2024-01-21T12:08:00.219-0800] {logging_mixin.py:137} INFO - [2024-01-21T12:08:00.219-0800] {dagbag.py:532} INFO - Filling up the DagBag from /home/mirukulla/airflow/dags/branch_with_taskgroups_edgelabels.py
[2024-01-21T12:08:00.409-0800] {processor.py:753} INFO - DAG(s) dict_keys(['taskgroups_and_edgelabels']) retrieved from /home/mirukulla/airflow/dags/branch_with_taskgroups_edgelabels.py
[2024-01-21T12:08:00.426-0800] {logging_mixin.py:137} INFO - [2024-01-21T12:08:00.425-0800] {dag.py:2705} INFO - Sync 1 DAGs
[2024-01-21T12:08:00.445-0800] {logging_mixin.py:137} INFO - [2024-01-21T12:08:00.445-0800] {dag.py:3452} INFO - Setting next_dagrun for taskgroups_and_edgelabels to 2024-01-20T00:00:00+00:00, run_after=2024-01-20T00:00:00+00:00
[2024-01-21T12:08:00.502-0800] {processor.py:175} INFO - Processing /home/mirukulla/airflow/dags/branch_with_taskgroups_edgelabels.py took 0.289 seconds
[2024-01-21T12:08:30.800-0800] {processor.py:153} INFO - Started process (PID=2002) to work on /home/mirukulla/airflow/dags/branch_with_taskgroups_edgelabels.py
[2024-01-21T12:08:30.802-0800] {processor.py:743} INFO - Processing file /home/mirukulla/airflow/dags/branch_with_taskgroups_edgelabels.py for tasks to queue
[2024-01-21T12:08:30.802-0800] {logging_mixin.py:137} INFO - [2024-01-21T12:08:30.802-0800] {dagbag.py:532} INFO - Filling up the DagBag from /home/mirukulla/airflow/dags/branch_with_taskgroups_edgelabels.py
[2024-01-21T12:08:30.992-0800] {processor.py:753} INFO - DAG(s) dict_keys(['taskgroups_and_edgelabels']) retrieved from /home/mirukulla/airflow/dags/branch_with_taskgroups_edgelabels.py
[2024-01-21T12:08:31.011-0800] {logging_mixin.py:137} INFO - [2024-01-21T12:08:31.011-0800] {dag.py:2705} INFO - Sync 1 DAGs
[2024-01-21T12:08:31.028-0800] {logging_mixin.py:137} INFO - [2024-01-21T12:08:31.028-0800] {dag.py:3452} INFO - Setting next_dagrun for taskgroups_and_edgelabels to 2024-01-20T00:00:00+00:00, run_after=2024-01-20T00:00:00+00:00
[2024-01-21T12:08:31.099-0800] {processor.py:175} INFO - Processing /home/mirukulla/airflow/dags/branch_with_taskgroups_edgelabels.py took 0.302 seconds
[2024-01-21T12:09:01.521-0800] {processor.py:153} INFO - Started process (PID=2056) to work on /home/mirukulla/airflow/dags/branch_with_taskgroups_edgelabels.py
[2024-01-21T12:09:01.570-0800] {processor.py:743} INFO - Processing file /home/mirukulla/airflow/dags/branch_with_taskgroups_edgelabels.py for tasks to queue
[2024-01-21T12:09:01.570-0800] {logging_mixin.py:137} INFO - [2024-01-21T12:09:01.570-0800] {dagbag.py:532} INFO - Filling up the DagBag from /home/mirukulla/airflow/dags/branch_with_taskgroups_edgelabels.py
[2024-01-21T12:09:01.804-0800] {processor.py:753} INFO - DAG(s) dict_keys(['taskgroups_and_edgelabels']) retrieved from /home/mirukulla/airflow/dags/branch_with_taskgroups_edgelabels.py
[2024-01-21T12:09:01.827-0800] {logging_mixin.py:137} INFO - [2024-01-21T12:09:01.826-0800] {dag.py:2705} INFO - Sync 1 DAGs
[2024-01-21T12:09:01.852-0800] {logging_mixin.py:137} INFO - [2024-01-21T12:09:01.851-0800] {dag.py:3452} INFO - Setting next_dagrun for taskgroups_and_edgelabels to 2024-01-20T00:00:00+00:00, run_after=2024-01-20T00:00:00+00:00
[2024-01-21T12:09:01.887-0800] {processor.py:175} INFO - Processing /home/mirukulla/airflow/dags/branch_with_taskgroups_edgelabels.py took 0.369 seconds
[2024-01-21T12:09:32.350-0800] {processor.py:153} INFO - Started process (PID=2110) to work on /home/mirukulla/airflow/dags/branch_with_taskgroups_edgelabels.py
[2024-01-21T12:09:32.351-0800] {processor.py:743} INFO - Processing file /home/mirukulla/airflow/dags/branch_with_taskgroups_edgelabels.py for tasks to queue
[2024-01-21T12:09:32.352-0800] {logging_mixin.py:137} INFO - [2024-01-21T12:09:32.352-0800] {dagbag.py:532} INFO - Filling up the DagBag from /home/mirukulla/airflow/dags/branch_with_taskgroups_edgelabels.py
[2024-01-21T12:09:32.598-0800] {processor.py:753} INFO - DAG(s) dict_keys(['taskgroups_and_edgelabels']) retrieved from /home/mirukulla/airflow/dags/branch_with_taskgroups_edgelabels.py
[2024-01-21T12:09:32.617-0800] {logging_mixin.py:137} INFO - [2024-01-21T12:09:32.617-0800] {dag.py:2705} INFO - Sync 1 DAGs
[2024-01-21T12:09:32.639-0800] {logging_mixin.py:137} INFO - [2024-01-21T12:09:32.639-0800] {dag.py:3452} INFO - Setting next_dagrun for taskgroups_and_edgelabels to 2024-01-20T00:00:00+00:00, run_after=2024-01-20T00:00:00+00:00
[2024-01-21T12:09:32.705-0800] {processor.py:175} INFO - Processing /home/mirukulla/airflow/dags/branch_with_taskgroups_edgelabels.py took 0.359 seconds
[2024-01-21T12:10:02.814-0800] {processor.py:153} INFO - Started process (PID=2161) to work on /home/mirukulla/airflow/dags/branch_with_taskgroups_edgelabels.py
[2024-01-21T12:10:02.816-0800] {processor.py:743} INFO - Processing file /home/mirukulla/airflow/dags/branch_with_taskgroups_edgelabels.py for tasks to queue
[2024-01-21T12:10:02.816-0800] {logging_mixin.py:137} INFO - [2024-01-21T12:10:02.816-0800] {dagbag.py:532} INFO - Filling up the DagBag from /home/mirukulla/airflow/dags/branch_with_taskgroups_edgelabels.py
[2024-01-21T12:10:03.066-0800] {processor.py:753} INFO - DAG(s) dict_keys(['taskgroups_and_edgelabels']) retrieved from /home/mirukulla/airflow/dags/branch_with_taskgroups_edgelabels.py
[2024-01-21T12:10:03.085-0800] {logging_mixin.py:137} INFO - [2024-01-21T12:10:03.084-0800] {dag.py:2705} INFO - Sync 1 DAGs
[2024-01-21T12:10:03.103-0800] {logging_mixin.py:137} INFO - [2024-01-21T12:10:03.102-0800] {dag.py:3452} INFO - Setting next_dagrun for taskgroups_and_edgelabels to 2024-01-20T00:00:00+00:00, run_after=2024-01-20T00:00:00+00:00
[2024-01-21T12:10:03.133-0800] {processor.py:175} INFO - Processing /home/mirukulla/airflow/dags/branch_with_taskgroups_edgelabels.py took 0.326 seconds
[2024-01-21T12:10:33.491-0800] {processor.py:153} INFO - Started process (PID=2215) to work on /home/mirukulla/airflow/dags/branch_with_taskgroups_edgelabels.py
[2024-01-21T12:10:33.530-0800] {processor.py:743} INFO - Processing file /home/mirukulla/airflow/dags/branch_with_taskgroups_edgelabels.py for tasks to queue
[2024-01-21T12:10:33.531-0800] {logging_mixin.py:137} INFO - [2024-01-21T12:10:33.531-0800] {dagbag.py:532} INFO - Filling up the DagBag from /home/mirukulla/airflow/dags/branch_with_taskgroups_edgelabels.py
[2024-01-21T12:10:33.801-0800] {processor.py:753} INFO - DAG(s) dict_keys(['taskgroups_and_edgelabels']) retrieved from /home/mirukulla/airflow/dags/branch_with_taskgroups_edgelabels.py
[2024-01-21T12:10:33.832-0800] {logging_mixin.py:137} INFO - [2024-01-21T12:10:33.831-0800] {dag.py:2705} INFO - Sync 1 DAGs
[2024-01-21T12:10:33.856-0800] {logging_mixin.py:137} INFO - [2024-01-21T12:10:33.856-0800] {dag.py:3452} INFO - Setting next_dagrun for taskgroups_and_edgelabels to 2024-01-20T00:00:00+00:00, run_after=2024-01-20T00:00:00+00:00
[2024-01-21T12:10:33.937-0800] {processor.py:175} INFO - Processing /home/mirukulla/airflow/dags/branch_with_taskgroups_edgelabels.py took 0.456 seconds
[2024-01-21T12:11:04.362-0800] {processor.py:153} INFO - Started process (PID=2269) to work on /home/mirukulla/airflow/dags/branch_with_taskgroups_edgelabels.py
[2024-01-21T12:11:04.363-0800] {processor.py:743} INFO - Processing file /home/mirukulla/airflow/dags/branch_with_taskgroups_edgelabels.py for tasks to queue
[2024-01-21T12:11:04.364-0800] {logging_mixin.py:137} INFO - [2024-01-21T12:11:04.364-0800] {dagbag.py:532} INFO - Filling up the DagBag from /home/mirukulla/airflow/dags/branch_with_taskgroups_edgelabels.py
[2024-01-21T12:11:04.631-0800] {processor.py:753} INFO - DAG(s) dict_keys(['taskgroups_and_edgelabels']) retrieved from /home/mirukulla/airflow/dags/branch_with_taskgroups_edgelabels.py
[2024-01-21T12:11:04.660-0800] {logging_mixin.py:137} INFO - [2024-01-21T12:11:04.660-0800] {dag.py:2705} INFO - Sync 1 DAGs
[2024-01-21T12:11:04.690-0800] {logging_mixin.py:137} INFO - [2024-01-21T12:11:04.690-0800] {dag.py:3452} INFO - Setting next_dagrun for taskgroups_and_edgelabels to 2024-01-20T00:00:00+00:00, run_after=2024-01-20T00:00:00+00:00
[2024-01-21T12:11:04.753-0800] {processor.py:175} INFO - Processing /home/mirukulla/airflow/dags/branch_with_taskgroups_edgelabels.py took 0.394 seconds
[2024-01-21T12:11:35.308-0800] {processor.py:153} INFO - Started process (PID=2320) to work on /home/mirukulla/airflow/dags/branch_with_taskgroups_edgelabels.py
[2024-01-21T12:11:35.311-0800] {processor.py:743} INFO - Processing file /home/mirukulla/airflow/dags/branch_with_taskgroups_edgelabels.py for tasks to queue
[2024-01-21T12:11:35.314-0800] {logging_mixin.py:137} INFO - [2024-01-21T12:11:35.313-0800] {dagbag.py:532} INFO - Filling up the DagBag from /home/mirukulla/airflow/dags/branch_with_taskgroups_edgelabels.py
[2024-01-21T12:11:35.752-0800] {processor.py:753} INFO - DAG(s) dict_keys(['taskgroups_and_edgelabels']) retrieved from /home/mirukulla/airflow/dags/branch_with_taskgroups_edgelabels.py
[2024-01-21T12:11:35.790-0800] {logging_mixin.py:137} INFO - [2024-01-21T12:11:35.789-0800] {dag.py:2705} INFO - Sync 1 DAGs
[2024-01-21T12:11:35.834-0800] {logging_mixin.py:137} INFO - [2024-01-21T12:11:35.833-0800] {dag.py:3452} INFO - Setting next_dagrun for taskgroups_and_edgelabels to 2024-01-20T00:00:00+00:00, run_after=2024-01-20T00:00:00+00:00
[2024-01-21T12:11:35.880-0800] {processor.py:175} INFO - Processing /home/mirukulla/airflow/dags/branch_with_taskgroups_edgelabels.py took 0.578 seconds
[2024-01-21T12:12:06.038-0800] {processor.py:153} INFO - Started process (PID=2374) to work on /home/mirukulla/airflow/dags/branch_with_taskgroups_edgelabels.py
[2024-01-21T12:12:06.050-0800] {processor.py:743} INFO - Processing file /home/mirukulla/airflow/dags/branch_with_taskgroups_edgelabels.py for tasks to queue
[2024-01-21T12:12:06.051-0800] {logging_mixin.py:137} INFO - [2024-01-21T12:12:06.051-0800] {dagbag.py:532} INFO - Filling up the DagBag from /home/mirukulla/airflow/dags/branch_with_taskgroups_edgelabels.py
[2024-01-21T12:12:06.288-0800] {processor.py:753} INFO - DAG(s) dict_keys(['taskgroups_and_edgelabels']) retrieved from /home/mirukulla/airflow/dags/branch_with_taskgroups_edgelabels.py
[2024-01-21T12:12:06.308-0800] {logging_mixin.py:137} INFO - [2024-01-21T12:12:06.307-0800] {dag.py:2705} INFO - Sync 1 DAGs
[2024-01-21T12:12:06.331-0800] {logging_mixin.py:137} INFO - [2024-01-21T12:12:06.331-0800] {dag.py:3452} INFO - Setting next_dagrun for taskgroups_and_edgelabels to 2024-01-20T00:00:00+00:00, run_after=2024-01-20T00:00:00+00:00
[2024-01-21T12:12:06.378-0800] {processor.py:175} INFO - Processing /home/mirukulla/airflow/dags/branch_with_taskgroups_edgelabels.py took 0.345 seconds
[2024-01-21T12:12:36.522-0800] {processor.py:153} INFO - Started process (PID=2425) to work on /home/mirukulla/airflow/dags/branch_with_taskgroups_edgelabels.py
[2024-01-21T12:12:36.567-0800] {processor.py:743} INFO - Processing file /home/mirukulla/airflow/dags/branch_with_taskgroups_edgelabels.py for tasks to queue
[2024-01-21T12:12:36.568-0800] {logging_mixin.py:137} INFO - [2024-01-21T12:12:36.568-0800] {dagbag.py:532} INFO - Filling up the DagBag from /home/mirukulla/airflow/dags/branch_with_taskgroups_edgelabels.py
[2024-01-21T12:12:36.780-0800] {processor.py:753} INFO - DAG(s) dict_keys(['taskgroups_and_edgelabels']) retrieved from /home/mirukulla/airflow/dags/branch_with_taskgroups_edgelabels.py
[2024-01-21T12:12:36.798-0800] {logging_mixin.py:137} INFO - [2024-01-21T12:12:36.798-0800] {dag.py:2705} INFO - Sync 1 DAGs
[2024-01-21T12:12:36.824-0800] {logging_mixin.py:137} INFO - [2024-01-21T12:12:36.824-0800] {dag.py:3452} INFO - Setting next_dagrun for taskgroups_and_edgelabels to 2024-01-20T00:00:00+00:00, run_after=2024-01-20T00:00:00+00:00
[2024-01-21T12:12:36.918-0800] {processor.py:175} INFO - Processing /home/mirukulla/airflow/dags/branch_with_taskgroups_edgelabels.py took 0.401 seconds
[2024-01-21T12:13:07.139-0800] {processor.py:153} INFO - Started process (PID=2479) to work on /home/mirukulla/airflow/dags/branch_with_taskgroups_edgelabels.py
[2024-01-21T12:13:07.141-0800] {processor.py:743} INFO - Processing file /home/mirukulla/airflow/dags/branch_with_taskgroups_edgelabels.py for tasks to queue
[2024-01-21T12:13:07.142-0800] {logging_mixin.py:137} INFO - [2024-01-21T12:13:07.142-0800] {dagbag.py:532} INFO - Filling up the DagBag from /home/mirukulla/airflow/dags/branch_with_taskgroups_edgelabels.py
[2024-01-21T12:13:07.453-0800] {processor.py:753} INFO - DAG(s) dict_keys(['taskgroups_and_edgelabels']) retrieved from /home/mirukulla/airflow/dags/branch_with_taskgroups_edgelabels.py
[2024-01-21T12:13:07.484-0800] {logging_mixin.py:137} INFO - [2024-01-21T12:13:07.482-0800] {dag.py:2705} INFO - Sync 1 DAGs
[2024-01-21T12:13:07.515-0800] {logging_mixin.py:137} INFO - [2024-01-21T12:13:07.514-0800] {dag.py:3452} INFO - Setting next_dagrun for taskgroups_and_edgelabels to 2024-01-20T00:00:00+00:00, run_after=2024-01-20T00:00:00+00:00
[2024-01-21T12:13:07.588-0800] {processor.py:175} INFO - Processing /home/mirukulla/airflow/dags/branch_with_taskgroups_edgelabels.py took 0.452 seconds
[2024-01-21T12:13:37.766-0800] {processor.py:153} INFO - Started process (PID=2530) to work on /home/mirukulla/airflow/dags/branch_with_taskgroups_edgelabels.py
[2024-01-21T12:13:37.769-0800] {processor.py:743} INFO - Processing file /home/mirukulla/airflow/dags/branch_with_taskgroups_edgelabels.py for tasks to queue
[2024-01-21T12:13:37.770-0800] {logging_mixin.py:137} INFO - [2024-01-21T12:13:37.770-0800] {dagbag.py:532} INFO - Filling up the DagBag from /home/mirukulla/airflow/dags/branch_with_taskgroups_edgelabels.py
[2024-01-21T12:13:37.952-0800] {processor.py:753} INFO - DAG(s) dict_keys(['taskgroups_and_edgelabels']) retrieved from /home/mirukulla/airflow/dags/branch_with_taskgroups_edgelabels.py
[2024-01-21T12:13:37.969-0800] {logging_mixin.py:137} INFO - [2024-01-21T12:13:37.969-0800] {dag.py:2705} INFO - Sync 1 DAGs
[2024-01-21T12:13:37.986-0800] {logging_mixin.py:137} INFO - [2024-01-21T12:13:37.986-0800] {dag.py:3452} INFO - Setting next_dagrun for taskgroups_and_edgelabels to 2024-01-20T00:00:00+00:00, run_after=2024-01-20T00:00:00+00:00
[2024-01-21T12:13:38.014-0800] {processor.py:175} INFO - Processing /home/mirukulla/airflow/dags/branch_with_taskgroups_edgelabels.py took 0.254 seconds
[2024-01-21T12:14:08.140-0800] {processor.py:153} INFO - Started process (PID=2584) to work on /home/mirukulla/airflow/dags/branch_with_taskgroups_edgelabels.py
[2024-01-21T12:14:08.174-0800] {processor.py:743} INFO - Processing file /home/mirukulla/airflow/dags/branch_with_taskgroups_edgelabels.py for tasks to queue
[2024-01-21T12:14:08.175-0800] {logging_mixin.py:137} INFO - [2024-01-21T12:14:08.175-0800] {dagbag.py:532} INFO - Filling up the DagBag from /home/mirukulla/airflow/dags/branch_with_taskgroups_edgelabels.py
[2024-01-21T12:14:08.349-0800] {processor.py:753} INFO - DAG(s) dict_keys(['taskgroups_and_edgelabels']) retrieved from /home/mirukulla/airflow/dags/branch_with_taskgroups_edgelabels.py
[2024-01-21T12:14:08.365-0800] {logging_mixin.py:137} INFO - [2024-01-21T12:14:08.365-0800] {dag.py:2705} INFO - Sync 1 DAGs
[2024-01-21T12:14:08.384-0800] {logging_mixin.py:137} INFO - [2024-01-21T12:14:08.384-0800] {dag.py:3452} INFO - Setting next_dagrun for taskgroups_and_edgelabels to 2024-01-20T00:00:00+00:00, run_after=2024-01-20T00:00:00+00:00
[2024-01-21T12:14:08.412-0800] {processor.py:175} INFO - Processing /home/mirukulla/airflow/dags/branch_with_taskgroups_edgelabels.py took 0.275 seconds
[2024-01-21T12:14:39.564-0800] {processor.py:153} INFO - Started process (PID=2639) to work on /home/mirukulla/airflow/dags/branch_with_taskgroups_edgelabels.py
[2024-01-21T12:14:39.566-0800] {processor.py:743} INFO - Processing file /home/mirukulla/airflow/dags/branch_with_taskgroups_edgelabels.py for tasks to queue
[2024-01-21T12:14:39.567-0800] {logging_mixin.py:137} INFO - [2024-01-21T12:14:39.567-0800] {dagbag.py:532} INFO - Filling up the DagBag from /home/mirukulla/airflow/dags/branch_with_taskgroups_edgelabels.py
[2024-01-21T12:14:39.742-0800] {processor.py:753} INFO - DAG(s) dict_keys(['taskgroups_and_edgelabels']) retrieved from /home/mirukulla/airflow/dags/branch_with_taskgroups_edgelabels.py
[2024-01-21T12:14:39.760-0800] {logging_mixin.py:137} INFO - [2024-01-21T12:14:39.758-0800] {dag.py:2705} INFO - Sync 1 DAGs
[2024-01-21T12:14:39.778-0800] {logging_mixin.py:137} INFO - [2024-01-21T12:14:39.778-0800] {dag.py:3452} INFO - Setting next_dagrun for taskgroups_and_edgelabels to 2024-01-20T00:00:00+00:00, run_after=2024-01-20T00:00:00+00:00
[2024-01-21T12:14:39.830-0800] {processor.py:175} INFO - Processing /home/mirukulla/airflow/dags/branch_with_taskgroups_edgelabels.py took 0.270 seconds
[2024-01-21T12:15:10.766-0800] {processor.py:153} INFO - Started process (PID=2791) to work on /home/mirukulla/airflow/dags/branch_with_taskgroups_edgelabels.py
[2024-01-21T12:15:10.768-0800] {processor.py:743} INFO - Processing file /home/mirukulla/airflow/dags/branch_with_taskgroups_edgelabels.py for tasks to queue
[2024-01-21T12:15:10.769-0800] {logging_mixin.py:137} INFO - [2024-01-21T12:15:10.769-0800] {dagbag.py:532} INFO - Filling up the DagBag from /home/mirukulla/airflow/dags/branch_with_taskgroups_edgelabels.py
[2024-01-21T12:15:10.942-0800] {processor.py:753} INFO - DAG(s) dict_keys(['taskgroups_and_edgelabels']) retrieved from /home/mirukulla/airflow/dags/branch_with_taskgroups_edgelabels.py
[2024-01-21T12:15:10.958-0800] {logging_mixin.py:137} INFO - [2024-01-21T12:15:10.958-0800] {dag.py:2705} INFO - Sync 1 DAGs
[2024-01-21T12:15:10.973-0800] {logging_mixin.py:137} INFO - [2024-01-21T12:15:10.973-0800] {dag.py:3452} INFO - Setting next_dagrun for taskgroups_and_edgelabels to 2024-01-20T00:00:00+00:00, run_after=2024-01-20T00:00:00+00:00
[2024-01-21T12:15:11.002-0800] {processor.py:175} INFO - Processing /home/mirukulla/airflow/dags/branch_with_taskgroups_edgelabels.py took 0.240 seconds
[2024-01-21T12:15:41.972-0800] {processor.py:153} INFO - Started process (PID=2845) to work on /home/mirukulla/airflow/dags/branch_with_taskgroups_edgelabels.py
[2024-01-21T12:15:41.974-0800] {processor.py:743} INFO - Processing file /home/mirukulla/airflow/dags/branch_with_taskgroups_edgelabels.py for tasks to queue
[2024-01-21T12:15:41.975-0800] {logging_mixin.py:137} INFO - [2024-01-21T12:15:41.974-0800] {dagbag.py:532} INFO - Filling up the DagBag from /home/mirukulla/airflow/dags/branch_with_taskgroups_edgelabels.py
[2024-01-21T12:15:42.161-0800] {processor.py:753} INFO - DAG(s) dict_keys(['taskgroups_and_edgelabels']) retrieved from /home/mirukulla/airflow/dags/branch_with_taskgroups_edgelabels.py
[2024-01-21T12:15:42.178-0800] {logging_mixin.py:137} INFO - [2024-01-21T12:15:42.178-0800] {dag.py:2705} INFO - Sync 1 DAGs
[2024-01-21T12:15:42.195-0800] {logging_mixin.py:137} INFO - [2024-01-21T12:15:42.194-0800] {dag.py:3452} INFO - Setting next_dagrun for taskgroups_and_edgelabels to 2024-01-20T00:00:00+00:00, run_after=2024-01-20T00:00:00+00:00
[2024-01-21T12:15:42.242-0800] {processor.py:175} INFO - Processing /home/mirukulla/airflow/dags/branch_with_taskgroups_edgelabels.py took 0.274 seconds
[2024-01-21T12:16:13.274-0800] {processor.py:153} INFO - Started process (PID=2899) to work on /home/mirukulla/airflow/dags/branch_with_taskgroups_edgelabels.py
[2024-01-21T12:16:13.276-0800] {processor.py:743} INFO - Processing file /home/mirukulla/airflow/dags/branch_with_taskgroups_edgelabels.py for tasks to queue
[2024-01-21T12:16:13.277-0800] {logging_mixin.py:137} INFO - [2024-01-21T12:16:13.277-0800] {dagbag.py:532} INFO - Filling up the DagBag from /home/mirukulla/airflow/dags/branch_with_taskgroups_edgelabels.py
[2024-01-21T12:16:13.442-0800] {processor.py:753} INFO - DAG(s) dict_keys(['taskgroups_and_edgelabels']) retrieved from /home/mirukulla/airflow/dags/branch_with_taskgroups_edgelabels.py
[2024-01-21T12:16:13.457-0800] {logging_mixin.py:137} INFO - [2024-01-21T12:16:13.457-0800] {dag.py:2705} INFO - Sync 1 DAGs
[2024-01-21T12:16:13.472-0800] {logging_mixin.py:137} INFO - [2024-01-21T12:16:13.472-0800] {dag.py:3452} INFO - Setting next_dagrun for taskgroups_and_edgelabels to 2024-01-20T00:00:00+00:00, run_after=2024-01-20T00:00:00+00:00
[2024-01-21T12:16:13.502-0800] {processor.py:175} INFO - Processing /home/mirukulla/airflow/dags/branch_with_taskgroups_edgelabels.py took 0.233 seconds
[2024-01-21T12:16:43.800-0800] {processor.py:153} INFO - Started process (PID=2953) to work on /home/mirukulla/airflow/dags/branch_with_taskgroups_edgelabels.py
[2024-01-21T12:16:43.811-0800] {processor.py:743} INFO - Processing file /home/mirukulla/airflow/dags/branch_with_taskgroups_edgelabels.py for tasks to queue
[2024-01-21T12:16:43.812-0800] {logging_mixin.py:137} INFO - [2024-01-21T12:16:43.812-0800] {dagbag.py:532} INFO - Filling up the DagBag from /home/mirukulla/airflow/dags/branch_with_taskgroups_edgelabels.py
[2024-01-21T12:16:43.990-0800] {processor.py:753} INFO - DAG(s) dict_keys(['taskgroups_and_edgelabels']) retrieved from /home/mirukulla/airflow/dags/branch_with_taskgroups_edgelabels.py
[2024-01-21T12:16:44.011-0800] {logging_mixin.py:137} INFO - [2024-01-21T12:16:44.010-0800] {dag.py:2705} INFO - Sync 1 DAGs
[2024-01-21T12:16:44.029-0800] {logging_mixin.py:137} INFO - [2024-01-21T12:16:44.029-0800] {dag.py:3452} INFO - Setting next_dagrun for taskgroups_and_edgelabels to 2024-01-20T00:00:00+00:00, run_after=2024-01-20T00:00:00+00:00
[2024-01-21T12:16:44.127-0800] {processor.py:175} INFO - Processing /home/mirukulla/airflow/dags/branch_with_taskgroups_edgelabels.py took 0.332 seconds
[2024-01-21T12:17:14.459-0800] {processor.py:153} INFO - Started process (PID=3007) to work on /home/mirukulla/airflow/dags/branch_with_taskgroups_edgelabels.py
[2024-01-21T12:17:14.461-0800] {processor.py:743} INFO - Processing file /home/mirukulla/airflow/dags/branch_with_taskgroups_edgelabels.py for tasks to queue
[2024-01-21T12:17:14.461-0800] {logging_mixin.py:137} INFO - [2024-01-21T12:17:14.461-0800] {dagbag.py:532} INFO - Filling up the DagBag from /home/mirukulla/airflow/dags/branch_with_taskgroups_edgelabels.py
[2024-01-21T12:17:14.623-0800] {processor.py:753} INFO - DAG(s) dict_keys(['taskgroups_and_edgelabels']) retrieved from /home/mirukulla/airflow/dags/branch_with_taskgroups_edgelabels.py
[2024-01-21T12:17:14.638-0800] {logging_mixin.py:137} INFO - [2024-01-21T12:17:14.638-0800] {dag.py:2705} INFO - Sync 1 DAGs
[2024-01-21T12:17:14.653-0800] {logging_mixin.py:137} INFO - [2024-01-21T12:17:14.653-0800] {dag.py:3452} INFO - Setting next_dagrun for taskgroups_and_edgelabels to 2024-01-20T00:00:00+00:00, run_after=2024-01-20T00:00:00+00:00
[2024-01-21T12:17:14.684-0800] {processor.py:175} INFO - Processing /home/mirukulla/airflow/dags/branch_with_taskgroups_edgelabels.py took 0.229 seconds
[2024-01-21T12:17:45.215-0800] {processor.py:153} INFO - Started process (PID=3062) to work on /home/mirukulla/airflow/dags/branch_with_taskgroups_edgelabels.py
[2024-01-21T12:17:45.257-0800] {processor.py:743} INFO - Processing file /home/mirukulla/airflow/dags/branch_with_taskgroups_edgelabels.py for tasks to queue
[2024-01-21T12:17:45.258-0800] {logging_mixin.py:137} INFO - [2024-01-21T12:17:45.258-0800] {dagbag.py:532} INFO - Filling up the DagBag from /home/mirukulla/airflow/dags/branch_with_taskgroups_edgelabels.py
[2024-01-21T12:17:45.432-0800] {processor.py:753} INFO - DAG(s) dict_keys(['taskgroups_and_edgelabels']) retrieved from /home/mirukulla/airflow/dags/branch_with_taskgroups_edgelabels.py
[2024-01-21T12:17:45.451-0800] {logging_mixin.py:137} INFO - [2024-01-21T12:17:45.450-0800] {dag.py:2705} INFO - Sync 1 DAGs
[2024-01-21T12:17:45.471-0800] {logging_mixin.py:137} INFO - [2024-01-21T12:17:45.471-0800] {dag.py:3452} INFO - Setting next_dagrun for taskgroups_and_edgelabels to 2024-01-20T00:00:00+00:00, run_after=2024-01-20T00:00:00+00:00
[2024-01-21T12:17:45.537-0800] {processor.py:175} INFO - Processing /home/mirukulla/airflow/dags/branch_with_taskgroups_edgelabels.py took 0.326 seconds
[2024-01-21T12:18:15.937-0800] {processor.py:153} INFO - Started process (PID=3116) to work on /home/mirukulla/airflow/dags/branch_with_taskgroups_edgelabels.py
[2024-01-21T12:18:15.939-0800] {processor.py:743} INFO - Processing file /home/mirukulla/airflow/dags/branch_with_taskgroups_edgelabels.py for tasks to queue
[2024-01-21T12:18:15.940-0800] {logging_mixin.py:137} INFO - [2024-01-21T12:18:15.940-0800] {dagbag.py:532} INFO - Filling up the DagBag from /home/mirukulla/airflow/dags/branch_with_taskgroups_edgelabels.py
[2024-01-21T12:18:16.120-0800] {processor.py:753} INFO - DAG(s) dict_keys(['taskgroups_and_edgelabels']) retrieved from /home/mirukulla/airflow/dags/branch_with_taskgroups_edgelabels.py
[2024-01-21T12:18:16.138-0800] {logging_mixin.py:137} INFO - [2024-01-21T12:18:16.138-0800] {dag.py:2705} INFO - Sync 1 DAGs
[2024-01-21T12:18:16.158-0800] {logging_mixin.py:137} INFO - [2024-01-21T12:18:16.158-0800] {dag.py:3452} INFO - Setting next_dagrun for taskgroups_and_edgelabels to 2024-01-20T00:00:00+00:00, run_after=2024-01-20T00:00:00+00:00
[2024-01-21T12:18:16.222-0800] {processor.py:175} INFO - Processing /home/mirukulla/airflow/dags/branch_with_taskgroups_edgelabels.py took 0.291 seconds
[2024-01-21T12:18:46.617-0800] {processor.py:153} INFO - Started process (PID=3170) to work on /home/mirukulla/airflow/dags/branch_with_taskgroups_edgelabels.py
[2024-01-21T12:18:46.642-0800] {processor.py:743} INFO - Processing file /home/mirukulla/airflow/dags/branch_with_taskgroups_edgelabels.py for tasks to queue
[2024-01-21T12:18:46.643-0800] {logging_mixin.py:137} INFO - [2024-01-21T12:18:46.643-0800] {dagbag.py:532} INFO - Filling up the DagBag from /home/mirukulla/airflow/dags/branch_with_taskgroups_edgelabels.py
[2024-01-21T12:18:46.811-0800] {processor.py:753} INFO - DAG(s) dict_keys(['taskgroups_and_edgelabels']) retrieved from /home/mirukulla/airflow/dags/branch_with_taskgroups_edgelabels.py
[2024-01-21T12:18:46.827-0800] {logging_mixin.py:137} INFO - [2024-01-21T12:18:46.826-0800] {dag.py:2705} INFO - Sync 1 DAGs
[2024-01-21T12:18:46.841-0800] {logging_mixin.py:137} INFO - [2024-01-21T12:18:46.841-0800] {dag.py:3452} INFO - Setting next_dagrun for taskgroups_and_edgelabels to 2024-01-20T00:00:00+00:00, run_after=2024-01-20T00:00:00+00:00
[2024-01-21T12:18:46.868-0800] {processor.py:175} INFO - Processing /home/mirukulla/airflow/dags/branch_with_taskgroups_edgelabels.py took 0.256 seconds
[2024-01-21T12:19:17.022-0800] {processor.py:153} INFO - Started process (PID=3221) to work on /home/mirukulla/airflow/dags/branch_with_taskgroups_edgelabels.py
[2024-01-21T12:19:17.023-0800] {processor.py:743} INFO - Processing file /home/mirukulla/airflow/dags/branch_with_taskgroups_edgelabels.py for tasks to queue
[2024-01-21T12:19:17.024-0800] {logging_mixin.py:137} INFO - [2024-01-21T12:19:17.024-0800] {dagbag.py:532} INFO - Filling up the DagBag from /home/mirukulla/airflow/dags/branch_with_taskgroups_edgelabels.py
[2024-01-21T12:19:17.206-0800] {processor.py:753} INFO - DAG(s) dict_keys(['taskgroups_and_edgelabels']) retrieved from /home/mirukulla/airflow/dags/branch_with_taskgroups_edgelabels.py
[2024-01-21T12:19:17.225-0800] {logging_mixin.py:137} INFO - [2024-01-21T12:19:17.225-0800] {dag.py:2705} INFO - Sync 1 DAGs
[2024-01-21T12:19:17.242-0800] {logging_mixin.py:137} INFO - [2024-01-21T12:19:17.242-0800] {dag.py:3452} INFO - Setting next_dagrun for taskgroups_and_edgelabels to 2024-01-20T00:00:00+00:00, run_after=2024-01-20T00:00:00+00:00
[2024-01-21T12:19:17.268-0800] {processor.py:175} INFO - Processing /home/mirukulla/airflow/dags/branch_with_taskgroups_edgelabels.py took 0.250 seconds
[2024-01-21T12:19:47.564-0800] {processor.py:153} INFO - Started process (PID=3275) to work on /home/mirukulla/airflow/dags/branch_with_taskgroups_edgelabels.py
[2024-01-21T12:19:47.606-0800] {processor.py:743} INFO - Processing file /home/mirukulla/airflow/dags/branch_with_taskgroups_edgelabels.py for tasks to queue
[2024-01-21T12:19:47.607-0800] {logging_mixin.py:137} INFO - [2024-01-21T12:19:47.607-0800] {dagbag.py:532} INFO - Filling up the DagBag from /home/mirukulla/airflow/dags/branch_with_taskgroups_edgelabels.py
[2024-01-21T12:19:47.763-0800] {processor.py:753} INFO - DAG(s) dict_keys(['taskgroups_and_edgelabels']) retrieved from /home/mirukulla/airflow/dags/branch_with_taskgroups_edgelabels.py
[2024-01-21T12:19:47.779-0800] {logging_mixin.py:137} INFO - [2024-01-21T12:19:47.779-0800] {dag.py:2705} INFO - Sync 1 DAGs
[2024-01-21T12:19:47.794-0800] {logging_mixin.py:137} INFO - [2024-01-21T12:19:47.794-0800] {dag.py:3452} INFO - Setting next_dagrun for taskgroups_and_edgelabels to 2024-01-20T00:00:00+00:00, run_after=2024-01-20T00:00:00+00:00
[2024-01-21T12:19:47.820-0800] {processor.py:175} INFO - Processing /home/mirukulla/airflow/dags/branch_with_taskgroups_edgelabels.py took 0.260 seconds
[2024-01-21T12:20:18.130-0800] {processor.py:153} INFO - Started process (PID=3329) to work on /home/mirukulla/airflow/dags/branch_with_taskgroups_edgelabels.py
[2024-01-21T12:20:18.131-0800] {processor.py:743} INFO - Processing file /home/mirukulla/airflow/dags/branch_with_taskgroups_edgelabels.py for tasks to queue
[2024-01-21T12:20:18.132-0800] {logging_mixin.py:137} INFO - [2024-01-21T12:20:18.132-0800] {dagbag.py:532} INFO - Filling up the DagBag from /home/mirukulla/airflow/dags/branch_with_taskgroups_edgelabels.py
[2024-01-21T12:20:18.288-0800] {processor.py:753} INFO - DAG(s) dict_keys(['taskgroups_and_edgelabels']) retrieved from /home/mirukulla/airflow/dags/branch_with_taskgroups_edgelabels.py
[2024-01-21T12:20:18.304-0800] {logging_mixin.py:137} INFO - [2024-01-21T12:20:18.304-0800] {dag.py:2705} INFO - Sync 1 DAGs
[2024-01-21T12:20:18.321-0800] {logging_mixin.py:137} INFO - [2024-01-21T12:20:18.320-0800] {dag.py:3452} INFO - Setting next_dagrun for taskgroups_and_edgelabels to 2024-01-20T00:00:00+00:00, run_after=2024-01-20T00:00:00+00:00
[2024-01-21T12:20:18.347-0800] {processor.py:175} INFO - Processing /home/mirukulla/airflow/dags/branch_with_taskgroups_edgelabels.py took 0.219 seconds
[2024-01-21T12:20:48.688-0800] {processor.py:153} INFO - Started process (PID=3383) to work on /home/mirukulla/airflow/dags/branch_with_taskgroups_edgelabels.py
[2024-01-21T12:20:48.690-0800] {processor.py:743} INFO - Processing file /home/mirukulla/airflow/dags/branch_with_taskgroups_edgelabels.py for tasks to queue
[2024-01-21T12:20:48.690-0800] {logging_mixin.py:137} INFO - [2024-01-21T12:20:48.690-0800] {dagbag.py:532} INFO - Filling up the DagBag from /home/mirukulla/airflow/dags/branch_with_taskgroups_edgelabels.py
[2024-01-21T12:20:48.867-0800] {processor.py:753} INFO - DAG(s) dict_keys(['taskgroups_and_edgelabels']) retrieved from /home/mirukulla/airflow/dags/branch_with_taskgroups_edgelabels.py
[2024-01-21T12:20:48.882-0800] {logging_mixin.py:137} INFO - [2024-01-21T12:20:48.882-0800] {dag.py:2705} INFO - Sync 1 DAGs
[2024-01-21T12:20:48.897-0800] {logging_mixin.py:137} INFO - [2024-01-21T12:20:48.897-0800] {dag.py:3452} INFO - Setting next_dagrun for taskgroups_and_edgelabels to 2024-01-20T00:00:00+00:00, run_after=2024-01-20T00:00:00+00:00
[2024-01-21T12:20:48.923-0800] {processor.py:175} INFO - Processing /home/mirukulla/airflow/dags/branch_with_taskgroups_edgelabels.py took 0.237 seconds
[2024-01-21T12:21:19.413-0800] {processor.py:153} INFO - Started process (PID=3434) to work on /home/mirukulla/airflow/dags/branch_with_taskgroups_edgelabels.py
[2024-01-21T12:21:19.452-0800] {processor.py:743} INFO - Processing file /home/mirukulla/airflow/dags/branch_with_taskgroups_edgelabels.py for tasks to queue
[2024-01-21T12:21:19.453-0800] {logging_mixin.py:137} INFO - [2024-01-21T12:21:19.453-0800] {dagbag.py:532} INFO - Filling up the DagBag from /home/mirukulla/airflow/dags/branch_with_taskgroups_edgelabels.py
[2024-01-21T12:21:19.626-0800] {processor.py:753} INFO - DAG(s) dict_keys(['taskgroups_and_edgelabels']) retrieved from /home/mirukulla/airflow/dags/branch_with_taskgroups_edgelabels.py
[2024-01-21T12:21:19.641-0800] {logging_mixin.py:137} INFO - [2024-01-21T12:21:19.641-0800] {dag.py:2705} INFO - Sync 1 DAGs
[2024-01-21T12:21:19.657-0800] {logging_mixin.py:137} INFO - [2024-01-21T12:21:19.657-0800] {dag.py:3452} INFO - Setting next_dagrun for taskgroups_and_edgelabels to 2024-01-20T00:00:00+00:00, run_after=2024-01-20T00:00:00+00:00
[2024-01-21T12:21:19.689-0800] {processor.py:175} INFO - Processing /home/mirukulla/airflow/dags/branch_with_taskgroups_edgelabels.py took 0.282 seconds
[2024-01-21T12:21:50.608-0800] {processor.py:153} INFO - Started process (PID=3491) to work on /home/mirukulla/airflow/dags/branch_with_taskgroups_edgelabels.py
[2024-01-21T12:21:50.654-0800] {processor.py:743} INFO - Processing file /home/mirukulla/airflow/dags/branch_with_taskgroups_edgelabels.py for tasks to queue
[2024-01-21T12:21:50.655-0800] {logging_mixin.py:137} INFO - [2024-01-21T12:21:50.655-0800] {dagbag.py:532} INFO - Filling up the DagBag from /home/mirukulla/airflow/dags/branch_with_taskgroups_edgelabels.py
[2024-01-21T12:21:50.814-0800] {processor.py:753} INFO - DAG(s) dict_keys(['taskgroups_and_edgelabels']) retrieved from /home/mirukulla/airflow/dags/branch_with_taskgroups_edgelabels.py
[2024-01-21T12:21:50.829-0800] {logging_mixin.py:137} INFO - [2024-01-21T12:21:50.829-0800] {dag.py:2705} INFO - Sync 1 DAGs
[2024-01-21T12:21:50.845-0800] {logging_mixin.py:137} INFO - [2024-01-21T12:21:50.845-0800] {dag.py:3452} INFO - Setting next_dagrun for taskgroups_and_edgelabels to 2024-01-20T00:00:00+00:00, run_after=2024-01-20T00:00:00+00:00
[2024-01-21T12:21:50.873-0800] {processor.py:175} INFO - Processing /home/mirukulla/airflow/dags/branch_with_taskgroups_edgelabels.py took 0.268 seconds
[2024-01-21T12:22:21.391-0800] {processor.py:153} INFO - Started process (PID=3542) to work on /home/mirukulla/airflow/dags/branch_with_taskgroups_edgelabels.py
[2024-01-21T12:22:21.413-0800] {processor.py:743} INFO - Processing file /home/mirukulla/airflow/dags/branch_with_taskgroups_edgelabels.py for tasks to queue
[2024-01-21T12:22:21.413-0800] {logging_mixin.py:137} INFO - [2024-01-21T12:22:21.413-0800] {dagbag.py:532} INFO - Filling up the DagBag from /home/mirukulla/airflow/dags/branch_with_taskgroups_edgelabels.py
[2024-01-21T12:22:21.600-0800] {processor.py:753} INFO - DAG(s) dict_keys(['taskgroups_and_edgelabels']) retrieved from /home/mirukulla/airflow/dags/branch_with_taskgroups_edgelabels.py
[2024-01-21T12:22:21.620-0800] {logging_mixin.py:137} INFO - [2024-01-21T12:22:21.619-0800] {dag.py:2705} INFO - Sync 1 DAGs
[2024-01-21T12:22:21.657-0800] {logging_mixin.py:137} INFO - [2024-01-21T12:22:21.657-0800] {dag.py:3452} INFO - Setting next_dagrun for taskgroups_and_edgelabels to 2024-01-20T00:00:00+00:00, run_after=2024-01-20T00:00:00+00:00
[2024-01-21T12:22:21.684-0800] {processor.py:175} INFO - Processing /home/mirukulla/airflow/dags/branch_with_taskgroups_edgelabels.py took 0.295 seconds
[2024-01-21T12:22:51.893-0800] {processor.py:153} INFO - Started process (PID=3596) to work on /home/mirukulla/airflow/dags/branch_with_taskgroups_edgelabels.py
[2024-01-21T12:22:51.905-0800] {processor.py:743} INFO - Processing file /home/mirukulla/airflow/dags/branch_with_taskgroups_edgelabels.py for tasks to queue
[2024-01-21T12:22:51.906-0800] {logging_mixin.py:137} INFO - [2024-01-21T12:22:51.906-0800] {dagbag.py:532} INFO - Filling up the DagBag from /home/mirukulla/airflow/dags/branch_with_taskgroups_edgelabels.py
[2024-01-21T12:22:52.084-0800] {processor.py:753} INFO - DAG(s) dict_keys(['taskgroups_and_edgelabels']) retrieved from /home/mirukulla/airflow/dags/branch_with_taskgroups_edgelabels.py
[2024-01-21T12:22:52.102-0800] {logging_mixin.py:137} INFO - [2024-01-21T12:22:52.101-0800] {dag.py:2705} INFO - Sync 1 DAGs
[2024-01-21T12:22:52.119-0800] {logging_mixin.py:137} INFO - [2024-01-21T12:22:52.119-0800] {dag.py:3452} INFO - Setting next_dagrun for taskgroups_and_edgelabels to 2024-01-20T00:00:00+00:00, run_after=2024-01-20T00:00:00+00:00
[2024-01-21T12:22:52.188-0800] {processor.py:175} INFO - Processing /home/mirukulla/airflow/dags/branch_with_taskgroups_edgelabels.py took 0.299 seconds
[2024-01-21T12:23:22.747-0800] {processor.py:153} INFO - Started process (PID=3650) to work on /home/mirukulla/airflow/dags/branch_with_taskgroups_edgelabels.py
[2024-01-21T12:23:22.750-0800] {processor.py:743} INFO - Processing file /home/mirukulla/airflow/dags/branch_with_taskgroups_edgelabels.py for tasks to queue
[2024-01-21T12:23:22.751-0800] {logging_mixin.py:137} INFO - [2024-01-21T12:23:22.751-0800] {dagbag.py:532} INFO - Filling up the DagBag from /home/mirukulla/airflow/dags/branch_with_taskgroups_edgelabels.py
[2024-01-21T12:23:22.917-0800] {processor.py:753} INFO - DAG(s) dict_keys(['taskgroups_and_edgelabels']) retrieved from /home/mirukulla/airflow/dags/branch_with_taskgroups_edgelabels.py
[2024-01-21T12:23:22.936-0800] {logging_mixin.py:137} INFO - [2024-01-21T12:23:22.936-0800] {dag.py:2705} INFO - Sync 1 DAGs
[2024-01-21T12:23:22.951-0800] {logging_mixin.py:137} INFO - [2024-01-21T12:23:22.951-0800] {dag.py:3452} INFO - Setting next_dagrun for taskgroups_and_edgelabels to 2024-01-20T00:00:00+00:00, run_after=2024-01-20T00:00:00+00:00
[2024-01-21T12:23:22.978-0800] {processor.py:175} INFO - Processing /home/mirukulla/airflow/dags/branch_with_taskgroups_edgelabels.py took 0.235 seconds
[2024-01-21T12:23:53.058-0800] {processor.py:153} INFO - Started process (PID=3704) to work on /home/mirukulla/airflow/dags/branch_with_taskgroups_edgelabels.py
[2024-01-21T12:23:53.093-0800] {processor.py:743} INFO - Processing file /home/mirukulla/airflow/dags/branch_with_taskgroups_edgelabels.py for tasks to queue
[2024-01-21T12:23:53.094-0800] {logging_mixin.py:137} INFO - [2024-01-21T12:23:53.094-0800] {dagbag.py:532} INFO - Filling up the DagBag from /home/mirukulla/airflow/dags/branch_with_taskgroups_edgelabels.py
[2024-01-21T12:23:53.256-0800] {processor.py:753} INFO - DAG(s) dict_keys(['taskgroups_and_edgelabels']) retrieved from /home/mirukulla/airflow/dags/branch_with_taskgroups_edgelabels.py
[2024-01-21T12:23:53.272-0800] {logging_mixin.py:137} INFO - [2024-01-21T12:23:53.272-0800] {dag.py:2705} INFO - Sync 1 DAGs
[2024-01-21T12:23:53.288-0800] {logging_mixin.py:137} INFO - [2024-01-21T12:23:53.287-0800] {dag.py:3452} INFO - Setting next_dagrun for taskgroups_and_edgelabels to 2024-01-20T00:00:00+00:00, run_after=2024-01-20T00:00:00+00:00
[2024-01-21T12:23:53.314-0800] {processor.py:175} INFO - Processing /home/mirukulla/airflow/dags/branch_with_taskgroups_edgelabels.py took 0.260 seconds
[2024-01-21T12:24:23.504-0800] {processor.py:153} INFO - Started process (PID=3758) to work on /home/mirukulla/airflow/dags/branch_with_taskgroups_edgelabels.py
[2024-01-21T12:24:23.536-0800] {processor.py:743} INFO - Processing file /home/mirukulla/airflow/dags/branch_with_taskgroups_edgelabels.py for tasks to queue
[2024-01-21T12:24:23.536-0800] {logging_mixin.py:137} INFO - [2024-01-21T12:24:23.536-0800] {dagbag.py:532} INFO - Filling up the DagBag from /home/mirukulla/airflow/dags/branch_with_taskgroups_edgelabels.py
[2024-01-21T12:24:23.695-0800] {processor.py:753} INFO - DAG(s) dict_keys(['taskgroups_and_edgelabels']) retrieved from /home/mirukulla/airflow/dags/branch_with_taskgroups_edgelabels.py
[2024-01-21T12:24:23.710-0800] {logging_mixin.py:137} INFO - [2024-01-21T12:24:23.710-0800] {dag.py:2705} INFO - Sync 1 DAGs
[2024-01-21T12:24:23.725-0800] {logging_mixin.py:137} INFO - [2024-01-21T12:24:23.725-0800] {dag.py:3452} INFO - Setting next_dagrun for taskgroups_and_edgelabels to 2024-01-20T00:00:00+00:00, run_after=2024-01-20T00:00:00+00:00
[2024-01-21T12:24:23.753-0800] {processor.py:175} INFO - Processing /home/mirukulla/airflow/dags/branch_with_taskgroups_edgelabels.py took 0.252 seconds
[2024-01-21T12:24:54.168-0800] {processor.py:153} INFO - Started process (PID=3809) to work on /home/mirukulla/airflow/dags/branch_with_taskgroups_edgelabels.py
[2024-01-21T12:24:54.172-0800] {processor.py:743} INFO - Processing file /home/mirukulla/airflow/dags/branch_with_taskgroups_edgelabels.py for tasks to queue
[2024-01-21T12:24:54.175-0800] {logging_mixin.py:137} INFO - [2024-01-21T12:24:54.175-0800] {dagbag.py:532} INFO - Filling up the DagBag from /home/mirukulla/airflow/dags/branch_with_taskgroups_edgelabels.py
[2024-01-21T12:24:54.354-0800] {processor.py:753} INFO - DAG(s) dict_keys(['taskgroups_and_edgelabels']) retrieved from /home/mirukulla/airflow/dags/branch_with_taskgroups_edgelabels.py
[2024-01-21T12:24:54.370-0800] {logging_mixin.py:137} INFO - [2024-01-21T12:24:54.370-0800] {dag.py:2705} INFO - Sync 1 DAGs
[2024-01-21T12:24:54.385-0800] {logging_mixin.py:137} INFO - [2024-01-21T12:24:54.385-0800] {dag.py:3452} INFO - Setting next_dagrun for taskgroups_and_edgelabels to 2024-01-20T00:00:00+00:00, run_after=2024-01-20T00:00:00+00:00
[2024-01-21T12:24:54.416-0800] {processor.py:175} INFO - Processing /home/mirukulla/airflow/dags/branch_with_taskgroups_edgelabels.py took 0.254 seconds
[2024-01-21T12:25:24.542-0800] {processor.py:153} INFO - Started process (PID=3863) to work on /home/mirukulla/airflow/dags/branch_with_taskgroups_edgelabels.py
[2024-01-21T12:25:24.586-0800] {processor.py:743} INFO - Processing file /home/mirukulla/airflow/dags/branch_with_taskgroups_edgelabels.py for tasks to queue
[2024-01-21T12:25:24.588-0800] {logging_mixin.py:137} INFO - [2024-01-21T12:25:24.588-0800] {dagbag.py:532} INFO - Filling up the DagBag from /home/mirukulla/airflow/dags/branch_with_taskgroups_edgelabels.py
[2024-01-21T12:25:24.763-0800] {processor.py:753} INFO - DAG(s) dict_keys(['taskgroups_and_edgelabels']) retrieved from /home/mirukulla/airflow/dags/branch_with_taskgroups_edgelabels.py
[2024-01-21T12:25:24.790-0800] {logging_mixin.py:137} INFO - [2024-01-21T12:25:24.789-0800] {dag.py:2705} INFO - Sync 1 DAGs
[2024-01-21T12:25:24.808-0800] {logging_mixin.py:137} INFO - [2024-01-21T12:25:24.808-0800] {dag.py:3452} INFO - Setting next_dagrun for taskgroups_and_edgelabels to 2024-01-20T00:00:00+00:00, run_after=2024-01-20T00:00:00+00:00
[2024-01-21T12:25:24.835-0800] {processor.py:175} INFO - Processing /home/mirukulla/airflow/dags/branch_with_taskgroups_edgelabels.py took 0.297 seconds
[2024-01-21T12:25:55.038-0800] {processor.py:153} INFO - Started process (PID=3917) to work on /home/mirukulla/airflow/dags/branch_with_taskgroups_edgelabels.py
[2024-01-21T12:25:55.040-0800] {processor.py:743} INFO - Processing file /home/mirukulla/airflow/dags/branch_with_taskgroups_edgelabels.py for tasks to queue
[2024-01-21T12:25:55.041-0800] {logging_mixin.py:137} INFO - [2024-01-21T12:25:55.041-0800] {dagbag.py:532} INFO - Filling up the DagBag from /home/mirukulla/airflow/dags/branch_with_taskgroups_edgelabels.py
[2024-01-21T12:25:55.200-0800] {processor.py:753} INFO - DAG(s) dict_keys(['taskgroups_and_edgelabels']) retrieved from /home/mirukulla/airflow/dags/branch_with_taskgroups_edgelabels.py
[2024-01-21T12:25:55.216-0800] {logging_mixin.py:137} INFO - [2024-01-21T12:25:55.216-0800] {dag.py:2705} INFO - Sync 1 DAGs
[2024-01-21T12:25:55.231-0800] {logging_mixin.py:137} INFO - [2024-01-21T12:25:55.231-0800] {dag.py:3452} INFO - Setting next_dagrun for taskgroups_and_edgelabels to 2024-01-20T00:00:00+00:00, run_after=2024-01-20T00:00:00+00:00
[2024-01-21T12:25:55.260-0800] {processor.py:175} INFO - Processing /home/mirukulla/airflow/dags/branch_with_taskgroups_edgelabels.py took 0.225 seconds
[2024-01-21T12:26:25.468-0800] {processor.py:153} INFO - Started process (PID=4233) to work on /home/mirukulla/airflow/dags/branch_with_taskgroups_edgelabels.py
[2024-01-21T12:26:25.490-0800] {processor.py:743} INFO - Processing file /home/mirukulla/airflow/dags/branch_with_taskgroups_edgelabels.py for tasks to queue
[2024-01-21T12:26:25.491-0800] {logging_mixin.py:137} INFO - [2024-01-21T12:26:25.491-0800] {dagbag.py:532} INFO - Filling up the DagBag from /home/mirukulla/airflow/dags/branch_with_taskgroups_edgelabels.py
[2024-01-21T12:26:25.650-0800] {processor.py:753} INFO - DAG(s) dict_keys(['taskgroups_and_edgelabels']) retrieved from /home/mirukulla/airflow/dags/branch_with_taskgroups_edgelabels.py
[2024-01-21T12:26:25.666-0800] {logging_mixin.py:137} INFO - [2024-01-21T12:26:25.666-0800] {dag.py:2705} INFO - Sync 1 DAGs
[2024-01-21T12:26:25.684-0800] {logging_mixin.py:137} INFO - [2024-01-21T12:26:25.683-0800] {dag.py:3452} INFO - Setting next_dagrun for taskgroups_and_edgelabels to 2024-01-20T00:00:00+00:00, run_after=2024-01-20T00:00:00+00:00
[2024-01-21T12:26:25.710-0800] {processor.py:175} INFO - Processing /home/mirukulla/airflow/dags/branch_with_taskgroups_edgelabels.py took 0.245 seconds
