[2024-01-21T11:42:31.635-0800] {processor.py:153} INFO - Started process (PID=31411) to work on /home/mirukulla/airflow/dags/executing_branching.py
[2024-01-21T11:42:31.637-0800] {processor.py:743} INFO - Processing file /home/mirukulla/airflow/dags/executing_branching.py for tasks to queue
[2024-01-21T11:42:31.639-0800] {logging_mixin.py:137} INFO - [2024-01-21T11:42:31.638-0800] {dagbag.py:532} INFO - Filling up the DagBag from /home/mirukulla/airflow/dags/executing_branching.py
[2024-01-21T11:42:31.670-0800] {processor.py:753} INFO - DAG(s) dict_keys(['executing_branching']) retrieved from /home/mirukulla/airflow/dags/executing_branching.py
[2024-01-21T11:42:31.924-0800] {logging_mixin.py:137} INFO - [2024-01-21T11:42:31.924-0800] {manager.py:504} INFO - Created Permission View: can read on DAG:executing_branching
[2024-01-21T11:42:31.971-0800] {logging_mixin.py:137} INFO - [2024-01-21T11:42:31.971-0800] {manager.py:504} INFO - Created Permission View: can edit on DAG:executing_branching
[2024-01-21T11:42:31.997-0800] {logging_mixin.py:137} INFO - [2024-01-21T11:42:31.996-0800] {manager.py:504} INFO - Created Permission View: can delete on DAG:executing_branching
[2024-01-21T11:42:31.997-0800] {logging_mixin.py:137} INFO - [2024-01-21T11:42:31.997-0800] {dag.py:2705} INFO - Sync 1 DAGs
[2024-01-21T11:42:32.012-0800] {logging_mixin.py:137} INFO - [2024-01-21T11:42:32.012-0800] {dag.py:2726} INFO - Creating ORM DAG for executing_branching
[2024-01-21T11:42:32.022-0800] {logging_mixin.py:137} INFO - [2024-01-21T11:42:32.022-0800] {dag.py:3452} INFO - Setting next_dagrun for executing_branching to 2024-01-20T00:00:00+00:00, run_after=2024-01-20T00:00:00+00:00
[2024-01-21T11:42:32.058-0800] {processor.py:175} INFO - Processing /home/mirukulla/airflow/dags/executing_branching.py took 0.438 seconds
[2024-01-21T11:43:02.526-0800] {processor.py:153} INFO - Started process (PID=31463) to work on /home/mirukulla/airflow/dags/executing_branching.py
[2024-01-21T11:43:02.563-0800] {processor.py:743} INFO - Processing file /home/mirukulla/airflow/dags/executing_branching.py for tasks to queue
[2024-01-21T11:43:02.564-0800] {logging_mixin.py:137} INFO - [2024-01-21T11:43:02.563-0800] {dagbag.py:532} INFO - Filling up the DagBag from /home/mirukulla/airflow/dags/executing_branching.py
[2024-01-21T11:43:02.594-0800] {processor.py:753} INFO - DAG(s) dict_keys(['executing_branching']) retrieved from /home/mirukulla/airflow/dags/executing_branching.py
[2024-01-21T11:43:02.618-0800] {logging_mixin.py:137} INFO - [2024-01-21T11:43:02.618-0800] {dag.py:2705} INFO - Sync 1 DAGs
[2024-01-21T11:43:02.635-0800] {logging_mixin.py:137} INFO - [2024-01-21T11:43:02.635-0800] {dag.py:3452} INFO - Setting next_dagrun for executing_branching to 2024-01-20T00:00:00+00:00, run_after=2024-01-20T00:00:00+00:00
[2024-01-21T11:43:02.665-0800] {processor.py:175} INFO - Processing /home/mirukulla/airflow/dags/executing_branching.py took 0.143 seconds
[2024-01-21T11:43:33.071-0800] {processor.py:153} INFO - Started process (PID=31515) to work on /home/mirukulla/airflow/dags/executing_branching.py
[2024-01-21T11:43:33.115-0800] {processor.py:743} INFO - Processing file /home/mirukulla/airflow/dags/executing_branching.py for tasks to queue
[2024-01-21T11:43:33.119-0800] {logging_mixin.py:137} INFO - [2024-01-21T11:43:33.118-0800] {dagbag.py:532} INFO - Filling up the DagBag from /home/mirukulla/airflow/dags/executing_branching.py
[2024-01-21T11:43:33.343-0800] {processor.py:753} INFO - DAG(s) dict_keys(['executing_branching']) retrieved from /home/mirukulla/airflow/dags/executing_branching.py
[2024-01-21T11:43:33.390-0800] {logging_mixin.py:137} INFO - [2024-01-21T11:43:33.389-0800] {dag.py:2705} INFO - Sync 1 DAGs
[2024-01-21T11:43:33.410-0800] {logging_mixin.py:137} INFO - [2024-01-21T11:43:33.409-0800] {dag.py:3452} INFO - Setting next_dagrun for executing_branching to 2024-01-20T00:00:00+00:00, run_after=2024-01-20T00:00:00+00:00
[2024-01-21T11:43:33.512-0800] {processor.py:175} INFO - Processing /home/mirukulla/airflow/dags/executing_branching.py took 0.444 seconds
[2024-01-21T11:44:03.684-0800] {processor.py:153} INFO - Started process (PID=31566) to work on /home/mirukulla/airflow/dags/executing_branching.py
[2024-01-21T11:44:03.720-0800] {processor.py:743} INFO - Processing file /home/mirukulla/airflow/dags/executing_branching.py for tasks to queue
[2024-01-21T11:44:03.721-0800] {logging_mixin.py:137} INFO - [2024-01-21T11:44:03.721-0800] {dagbag.py:532} INFO - Filling up the DagBag from /home/mirukulla/airflow/dags/executing_branching.py
[2024-01-21T11:44:03.908-0800] {processor.py:753} INFO - DAG(s) dict_keys(['executing_branching']) retrieved from /home/mirukulla/airflow/dags/executing_branching.py
[2024-01-21T11:44:03.952-0800] {logging_mixin.py:137} INFO - [2024-01-21T11:44:03.952-0800] {dag.py:2705} INFO - Sync 1 DAGs
[2024-01-21T11:44:03.967-0800] {logging_mixin.py:137} INFO - [2024-01-21T11:44:03.967-0800] {dag.py:3452} INFO - Setting next_dagrun for executing_branching to 2024-01-20T00:00:00+00:00, run_after=2024-01-20T00:00:00+00:00
[2024-01-21T11:44:04.035-0800] {processor.py:175} INFO - Processing /home/mirukulla/airflow/dags/executing_branching.py took 0.357 seconds
[2024-01-21T11:44:34.134-0800] {processor.py:153} INFO - Started process (PID=31618) to work on /home/mirukulla/airflow/dags/executing_branching.py
[2024-01-21T11:44:34.167-0800] {processor.py:743} INFO - Processing file /home/mirukulla/airflow/dags/executing_branching.py for tasks to queue
[2024-01-21T11:44:34.168-0800] {logging_mixin.py:137} INFO - [2024-01-21T11:44:34.168-0800] {dagbag.py:532} INFO - Filling up the DagBag from /home/mirukulla/airflow/dags/executing_branching.py
[2024-01-21T11:44:34.368-0800] {processor.py:753} INFO - DAG(s) dict_keys(['executing_branching']) retrieved from /home/mirukulla/airflow/dags/executing_branching.py
[2024-01-21T11:44:34.385-0800] {logging_mixin.py:137} INFO - [2024-01-21T11:44:34.385-0800] {dag.py:2705} INFO - Sync 1 DAGs
[2024-01-21T11:44:34.402-0800] {logging_mixin.py:137} INFO - [2024-01-21T11:44:34.402-0800] {dag.py:3452} INFO - Setting next_dagrun for executing_branching to 2024-01-20T00:00:00+00:00, run_after=2024-01-20T00:00:00+00:00
[2024-01-21T11:44:34.461-0800] {processor.py:175} INFO - Processing /home/mirukulla/airflow/dags/executing_branching.py took 0.330 seconds
[2024-01-21T11:45:04.622-0800] {processor.py:153} INFO - Started process (PID=31670) to work on /home/mirukulla/airflow/dags/executing_branching.py
[2024-01-21T11:45:04.625-0800] {processor.py:743} INFO - Processing file /home/mirukulla/airflow/dags/executing_branching.py for tasks to queue
[2024-01-21T11:45:04.627-0800] {logging_mixin.py:137} INFO - [2024-01-21T11:45:04.626-0800] {dagbag.py:532} INFO - Filling up the DagBag from /home/mirukulla/airflow/dags/executing_branching.py
[2024-01-21T11:45:05.157-0800] {processor.py:753} INFO - DAG(s) dict_keys(['executing_branching']) retrieved from /home/mirukulla/airflow/dags/executing_branching.py
[2024-01-21T11:45:05.188-0800] {logging_mixin.py:137} INFO - [2024-01-21T11:45:05.188-0800] {dag.py:2705} INFO - Sync 1 DAGs
[2024-01-21T11:45:05.210-0800] {logging_mixin.py:137} INFO - [2024-01-21T11:45:05.210-0800] {dag.py:3452} INFO - Setting next_dagrun for executing_branching to 2024-01-20T00:00:00+00:00, run_after=2024-01-20T00:00:00+00:00
[2024-01-21T11:45:05.311-0800] {processor.py:175} INFO - Processing /home/mirukulla/airflow/dags/executing_branching.py took 0.700 seconds
[2024-01-21T11:45:36.330-0800] {processor.py:153} INFO - Started process (PID=31722) to work on /home/mirukulla/airflow/dags/executing_branching.py
[2024-01-21T11:45:36.332-0800] {processor.py:743} INFO - Processing file /home/mirukulla/airflow/dags/executing_branching.py for tasks to queue
[2024-01-21T11:45:36.333-0800] {logging_mixin.py:137} INFO - [2024-01-21T11:45:36.333-0800] {dagbag.py:532} INFO - Filling up the DagBag from /home/mirukulla/airflow/dags/executing_branching.py
[2024-01-21T11:45:36.540-0800] {processor.py:753} INFO - DAG(s) dict_keys(['executing_branching']) retrieved from /home/mirukulla/airflow/dags/executing_branching.py
[2024-01-21T11:45:36.576-0800] {logging_mixin.py:137} INFO - [2024-01-21T11:45:36.575-0800] {dag.py:2705} INFO - Sync 1 DAGs
[2024-01-21T11:45:36.623-0800] {logging_mixin.py:137} INFO - [2024-01-21T11:45:36.623-0800] {dag.py:3452} INFO - Setting next_dagrun for executing_branching to 2024-01-20T00:00:00+00:00, run_after=2024-01-20T00:00:00+00:00
[2024-01-21T11:45:36.693-0800] {processor.py:175} INFO - Processing /home/mirukulla/airflow/dags/executing_branching.py took 0.367 seconds
[2024-01-21T11:46:07.161-0800] {processor.py:153} INFO - Started process (PID=31771) to work on /home/mirukulla/airflow/dags/executing_branching.py
[2024-01-21T11:46:07.200-0800] {processor.py:743} INFO - Processing file /home/mirukulla/airflow/dags/executing_branching.py for tasks to queue
[2024-01-21T11:46:07.201-0800] {logging_mixin.py:137} INFO - [2024-01-21T11:46:07.200-0800] {dagbag.py:532} INFO - Filling up the DagBag from /home/mirukulla/airflow/dags/executing_branching.py
[2024-01-21T11:46:07.460-0800] {processor.py:753} INFO - DAG(s) dict_keys(['executing_branching']) retrieved from /home/mirukulla/airflow/dags/executing_branching.py
[2024-01-21T11:46:07.478-0800] {logging_mixin.py:137} INFO - [2024-01-21T11:46:07.477-0800] {dag.py:2705} INFO - Sync 1 DAGs
[2024-01-21T11:46:07.501-0800] {logging_mixin.py:137} INFO - [2024-01-21T11:46:07.501-0800] {dag.py:3452} INFO - Setting next_dagrun for executing_branching to 2024-01-20T00:00:00+00:00, run_after=2024-01-20T00:00:00+00:00
[2024-01-21T11:46:07.534-0800] {processor.py:175} INFO - Processing /home/mirukulla/airflow/dags/executing_branching.py took 0.378 seconds
[2024-01-21T11:46:37.789-0800] {processor.py:153} INFO - Started process (PID=31823) to work on /home/mirukulla/airflow/dags/executing_branching.py
[2024-01-21T11:46:37.791-0800] {processor.py:743} INFO - Processing file /home/mirukulla/airflow/dags/executing_branching.py for tasks to queue
[2024-01-21T11:46:37.792-0800] {logging_mixin.py:137} INFO - [2024-01-21T11:46:37.792-0800] {dagbag.py:532} INFO - Filling up the DagBag from /home/mirukulla/airflow/dags/executing_branching.py
[2024-01-21T11:46:38.024-0800] {processor.py:753} INFO - DAG(s) dict_keys(['executing_branching']) retrieved from /home/mirukulla/airflow/dags/executing_branching.py
[2024-01-21T11:46:38.043-0800] {logging_mixin.py:137} INFO - [2024-01-21T11:46:38.043-0800] {dag.py:2705} INFO - Sync 1 DAGs
[2024-01-21T11:46:38.067-0800] {logging_mixin.py:137} INFO - [2024-01-21T11:46:38.067-0800] {dag.py:3452} INFO - Setting next_dagrun for executing_branching to 2024-01-20T00:00:00+00:00, run_after=2024-01-20T00:00:00+00:00
[2024-01-21T11:46:38.132-0800] {processor.py:175} INFO - Processing /home/mirukulla/airflow/dags/executing_branching.py took 0.349 seconds
[2024-01-21T11:47:08.307-0800] {processor.py:153} INFO - Started process (PID=31875) to work on /home/mirukulla/airflow/dags/executing_branching.py
[2024-01-21T11:47:08.329-0800] {processor.py:743} INFO - Processing file /home/mirukulla/airflow/dags/executing_branching.py for tasks to queue
[2024-01-21T11:47:08.330-0800] {logging_mixin.py:137} INFO - [2024-01-21T11:47:08.330-0800] {dagbag.py:532} INFO - Filling up the DagBag from /home/mirukulla/airflow/dags/executing_branching.py
[2024-01-21T11:47:08.588-0800] {processor.py:753} INFO - DAG(s) dict_keys(['executing_branching']) retrieved from /home/mirukulla/airflow/dags/executing_branching.py
[2024-01-21T11:47:08.618-0800] {logging_mixin.py:137} INFO - [2024-01-21T11:47:08.617-0800] {dag.py:2705} INFO - Sync 1 DAGs
[2024-01-21T11:47:08.640-0800] {logging_mixin.py:137} INFO - [2024-01-21T11:47:08.640-0800] {dag.py:3452} INFO - Setting next_dagrun for executing_branching to 2024-01-20T00:00:00+00:00, run_after=2024-01-20T00:00:00+00:00
[2024-01-21T11:47:08.669-0800] {processor.py:175} INFO - Processing /home/mirukulla/airflow/dags/executing_branching.py took 0.365 seconds
[2024-01-21T11:47:38.879-0800] {processor.py:153} INFO - Started process (PID=31924) to work on /home/mirukulla/airflow/dags/executing_branching.py
[2024-01-21T11:47:38.881-0800] {processor.py:743} INFO - Processing file /home/mirukulla/airflow/dags/executing_branching.py for tasks to queue
[2024-01-21T11:47:38.882-0800] {logging_mixin.py:137} INFO - [2024-01-21T11:47:38.882-0800] {dagbag.py:532} INFO - Filling up the DagBag from /home/mirukulla/airflow/dags/executing_branching.py
[2024-01-21T11:47:39.051-0800] {processor.py:753} INFO - DAG(s) dict_keys(['executing_branching']) retrieved from /home/mirukulla/airflow/dags/executing_branching.py
[2024-01-21T11:47:39.066-0800] {logging_mixin.py:137} INFO - [2024-01-21T11:47:39.066-0800] {dag.py:2705} INFO - Sync 1 DAGs
[2024-01-21T11:47:39.081-0800] {logging_mixin.py:137} INFO - [2024-01-21T11:47:39.081-0800] {dag.py:3452} INFO - Setting next_dagrun for executing_branching to 2024-01-20T00:00:00+00:00, run_after=2024-01-20T00:00:00+00:00
[2024-01-21T11:47:39.108-0800] {processor.py:175} INFO - Processing /home/mirukulla/airflow/dags/executing_branching.py took 0.233 seconds
[2024-01-21T11:48:09.538-0800] {processor.py:153} INFO - Started process (PID=31977) to work on /home/mirukulla/airflow/dags/executing_branching.py
[2024-01-21T11:48:09.540-0800] {processor.py:743} INFO - Processing file /home/mirukulla/airflow/dags/executing_branching.py for tasks to queue
[2024-01-21T11:48:09.541-0800] {logging_mixin.py:137} INFO - [2024-01-21T11:48:09.540-0800] {dagbag.py:532} INFO - Filling up the DagBag from /home/mirukulla/airflow/dags/executing_branching.py
[2024-01-21T11:48:09.702-0800] {processor.py:753} INFO - DAG(s) dict_keys(['executing_branching']) retrieved from /home/mirukulla/airflow/dags/executing_branching.py
[2024-01-21T11:48:09.719-0800] {logging_mixin.py:137} INFO - [2024-01-21T11:48:09.718-0800] {dag.py:2705} INFO - Sync 1 DAGs
[2024-01-21T11:48:09.736-0800] {logging_mixin.py:137} INFO - [2024-01-21T11:48:09.735-0800] {dag.py:3452} INFO - Setting next_dagrun for executing_branching to 2024-01-20T00:00:00+00:00, run_after=2024-01-20T00:00:00+00:00
[2024-01-21T11:48:09.763-0800] {processor.py:175} INFO - Processing /home/mirukulla/airflow/dags/executing_branching.py took 0.229 seconds
[2024-01-21T11:48:40.336-0800] {processor.py:153} INFO - Started process (PID=32032) to work on /home/mirukulla/airflow/dags/executing_branching.py
[2024-01-21T11:48:40.337-0800] {processor.py:743} INFO - Processing file /home/mirukulla/airflow/dags/executing_branching.py for tasks to queue
[2024-01-21T11:48:40.338-0800] {logging_mixin.py:137} INFO - [2024-01-21T11:48:40.338-0800] {dagbag.py:532} INFO - Filling up the DagBag from /home/mirukulla/airflow/dags/executing_branching.py
[2024-01-21T11:48:40.528-0800] {processor.py:753} INFO - DAG(s) dict_keys(['executing_branching']) retrieved from /home/mirukulla/airflow/dags/executing_branching.py
[2024-01-21T11:48:40.546-0800] {logging_mixin.py:137} INFO - [2024-01-21T11:48:40.546-0800] {dag.py:2705} INFO - Sync 1 DAGs
[2024-01-21T11:48:40.562-0800] {logging_mixin.py:137} INFO - [2024-01-21T11:48:40.562-0800] {dag.py:3452} INFO - Setting next_dagrun for executing_branching to 2024-01-20T00:00:00+00:00, run_after=2024-01-20T00:00:00+00:00
[2024-01-21T11:48:40.598-0800] {processor.py:175} INFO - Processing /home/mirukulla/airflow/dags/executing_branching.py took 0.266 seconds
[2024-01-21T11:49:11.163-0800] {processor.py:153} INFO - Started process (PID=32084) to work on /home/mirukulla/airflow/dags/executing_branching.py
[2024-01-21T11:49:11.192-0800] {processor.py:743} INFO - Processing file /home/mirukulla/airflow/dags/executing_branching.py for tasks to queue
[2024-01-21T11:49:11.193-0800] {logging_mixin.py:137} INFO - [2024-01-21T11:49:11.193-0800] {dagbag.py:532} INFO - Filling up the DagBag from /home/mirukulla/airflow/dags/executing_branching.py
[2024-01-21T11:49:11.596-0800] {processor.py:753} INFO - DAG(s) dict_keys(['executing_branching']) retrieved from /home/mirukulla/airflow/dags/executing_branching.py
[2024-01-21T11:49:11.625-0800] {logging_mixin.py:137} INFO - [2024-01-21T11:49:11.624-0800] {dag.py:2705} INFO - Sync 1 DAGs
[2024-01-21T11:49:11.651-0800] {logging_mixin.py:137} INFO - [2024-01-21T11:49:11.651-0800] {dag.py:3452} INFO - Setting next_dagrun for executing_branching to 2024-01-20T00:00:00+00:00, run_after=2024-01-20T00:00:00+00:00
[2024-01-21T11:49:11.686-0800] {processor.py:175} INFO - Processing /home/mirukulla/airflow/dags/executing_branching.py took 0.530 seconds
[2024-01-21T11:49:42.047-0800] {processor.py:153} INFO - Started process (PID=32133) to work on /home/mirukulla/airflow/dags/executing_branching.py
[2024-01-21T11:49:42.049-0800] {processor.py:743} INFO - Processing file /home/mirukulla/airflow/dags/executing_branching.py for tasks to queue
[2024-01-21T11:49:42.050-0800] {logging_mixin.py:137} INFO - [2024-01-21T11:49:42.050-0800] {dagbag.py:532} INFO - Filling up the DagBag from /home/mirukulla/airflow/dags/executing_branching.py
[2024-01-21T11:49:42.290-0800] {processor.py:753} INFO - DAG(s) dict_keys(['executing_branching']) retrieved from /home/mirukulla/airflow/dags/executing_branching.py
[2024-01-21T11:49:42.314-0800] {logging_mixin.py:137} INFO - [2024-01-21T11:49:42.313-0800] {dag.py:2705} INFO - Sync 1 DAGs
[2024-01-21T11:49:42.340-0800] {logging_mixin.py:137} INFO - [2024-01-21T11:49:42.339-0800] {dag.py:3452} INFO - Setting next_dagrun for executing_branching to 2024-01-20T00:00:00+00:00, run_after=2024-01-20T00:00:00+00:00
[2024-01-21T11:49:42.374-0800] {processor.py:175} INFO - Processing /home/mirukulla/airflow/dags/executing_branching.py took 0.331 seconds
[2024-01-21T11:50:12.867-0800] {processor.py:153} INFO - Started process (PID=32186) to work on /home/mirukulla/airflow/dags/executing_branching.py
[2024-01-21T11:50:12.869-0800] {processor.py:743} INFO - Processing file /home/mirukulla/airflow/dags/executing_branching.py for tasks to queue
[2024-01-21T11:50:12.870-0800] {logging_mixin.py:137} INFO - [2024-01-21T11:50:12.870-0800] {dagbag.py:532} INFO - Filling up the DagBag from /home/mirukulla/airflow/dags/executing_branching.py
[2024-01-21T11:50:13.042-0800] {processor.py:753} INFO - DAG(s) dict_keys(['executing_branching']) retrieved from /home/mirukulla/airflow/dags/executing_branching.py
[2024-01-21T11:50:13.060-0800] {logging_mixin.py:137} INFO - [2024-01-21T11:50:13.060-0800] {dag.py:2705} INFO - Sync 1 DAGs
[2024-01-21T11:50:13.083-0800] {logging_mixin.py:137} INFO - [2024-01-21T11:50:13.083-0800] {dag.py:3452} INFO - Setting next_dagrun for executing_branching to 2024-01-20T00:00:00+00:00, run_after=2024-01-20T00:00:00+00:00
[2024-01-21T11:50:13.149-0800] {processor.py:175} INFO - Processing /home/mirukulla/airflow/dags/executing_branching.py took 0.286 seconds
[2024-01-21T11:50:43.676-0800] {processor.py:153} INFO - Started process (PID=32250) to work on /home/mirukulla/airflow/dags/executing_branching.py
[2024-01-21T11:50:43.723-0800] {processor.py:743} INFO - Processing file /home/mirukulla/airflow/dags/executing_branching.py for tasks to queue
[2024-01-21T11:50:43.724-0800] {logging_mixin.py:137} INFO - [2024-01-21T11:50:43.724-0800] {dagbag.py:532} INFO - Filling up the DagBag from /home/mirukulla/airflow/dags/executing_branching.py
[2024-01-21T11:50:43.908-0800] {processor.py:753} INFO - DAG(s) dict_keys(['executing_branching']) retrieved from /home/mirukulla/airflow/dags/executing_branching.py
[2024-01-21T11:50:43.923-0800] {logging_mixin.py:137} INFO - [2024-01-21T11:50:43.923-0800] {dag.py:2705} INFO - Sync 1 DAGs
[2024-01-21T11:50:43.940-0800] {logging_mixin.py:137} INFO - [2024-01-21T11:50:43.940-0800] {dag.py:3452} INFO - Setting next_dagrun for executing_branching to 2024-01-20T00:00:00+00:00, run_after=2024-01-20T00:00:00+00:00
[2024-01-21T11:50:43.968-0800] {processor.py:175} INFO - Processing /home/mirukulla/airflow/dags/executing_branching.py took 0.300 seconds
[2024-01-21T11:51:14.796-0800] {processor.py:153} INFO - Started process (PID=32302) to work on /home/mirukulla/airflow/dags/executing_branching.py
[2024-01-21T11:51:14.798-0800] {processor.py:743} INFO - Processing file /home/mirukulla/airflow/dags/executing_branching.py for tasks to queue
[2024-01-21T11:51:14.798-0800] {logging_mixin.py:137} INFO - [2024-01-21T11:51:14.798-0800] {dagbag.py:532} INFO - Filling up the DagBag from /home/mirukulla/airflow/dags/executing_branching.py
[2024-01-21T11:51:15.178-0800] {processor.py:753} INFO - DAG(s) dict_keys(['executing_branching']) retrieved from /home/mirukulla/airflow/dags/executing_branching.py
[2024-01-21T11:51:15.198-0800] {logging_mixin.py:137} INFO - [2024-01-21T11:51:15.198-0800] {dag.py:2705} INFO - Sync 1 DAGs
[2024-01-21T11:51:15.220-0800] {logging_mixin.py:137} INFO - [2024-01-21T11:51:15.220-0800] {dag.py:3452} INFO - Setting next_dagrun for executing_branching to 2024-01-20T00:00:00+00:00, run_after=2024-01-20T00:00:00+00:00
[2024-01-21T11:51:15.299-0800] {processor.py:175} INFO - Processing /home/mirukulla/airflow/dags/executing_branching.py took 0.509 seconds
[2024-01-21T11:51:45.790-0800] {processor.py:153} INFO - Started process (PID=32351) to work on /home/mirukulla/airflow/dags/executing_branching.py
[2024-01-21T11:51:45.812-0800] {processor.py:743} INFO - Processing file /home/mirukulla/airflow/dags/executing_branching.py for tasks to queue
[2024-01-21T11:51:45.813-0800] {logging_mixin.py:137} INFO - [2024-01-21T11:51:45.813-0800] {dagbag.py:532} INFO - Filling up the DagBag from /home/mirukulla/airflow/dags/executing_branching.py
[2024-01-21T11:51:46.036-0800] {processor.py:753} INFO - DAG(s) dict_keys(['executing_branching']) retrieved from /home/mirukulla/airflow/dags/executing_branching.py
[2024-01-21T11:51:46.052-0800] {logging_mixin.py:137} INFO - [2024-01-21T11:51:46.051-0800] {dag.py:2705} INFO - Sync 1 DAGs
[2024-01-21T11:51:46.070-0800] {logging_mixin.py:137} INFO - [2024-01-21T11:51:46.070-0800] {dag.py:3452} INFO - Setting next_dagrun for executing_branching to 2024-01-20T00:00:00+00:00, run_after=2024-01-20T00:00:00+00:00
[2024-01-21T11:51:46.099-0800] {processor.py:175} INFO - Processing /home/mirukulla/airflow/dags/executing_branching.py took 0.312 seconds
[2024-01-21T11:52:16.440-0800] {processor.py:153} INFO - Started process (PID=32403) to work on /home/mirukulla/airflow/dags/executing_branching.py
[2024-01-21T11:52:16.442-0800] {processor.py:743} INFO - Processing file /home/mirukulla/airflow/dags/executing_branching.py for tasks to queue
[2024-01-21T11:52:16.443-0800] {logging_mixin.py:137} INFO - [2024-01-21T11:52:16.443-0800] {dagbag.py:532} INFO - Filling up the DagBag from /home/mirukulla/airflow/dags/executing_branching.py
[2024-01-21T11:52:16.666-0800] {processor.py:753} INFO - DAG(s) dict_keys(['executing_branching']) retrieved from /home/mirukulla/airflow/dags/executing_branching.py
[2024-01-21T11:52:16.683-0800] {logging_mixin.py:137} INFO - [2024-01-21T11:52:16.683-0800] {dag.py:2705} INFO - Sync 1 DAGs
[2024-01-21T11:52:16.704-0800] {logging_mixin.py:137} INFO - [2024-01-21T11:52:16.704-0800] {dag.py:3452} INFO - Setting next_dagrun for executing_branching to 2024-01-20T00:00:00+00:00, run_after=2024-01-20T00:00:00+00:00
[2024-01-21T11:52:16.769-0800] {processor.py:175} INFO - Processing /home/mirukulla/airflow/dags/executing_branching.py took 0.332 seconds
[2024-01-21T11:52:47.249-0800] {processor.py:153} INFO - Started process (PID=32457) to work on /home/mirukulla/airflow/dags/executing_branching.py
[2024-01-21T11:52:47.250-0800] {processor.py:743} INFO - Processing file /home/mirukulla/airflow/dags/executing_branching.py for tasks to queue
[2024-01-21T11:52:47.250-0800] {logging_mixin.py:137} INFO - [2024-01-21T11:52:47.250-0800] {dagbag.py:532} INFO - Filling up the DagBag from /home/mirukulla/airflow/dags/executing_branching.py
[2024-01-21T11:52:47.456-0800] {processor.py:753} INFO - DAG(s) dict_keys(['executing_branching']) retrieved from /home/mirukulla/airflow/dags/executing_branching.py
[2024-01-21T11:52:47.472-0800] {logging_mixin.py:137} INFO - [2024-01-21T11:52:47.471-0800] {dag.py:2705} INFO - Sync 1 DAGs
[2024-01-21T11:52:47.491-0800] {logging_mixin.py:137} INFO - [2024-01-21T11:52:47.491-0800] {dag.py:3452} INFO - Setting next_dagrun for executing_branching to 2024-01-20T00:00:00+00:00, run_after=2024-01-20T00:00:00+00:00
[2024-01-21T11:52:47.570-0800] {processor.py:175} INFO - Processing /home/mirukulla/airflow/dags/executing_branching.py took 0.324 seconds
[2024-01-21T11:53:18.071-0800] {processor.py:153} INFO - Started process (PID=32511) to work on /home/mirukulla/airflow/dags/executing_branching.py
[2024-01-21T11:53:18.095-0800] {processor.py:743} INFO - Processing file /home/mirukulla/airflow/dags/executing_branching.py for tasks to queue
[2024-01-21T11:53:18.096-0800] {logging_mixin.py:137} INFO - [2024-01-21T11:53:18.096-0800] {dagbag.py:532} INFO - Filling up the DagBag from /home/mirukulla/airflow/dags/executing_branching.py
[2024-01-21T11:53:18.280-0800] {processor.py:753} INFO - DAG(s) dict_keys(['executing_branching']) retrieved from /home/mirukulla/airflow/dags/executing_branching.py
[2024-01-21T11:53:18.298-0800] {logging_mixin.py:137} INFO - [2024-01-21T11:53:18.298-0800] {dag.py:2705} INFO - Sync 1 DAGs
[2024-01-21T11:53:18.314-0800] {logging_mixin.py:137} INFO - [2024-01-21T11:53:18.314-0800] {dag.py:3452} INFO - Setting next_dagrun for executing_branching to 2024-01-20T00:00:00+00:00, run_after=2024-01-20T00:00:00+00:00
[2024-01-21T11:53:18.358-0800] {processor.py:175} INFO - Processing /home/mirukulla/airflow/dags/executing_branching.py took 0.291 seconds
[2024-01-21T11:53:48.788-0800] {processor.py:153} INFO - Started process (PID=32565) to work on /home/mirukulla/airflow/dags/executing_branching.py
[2024-01-21T11:53:48.791-0800] {processor.py:743} INFO - Processing file /home/mirukulla/airflow/dags/executing_branching.py for tasks to queue
[2024-01-21T11:53:48.792-0800] {logging_mixin.py:137} INFO - [2024-01-21T11:53:48.792-0800] {dagbag.py:532} INFO - Filling up the DagBag from /home/mirukulla/airflow/dags/executing_branching.py
[2024-01-21T11:53:48.987-0800] {processor.py:753} INFO - DAG(s) dict_keys(['executing_branching']) retrieved from /home/mirukulla/airflow/dags/executing_branching.py
[2024-01-21T11:53:49.008-0800] {logging_mixin.py:137} INFO - [2024-01-21T11:53:49.007-0800] {dag.py:2705} INFO - Sync 1 DAGs
[2024-01-21T11:53:49.027-0800] {logging_mixin.py:137} INFO - [2024-01-21T11:53:49.026-0800] {dag.py:3452} INFO - Setting next_dagrun for executing_branching to 2024-01-20T00:00:00+00:00, run_after=2024-01-20T00:00:00+00:00
[2024-01-21T11:53:49.056-0800] {processor.py:175} INFO - Processing /home/mirukulla/airflow/dags/executing_branching.py took 0.271 seconds
[2024-01-21T11:54:19.423-0800] {processor.py:153} INFO - Started process (PID=32616) to work on /home/mirukulla/airflow/dags/executing_branching.py
[2024-01-21T11:54:19.449-0800] {processor.py:743} INFO - Processing file /home/mirukulla/airflow/dags/executing_branching.py for tasks to queue
[2024-01-21T11:54:19.449-0800] {logging_mixin.py:137} INFO - [2024-01-21T11:54:19.449-0800] {dagbag.py:532} INFO - Filling up the DagBag from /home/mirukulla/airflow/dags/executing_branching.py
[2024-01-21T11:54:19.642-0800] {processor.py:753} INFO - DAG(s) dict_keys(['executing_branching']) retrieved from /home/mirukulla/airflow/dags/executing_branching.py
[2024-01-21T11:54:19.658-0800] {logging_mixin.py:137} INFO - [2024-01-21T11:54:19.658-0800] {dag.py:2705} INFO - Sync 1 DAGs
[2024-01-21T11:54:19.678-0800] {logging_mixin.py:137} INFO - [2024-01-21T11:54:19.678-0800] {dag.py:3452} INFO - Setting next_dagrun for executing_branching to 2024-01-20T00:00:00+00:00, run_after=2024-01-20T00:00:00+00:00
[2024-01-21T11:54:19.708-0800] {processor.py:175} INFO - Processing /home/mirukulla/airflow/dags/executing_branching.py took 0.288 seconds
[2024-01-21T11:54:49.884-0800] {processor.py:153} INFO - Started process (PID=32670) to work on /home/mirukulla/airflow/dags/executing_branching.py
[2024-01-21T11:54:49.912-0800] {processor.py:743} INFO - Processing file /home/mirukulla/airflow/dags/executing_branching.py for tasks to queue
[2024-01-21T11:54:49.913-0800] {logging_mixin.py:137} INFO - [2024-01-21T11:54:49.913-0800] {dagbag.py:532} INFO - Filling up the DagBag from /home/mirukulla/airflow/dags/executing_branching.py
[2024-01-21T11:54:50.307-0800] {processor.py:753} INFO - DAG(s) dict_keys(['executing_branching']) retrieved from /home/mirukulla/airflow/dags/executing_branching.py
[2024-01-21T11:54:50.368-0800] {logging_mixin.py:137} INFO - [2024-01-21T11:54:50.366-0800] {dag.py:2705} INFO - Sync 1 DAGs
[2024-01-21T11:54:50.410-0800] {logging_mixin.py:137} INFO - [2024-01-21T11:54:50.409-0800] {dag.py:3452} INFO - Setting next_dagrun for executing_branching to 2024-01-20T00:00:00+00:00, run_after=2024-01-20T00:00:00+00:00
[2024-01-21T11:54:50.499-0800] {processor.py:175} INFO - Processing /home/mirukulla/airflow/dags/executing_branching.py took 0.619 seconds
[2024-01-21T11:55:21.453-0800] {processor.py:153} INFO - Started process (PID=32724) to work on /home/mirukulla/airflow/dags/executing_branching.py
[2024-01-21T11:55:21.474-0800] {processor.py:743} INFO - Processing file /home/mirukulla/airflow/dags/executing_branching.py for tasks to queue
[2024-01-21T11:55:21.475-0800] {logging_mixin.py:137} INFO - [2024-01-21T11:55:21.475-0800] {dagbag.py:532} INFO - Filling up the DagBag from /home/mirukulla/airflow/dags/executing_branching.py
[2024-01-21T11:55:21.655-0800] {processor.py:753} INFO - DAG(s) dict_keys(['executing_branching']) retrieved from /home/mirukulla/airflow/dags/executing_branching.py
[2024-01-21T11:55:21.673-0800] {logging_mixin.py:137} INFO - [2024-01-21T11:55:21.673-0800] {dag.py:2705} INFO - Sync 1 DAGs
[2024-01-21T11:55:21.694-0800] {logging_mixin.py:137} INFO - [2024-01-21T11:55:21.693-0800] {dag.py:3452} INFO - Setting next_dagrun for executing_branching to 2024-01-20T00:00:00+00:00, run_after=2024-01-20T00:00:00+00:00
[2024-01-21T11:55:21.740-0800] {processor.py:175} INFO - Processing /home/mirukulla/airflow/dags/executing_branching.py took 0.291 seconds
[2024-01-21T11:55:52.814-0800] {processor.py:153} INFO - Started process (PID=395) to work on /home/mirukulla/airflow/dags/executing_branching.py
[2024-01-21T11:55:52.815-0800] {processor.py:743} INFO - Processing file /home/mirukulla/airflow/dags/executing_branching.py for tasks to queue
[2024-01-21T11:55:52.816-0800] {logging_mixin.py:137} INFO - [2024-01-21T11:55:52.816-0800] {dagbag.py:532} INFO - Filling up the DagBag from /home/mirukulla/airflow/dags/executing_branching.py
[2024-01-21T11:55:53.022-0800] {processor.py:753} INFO - DAG(s) dict_keys(['executing_branching']) retrieved from /home/mirukulla/airflow/dags/executing_branching.py
[2024-01-21T11:55:53.044-0800] {logging_mixin.py:137} INFO - [2024-01-21T11:55:53.043-0800] {dag.py:2705} INFO - Sync 1 DAGs
[2024-01-21T11:55:53.065-0800] {logging_mixin.py:137} INFO - [2024-01-21T11:55:53.065-0800] {dag.py:3452} INFO - Setting next_dagrun for executing_branching to 2024-01-20T00:00:00+00:00, run_after=2024-01-20T00:00:00+00:00
[2024-01-21T11:55:53.105-0800] {processor.py:175} INFO - Processing /home/mirukulla/airflow/dags/executing_branching.py took 0.295 seconds
[2024-01-21T11:56:48.465-0800] {processor.py:153} INFO - Started process (PID=655) to work on /home/mirukulla/airflow/dags/executing_branching.py
[2024-01-21T11:56:48.499-0800] {processor.py:743} INFO - Processing file /home/mirukulla/airflow/dags/executing_branching.py for tasks to queue
[2024-01-21T11:56:48.500-0800] {logging_mixin.py:137} INFO - [2024-01-21T11:56:48.500-0800] {dagbag.py:532} INFO - Filling up the DagBag from /home/mirukulla/airflow/dags/executing_branching.py
[2024-01-21T11:56:48.753-0800] {processor.py:753} INFO - DAG(s) dict_keys(['executing_branching']) retrieved from /home/mirukulla/airflow/dags/executing_branching.py
[2024-01-21T11:56:48.773-0800] {logging_mixin.py:137} INFO - [2024-01-21T11:56:48.773-0800] {dag.py:2705} INFO - Sync 1 DAGs
[2024-01-21T11:56:48.798-0800] {logging_mixin.py:137} INFO - [2024-01-21T11:56:48.798-0800] {dag.py:3452} INFO - Setting next_dagrun for executing_branching to 2024-01-20T00:00:00+00:00, run_after=2024-01-20T00:00:00+00:00
[2024-01-21T11:56:48.867-0800] {processor.py:175} INFO - Processing /home/mirukulla/airflow/dags/executing_branching.py took 0.405 seconds
[2024-01-21T11:57:19.543-0800] {processor.py:153} INFO - Started process (PID=727) to work on /home/mirukulla/airflow/dags/executing_branching.py
[2024-01-21T11:57:19.546-0800] {processor.py:743} INFO - Processing file /home/mirukulla/airflow/dags/executing_branching.py for tasks to queue
[2024-01-21T11:57:19.547-0800] {logging_mixin.py:137} INFO - [2024-01-21T11:57:19.547-0800] {dagbag.py:532} INFO - Filling up the DagBag from /home/mirukulla/airflow/dags/executing_branching.py
[2024-01-21T11:57:19.763-0800] {processor.py:753} INFO - DAG(s) dict_keys(['executing_branching']) retrieved from /home/mirukulla/airflow/dags/executing_branching.py
[2024-01-21T11:57:19.780-0800] {logging_mixin.py:137} INFO - [2024-01-21T11:57:19.780-0800] {dag.py:2705} INFO - Sync 1 DAGs
[2024-01-21T11:57:19.800-0800] {logging_mixin.py:137} INFO - [2024-01-21T11:57:19.800-0800] {dag.py:3452} INFO - Setting next_dagrun for executing_branching to 2024-01-20T00:00:00+00:00, run_after=2024-01-20T00:00:00+00:00
[2024-01-21T11:57:19.872-0800] {processor.py:175} INFO - Processing /home/mirukulla/airflow/dags/executing_branching.py took 0.333 seconds
[2024-01-21T11:57:50.693-0800] {processor.py:153} INFO - Started process (PID=778) to work on /home/mirukulla/airflow/dags/executing_branching.py
[2024-01-21T11:57:50.725-0800] {processor.py:743} INFO - Processing file /home/mirukulla/airflow/dags/executing_branching.py for tasks to queue
[2024-01-21T11:57:50.726-0800] {logging_mixin.py:137} INFO - [2024-01-21T11:57:50.726-0800] {dagbag.py:532} INFO - Filling up the DagBag from /home/mirukulla/airflow/dags/executing_branching.py
[2024-01-21T11:57:50.940-0800] {processor.py:753} INFO - DAG(s) dict_keys(['executing_branching']) retrieved from /home/mirukulla/airflow/dags/executing_branching.py
[2024-01-21T11:57:50.960-0800] {logging_mixin.py:137} INFO - [2024-01-21T11:57:50.960-0800] {dag.py:2705} INFO - Sync 1 DAGs
[2024-01-21T11:57:50.981-0800] {logging_mixin.py:137} INFO - [2024-01-21T11:57:50.981-0800] {dag.py:3452} INFO - Setting next_dagrun for executing_branching to 2024-01-20T00:00:00+00:00, run_after=2024-01-20T00:00:00+00:00
[2024-01-21T11:57:51.050-0800] {processor.py:175} INFO - Processing /home/mirukulla/airflow/dags/executing_branching.py took 0.361 seconds
[2024-01-21T11:58:21.311-0800] {processor.py:153} INFO - Started process (PID=832) to work on /home/mirukulla/airflow/dags/executing_branching.py
[2024-01-21T11:58:21.313-0800] {processor.py:743} INFO - Processing file /home/mirukulla/airflow/dags/executing_branching.py for tasks to queue
[2024-01-21T11:58:21.314-0800] {logging_mixin.py:137} INFO - [2024-01-21T11:58:21.314-0800] {dagbag.py:532} INFO - Filling up the DagBag from /home/mirukulla/airflow/dags/executing_branching.py
[2024-01-21T11:58:21.498-0800] {processor.py:753} INFO - DAG(s) dict_keys(['executing_branching']) retrieved from /home/mirukulla/airflow/dags/executing_branching.py
[2024-01-21T11:58:21.523-0800] {logging_mixin.py:137} INFO - [2024-01-21T11:58:21.516-0800] {dag.py:2705} INFO - Sync 1 DAGs
[2024-01-21T11:58:21.572-0800] {logging_mixin.py:137} INFO - [2024-01-21T11:58:21.571-0800] {dag.py:3452} INFO - Setting next_dagrun for executing_branching to 2024-01-20T00:00:00+00:00, run_after=2024-01-20T00:00:00+00:00
[2024-01-21T11:58:21.630-0800] {processor.py:175} INFO - Processing /home/mirukulla/airflow/dags/executing_branching.py took 0.323 seconds
[2024-01-21T11:58:51.840-0800] {processor.py:153} INFO - Started process (PID=883) to work on /home/mirukulla/airflow/dags/executing_branching.py
[2024-01-21T11:58:51.863-0800] {processor.py:743} INFO - Processing file /home/mirukulla/airflow/dags/executing_branching.py for tasks to queue
[2024-01-21T11:58:51.864-0800] {logging_mixin.py:137} INFO - [2024-01-21T11:58:51.864-0800] {dagbag.py:532} INFO - Filling up the DagBag from /home/mirukulla/airflow/dags/executing_branching.py
[2024-01-21T11:58:52.045-0800] {processor.py:753} INFO - DAG(s) dict_keys(['executing_branching']) retrieved from /home/mirukulla/airflow/dags/executing_branching.py
[2024-01-21T11:58:52.061-0800] {logging_mixin.py:137} INFO - [2024-01-21T11:58:52.060-0800] {dag.py:2705} INFO - Sync 1 DAGs
[2024-01-21T11:58:52.076-0800] {logging_mixin.py:137} INFO - [2024-01-21T11:58:52.076-0800] {dag.py:3452} INFO - Setting next_dagrun for executing_branching to 2024-01-20T00:00:00+00:00, run_after=2024-01-20T00:00:00+00:00
[2024-01-21T11:58:52.103-0800] {processor.py:175} INFO - Processing /home/mirukulla/airflow/dags/executing_branching.py took 0.267 seconds
[2024-01-21T11:59:22.347-0800] {processor.py:153} INFO - Started process (PID=937) to work on /home/mirukulla/airflow/dags/executing_branching.py
[2024-01-21T11:59:22.398-0800] {processor.py:743} INFO - Processing file /home/mirukulla/airflow/dags/executing_branching.py for tasks to queue
[2024-01-21T11:59:22.400-0800] {logging_mixin.py:137} INFO - [2024-01-21T11:59:22.399-0800] {dagbag.py:532} INFO - Filling up the DagBag from /home/mirukulla/airflow/dags/executing_branching.py
[2024-01-21T11:59:22.566-0800] {processor.py:753} INFO - DAG(s) dict_keys(['executing_branching']) retrieved from /home/mirukulla/airflow/dags/executing_branching.py
[2024-01-21T11:59:22.583-0800] {logging_mixin.py:137} INFO - [2024-01-21T11:59:22.583-0800] {dag.py:2705} INFO - Sync 1 DAGs
[2024-01-21T11:59:22.599-0800] {logging_mixin.py:137} INFO - [2024-01-21T11:59:22.599-0800] {dag.py:3452} INFO - Setting next_dagrun for executing_branching to 2024-01-20T00:00:00+00:00, run_after=2024-01-20T00:00:00+00:00
[2024-01-21T11:59:22.669-0800] {processor.py:175} INFO - Processing /home/mirukulla/airflow/dags/executing_branching.py took 0.327 seconds
[2024-01-21T11:59:53.006-0800] {processor.py:153} INFO - Started process (PID=991) to work on /home/mirukulla/airflow/dags/executing_branching.py
[2024-01-21T11:59:53.050-0800] {processor.py:743} INFO - Processing file /home/mirukulla/airflow/dags/executing_branching.py for tasks to queue
[2024-01-21T11:59:53.052-0800] {logging_mixin.py:137} INFO - [2024-01-21T11:59:53.052-0800] {dagbag.py:532} INFO - Filling up the DagBag from /home/mirukulla/airflow/dags/executing_branching.py
[2024-01-21T11:59:53.280-0800] {processor.py:753} INFO - DAG(s) dict_keys(['executing_branching']) retrieved from /home/mirukulla/airflow/dags/executing_branching.py
[2024-01-21T11:59:53.301-0800] {logging_mixin.py:137} INFO - [2024-01-21T11:59:53.300-0800] {dag.py:2705} INFO - Sync 1 DAGs
[2024-01-21T11:59:53.322-0800] {logging_mixin.py:137} INFO - [2024-01-21T11:59:53.321-0800] {dag.py:3452} INFO - Setting next_dagrun for executing_branching to 2024-01-20T00:00:00+00:00, run_after=2024-01-20T00:00:00+00:00
[2024-01-21T11:59:53.395-0800] {processor.py:175} INFO - Processing /home/mirukulla/airflow/dags/executing_branching.py took 0.392 seconds
[2024-01-21T12:00:23.459-0800] {processor.py:153} INFO - Started process (PID=1045) to work on /home/mirukulla/airflow/dags/executing_branching.py
[2024-01-21T12:00:23.493-0800] {processor.py:743} INFO - Processing file /home/mirukulla/airflow/dags/executing_branching.py for tasks to queue
[2024-01-21T12:00:23.494-0800] {logging_mixin.py:137} INFO - [2024-01-21T12:00:23.494-0800] {dagbag.py:532} INFO - Filling up the DagBag from /home/mirukulla/airflow/dags/executing_branching.py
[2024-01-21T12:00:23.764-0800] {processor.py:753} INFO - DAG(s) dict_keys(['executing_branching']) retrieved from /home/mirukulla/airflow/dags/executing_branching.py
[2024-01-21T12:00:23.785-0800] {logging_mixin.py:137} INFO - [2024-01-21T12:00:23.784-0800] {dag.py:2705} INFO - Sync 1 DAGs
[2024-01-21T12:00:23.807-0800] {logging_mixin.py:137} INFO - [2024-01-21T12:00:23.807-0800] {dag.py:3452} INFO - Setting next_dagrun for executing_branching to 2024-01-20T00:00:00+00:00, run_after=2024-01-20T00:00:00+00:00
[2024-01-21T12:00:23.842-0800] {processor.py:175} INFO - Processing /home/mirukulla/airflow/dags/executing_branching.py took 0.387 seconds
[2024-01-21T12:00:54.008-0800] {processor.py:153} INFO - Started process (PID=1096) to work on /home/mirukulla/airflow/dags/executing_branching.py
[2024-01-21T12:00:54.010-0800] {processor.py:743} INFO - Processing file /home/mirukulla/airflow/dags/executing_branching.py for tasks to queue
[2024-01-21T12:00:54.011-0800] {logging_mixin.py:137} INFO - [2024-01-21T12:00:54.010-0800] {dagbag.py:532} INFO - Filling up the DagBag from /home/mirukulla/airflow/dags/executing_branching.py
[2024-01-21T12:00:54.202-0800] {processor.py:753} INFO - DAG(s) dict_keys(['executing_branching']) retrieved from /home/mirukulla/airflow/dags/executing_branching.py
[2024-01-21T12:00:54.223-0800] {logging_mixin.py:137} INFO - [2024-01-21T12:00:54.223-0800] {dag.py:2705} INFO - Sync 1 DAGs
[2024-01-21T12:00:54.241-0800] {logging_mixin.py:137} INFO - [2024-01-21T12:00:54.241-0800] {dag.py:3452} INFO - Setting next_dagrun for executing_branching to 2024-01-20T00:00:00+00:00, run_after=2024-01-20T00:00:00+00:00
[2024-01-21T12:00:54.303-0800] {processor.py:175} INFO - Processing /home/mirukulla/airflow/dags/executing_branching.py took 0.298 seconds
[2024-01-21T12:01:24.475-0800] {processor.py:153} INFO - Started process (PID=1150) to work on /home/mirukulla/airflow/dags/executing_branching.py
[2024-01-21T12:01:24.476-0800] {processor.py:743} INFO - Processing file /home/mirukulla/airflow/dags/executing_branching.py for tasks to queue
[2024-01-21T12:01:24.477-0800] {logging_mixin.py:137} INFO - [2024-01-21T12:01:24.477-0800] {dagbag.py:532} INFO - Filling up the DagBag from /home/mirukulla/airflow/dags/executing_branching.py
[2024-01-21T12:01:24.654-0800] {processor.py:753} INFO - DAG(s) dict_keys(['executing_branching']) retrieved from /home/mirukulla/airflow/dags/executing_branching.py
[2024-01-21T12:01:24.670-0800] {logging_mixin.py:137} INFO - [2024-01-21T12:01:24.670-0800] {dag.py:2705} INFO - Sync 1 DAGs
[2024-01-21T12:01:24.688-0800] {logging_mixin.py:137} INFO - [2024-01-21T12:01:24.688-0800] {dag.py:3452} INFO - Setting next_dagrun for executing_branching to 2024-01-20T00:00:00+00:00, run_after=2024-01-20T00:00:00+00:00
[2024-01-21T12:01:24.715-0800] {processor.py:175} INFO - Processing /home/mirukulla/airflow/dags/executing_branching.py took 0.245 seconds
[2024-01-21T12:01:54.952-0800] {processor.py:153} INFO - Started process (PID=1204) to work on /home/mirukulla/airflow/dags/executing_branching.py
[2024-01-21T12:01:54.995-0800] {processor.py:743} INFO - Processing file /home/mirukulla/airflow/dags/executing_branching.py for tasks to queue
[2024-01-21T12:01:54.995-0800] {logging_mixin.py:137} INFO - [2024-01-21T12:01:54.995-0800] {dagbag.py:532} INFO - Filling up the DagBag from /home/mirukulla/airflow/dags/executing_branching.py
[2024-01-21T12:01:55.158-0800] {processor.py:753} INFO - DAG(s) dict_keys(['executing_branching']) retrieved from /home/mirukulla/airflow/dags/executing_branching.py
[2024-01-21T12:01:55.174-0800] {logging_mixin.py:137} INFO - [2024-01-21T12:01:55.173-0800] {dag.py:2705} INFO - Sync 1 DAGs
[2024-01-21T12:01:55.189-0800] {logging_mixin.py:137} INFO - [2024-01-21T12:01:55.189-0800] {dag.py:3452} INFO - Setting next_dagrun for executing_branching to 2024-01-20T00:00:00+00:00, run_after=2024-01-20T00:00:00+00:00
[2024-01-21T12:01:55.217-0800] {processor.py:175} INFO - Processing /home/mirukulla/airflow/dags/executing_branching.py took 0.268 seconds
[2024-01-21T12:02:25.373-0800] {processor.py:153} INFO - Started process (PID=1255) to work on /home/mirukulla/airflow/dags/executing_branching.py
[2024-01-21T12:02:25.374-0800] {processor.py:743} INFO - Processing file /home/mirukulla/airflow/dags/executing_branching.py for tasks to queue
[2024-01-21T12:02:25.375-0800] {logging_mixin.py:137} INFO - [2024-01-21T12:02:25.375-0800] {dagbag.py:532} INFO - Filling up the DagBag from /home/mirukulla/airflow/dags/executing_branching.py
[2024-01-21T12:02:25.642-0800] {processor.py:753} INFO - DAG(s) dict_keys(['executing_branching']) retrieved from /home/mirukulla/airflow/dags/executing_branching.py
[2024-01-21T12:02:25.663-0800] {logging_mixin.py:137} INFO - [2024-01-21T12:02:25.663-0800] {dag.py:2705} INFO - Sync 1 DAGs
[2024-01-21T12:02:25.683-0800] {logging_mixin.py:137} INFO - [2024-01-21T12:02:25.683-0800] {dag.py:3452} INFO - Setting next_dagrun for executing_branching to 2024-01-20T00:00:00+00:00, run_after=2024-01-20T00:00:00+00:00
[2024-01-21T12:02:25.715-0800] {processor.py:175} INFO - Processing /home/mirukulla/airflow/dags/executing_branching.py took 0.347 seconds
[2024-01-21T12:02:55.964-0800] {processor.py:153} INFO - Started process (PID=1309) to work on /home/mirukulla/airflow/dags/executing_branching.py
[2024-01-21T12:02:55.966-0800] {processor.py:743} INFO - Processing file /home/mirukulla/airflow/dags/executing_branching.py for tasks to queue
[2024-01-21T12:02:55.967-0800] {logging_mixin.py:137} INFO - [2024-01-21T12:02:55.966-0800] {dagbag.py:532} INFO - Filling up the DagBag from /home/mirukulla/airflow/dags/executing_branching.py
[2024-01-21T12:02:56.156-0800] {processor.py:753} INFO - DAG(s) dict_keys(['executing_branching']) retrieved from /home/mirukulla/airflow/dags/executing_branching.py
[2024-01-21T12:02:56.174-0800] {logging_mixin.py:137} INFO - [2024-01-21T12:02:56.174-0800] {dag.py:2705} INFO - Sync 1 DAGs
[2024-01-21T12:02:56.192-0800] {logging_mixin.py:137} INFO - [2024-01-21T12:02:56.192-0800] {dag.py:3452} INFO - Setting next_dagrun for executing_branching to 2024-01-20T00:00:00+00:00, run_after=2024-01-20T00:00:00+00:00
[2024-01-21T12:02:56.243-0800] {processor.py:175} INFO - Processing /home/mirukulla/airflow/dags/executing_branching.py took 0.282 seconds
[2024-01-21T12:03:26.731-0800] {processor.py:153} INFO - Started process (PID=1363) to work on /home/mirukulla/airflow/dags/executing_branching.py
[2024-01-21T12:03:26.776-0800] {processor.py:743} INFO - Processing file /home/mirukulla/airflow/dags/executing_branching.py for tasks to queue
[2024-01-21T12:03:26.776-0800] {logging_mixin.py:137} INFO - [2024-01-21T12:03:26.776-0800] {dagbag.py:532} INFO - Filling up the DagBag from /home/mirukulla/airflow/dags/executing_branching.py
[2024-01-21T12:03:27.015-0800] {processor.py:753} INFO - DAG(s) dict_keys(['executing_branching']) retrieved from /home/mirukulla/airflow/dags/executing_branching.py
[2024-01-21T12:03:27.048-0800] {logging_mixin.py:137} INFO - [2024-01-21T12:03:27.047-0800] {dag.py:2705} INFO - Sync 1 DAGs
[2024-01-21T12:03:27.079-0800] {logging_mixin.py:137} INFO - [2024-01-21T12:03:27.079-0800] {dag.py:3452} INFO - Setting next_dagrun for executing_branching to 2024-01-20T00:00:00+00:00, run_after=2024-01-20T00:00:00+00:00
[2024-01-21T12:03:27.185-0800] {processor.py:175} INFO - Processing /home/mirukulla/airflow/dags/executing_branching.py took 0.458 seconds
[2024-01-21T12:04:48.363-0800] {processor.py:153} INFO - Started process (PID=1615) to work on /home/mirukulla/airflow/dags/executing_branching.py
[2024-01-21T12:04:48.365-0800] {processor.py:743} INFO - Processing file /home/mirukulla/airflow/dags/executing_branching.py for tasks to queue
[2024-01-21T12:04:48.366-0800] {logging_mixin.py:137} INFO - [2024-01-21T12:04:48.366-0800] {dagbag.py:532} INFO - Filling up the DagBag from /home/mirukulla/airflow/dags/executing_branching.py
[2024-01-21T12:04:48.571-0800] {processor.py:753} INFO - DAG(s) dict_keys(['executing_branching']) retrieved from /home/mirukulla/airflow/dags/executing_branching.py
[2024-01-21T12:04:48.591-0800] {logging_mixin.py:137} INFO - [2024-01-21T12:04:48.591-0800] {dag.py:2705} INFO - Sync 1 DAGs
[2024-01-21T12:04:48.611-0800] {logging_mixin.py:137} INFO - [2024-01-21T12:04:48.611-0800] {dag.py:3452} INFO - Setting next_dagrun for executing_branching to 2024-01-20T00:00:00+00:00, run_after=2024-01-20T00:00:00+00:00
[2024-01-21T12:04:48.643-0800] {processor.py:175} INFO - Processing /home/mirukulla/airflow/dags/executing_branching.py took 0.284 seconds
[2024-01-21T12:05:18.829-0800] {processor.py:153} INFO - Started process (PID=1666) to work on /home/mirukulla/airflow/dags/executing_branching.py
[2024-01-21T12:05:18.868-0800] {processor.py:743} INFO - Processing file /home/mirukulla/airflow/dags/executing_branching.py for tasks to queue
[2024-01-21T12:05:18.869-0800] {logging_mixin.py:137} INFO - [2024-01-21T12:05:18.868-0800] {dagbag.py:532} INFO - Filling up the DagBag from /home/mirukulla/airflow/dags/executing_branching.py
[2024-01-21T12:05:19.104-0800] {processor.py:753} INFO - DAG(s) dict_keys(['executing_branching']) retrieved from /home/mirukulla/airflow/dags/executing_branching.py
[2024-01-21T12:05:19.124-0800] {logging_mixin.py:137} INFO - [2024-01-21T12:05:19.124-0800] {dag.py:2705} INFO - Sync 1 DAGs
[2024-01-21T12:05:19.148-0800] {logging_mixin.py:137} INFO - [2024-01-21T12:05:19.148-0800] {dag.py:3452} INFO - Setting next_dagrun for executing_branching to 2024-01-20T00:00:00+00:00, run_after=2024-01-20T00:00:00+00:00
[2024-01-21T12:05:19.184-0800] {processor.py:175} INFO - Processing /home/mirukulla/airflow/dags/executing_branching.py took 0.359 seconds
[2024-01-21T12:05:49.533-0800] {processor.py:153} INFO - Started process (PID=1720) to work on /home/mirukulla/airflow/dags/executing_branching.py
[2024-01-21T12:05:49.536-0800] {processor.py:743} INFO - Processing file /home/mirukulla/airflow/dags/executing_branching.py for tasks to queue
[2024-01-21T12:05:49.537-0800] {logging_mixin.py:137} INFO - [2024-01-21T12:05:49.536-0800] {dagbag.py:532} INFO - Filling up the DagBag from /home/mirukulla/airflow/dags/executing_branching.py
[2024-01-21T12:05:49.749-0800] {processor.py:753} INFO - DAG(s) dict_keys(['executing_branching']) retrieved from /home/mirukulla/airflow/dags/executing_branching.py
[2024-01-21T12:05:49.782-0800] {logging_mixin.py:137} INFO - [2024-01-21T12:05:49.781-0800] {dag.py:2705} INFO - Sync 1 DAGs
[2024-01-21T12:05:49.812-0800] {logging_mixin.py:137} INFO - [2024-01-21T12:05:49.811-0800] {dag.py:3452} INFO - Setting next_dagrun for executing_branching to 2024-01-20T00:00:00+00:00, run_after=2024-01-20T00:00:00+00:00
[2024-01-21T12:05:49.849-0800] {processor.py:175} INFO - Processing /home/mirukulla/airflow/dags/executing_branching.py took 0.318 seconds
[2024-01-21T12:06:20.297-0800] {processor.py:153} INFO - Started process (PID=1774) to work on /home/mirukulla/airflow/dags/executing_branching.py
[2024-01-21T12:06:20.299-0800] {processor.py:743} INFO - Processing file /home/mirukulla/airflow/dags/executing_branching.py for tasks to queue
[2024-01-21T12:06:20.301-0800] {logging_mixin.py:137} INFO - [2024-01-21T12:06:20.300-0800] {dagbag.py:532} INFO - Filling up the DagBag from /home/mirukulla/airflow/dags/executing_branching.py
[2024-01-21T12:06:20.606-0800] {processor.py:753} INFO - DAG(s) dict_keys(['executing_branching']) retrieved from /home/mirukulla/airflow/dags/executing_branching.py
[2024-01-21T12:06:20.627-0800] {logging_mixin.py:137} INFO - [2024-01-21T12:06:20.627-0800] {dag.py:2705} INFO - Sync 1 DAGs
[2024-01-21T12:06:20.646-0800] {logging_mixin.py:137} INFO - [2024-01-21T12:06:20.646-0800] {dag.py:3452} INFO - Setting next_dagrun for executing_branching to 2024-01-20T00:00:00+00:00, run_after=2024-01-20T00:00:00+00:00
[2024-01-21T12:06:20.672-0800] {processor.py:175} INFO - Processing /home/mirukulla/airflow/dags/executing_branching.py took 0.379 seconds
[2024-01-21T12:06:50.703-0800] {processor.py:153} INFO - Started process (PID=1825) to work on /home/mirukulla/airflow/dags/executing_branching.py
[2024-01-21T12:06:50.704-0800] {processor.py:743} INFO - Processing file /home/mirukulla/airflow/dags/executing_branching.py for tasks to queue
[2024-01-21T12:06:50.705-0800] {logging_mixin.py:137} INFO - [2024-01-21T12:06:50.705-0800] {dagbag.py:532} INFO - Filling up the DagBag from /home/mirukulla/airflow/dags/executing_branching.py
[2024-01-21T12:06:50.891-0800] {processor.py:753} INFO - DAG(s) dict_keys(['executing_branching']) retrieved from /home/mirukulla/airflow/dags/executing_branching.py
[2024-01-21T12:06:50.911-0800] {logging_mixin.py:137} INFO - [2024-01-21T12:06:50.910-0800] {dag.py:2705} INFO - Sync 1 DAGs
[2024-01-21T12:06:50.927-0800] {logging_mixin.py:137} INFO - [2024-01-21T12:06:50.927-0800] {dag.py:3452} INFO - Setting next_dagrun for executing_branching to 2024-01-20T00:00:00+00:00, run_after=2024-01-20T00:00:00+00:00
[2024-01-21T12:06:50.999-0800] {processor.py:175} INFO - Processing /home/mirukulla/airflow/dags/executing_branching.py took 0.299 seconds
[2024-01-21T12:07:21.463-0800] {processor.py:153} INFO - Started process (PID=1879) to work on /home/mirukulla/airflow/dags/executing_branching.py
[2024-01-21T12:07:21.465-0800] {processor.py:743} INFO - Processing file /home/mirukulla/airflow/dags/executing_branching.py for tasks to queue
[2024-01-21T12:07:21.466-0800] {logging_mixin.py:137} INFO - [2024-01-21T12:07:21.466-0800] {dagbag.py:532} INFO - Filling up the DagBag from /home/mirukulla/airflow/dags/executing_branching.py
[2024-01-21T12:07:21.653-0800] {processor.py:753} INFO - DAG(s) dict_keys(['executing_branching']) retrieved from /home/mirukulla/airflow/dags/executing_branching.py
[2024-01-21T12:07:21.669-0800] {logging_mixin.py:137} INFO - [2024-01-21T12:07:21.669-0800] {dag.py:2705} INFO - Sync 1 DAGs
[2024-01-21T12:07:21.687-0800] {logging_mixin.py:137} INFO - [2024-01-21T12:07:21.687-0800] {dag.py:3452} INFO - Setting next_dagrun for executing_branching to 2024-01-20T00:00:00+00:00, run_after=2024-01-20T00:00:00+00:00
[2024-01-21T12:07:21.718-0800] {processor.py:175} INFO - Processing /home/mirukulla/airflow/dags/executing_branching.py took 0.258 seconds
[2024-01-21T12:07:51.942-0800] {processor.py:153} INFO - Started process (PID=1933) to work on /home/mirukulla/airflow/dags/executing_branching.py
[2024-01-21T12:07:51.980-0800] {processor.py:743} INFO - Processing file /home/mirukulla/airflow/dags/executing_branching.py for tasks to queue
[2024-01-21T12:07:51.981-0800] {logging_mixin.py:137} INFO - [2024-01-21T12:07:51.981-0800] {dagbag.py:532} INFO - Filling up the DagBag from /home/mirukulla/airflow/dags/executing_branching.py
[2024-01-21T12:07:52.177-0800] {processor.py:753} INFO - DAG(s) dict_keys(['executing_branching']) retrieved from /home/mirukulla/airflow/dags/executing_branching.py
[2024-01-21T12:07:52.194-0800] {logging_mixin.py:137} INFO - [2024-01-21T12:07:52.193-0800] {dag.py:2705} INFO - Sync 1 DAGs
[2024-01-21T12:07:52.212-0800] {logging_mixin.py:137} INFO - [2024-01-21T12:07:52.211-0800] {dag.py:3452} INFO - Setting next_dagrun for executing_branching to 2024-01-20T00:00:00+00:00, run_after=2024-01-20T00:00:00+00:00
[2024-01-21T12:07:52.240-0800] {processor.py:175} INFO - Processing /home/mirukulla/airflow/dags/executing_branching.py took 0.303 seconds
[2024-01-21T12:08:22.828-0800] {processor.py:153} INFO - Started process (PID=1987) to work on /home/mirukulla/airflow/dags/executing_branching.py
[2024-01-21T12:08:22.829-0800] {processor.py:743} INFO - Processing file /home/mirukulla/airflow/dags/executing_branching.py for tasks to queue
[2024-01-21T12:08:22.830-0800] {logging_mixin.py:137} INFO - [2024-01-21T12:08:22.830-0800] {dagbag.py:532} INFO - Filling up the DagBag from /home/mirukulla/airflow/dags/executing_branching.py
[2024-01-21T12:08:23.023-0800] {processor.py:753} INFO - DAG(s) dict_keys(['executing_branching']) retrieved from /home/mirukulla/airflow/dags/executing_branching.py
[2024-01-21T12:08:23.039-0800] {logging_mixin.py:137} INFO - [2024-01-21T12:08:23.039-0800] {dag.py:2705} INFO - Sync 1 DAGs
[2024-01-21T12:08:23.060-0800] {logging_mixin.py:137} INFO - [2024-01-21T12:08:23.060-0800] {dag.py:3452} INFO - Setting next_dagrun for executing_branching to 2024-01-20T00:00:00+00:00, run_after=2024-01-20T00:00:00+00:00
[2024-01-21T12:08:23.122-0800] {processor.py:175} INFO - Processing /home/mirukulla/airflow/dags/executing_branching.py took 0.296 seconds
[2024-01-21T12:08:53.588-0800] {processor.py:153} INFO - Started process (PID=2038) to work on /home/mirukulla/airflow/dags/executing_branching.py
[2024-01-21T12:08:53.627-0800] {processor.py:743} INFO - Processing file /home/mirukulla/airflow/dags/executing_branching.py for tasks to queue
[2024-01-21T12:08:53.629-0800] {logging_mixin.py:137} INFO - [2024-01-21T12:08:53.629-0800] {dagbag.py:532} INFO - Filling up the DagBag from /home/mirukulla/airflow/dags/executing_branching.py
[2024-01-21T12:08:53.874-0800] {processor.py:753} INFO - DAG(s) dict_keys(['executing_branching']) retrieved from /home/mirukulla/airflow/dags/executing_branching.py
[2024-01-21T12:08:53.899-0800] {logging_mixin.py:137} INFO - [2024-01-21T12:08:53.898-0800] {dag.py:2705} INFO - Sync 1 DAGs
[2024-01-21T12:08:53.920-0800] {logging_mixin.py:137} INFO - [2024-01-21T12:08:53.920-0800] {dag.py:3452} INFO - Setting next_dagrun for executing_branching to 2024-01-20T00:00:00+00:00, run_after=2024-01-20T00:00:00+00:00
[2024-01-21T12:08:53.973-0800] {processor.py:175} INFO - Processing /home/mirukulla/airflow/dags/executing_branching.py took 0.387 seconds
[2024-01-21T12:09:24.382-0800] {processor.py:153} INFO - Started process (PID=2092) to work on /home/mirukulla/airflow/dags/executing_branching.py
[2024-01-21T12:09:24.383-0800] {processor.py:743} INFO - Processing file /home/mirukulla/airflow/dags/executing_branching.py for tasks to queue
[2024-01-21T12:09:24.384-0800] {logging_mixin.py:137} INFO - [2024-01-21T12:09:24.383-0800] {dagbag.py:532} INFO - Filling up the DagBag from /home/mirukulla/airflow/dags/executing_branching.py
[2024-01-21T12:09:24.714-0800] {processor.py:753} INFO - DAG(s) dict_keys(['executing_branching']) retrieved from /home/mirukulla/airflow/dags/executing_branching.py
[2024-01-21T12:09:24.739-0800] {logging_mixin.py:137} INFO - [2024-01-21T12:09:24.739-0800] {dag.py:2705} INFO - Sync 1 DAGs
[2024-01-21T12:09:24.784-0800] {logging_mixin.py:137} INFO - [2024-01-21T12:09:24.784-0800] {dag.py:3452} INFO - Setting next_dagrun for executing_branching to 2024-01-20T00:00:00+00:00, run_after=2024-01-20T00:00:00+00:00
[2024-01-21T12:09:24.822-0800] {processor.py:175} INFO - Processing /home/mirukulla/airflow/dags/executing_branching.py took 0.445 seconds
[2024-01-21T12:09:55.076-0800] {processor.py:153} INFO - Started process (PID=2146) to work on /home/mirukulla/airflow/dags/executing_branching.py
[2024-01-21T12:09:55.128-0800] {processor.py:743} INFO - Processing file /home/mirukulla/airflow/dags/executing_branching.py for tasks to queue
[2024-01-21T12:09:55.129-0800] {logging_mixin.py:137} INFO - [2024-01-21T12:09:55.129-0800] {dagbag.py:532} INFO - Filling up the DagBag from /home/mirukulla/airflow/dags/executing_branching.py
[2024-01-21T12:09:55.348-0800] {processor.py:753} INFO - DAG(s) dict_keys(['executing_branching']) retrieved from /home/mirukulla/airflow/dags/executing_branching.py
[2024-01-21T12:09:55.368-0800] {logging_mixin.py:137} INFO - [2024-01-21T12:09:55.367-0800] {dag.py:2705} INFO - Sync 1 DAGs
[2024-01-21T12:09:55.389-0800] {logging_mixin.py:137} INFO - [2024-01-21T12:09:55.389-0800] {dag.py:3452} INFO - Setting next_dagrun for executing_branching to 2024-01-20T00:00:00+00:00, run_after=2024-01-20T00:00:00+00:00
[2024-01-21T12:09:55.420-0800] {processor.py:175} INFO - Processing /home/mirukulla/airflow/dags/executing_branching.py took 0.349 seconds
[2024-01-21T12:10:25.614-0800] {processor.py:153} INFO - Started process (PID=2197) to work on /home/mirukulla/airflow/dags/executing_branching.py
[2024-01-21T12:10:25.653-0800] {processor.py:743} INFO - Processing file /home/mirukulla/airflow/dags/executing_branching.py for tasks to queue
[2024-01-21T12:10:25.654-0800] {logging_mixin.py:137} INFO - [2024-01-21T12:10:25.654-0800] {dagbag.py:532} INFO - Filling up the DagBag from /home/mirukulla/airflow/dags/executing_branching.py
[2024-01-21T12:10:25.898-0800] {processor.py:753} INFO - DAG(s) dict_keys(['executing_branching']) retrieved from /home/mirukulla/airflow/dags/executing_branching.py
[2024-01-21T12:10:25.916-0800] {logging_mixin.py:137} INFO - [2024-01-21T12:10:25.916-0800] {dag.py:2705} INFO - Sync 1 DAGs
[2024-01-21T12:10:25.936-0800] {logging_mixin.py:137} INFO - [2024-01-21T12:10:25.936-0800] {dag.py:3452} INFO - Setting next_dagrun for executing_branching to 2024-01-20T00:00:00+00:00, run_after=2024-01-20T00:00:00+00:00
[2024-01-21T12:10:25.984-0800] {processor.py:175} INFO - Processing /home/mirukulla/airflow/dags/executing_branching.py took 0.375 seconds
[2024-01-21T12:10:56.490-0800] {processor.py:153} INFO - Started process (PID=2251) to work on /home/mirukulla/airflow/dags/executing_branching.py
[2024-01-21T12:10:56.492-0800] {processor.py:743} INFO - Processing file /home/mirukulla/airflow/dags/executing_branching.py for tasks to queue
[2024-01-21T12:10:56.493-0800] {logging_mixin.py:137} INFO - [2024-01-21T12:10:56.493-0800] {dagbag.py:532} INFO - Filling up the DagBag from /home/mirukulla/airflow/dags/executing_branching.py
[2024-01-21T12:10:56.729-0800] {processor.py:753} INFO - DAG(s) dict_keys(['executing_branching']) retrieved from /home/mirukulla/airflow/dags/executing_branching.py
[2024-01-21T12:10:56.753-0800] {logging_mixin.py:137} INFO - [2024-01-21T12:10:56.752-0800] {dag.py:2705} INFO - Sync 1 DAGs
[2024-01-21T12:10:56.774-0800] {logging_mixin.py:137} INFO - [2024-01-21T12:10:56.774-0800] {dag.py:3452} INFO - Setting next_dagrun for executing_branching to 2024-01-20T00:00:00+00:00, run_after=2024-01-20T00:00:00+00:00
[2024-01-21T12:10:56.811-0800] {processor.py:175} INFO - Processing /home/mirukulla/airflow/dags/executing_branching.py took 0.325 seconds
[2024-01-21T12:11:27.071-0800] {processor.py:153} INFO - Started process (PID=2302) to work on /home/mirukulla/airflow/dags/executing_branching.py
[2024-01-21T12:11:27.107-0800] {processor.py:743} INFO - Processing file /home/mirukulla/airflow/dags/executing_branching.py for tasks to queue
[2024-01-21T12:11:27.108-0800] {logging_mixin.py:137} INFO - [2024-01-21T12:11:27.108-0800] {dagbag.py:532} INFO - Filling up the DagBag from /home/mirukulla/airflow/dags/executing_branching.py
[2024-01-21T12:11:27.567-0800] {processor.py:753} INFO - DAG(s) dict_keys(['executing_branching']) retrieved from /home/mirukulla/airflow/dags/executing_branching.py
[2024-01-21T12:11:27.612-0800] {logging_mixin.py:137} INFO - [2024-01-21T12:11:27.611-0800] {dag.py:2705} INFO - Sync 1 DAGs
[2024-01-21T12:11:27.659-0800] {logging_mixin.py:137} INFO - [2024-01-21T12:11:27.659-0800] {dag.py:3452} INFO - Setting next_dagrun for executing_branching to 2024-01-20T00:00:00+00:00, run_after=2024-01-20T00:00:00+00:00
[2024-01-21T12:11:27.718-0800] {processor.py:175} INFO - Processing /home/mirukulla/airflow/dags/executing_branching.py took 0.654 seconds
[2024-01-21T12:11:58.236-0800] {processor.py:153} INFO - Started process (PID=2356) to work on /home/mirukulla/airflow/dags/executing_branching.py
[2024-01-21T12:11:58.238-0800] {processor.py:743} INFO - Processing file /home/mirukulla/airflow/dags/executing_branching.py for tasks to queue
[2024-01-21T12:11:58.239-0800] {logging_mixin.py:137} INFO - [2024-01-21T12:11:58.239-0800] {dagbag.py:532} INFO - Filling up the DagBag from /home/mirukulla/airflow/dags/executing_branching.py
[2024-01-21T12:11:58.469-0800] {processor.py:753} INFO - DAG(s) dict_keys(['executing_branching']) retrieved from /home/mirukulla/airflow/dags/executing_branching.py
[2024-01-21T12:11:58.492-0800] {logging_mixin.py:137} INFO - [2024-01-21T12:11:58.492-0800] {dag.py:2705} INFO - Sync 1 DAGs
[2024-01-21T12:11:58.519-0800] {logging_mixin.py:137} INFO - [2024-01-21T12:11:58.518-0800] {dag.py:3452} INFO - Setting next_dagrun for executing_branching to 2024-01-20T00:00:00+00:00, run_after=2024-01-20T00:00:00+00:00
[2024-01-21T12:11:58.555-0800] {processor.py:175} INFO - Processing /home/mirukulla/airflow/dags/executing_branching.py took 0.323 seconds
[2024-01-21T12:12:29.018-0800] {processor.py:153} INFO - Started process (PID=2410) to work on /home/mirukulla/airflow/dags/executing_branching.py
[2024-01-21T12:12:29.053-0800] {processor.py:743} INFO - Processing file /home/mirukulla/airflow/dags/executing_branching.py for tasks to queue
[2024-01-21T12:12:29.054-0800] {logging_mixin.py:137} INFO - [2024-01-21T12:12:29.054-0800] {dagbag.py:532} INFO - Filling up the DagBag from /home/mirukulla/airflow/dags/executing_branching.py
[2024-01-21T12:12:29.319-0800] {processor.py:753} INFO - DAG(s) dict_keys(['executing_branching']) retrieved from /home/mirukulla/airflow/dags/executing_branching.py
[2024-01-21T12:12:29.342-0800] {logging_mixin.py:137} INFO - [2024-01-21T12:12:29.341-0800] {dag.py:2705} INFO - Sync 1 DAGs
[2024-01-21T12:12:29.372-0800] {logging_mixin.py:137} INFO - [2024-01-21T12:12:29.372-0800] {dag.py:3452} INFO - Setting next_dagrun for executing_branching to 2024-01-20T00:00:00+00:00, run_after=2024-01-20T00:00:00+00:00
[2024-01-21T12:12:29.408-0800] {processor.py:175} INFO - Processing /home/mirukulla/airflow/dags/executing_branching.py took 0.397 seconds
[2024-01-21T12:12:59.660-0800] {processor.py:153} INFO - Started process (PID=2461) to work on /home/mirukulla/airflow/dags/executing_branching.py
[2024-01-21T12:12:59.664-0800] {processor.py:743} INFO - Processing file /home/mirukulla/airflow/dags/executing_branching.py for tasks to queue
[2024-01-21T12:12:59.666-0800] {logging_mixin.py:137} INFO - [2024-01-21T12:12:59.666-0800] {dagbag.py:532} INFO - Filling up the DagBag from /home/mirukulla/airflow/dags/executing_branching.py
[2024-01-21T12:13:00.133-0800] {processor.py:753} INFO - DAG(s) dict_keys(['executing_branching']) retrieved from /home/mirukulla/airflow/dags/executing_branching.py
[2024-01-21T12:13:00.176-0800] {logging_mixin.py:137} INFO - [2024-01-21T12:13:00.175-0800] {dag.py:2705} INFO - Sync 1 DAGs
[2024-01-21T12:13:00.224-0800] {logging_mixin.py:137} INFO - [2024-01-21T12:13:00.224-0800] {dag.py:3452} INFO - Setting next_dagrun for executing_branching to 2024-01-20T00:00:00+00:00, run_after=2024-01-20T00:00:00+00:00
[2024-01-21T12:13:00.277-0800] {processor.py:175} INFO - Processing /home/mirukulla/airflow/dags/executing_branching.py took 0.624 seconds
[2024-01-21T12:13:30.527-0800] {processor.py:153} INFO - Started process (PID=2515) to work on /home/mirukulla/airflow/dags/executing_branching.py
[2024-01-21T12:13:30.562-0800] {processor.py:743} INFO - Processing file /home/mirukulla/airflow/dags/executing_branching.py for tasks to queue
[2024-01-21T12:13:30.565-0800] {logging_mixin.py:137} INFO - [2024-01-21T12:13:30.564-0800] {dagbag.py:532} INFO - Filling up the DagBag from /home/mirukulla/airflow/dags/executing_branching.py
[2024-01-21T12:13:30.762-0800] {processor.py:753} INFO - DAG(s) dict_keys(['executing_branching']) retrieved from /home/mirukulla/airflow/dags/executing_branching.py
[2024-01-21T12:13:30.783-0800] {logging_mixin.py:137} INFO - [2024-01-21T12:13:30.783-0800] {dag.py:2705} INFO - Sync 1 DAGs
[2024-01-21T12:13:30.802-0800] {logging_mixin.py:137} INFO - [2024-01-21T12:13:30.802-0800] {dag.py:3452} INFO - Setting next_dagrun for executing_branching to 2024-01-20T00:00:00+00:00, run_after=2024-01-20T00:00:00+00:00
[2024-01-21T12:13:30.855-0800] {processor.py:175} INFO - Processing /home/mirukulla/airflow/dags/executing_branching.py took 0.332 seconds
[2024-01-21T12:14:01.118-0800] {processor.py:153} INFO - Started process (PID=2569) to work on /home/mirukulla/airflow/dags/executing_branching.py
[2024-01-21T12:14:01.159-0800] {processor.py:743} INFO - Processing file /home/mirukulla/airflow/dags/executing_branching.py for tasks to queue
[2024-01-21T12:14:01.160-0800] {logging_mixin.py:137} INFO - [2024-01-21T12:14:01.160-0800] {dagbag.py:532} INFO - Filling up the DagBag from /home/mirukulla/airflow/dags/executing_branching.py
[2024-01-21T12:14:01.355-0800] {processor.py:753} INFO - DAG(s) dict_keys(['executing_branching']) retrieved from /home/mirukulla/airflow/dags/executing_branching.py
[2024-01-21T12:14:01.372-0800] {logging_mixin.py:137} INFO - [2024-01-21T12:14:01.371-0800] {dag.py:2705} INFO - Sync 1 DAGs
[2024-01-21T12:14:01.391-0800] {logging_mixin.py:137} INFO - [2024-01-21T12:14:01.391-0800] {dag.py:3452} INFO - Setting next_dagrun for executing_branching to 2024-01-20T00:00:00+00:00, run_after=2024-01-20T00:00:00+00:00
[2024-01-21T12:14:01.419-0800] {processor.py:175} INFO - Processing /home/mirukulla/airflow/dags/executing_branching.py took 0.306 seconds
[2024-01-21T12:14:31.694-0800] {processor.py:153} INFO - Started process (PID=2620) to work on /home/mirukulla/airflow/dags/executing_branching.py
[2024-01-21T12:14:31.737-0800] {processor.py:743} INFO - Processing file /home/mirukulla/airflow/dags/executing_branching.py for tasks to queue
[2024-01-21T12:14:31.738-0800] {logging_mixin.py:137} INFO - [2024-01-21T12:14:31.738-0800] {dagbag.py:532} INFO - Filling up the DagBag from /home/mirukulla/airflow/dags/executing_branching.py
[2024-01-21T12:14:31.934-0800] {processor.py:753} INFO - DAG(s) dict_keys(['executing_branching']) retrieved from /home/mirukulla/airflow/dags/executing_branching.py
[2024-01-21T12:14:31.953-0800] {logging_mixin.py:137} INFO - [2024-01-21T12:14:31.952-0800] {dag.py:2705} INFO - Sync 1 DAGs
[2024-01-21T12:14:31.975-0800] {logging_mixin.py:137} INFO - [2024-01-21T12:14:31.975-0800] {dag.py:3452} INFO - Setting next_dagrun for executing_branching to 2024-01-20T00:00:00+00:00, run_after=2024-01-20T00:00:00+00:00
[2024-01-21T12:14:32.051-0800] {processor.py:175} INFO - Processing /home/mirukulla/airflow/dags/executing_branching.py took 0.362 seconds
[2024-01-21T12:15:02.415-0800] {processor.py:153} INFO - Started process (PID=2773) to work on /home/mirukulla/airflow/dags/executing_branching.py
[2024-01-21T12:15:02.416-0800] {processor.py:743} INFO - Processing file /home/mirukulla/airflow/dags/executing_branching.py for tasks to queue
[2024-01-21T12:15:02.417-0800] {logging_mixin.py:137} INFO - [2024-01-21T12:15:02.417-0800] {dagbag.py:532} INFO - Filling up the DagBag from /home/mirukulla/airflow/dags/executing_branching.py
[2024-01-21T12:15:02.582-0800] {processor.py:753} INFO - DAG(s) dict_keys(['executing_branching']) retrieved from /home/mirukulla/airflow/dags/executing_branching.py
[2024-01-21T12:15:02.600-0800] {logging_mixin.py:137} INFO - [2024-01-21T12:15:02.599-0800] {dag.py:2705} INFO - Sync 1 DAGs
[2024-01-21T12:15:02.616-0800] {logging_mixin.py:137} INFO - [2024-01-21T12:15:02.616-0800] {dag.py:3452} INFO - Setting next_dagrun for executing_branching to 2024-01-20T00:00:00+00:00, run_after=2024-01-20T00:00:00+00:00
[2024-01-21T12:15:02.689-0800] {processor.py:175} INFO - Processing /home/mirukulla/airflow/dags/executing_branching.py took 0.277 seconds
[2024-01-21T12:15:33.094-0800] {processor.py:153} INFO - Started process (PID=2827) to work on /home/mirukulla/airflow/dags/executing_branching.py
[2024-01-21T12:15:33.098-0800] {processor.py:743} INFO - Processing file /home/mirukulla/airflow/dags/executing_branching.py for tasks to queue
[2024-01-21T12:15:33.099-0800] {logging_mixin.py:137} INFO - [2024-01-21T12:15:33.099-0800] {dagbag.py:532} INFO - Filling up the DagBag from /home/mirukulla/airflow/dags/executing_branching.py
[2024-01-21T12:15:33.277-0800] {processor.py:753} INFO - DAG(s) dict_keys(['executing_branching']) retrieved from /home/mirukulla/airflow/dags/executing_branching.py
[2024-01-21T12:15:33.294-0800] {logging_mixin.py:137} INFO - [2024-01-21T12:15:33.294-0800] {dag.py:2705} INFO - Sync 1 DAGs
[2024-01-21T12:15:33.310-0800] {logging_mixin.py:137} INFO - [2024-01-21T12:15:33.310-0800] {dag.py:3452} INFO - Setting next_dagrun for executing_branching to 2024-01-20T00:00:00+00:00, run_after=2024-01-20T00:00:00+00:00
[2024-01-21T12:15:33.338-0800] {processor.py:175} INFO - Processing /home/mirukulla/airflow/dags/executing_branching.py took 0.250 seconds
[2024-01-21T12:16:03.620-0800] {processor.py:153} INFO - Started process (PID=2881) to work on /home/mirukulla/airflow/dags/executing_branching.py
[2024-01-21T12:16:03.652-0800] {processor.py:743} INFO - Processing file /home/mirukulla/airflow/dags/executing_branching.py for tasks to queue
[2024-01-21T12:16:03.653-0800] {logging_mixin.py:137} INFO - [2024-01-21T12:16:03.653-0800] {dagbag.py:532} INFO - Filling up the DagBag from /home/mirukulla/airflow/dags/executing_branching.py
[2024-01-21T12:16:03.814-0800] {processor.py:753} INFO - DAG(s) dict_keys(['executing_branching']) retrieved from /home/mirukulla/airflow/dags/executing_branching.py
[2024-01-21T12:16:03.830-0800] {logging_mixin.py:137} INFO - [2024-01-21T12:16:03.830-0800] {dag.py:2705} INFO - Sync 1 DAGs
[2024-01-21T12:16:03.846-0800] {logging_mixin.py:137} INFO - [2024-01-21T12:16:03.846-0800] {dag.py:3452} INFO - Setting next_dagrun for executing_branching to 2024-01-20T00:00:00+00:00, run_after=2024-01-20T00:00:00+00:00
[2024-01-21T12:16:03.872-0800] {processor.py:175} INFO - Processing /home/mirukulla/airflow/dags/executing_branching.py took 0.256 seconds
[2024-01-21T12:16:34.151-0800] {processor.py:153} INFO - Started process (PID=2932) to work on /home/mirukulla/airflow/dags/executing_branching.py
[2024-01-21T12:16:34.153-0800] {processor.py:743} INFO - Processing file /home/mirukulla/airflow/dags/executing_branching.py for tasks to queue
[2024-01-21T12:16:34.153-0800] {logging_mixin.py:137} INFO - [2024-01-21T12:16:34.153-0800] {dagbag.py:532} INFO - Filling up the DagBag from /home/mirukulla/airflow/dags/executing_branching.py
[2024-01-21T12:16:34.320-0800] {processor.py:753} INFO - DAG(s) dict_keys(['executing_branching']) retrieved from /home/mirukulla/airflow/dags/executing_branching.py
[2024-01-21T12:16:34.334-0800] {logging_mixin.py:137} INFO - [2024-01-21T12:16:34.334-0800] {dag.py:2705} INFO - Sync 1 DAGs
[2024-01-21T12:16:34.349-0800] {logging_mixin.py:137} INFO - [2024-01-21T12:16:34.349-0800] {dag.py:3452} INFO - Setting next_dagrun for executing_branching to 2024-01-20T00:00:00+00:00, run_after=2024-01-20T00:00:00+00:00
[2024-01-21T12:16:34.376-0800] {processor.py:175} INFO - Processing /home/mirukulla/airflow/dags/executing_branching.py took 0.228 seconds
[2024-01-21T12:17:04.816-0800] {processor.py:153} INFO - Started process (PID=2986) to work on /home/mirukulla/airflow/dags/executing_branching.py
[2024-01-21T12:17:04.852-0800] {processor.py:743} INFO - Processing file /home/mirukulla/airflow/dags/executing_branching.py for tasks to queue
[2024-01-21T12:17:04.853-0800] {logging_mixin.py:137} INFO - [2024-01-21T12:17:04.853-0800] {dagbag.py:532} INFO - Filling up the DagBag from /home/mirukulla/airflow/dags/executing_branching.py
[2024-01-21T12:17:05.028-0800] {processor.py:753} INFO - DAG(s) dict_keys(['executing_branching']) retrieved from /home/mirukulla/airflow/dags/executing_branching.py
[2024-01-21T12:17:05.044-0800] {logging_mixin.py:137} INFO - [2024-01-21T12:17:05.043-0800] {dag.py:2705} INFO - Sync 1 DAGs
[2024-01-21T12:17:05.058-0800] {logging_mixin.py:137} INFO - [2024-01-21T12:17:05.058-0800] {dag.py:3452} INFO - Setting next_dagrun for executing_branching to 2024-01-20T00:00:00+00:00, run_after=2024-01-20T00:00:00+00:00
[2024-01-21T12:17:05.085-0800] {processor.py:175} INFO - Processing /home/mirukulla/airflow/dags/executing_branching.py took 0.274 seconds
[2024-01-21T12:17:35.494-0800] {processor.py:153} INFO - Started process (PID=3041) to work on /home/mirukulla/airflow/dags/executing_branching.py
[2024-01-21T12:17:35.496-0800] {processor.py:743} INFO - Processing file /home/mirukulla/airflow/dags/executing_branching.py for tasks to queue
[2024-01-21T12:17:35.496-0800] {logging_mixin.py:137} INFO - [2024-01-21T12:17:35.496-0800] {dagbag.py:532} INFO - Filling up the DagBag from /home/mirukulla/airflow/dags/executing_branching.py
[2024-01-21T12:17:35.702-0800] {processor.py:753} INFO - DAG(s) dict_keys(['executing_branching']) retrieved from /home/mirukulla/airflow/dags/executing_branching.py
[2024-01-21T12:17:35.721-0800] {logging_mixin.py:137} INFO - [2024-01-21T12:17:35.721-0800] {dag.py:2705} INFO - Sync 1 DAGs
[2024-01-21T12:17:35.738-0800] {logging_mixin.py:137} INFO - [2024-01-21T12:17:35.738-0800] {dag.py:3452} INFO - Setting next_dagrun for executing_branching to 2024-01-20T00:00:00+00:00, run_after=2024-01-20T00:00:00+00:00
[2024-01-21T12:17:35.765-0800] {processor.py:175} INFO - Processing /home/mirukulla/airflow/dags/executing_branching.py took 0.274 seconds
[2024-01-21T12:18:06.115-0800] {processor.py:153} INFO - Started process (PID=3095) to work on /home/mirukulla/airflow/dags/executing_branching.py
[2024-01-21T12:18:06.117-0800] {processor.py:743} INFO - Processing file /home/mirukulla/airflow/dags/executing_branching.py for tasks to queue
[2024-01-21T12:18:06.118-0800] {logging_mixin.py:137} INFO - [2024-01-21T12:18:06.118-0800] {dagbag.py:532} INFO - Filling up the DagBag from /home/mirukulla/airflow/dags/executing_branching.py
[2024-01-21T12:18:06.285-0800] {processor.py:753} INFO - DAG(s) dict_keys(['executing_branching']) retrieved from /home/mirukulla/airflow/dags/executing_branching.py
[2024-01-21T12:18:06.302-0800] {logging_mixin.py:137} INFO - [2024-01-21T12:18:06.302-0800] {dag.py:2705} INFO - Sync 1 DAGs
[2024-01-21T12:18:06.323-0800] {logging_mixin.py:137} INFO - [2024-01-21T12:18:06.323-0800] {dag.py:3452} INFO - Setting next_dagrun for executing_branching to 2024-01-20T00:00:00+00:00, run_after=2024-01-20T00:00:00+00:00
[2024-01-21T12:18:06.349-0800] {processor.py:175} INFO - Processing /home/mirukulla/airflow/dags/executing_branching.py took 0.239 seconds
[2024-01-21T12:18:36.755-0800] {processor.py:153} INFO - Started process (PID=3149) to work on /home/mirukulla/airflow/dags/executing_branching.py
[2024-01-21T12:18:36.783-0800] {processor.py:743} INFO - Processing file /home/mirukulla/airflow/dags/executing_branching.py for tasks to queue
[2024-01-21T12:18:36.784-0800] {logging_mixin.py:137} INFO - [2024-01-21T12:18:36.784-0800] {dagbag.py:532} INFO - Filling up the DagBag from /home/mirukulla/airflow/dags/executing_branching.py
[2024-01-21T12:18:36.945-0800] {processor.py:753} INFO - DAG(s) dict_keys(['executing_branching']) retrieved from /home/mirukulla/airflow/dags/executing_branching.py
[2024-01-21T12:18:36.960-0800] {logging_mixin.py:137} INFO - [2024-01-21T12:18:36.959-0800] {dag.py:2705} INFO - Sync 1 DAGs
[2024-01-21T12:18:36.975-0800] {logging_mixin.py:137} INFO - [2024-01-21T12:18:36.975-0800] {dag.py:3452} INFO - Setting next_dagrun for executing_branching to 2024-01-20T00:00:00+00:00, run_after=2024-01-20T00:00:00+00:00
[2024-01-21T12:18:37.003-0800] {processor.py:175} INFO - Processing /home/mirukulla/airflow/dags/executing_branching.py took 0.255 seconds
[2024-01-21T12:19:07.359-0800] {processor.py:153} INFO - Started process (PID=3203) to work on /home/mirukulla/airflow/dags/executing_branching.py
[2024-01-21T12:19:07.376-0800] {processor.py:743} INFO - Processing file /home/mirukulla/airflow/dags/executing_branching.py for tasks to queue
[2024-01-21T12:19:07.378-0800] {logging_mixin.py:137} INFO - [2024-01-21T12:19:07.377-0800] {dagbag.py:532} INFO - Filling up the DagBag from /home/mirukulla/airflow/dags/executing_branching.py
[2024-01-21T12:19:07.538-0800] {processor.py:753} INFO - DAG(s) dict_keys(['executing_branching']) retrieved from /home/mirukulla/airflow/dags/executing_branching.py
[2024-01-21T12:19:07.554-0800] {logging_mixin.py:137} INFO - [2024-01-21T12:19:07.554-0800] {dag.py:2705} INFO - Sync 1 DAGs
[2024-01-21T12:19:07.570-0800] {logging_mixin.py:137} INFO - [2024-01-21T12:19:07.570-0800] {dag.py:3452} INFO - Setting next_dagrun for executing_branching to 2024-01-20T00:00:00+00:00, run_after=2024-01-20T00:00:00+00:00
[2024-01-21T12:19:07.594-0800] {processor.py:175} INFO - Processing /home/mirukulla/airflow/dags/executing_branching.py took 0.243 seconds
[2024-01-21T12:19:37.912-0800] {processor.py:153} INFO - Started process (PID=3254) to work on /home/mirukulla/airflow/dags/executing_branching.py
[2024-01-21T12:19:37.913-0800] {processor.py:743} INFO - Processing file /home/mirukulla/airflow/dags/executing_branching.py for tasks to queue
[2024-01-21T12:19:37.915-0800] {logging_mixin.py:137} INFO - [2024-01-21T12:19:37.915-0800] {dagbag.py:532} INFO - Filling up the DagBag from /home/mirukulla/airflow/dags/executing_branching.py
[2024-01-21T12:19:38.100-0800] {processor.py:753} INFO - DAG(s) dict_keys(['executing_branching']) retrieved from /home/mirukulla/airflow/dags/executing_branching.py
[2024-01-21T12:19:38.119-0800] {logging_mixin.py:137} INFO - [2024-01-21T12:19:38.118-0800] {dag.py:2705} INFO - Sync 1 DAGs
[2024-01-21T12:19:38.135-0800] {logging_mixin.py:137} INFO - [2024-01-21T12:19:38.135-0800] {dag.py:3452} INFO - Setting next_dagrun for executing_branching to 2024-01-20T00:00:00+00:00, run_after=2024-01-20T00:00:00+00:00
[2024-01-21T12:19:38.162-0800] {processor.py:175} INFO - Processing /home/mirukulla/airflow/dags/executing_branching.py took 0.254 seconds
[2024-01-21T12:20:08.453-0800] {processor.py:153} INFO - Started process (PID=3308) to work on /home/mirukulla/airflow/dags/executing_branching.py
[2024-01-21T12:20:08.455-0800] {processor.py:743} INFO - Processing file /home/mirukulla/airflow/dags/executing_branching.py for tasks to queue
[2024-01-21T12:20:08.455-0800] {logging_mixin.py:137} INFO - [2024-01-21T12:20:08.455-0800] {dagbag.py:532} INFO - Filling up the DagBag from /home/mirukulla/airflow/dags/executing_branching.py
[2024-01-21T12:20:08.647-0800] {processor.py:753} INFO - DAG(s) dict_keys(['executing_branching']) retrieved from /home/mirukulla/airflow/dags/executing_branching.py
[2024-01-21T12:20:08.665-0800] {logging_mixin.py:137} INFO - [2024-01-21T12:20:08.665-0800] {dag.py:2705} INFO - Sync 1 DAGs
[2024-01-21T12:20:08.683-0800] {logging_mixin.py:137} INFO - [2024-01-21T12:20:08.683-0800] {dag.py:3452} INFO - Setting next_dagrun for executing_branching to 2024-01-20T00:00:00+00:00, run_after=2024-01-20T00:00:00+00:00
[2024-01-21T12:20:08.713-0800] {processor.py:175} INFO - Processing /home/mirukulla/airflow/dags/executing_branching.py took 0.263 seconds
[2024-01-21T12:20:39.029-0800] {processor.py:153} INFO - Started process (PID=3362) to work on /home/mirukulla/airflow/dags/executing_branching.py
[2024-01-21T12:20:39.030-0800] {processor.py:743} INFO - Processing file /home/mirukulla/airflow/dags/executing_branching.py for tasks to queue
[2024-01-21T12:20:39.031-0800] {logging_mixin.py:137} INFO - [2024-01-21T12:20:39.031-0800] {dagbag.py:532} INFO - Filling up the DagBag from /home/mirukulla/airflow/dags/executing_branching.py
[2024-01-21T12:20:39.228-0800] {processor.py:753} INFO - DAG(s) dict_keys(['executing_branching']) retrieved from /home/mirukulla/airflow/dags/executing_branching.py
[2024-01-21T12:20:39.245-0800] {logging_mixin.py:137} INFO - [2024-01-21T12:20:39.244-0800] {dag.py:2705} INFO - Sync 1 DAGs
[2024-01-21T12:20:39.262-0800] {logging_mixin.py:137} INFO - [2024-01-21T12:20:39.261-0800] {dag.py:3452} INFO - Setting next_dagrun for executing_branching to 2024-01-20T00:00:00+00:00, run_after=2024-01-20T00:00:00+00:00
[2024-01-21T12:20:39.289-0800] {processor.py:175} INFO - Processing /home/mirukulla/airflow/dags/executing_branching.py took 0.265 seconds
[2024-01-21T12:21:09.631-0800] {processor.py:153} INFO - Started process (PID=3416) to work on /home/mirukulla/airflow/dags/executing_branching.py
[2024-01-21T12:21:09.681-0800] {processor.py:743} INFO - Processing file /home/mirukulla/airflow/dags/executing_branching.py for tasks to queue
[2024-01-21T12:21:09.683-0800] {logging_mixin.py:137} INFO - [2024-01-21T12:21:09.683-0800] {dagbag.py:532} INFO - Filling up the DagBag from /home/mirukulla/airflow/dags/executing_branching.py
[2024-01-21T12:21:09.864-0800] {processor.py:753} INFO - DAG(s) dict_keys(['executing_branching']) retrieved from /home/mirukulla/airflow/dags/executing_branching.py
[2024-01-21T12:21:09.880-0800] {logging_mixin.py:137} INFO - [2024-01-21T12:21:09.879-0800] {dag.py:2705} INFO - Sync 1 DAGs
[2024-01-21T12:21:09.895-0800] {logging_mixin.py:137} INFO - [2024-01-21T12:21:09.895-0800] {dag.py:3452} INFO - Setting next_dagrun for executing_branching to 2024-01-20T00:00:00+00:00, run_after=2024-01-20T00:00:00+00:00
[2024-01-21T12:21:09.926-0800] {processor.py:175} INFO - Processing /home/mirukulla/airflow/dags/executing_branching.py took 0.302 seconds
[2024-01-21T12:21:40.402-0800] {processor.py:153} INFO - Started process (PID=3470) to work on /home/mirukulla/airflow/dags/executing_branching.py
[2024-01-21T12:21:40.450-0800] {processor.py:743} INFO - Processing file /home/mirukulla/airflow/dags/executing_branching.py for tasks to queue
[2024-01-21T12:21:40.451-0800] {logging_mixin.py:137} INFO - [2024-01-21T12:21:40.451-0800] {dagbag.py:532} INFO - Filling up the DagBag from /home/mirukulla/airflow/dags/executing_branching.py
[2024-01-21T12:21:40.612-0800] {processor.py:753} INFO - DAG(s) dict_keys(['executing_branching']) retrieved from /home/mirukulla/airflow/dags/executing_branching.py
[2024-01-21T12:21:40.627-0800] {logging_mixin.py:137} INFO - [2024-01-21T12:21:40.626-0800] {dag.py:2705} INFO - Sync 1 DAGs
[2024-01-21T12:21:40.643-0800] {logging_mixin.py:137} INFO - [2024-01-21T12:21:40.643-0800] {dag.py:3452} INFO - Setting next_dagrun for executing_branching to 2024-01-20T00:00:00+00:00, run_after=2024-01-20T00:00:00+00:00
[2024-01-21T12:21:40.671-0800] {processor.py:175} INFO - Processing /home/mirukulla/airflow/dags/executing_branching.py took 0.273 seconds
[2024-01-21T12:22:11.001-0800] {processor.py:153} INFO - Started process (PID=3521) to work on /home/mirukulla/airflow/dags/executing_branching.py
[2024-01-21T12:22:11.023-0800] {processor.py:743} INFO - Processing file /home/mirukulla/airflow/dags/executing_branching.py for tasks to queue
[2024-01-21T12:22:11.024-0800] {logging_mixin.py:137} INFO - [2024-01-21T12:22:11.024-0800] {dagbag.py:532} INFO - Filling up the DagBag from /home/mirukulla/airflow/dags/executing_branching.py
[2024-01-21T12:22:11.194-0800] {processor.py:753} INFO - DAG(s) dict_keys(['executing_branching']) retrieved from /home/mirukulla/airflow/dags/executing_branching.py
[2024-01-21T12:22:11.210-0800] {logging_mixin.py:137} INFO - [2024-01-21T12:22:11.209-0800] {dag.py:2705} INFO - Sync 1 DAGs
[2024-01-21T12:22:11.228-0800] {logging_mixin.py:137} INFO - [2024-01-21T12:22:11.228-0800] {dag.py:3452} INFO - Setting next_dagrun for executing_branching to 2024-01-20T00:00:00+00:00, run_after=2024-01-20T00:00:00+00:00
[2024-01-21T12:22:11.258-0800] {processor.py:175} INFO - Processing /home/mirukulla/airflow/dags/executing_branching.py took 0.262 seconds
[2024-01-21T12:22:41.792-0800] {processor.py:153} INFO - Started process (PID=3575) to work on /home/mirukulla/airflow/dags/executing_branching.py
[2024-01-21T12:22:41.845-0800] {processor.py:743} INFO - Processing file /home/mirukulla/airflow/dags/executing_branching.py for tasks to queue
[2024-01-21T12:22:41.846-0800] {logging_mixin.py:137} INFO - [2024-01-21T12:22:41.845-0800] {dagbag.py:532} INFO - Filling up the DagBag from /home/mirukulla/airflow/dags/executing_branching.py
[2024-01-21T12:22:42.017-0800] {processor.py:753} INFO - DAG(s) dict_keys(['executing_branching']) retrieved from /home/mirukulla/airflow/dags/executing_branching.py
[2024-01-21T12:22:42.033-0800] {logging_mixin.py:137} INFO - [2024-01-21T12:22:42.032-0800] {dag.py:2705} INFO - Sync 1 DAGs
[2024-01-21T12:22:42.049-0800] {logging_mixin.py:137} INFO - [2024-01-21T12:22:42.049-0800] {dag.py:3452} INFO - Setting next_dagrun for executing_branching to 2024-01-20T00:00:00+00:00, run_after=2024-01-20T00:00:00+00:00
[2024-01-21T12:22:42.075-0800] {processor.py:175} INFO - Processing /home/mirukulla/airflow/dags/executing_branching.py took 0.288 seconds
[2024-01-21T12:23:12.386-0800] {processor.py:153} INFO - Started process (PID=3629) to work on /home/mirukulla/airflow/dags/executing_branching.py
[2024-01-21T12:23:12.407-0800] {processor.py:743} INFO - Processing file /home/mirukulla/airflow/dags/executing_branching.py for tasks to queue
[2024-01-21T12:23:12.409-0800] {logging_mixin.py:137} INFO - [2024-01-21T12:23:12.409-0800] {dagbag.py:532} INFO - Filling up the DagBag from /home/mirukulla/airflow/dags/executing_branching.py
[2024-01-21T12:23:12.576-0800] {processor.py:753} INFO - DAG(s) dict_keys(['executing_branching']) retrieved from /home/mirukulla/airflow/dags/executing_branching.py
[2024-01-21T12:23:12.593-0800] {logging_mixin.py:137} INFO - [2024-01-21T12:23:12.593-0800] {dag.py:2705} INFO - Sync 1 DAGs
[2024-01-21T12:23:12.611-0800] {logging_mixin.py:137} INFO - [2024-01-21T12:23:12.610-0800] {dag.py:3452} INFO - Setting next_dagrun for executing_branching to 2024-01-20T00:00:00+00:00, run_after=2024-01-20T00:00:00+00:00
[2024-01-21T12:23:12.638-0800] {processor.py:175} INFO - Processing /home/mirukulla/airflow/dags/executing_branching.py took 0.255 seconds
[2024-01-21T12:23:42.856-0800] {processor.py:153} INFO - Started process (PID=3683) to work on /home/mirukulla/airflow/dags/executing_branching.py
[2024-01-21T12:23:42.858-0800] {processor.py:743} INFO - Processing file /home/mirukulla/airflow/dags/executing_branching.py for tasks to queue
[2024-01-21T12:23:42.859-0800] {logging_mixin.py:137} INFO - [2024-01-21T12:23:42.859-0800] {dagbag.py:532} INFO - Filling up the DagBag from /home/mirukulla/airflow/dags/executing_branching.py
[2024-01-21T12:23:43.035-0800] {processor.py:753} INFO - DAG(s) dict_keys(['executing_branching']) retrieved from /home/mirukulla/airflow/dags/executing_branching.py
[2024-01-21T12:23:43.053-0800] {logging_mixin.py:137} INFO - [2024-01-21T12:23:43.052-0800] {dag.py:2705} INFO - Sync 1 DAGs
[2024-01-21T12:23:43.069-0800] {logging_mixin.py:137} INFO - [2024-01-21T12:23:43.069-0800] {dag.py:3452} INFO - Setting next_dagrun for executing_branching to 2024-01-20T00:00:00+00:00, run_after=2024-01-20T00:00:00+00:00
[2024-01-21T12:23:43.182-0800] {processor.py:175} INFO - Processing /home/mirukulla/airflow/dags/executing_branching.py took 0.334 seconds
[2024-01-21T12:24:13.342-0800] {processor.py:153} INFO - Started process (PID=3737) to work on /home/mirukulla/airflow/dags/executing_branching.py
[2024-01-21T12:24:13.385-0800] {processor.py:743} INFO - Processing file /home/mirukulla/airflow/dags/executing_branching.py for tasks to queue
[2024-01-21T12:24:13.388-0800] {logging_mixin.py:137} INFO - [2024-01-21T12:24:13.387-0800] {dagbag.py:532} INFO - Filling up the DagBag from /home/mirukulla/airflow/dags/executing_branching.py
[2024-01-21T12:24:13.554-0800] {processor.py:753} INFO - DAG(s) dict_keys(['executing_branching']) retrieved from /home/mirukulla/airflow/dags/executing_branching.py
[2024-01-21T12:24:13.568-0800] {logging_mixin.py:137} INFO - [2024-01-21T12:24:13.568-0800] {dag.py:2705} INFO - Sync 1 DAGs
[2024-01-21T12:24:13.583-0800] {logging_mixin.py:137} INFO - [2024-01-21T12:24:13.583-0800] {dag.py:3452} INFO - Setting next_dagrun for executing_branching to 2024-01-20T00:00:00+00:00, run_after=2024-01-20T00:00:00+00:00
[2024-01-21T12:24:13.610-0800] {processor.py:175} INFO - Processing /home/mirukulla/airflow/dags/executing_branching.py took 0.274 seconds
[2024-01-21T12:24:43.712-0800] {processor.py:153} INFO - Started process (PID=3788) to work on /home/mirukulla/airflow/dags/executing_branching.py
[2024-01-21T12:24:43.714-0800] {processor.py:743} INFO - Processing file /home/mirukulla/airflow/dags/executing_branching.py for tasks to queue
[2024-01-21T12:24:43.715-0800] {logging_mixin.py:137} INFO - [2024-01-21T12:24:43.714-0800] {dagbag.py:532} INFO - Filling up the DagBag from /home/mirukulla/airflow/dags/executing_branching.py
[2024-01-21T12:24:43.951-0800] {processor.py:753} INFO - DAG(s) dict_keys(['executing_branching']) retrieved from /home/mirukulla/airflow/dags/executing_branching.py
[2024-01-21T12:24:43.973-0800] {logging_mixin.py:137} INFO - [2024-01-21T12:24:43.972-0800] {dag.py:2705} INFO - Sync 1 DAGs
[2024-01-21T12:24:43.996-0800] {logging_mixin.py:137} INFO - [2024-01-21T12:24:43.996-0800] {dag.py:3452} INFO - Setting next_dagrun for executing_branching to 2024-01-20T00:00:00+00:00, run_after=2024-01-20T00:00:00+00:00
[2024-01-21T12:24:44.059-0800] {processor.py:175} INFO - Processing /home/mirukulla/airflow/dags/executing_branching.py took 0.351 seconds
[2024-01-21T12:25:14.177-0800] {processor.py:153} INFO - Started process (PID=3842) to work on /home/mirukulla/airflow/dags/executing_branching.py
[2024-01-21T12:25:14.179-0800] {processor.py:743} INFO - Processing file /home/mirukulla/airflow/dags/executing_branching.py for tasks to queue
[2024-01-21T12:25:14.180-0800] {logging_mixin.py:137} INFO - [2024-01-21T12:25:14.180-0800] {dagbag.py:532} INFO - Filling up the DagBag from /home/mirukulla/airflow/dags/executing_branching.py
[2024-01-21T12:25:14.378-0800] {processor.py:753} INFO - DAG(s) dict_keys(['executing_branching']) retrieved from /home/mirukulla/airflow/dags/executing_branching.py
[2024-01-21T12:25:14.395-0800] {logging_mixin.py:137} INFO - [2024-01-21T12:25:14.395-0800] {dag.py:2705} INFO - Sync 1 DAGs
[2024-01-21T12:25:14.414-0800] {logging_mixin.py:137} INFO - [2024-01-21T12:25:14.414-0800] {dag.py:3452} INFO - Setting next_dagrun for executing_branching to 2024-01-20T00:00:00+00:00, run_after=2024-01-20T00:00:00+00:00
[2024-01-21T12:25:14.446-0800] {processor.py:175} INFO - Processing /home/mirukulla/airflow/dags/executing_branching.py took 0.275 seconds
[2024-01-21T12:25:44.571-0800] {processor.py:153} INFO - Started process (PID=3896) to work on /home/mirukulla/airflow/dags/executing_branching.py
[2024-01-21T12:25:44.573-0800] {processor.py:743} INFO - Processing file /home/mirukulla/airflow/dags/executing_branching.py for tasks to queue
[2024-01-21T12:25:44.574-0800] {logging_mixin.py:137} INFO - [2024-01-21T12:25:44.574-0800] {dagbag.py:532} INFO - Filling up the DagBag from /home/mirukulla/airflow/dags/executing_branching.py
[2024-01-21T12:25:44.766-0800] {processor.py:753} INFO - DAG(s) dict_keys(['executing_branching']) retrieved from /home/mirukulla/airflow/dags/executing_branching.py
[2024-01-21T12:25:44.783-0800] {logging_mixin.py:137} INFO - [2024-01-21T12:25:44.783-0800] {dag.py:2705} INFO - Sync 1 DAGs
[2024-01-21T12:25:44.802-0800] {logging_mixin.py:137} INFO - [2024-01-21T12:25:44.802-0800] {dag.py:3452} INFO - Setting next_dagrun for executing_branching to 2024-01-20T00:00:00+00:00, run_after=2024-01-20T00:00:00+00:00
[2024-01-21T12:25:44.829-0800] {processor.py:175} INFO - Processing /home/mirukulla/airflow/dags/executing_branching.py took 0.261 seconds
[2024-01-21T12:26:14.969-0800] {processor.py:153} INFO - Started process (PID=4208) to work on /home/mirukulla/airflow/dags/executing_branching.py
[2024-01-21T12:26:14.971-0800] {processor.py:743} INFO - Processing file /home/mirukulla/airflow/dags/executing_branching.py for tasks to queue
[2024-01-21T12:26:14.973-0800] {logging_mixin.py:137} INFO - [2024-01-21T12:26:14.972-0800] {dagbag.py:532} INFO - Filling up the DagBag from /home/mirukulla/airflow/dags/executing_branching.py
[2024-01-21T12:26:15.139-0800] {processor.py:753} INFO - DAG(s) dict_keys(['executing_branching']) retrieved from /home/mirukulla/airflow/dags/executing_branching.py
[2024-01-21T12:26:15.153-0800] {logging_mixin.py:137} INFO - [2024-01-21T12:26:15.153-0800] {dag.py:2705} INFO - Sync 1 DAGs
[2024-01-21T12:26:15.169-0800] {logging_mixin.py:137} INFO - [2024-01-21T12:26:15.169-0800] {dag.py:3452} INFO - Setting next_dagrun for executing_branching to 2024-01-20T00:00:00+00:00, run_after=2024-01-20T00:00:00+00:00
[2024-01-21T12:26:15.197-0800] {processor.py:175} INFO - Processing /home/mirukulla/airflow/dags/executing_branching.py took 0.234 seconds
