[2024-01-20T11:15:14.372-0800] {taskinstance.py:1090} INFO - Dependencies all met for dep_context=non-requeueable deps ti=<TaskInstance: execute_python_operators.taskC manual__2024-01-20T19:15:04.434132+00:00 [queued]>
[2024-01-20T11:15:14.387-0800] {taskinstance.py:1090} INFO - Dependencies all met for dep_context=requeueable deps ti=<TaskInstance: execute_python_operators.taskC manual__2024-01-20T19:15:04.434132+00:00 [queued]>
[2024-01-20T11:15:14.387-0800] {taskinstance.py:1288} INFO - 
--------------------------------------------------------------------------------
[2024-01-20T11:15:14.387-0800] {taskinstance.py:1289} INFO - Starting attempt 1 of 1
[2024-01-20T11:15:14.387-0800] {taskinstance.py:1290} INFO - 
--------------------------------------------------------------------------------
[2024-01-20T11:15:14.415-0800] {taskinstance.py:1309} INFO - Executing <Task(PythonOperator): taskC> on 2024-01-20 19:15:04.434132+00:00
[2024-01-20T11:15:14.418-0800] {standard_task_runner.py:55} INFO - Started process 2220 to run task
[2024-01-20T11:15:14.422-0800] {standard_task_runner.py:82} INFO - Running: ['airflow', 'tasks', 'run', 'execute_python_operators', 'taskC', 'manual__2024-01-20T19:15:04.434132+00:00', '--job-id', '22', '--raw', '--subdir', 'DAGS_FOLDER/execute_python_operators.py', '--cfg-path', '/tmp/tmp9r_ldr95']
[2024-01-20T11:15:14.424-0800] {standard_task_runner.py:83} INFO - Job 22: Subtask taskC
[2024-01-20T11:15:14.499-0800] {task_command.py:389} INFO - Running <TaskInstance: execute_python_operators.taskC manual__2024-01-20T19:15:04.434132+00:00 [running]> on host Mittu.
[2024-01-20T11:15:14.575-0800] {taskinstance.py:1516} INFO - Exporting the following env vars:
AIRFLOW_CTX_DAG_OWNER=madhu
AIRFLOW_CTX_DAG_ID=execute_python_operators
AIRFLOW_CTX_TASK_ID=taskC
AIRFLOW_CTX_EXECUTION_DATE=2024-01-20T19:15:04.434132+00:00
AIRFLOW_CTX_TRY_NUMBER=1
AIRFLOW_CTX_DAG_RUN_ID=manual__2024-01-20T19:15:04.434132+00:00
[2024-01-20T11:15:14.576-0800] {logging_mixin.py:137} INFO - TASK C executed!
[2024-01-20T11:15:14.576-0800] {python.py:177} INFO - Done. Returned value was: None
[2024-01-20T11:15:14.583-0800] {taskinstance.py:1327} INFO - Marking task as SUCCESS. dag_id=execute_python_operators, task_id=taskC, execution_date=20240120T191504, start_date=20240120T191514, end_date=20240120T191514
[2024-01-20T11:15:14.635-0800] {local_task_job.py:212} INFO - Task exited with return code 0
[2024-01-20T11:15:14.648-0800] {taskinstance.py:2596} INFO - 0 downstream tasks scheduled from follow-on schedule check
