[2024-01-19T22:55:58.840-0800] {taskinstance.py:1090} INFO - Dependencies all met for dep_context=non-requeueable deps ti=<TaskInstance: executing_multiple_tasks.taskA manual__2024-01-20T06:55:54.741650+00:00 [queued]>
[2024-01-19T22:55:58.849-0800] {taskinstance.py:1090} INFO - Dependencies all met for dep_context=requeueable deps ti=<TaskInstance: executing_multiple_tasks.taskA manual__2024-01-20T06:55:54.741650+00:00 [queued]>
[2024-01-19T22:55:58.849-0800] {taskinstance.py:1288} INFO - 
--------------------------------------------------------------------------------
[2024-01-19T22:55:58.849-0800] {taskinstance.py:1289} INFO - Starting attempt 1 of 1
[2024-01-19T22:55:58.849-0800] {taskinstance.py:1290} INFO - 
--------------------------------------------------------------------------------
[2024-01-19T22:55:58.869-0800] {taskinstance.py:1309} INFO - Executing <Task(BashOperator): taskA> on 2024-01-20 06:55:54.741650+00:00
[2024-01-19T22:55:58.870-0800] {standard_task_runner.py:55} INFO - Started process 28034 to run task
[2024-01-19T22:55:58.873-0800] {standard_task_runner.py:82} INFO - Running: ['airflow', 'tasks', 'run', 'executing_multiple_tasks', 'taskA', 'manual__2024-01-20T06:55:54.741650+00:00', '--job-id', '11', '--raw', '--subdir', 'DAGS_FOLDER/execute_multiple_tasks.py', '--cfg-path', '/tmp/tmpa1922_gf']
[2024-01-19T22:55:58.874-0800] {standard_task_runner.py:83} INFO - Job 11: Subtask taskA
[2024-01-19T22:55:58.919-0800] {task_command.py:389} INFO - Running <TaskInstance: executing_multiple_tasks.taskA manual__2024-01-20T06:55:54.741650+00:00 [running]> on host Mittu.
[2024-01-19T22:55:58.981-0800] {taskinstance.py:1516} INFO - Exporting the following env vars:
AIRFLOW_CTX_DAG_OWNER=madhu
AIRFLOW_CTX_DAG_ID=executing_multiple_tasks
AIRFLOW_CTX_TASK_ID=taskA
AIRFLOW_CTX_EXECUTION_DATE=2024-01-20T06:55:54.741650+00:00
AIRFLOW_CTX_TRY_NUMBER=1
AIRFLOW_CTX_DAG_RUN_ID=manual__2024-01-20T06:55:54.741650+00:00
[2024-01-19T22:55:58.982-0800] {subprocess.py:63} INFO - Tmp dir root location: 
 /tmp
[2024-01-19T22:55:58.982-0800] {subprocess.py:75} INFO - Running command: ['/usr/bin/bash', '-c', 'echo TASK A has executed!']
[2024-01-19T22:55:58.986-0800] {subprocess.py:86} INFO - Output:
[2024-01-19T22:55:58.987-0800] {subprocess.py:93} INFO - TASK A has executed!
[2024-01-19T22:55:58.987-0800] {subprocess.py:97} INFO - Command exited with return code 0
[2024-01-19T22:55:59.012-0800] {taskinstance.py:1327} INFO - Marking task as SUCCESS. dag_id=executing_multiple_tasks, task_id=taskA, execution_date=20240120T065554, start_date=20240120T065558, end_date=20240120T065559
[2024-01-19T22:55:59.046-0800] {local_task_job.py:212} INFO - Task exited with return code 0
[2024-01-19T22:55:59.062-0800] {taskinstance.py:2596} INFO - 1 downstream tasks scheduled from follow-on schedule check
