[2024-01-21T11:56:07.965-0800] {taskinstance.py:1090} INFO - Dependencies all met for dep_context=non-requeueable deps ti=<TaskInstance: cron_catchup_backfill.taskBranch scheduled__2024-01-16T00:00:00+00:00 [queued]>
[2024-01-21T11:56:07.975-0800] {taskinstance.py:1090} INFO - Dependencies all met for dep_context=requeueable deps ti=<TaskInstance: cron_catchup_backfill.taskBranch scheduled__2024-01-16T00:00:00+00:00 [queued]>
[2024-01-21T11:56:07.975-0800] {taskinstance.py:1288} INFO - 
--------------------------------------------------------------------------------
[2024-01-21T11:56:07.975-0800] {taskinstance.py:1289} INFO - Starting attempt 1 of 1
[2024-01-21T11:56:07.976-0800] {taskinstance.py:1290} INFO - 
--------------------------------------------------------------------------------
[2024-01-21T11:56:08.001-0800] {taskinstance.py:1309} INFO - Executing <Task(BranchPythonOperator): taskBranch> on 2024-01-16 00:00:00+00:00
[2024-01-21T11:56:08.004-0800] {standard_task_runner.py:55} INFO - Started process 475 to run task
[2024-01-21T11:56:08.007-0800] {standard_task_runner.py:82} INFO - Running: ['airflow', 'tasks', 'run', 'cron_catchup_backfill', 'taskBranch', 'scheduled__2024-01-16T00:00:00+00:00', '--job-id', '102', '--raw', '--subdir', 'DAGS_FOLDER/executing_cron_catchup_backfill.py', '--cfg-path', '/tmp/tmpksq807h0']
[2024-01-21T11:56:08.009-0800] {standard_task_runner.py:83} INFO - Job 102: Subtask taskBranch
[2024-01-21T11:56:08.067-0800] {task_command.py:389} INFO - Running <TaskInstance: cron_catchup_backfill.taskBranch scheduled__2024-01-16T00:00:00+00:00 [running]> on host Mittu.
[2024-01-21T11:56:08.144-0800] {taskinstance.py:1516} INFO - Exporting the following env vars:
AIRFLOW_CTX_DAG_OWNER=madhu
AIRFLOW_CTX_DAG_ID=cron_catchup_backfill
AIRFLOW_CTX_TASK_ID=taskBranch
AIRFLOW_CTX_EXECUTION_DATE=2024-01-16T00:00:00+00:00
AIRFLOW_CTX_TRY_NUMBER=1
AIRFLOW_CTX_DAG_RUN_ID=scheduled__2024-01-16T00:00:00+00:00
[2024-01-21T11:56:08.151-0800] {python.py:177} INFO - Done. Returned value was: taskD
[2024-01-21T11:56:08.151-0800] {python.py:211} INFO - Branch callable return taskD
[2024-01-21T11:56:08.151-0800] {skipmixin.py:155} INFO - Following branch taskD
[2024-01-21T11:56:08.152-0800] {skipmixin.py:211} INFO - Skipping tasks ['taskC', 'taskE']
[2024-01-21T11:56:08.259-0800] {taskinstance.py:1327} INFO - Marking task as SUCCESS. dag_id=cron_catchup_backfill, task_id=taskBranch, execution_date=20240116T000000, start_date=20240121T195607, end_date=20240121T195608
[2024-01-21T11:56:08.301-0800] {local_task_job.py:212} INFO - Task exited with return code 0
[2024-01-21T11:56:08.350-0800] {taskinstance.py:2596} INFO - 0 downstream tasks scheduled from follow-on schedule check
