[2024-01-21T11:56:10.449-0800] {taskinstance.py:1090} INFO - Dependencies all met for dep_context=non-requeueable deps ti=<TaskInstance: cron_catchup_backfill.taskBranch manual__2024-01-21T19:55:46.276773+00:00 [queued]>
[2024-01-21T11:56:10.461-0800] {taskinstance.py:1090} INFO - Dependencies all met for dep_context=requeueable deps ti=<TaskInstance: cron_catchup_backfill.taskBranch manual__2024-01-21T19:55:46.276773+00:00 [queued]>
[2024-01-21T11:56:10.462-0800] {taskinstance.py:1288} INFO - 
--------------------------------------------------------------------------------
[2024-01-21T11:56:10.462-0800] {taskinstance.py:1289} INFO - Starting attempt 1 of 1
[2024-01-21T11:56:10.462-0800] {taskinstance.py:1290} INFO - 
--------------------------------------------------------------------------------
[2024-01-21T11:56:10.488-0800] {taskinstance.py:1309} INFO - Executing <Task(BranchPythonOperator): taskBranch> on 2024-01-21 19:55:46.276773+00:00
[2024-01-21T11:56:10.492-0800] {standard_task_runner.py:55} INFO - Started process 490 to run task
[2024-01-21T11:56:10.495-0800] {standard_task_runner.py:82} INFO - Running: ['airflow', 'tasks', 'run', 'cron_catchup_backfill', 'taskBranch', 'manual__2024-01-21T19:55:46.276773+00:00', '--job-id', '103', '--raw', '--subdir', 'DAGS_FOLDER/executing_cron_catchup_backfill.py', '--cfg-path', '/tmp/tmpnyail_qu']
[2024-01-21T11:56:10.497-0800] {standard_task_runner.py:83} INFO - Job 103: Subtask taskBranch
[2024-01-21T11:56:10.552-0800] {task_command.py:389} INFO - Running <TaskInstance: cron_catchup_backfill.taskBranch manual__2024-01-21T19:55:46.276773+00:00 [running]> on host Mittu.
[2024-01-21T11:56:10.623-0800] {taskinstance.py:1516} INFO - Exporting the following env vars:
AIRFLOW_CTX_DAG_OWNER=madhu
AIRFLOW_CTX_DAG_ID=cron_catchup_backfill
AIRFLOW_CTX_TASK_ID=taskBranch
AIRFLOW_CTX_EXECUTION_DATE=2024-01-21T19:55:46.276773+00:00
AIRFLOW_CTX_TRY_NUMBER=1
AIRFLOW_CTX_DAG_RUN_ID=manual__2024-01-21T19:55:46.276773+00:00
[2024-01-21T11:56:10.629-0800] {python.py:177} INFO - Done. Returned value was: taskD
[2024-01-21T11:56:10.630-0800] {python.py:211} INFO - Branch callable return taskD
[2024-01-21T11:56:10.630-0800] {skipmixin.py:155} INFO - Following branch taskD
[2024-01-21T11:56:10.630-0800] {skipmixin.py:211} INFO - Skipping tasks ['taskC', 'taskE']
[2024-01-21T11:56:10.687-0800] {taskinstance.py:1327} INFO - Marking task as SUCCESS. dag_id=cron_catchup_backfill, task_id=taskBranch, execution_date=20240121T195546, start_date=20240121T195610, end_date=20240121T195610
[2024-01-21T11:56:10.709-0800] {local_task_job.py:212} INFO - Task exited with return code 0
[2024-01-21T11:56:10.725-0800] {taskinstance.py:2596} INFO - 0 downstream tasks scheduled from follow-on schedule check
