[2024-01-21T12:04:27.767-0800] {taskinstance.py:1090} INFO - Dependencies all met for dep_context=non-requeueable deps ti=<TaskInstance: cron_catchup_backfill.taskChoose scheduled__2023-12-30T00:00:00+00:00 [queued]>
[2024-01-21T12:04:27.792-0800] {taskinstance.py:1090} INFO - Dependencies all met for dep_context=requeueable deps ti=<TaskInstance: cron_catchup_backfill.taskChoose scheduled__2023-12-30T00:00:00+00:00 [queued]>
[2024-01-21T12:04:27.793-0800] {taskinstance.py:1288} INFO - 
--------------------------------------------------------------------------------
[2024-01-21T12:04:27.793-0800] {taskinstance.py:1289} INFO - Starting attempt 1 of 1
[2024-01-21T12:04:27.793-0800] {taskinstance.py:1290} INFO - 
--------------------------------------------------------------------------------
[2024-01-21T12:04:27.832-0800] {taskinstance.py:1309} INFO - Executing <Task(PythonOperator): taskChoose> on 2023-12-30 00:00:00+00:00
[2024-01-21T12:04:27.839-0800] {standard_task_runner.py:55} INFO - Started process 1563 to run task
[2024-01-21T12:04:27.869-0800] {standard_task_runner.py:82} INFO - Running: ['airflow', 'tasks', 'run', 'cron_catchup_backfill', 'taskChoose', 'scheduled__2023-12-30T00:00:00+00:00', '--job-id', '105', '--raw', '--subdir', 'DAGS_FOLDER/executing_cron_catchup_backfill.py', '--cfg-path', '/tmp/tmpfzjrea3u']
[2024-01-21T12:04:27.873-0800] {standard_task_runner.py:83} INFO - Job 105: Subtask taskChoose
[2024-01-21T12:04:28.094-0800] {task_command.py:389} INFO - Running <TaskInstance: cron_catchup_backfill.taskChoose scheduled__2023-12-30T00:00:00+00:00 [running]> on host Mittu.
[2024-01-21T12:04:28.274-0800] {taskinstance.py:1516} INFO - Exporting the following env vars:
AIRFLOW_CTX_DAG_OWNER=madhu
AIRFLOW_CTX_DAG_ID=cron_catchup_backfill
AIRFLOW_CTX_TASK_ID=taskChoose
AIRFLOW_CTX_EXECUTION_DATE=2023-12-30T00:00:00+00:00
AIRFLOW_CTX_TRY_NUMBER=1
AIRFLOW_CTX_DAG_RUN_ID=scheduled__2023-12-30T00:00:00+00:00
[2024-01-21T12:04:28.275-0800] {python.py:177} INFO - Done. Returned value was: False
[2024-01-21T12:04:28.315-0800] {taskinstance.py:1327} INFO - Marking task as SUCCESS. dag_id=cron_catchup_backfill, task_id=taskChoose, execution_date=20231230T000000, start_date=20240121T200427, end_date=20240121T200428
[2024-01-21T12:04:28.362-0800] {local_task_job.py:212} INFO - Task exited with return code 0
[2024-01-21T12:04:28.403-0800] {taskinstance.py:2596} INFO - 1 downstream tasks scheduled from follow-on schedule check
