[2024-01-21T11:56:41.038-0800] {taskinstance.py:1090} INFO - Dependencies all met for dep_context=non-requeueable deps ti=<TaskInstance: cron_catchup_backfill.taskC scheduled__2024-01-19T00:00:00+00:00 [queued]>
[2024-01-21T11:56:41.052-0800] {taskinstance.py:1090} INFO - Dependencies all met for dep_context=requeueable deps ti=<TaskInstance: cron_catchup_backfill.taskC scheduled__2024-01-19T00:00:00+00:00 [queued]>
[2024-01-21T11:56:41.052-0800] {taskinstance.py:1288} INFO - 
--------------------------------------------------------------------------------
[2024-01-21T11:56:41.052-0800] {taskinstance.py:1289} INFO - Starting attempt 1 of 1
[2024-01-21T11:56:41.052-0800] {taskinstance.py:1290} INFO - 
--------------------------------------------------------------------------------
[2024-01-21T11:56:41.080-0800] {taskinstance.py:1309} INFO - Executing <Task(PythonOperator): taskC> on 2024-01-19 00:00:00+00:00
[2024-01-21T11:56:41.083-0800] {standard_task_runner.py:55} INFO - Started process 619 to run task
[2024-01-21T11:56:41.086-0800] {standard_task_runner.py:82} INFO - Running: ['airflow', 'tasks', 'run', 'cron_catchup_backfill', 'taskC', 'scheduled__2024-01-19T00:00:00+00:00', '--job-id', '112', '--raw', '--subdir', 'DAGS_FOLDER/executing_cron_catchup_backfill.py', '--cfg-path', '/tmp/tmp1x2tsw77']
[2024-01-21T11:56:41.088-0800] {standard_task_runner.py:83} INFO - Job 112: Subtask taskC
[2024-01-21T11:56:41.157-0800] {task_command.py:389} INFO - Running <TaskInstance: cron_catchup_backfill.taskC scheduled__2024-01-19T00:00:00+00:00 [running]> on host Mittu.
[2024-01-21T11:56:41.232-0800] {taskinstance.py:1516} INFO - Exporting the following env vars:
AIRFLOW_CTX_DAG_OWNER=madhu
AIRFLOW_CTX_DAG_ID=cron_catchup_backfill
AIRFLOW_CTX_TASK_ID=taskC
AIRFLOW_CTX_EXECUTION_DATE=2024-01-19T00:00:00+00:00
AIRFLOW_CTX_TRY_NUMBER=1
AIRFLOW_CTX_DAG_RUN_ID=scheduled__2024-01-19T00:00:00+00:00
[2024-01-21T11:56:41.232-0800] {logging_mixin.py:137} INFO - TASK C executed!
[2024-01-21T11:56:41.233-0800] {python.py:177} INFO - Done. Returned value was: None
[2024-01-21T11:56:41.236-0800] {taskinstance.py:1327} INFO - Marking task as SUCCESS. dag_id=cron_catchup_backfill, task_id=taskC, execution_date=20240119T000000, start_date=20240121T195641, end_date=20240121T195641
[2024-01-21T11:56:41.300-0800] {local_task_job.py:212} INFO - Task exited with return code 0
[2024-01-21T11:56:41.315-0800] {taskinstance.py:2596} INFO - 1 downstream tasks scheduled from follow-on schedule check
