[2024-01-20T16:00:53.199-0800] {taskinstance.py:1090} INFO - Dependencies all met for dep_context=non-requeueable deps ti=<TaskInstance: cross_task_communication.print_value scheduled__2024-01-20T00:00:00+00:00 [queued]>
[2024-01-20T16:00:53.222-0800] {taskinstance.py:1090} INFO - Dependencies all met for dep_context=requeueable deps ti=<TaskInstance: cross_task_communication.print_value scheduled__2024-01-20T00:00:00+00:00 [queued]>
[2024-01-20T16:00:53.222-0800] {taskinstance.py:1288} INFO - 
--------------------------------------------------------------------------------
[2024-01-20T16:00:53.222-0800] {taskinstance.py:1289} INFO - Starting attempt 1 of 1
[2024-01-20T16:00:53.222-0800] {taskinstance.py:1290} INFO - 
--------------------------------------------------------------------------------
[2024-01-20T16:00:53.260-0800] {taskinstance.py:1309} INFO - Executing <Task(PythonOperator): print_value> on 2024-01-20 00:00:00+00:00
[2024-01-20T16:00:53.267-0800] {standard_task_runner.py:55} INFO - Started process 31334 to run task
[2024-01-20T16:00:53.275-0800] {standard_task_runner.py:82} INFO - Running: ['airflow', 'tasks', 'run', 'cross_task_communication', 'print_value', 'scheduled__2024-01-20T00:00:00+00:00', '--job-id', '73', '--raw', '--subdir', 'DAGS_FOLDER/cross_task_communication.py', '--cfg-path', '/tmp/tmp2o15l8at']
[2024-01-20T16:00:53.279-0800] {standard_task_runner.py:83} INFO - Job 73: Subtask print_value
[2024-01-20T16:00:53.381-0800] {task_command.py:389} INFO - Running <TaskInstance: cross_task_communication.print_value scheduled__2024-01-20T00:00:00+00:00 [running]> on host Mittu.
[2024-01-20T16:00:53.496-0800] {taskinstance.py:1516} INFO - Exporting the following env vars:
AIRFLOW_CTX_DAG_OWNER=madhu
AIRFLOW_CTX_DAG_ID=cross_task_communication
AIRFLOW_CTX_TASK_ID=print_value
AIRFLOW_CTX_EXECUTION_DATE=2024-01-20T00:00:00+00:00
AIRFLOW_CTX_TRY_NUMBER=1
AIRFLOW_CTX_DAG_RUN_ID=scheduled__2024-01-20T00:00:00+00:00
[2024-01-20T16:00:53.512-0800] {logging_mixin.py:137} INFO - Value 191!
[2024-01-20T16:00:53.513-0800] {python.py:177} INFO - Done. Returned value was: None
[2024-01-20T16:00:53.523-0800] {taskinstance.py:1327} INFO - Marking task as SUCCESS. dag_id=cross_task_communication, task_id=print_value, execution_date=20240120T000000, start_date=20240121T000053, end_date=20240121T000053
[2024-01-20T16:00:53.569-0800] {local_task_job.py:212} INFO - Task exited with return code 0
[2024-01-20T16:00:53.595-0800] {taskinstance.py:2596} INFO - 0 downstream tasks scheduled from follow-on schedule check
